                  Welcome to Q-Chem
     A Quantum Leap Into The Future Of Chemistry


 Q-Chem 5.3 (devel), Q-Chem, Inc., Pleasanton, CA (2020)

 Yihan Shao,  Zhengting Gan,  E. Epifanovsky,  A. T. B. Gilbert,  M. Wormit,  
 J. Kussmann,  A. W. Lange,  A. Behn,  Jia Deng,  Xintian Feng,  D. Ghosh,  
 M. Goldey,  P. R. Horn,  L. D. Jacobson,  I. Kaliman,  T. Kus,  A. Landau,  
 Jie Liu,  E. I. Proynov,  R. M. Richard,  R. P. Steele,  E. J. Sundstrom,  
 H. L. Woodcock III,  P. M. Zimmerman,  D. Zuev,  B. Alam,  B. Albrecht,  
 A. Aldossary,  E. Alguire,  S. A. Baeppler,  D. Barton,  Z. Benda,  
 Y. A. Bernard,  E. J. Berquist,  K. B. Bravaya,  H. Burton,  K. Carter-Fenk,  
 D. Casanova,  Chun-Min Chang,  Yunqing Chen,  A. Chien,  K. D. Closser,  
 M. P. Coons,  S. Coriani,  S. Dasgupta,  A. L. Dempwolff,  M. Diedenhofen,  
 Hainam Do,  R. G. Edgar,  Po-Tung Fang,  S. Faraji,  S. Fatehi,  
 Qingguo Feng,  J. Fosso-Tande,  J. Gayvert,  Qinghui Ge,  A. Ghysels,  
 G. Gidofalvi,  J. Gomes,  J. Gonthier,  S. Gulania,  A. Gunina,  D. Hait,  
 M. W. D. Hanson-Heine,  S. Hammes-Schiffer,  P. H. P. Harbach,  
 A. W. Hauser,  M. F. Herbst,  J. E. Herr,  E. G. Hohenstein,  Z. C. Holden,  
 S. Houck,  Kerwin Hui,  B. C. Huynh,  M. Ivanov,  T.-C. Jagau,  Hyunjun Ji,  
 B. Kaduk,  K. Khistyaev,  Jaehoon Kim,  P. Klunzinger,  K. Koh,  
 D. Kosenkov,  L. Koulias,  T. Kowalczyk,  C. M. Krauter,  A. Kunitsa,  
 Ka Un Lao,  A. Laurent,  K. V. Lawler,  Joonho Lee,  D. Lefrancois,  
 S. Lehtola,  D. S. Levine,  Yi-Pei Li,  You-Sheng Lin,  Fenglai Liu,  
 Kuan-Yu Liu,  E. Livshits,  M. Loipersberger,  A. Luenser,  P. Manohar,  
 E. Mansoor,  S. F. Manzer,  Shan-Ping Mao,  Yuezhi Mao,  N. Mardirossian,  
 A. V. Marenich,  T. Markovich,  L. A. Martinez-Martinez,  S. A. Maurer,  
 N. J. Mayhall,  S. C. McKenzie,  J.-M. Mewes,  P. Morgante,  A. F. Morrison,  
 J. W. Mullinax,  K. Nanda,  T. S. Nguyen-Beck,  R. Olivares-Amaya,  
 K. J. Oosterbaan,  J. A. Parkhill,  S. K. Paul,  F. Pavosevic,  Zheng Pei,  
 T. M. Perrine,  F. Plasser,  P. Pokhilko,  S. Prager,  A. Prociuk,  
 E. Ramos,  B. Rana,  D. R. Rehn,  F. Rob,  E. Rossomme,  M. Scheurer,  
 M. Schneider,  N. Sergueev,  S. M. Sharada,  S. Sharma,  W. Skomorowski,  
 D. W. Small,  T. Stauch,  C. J. Stein,  T. Stein,  Yu-Chuan Su,  
 S. P. Veccham,  Zhen Tao,  A. J. W. Thom,  A. Tkatchenko,  T. Tsuchimochi,  
 N. M. Tubman,  L. Vogt,  M. L. Vidal,  O. Vydrov,  M. A. Watson,  J. Wenzel,  
 M. de Wergifosse,  T. A. Wesolowski,  A. White,  J. Witte,  A. Yamada,  
 Jun Yang,  K. Yao,  S. Yeganeh,  S. R. Yost,  Zhi-Qiang You,  A. Zech,  
 Igor Ying Zhang,  Xing Zhang,  Yan Zhao,  Ying Zhu,  B. R. Brooks,  
 G. K. L. Chan,  C. J. Cramer,  M. S. Gordon,  W. J. Hehre,  A. Klamt,  
 M. W. Schmidt,  C. D. Sherrill,  D. G. Truhlar,  A. Aspuru-Guzik,  R. Baer,  
 A. T. Bell,  N. A. Besley,  Jeng-Da Chai,  A. E. DePrince, III,  
 R. A. DiStasio Jr.,  A. Dreuw,  B. D. Dunietz,  T. R. Furlani,  
 Chao-Ping Hsu,  Yousung Jung,  Jing Kong,  D. S. Lambrecht,  WanZhen Liang,  
 C. Ochsenfeld,  V. A. Rassolov,  L. V. Slipchenko,  J. E. Subotnik,  
 T. Van Voorhis,  J. M. Herbert,  A. I. Krylov,  P. M. W. Gill,  M. Head-Gordon

 Contributors to earlier versions of Q-Chem not listed above: 
 R. D. Adamson,  B. Austin,  J. Baker,  G. J. O. Beran,  K. Brandhorst,  
 S. T. Brown,  E. F. C. Byrd,  A. K. Chakraborty,  C.-L. Cheng,  
 Siu Hung Chien,  D. M. Chipman,  D. L. Crittenden,  H. Dachsel,  
 R. J. Doerksen,  A. D. Dutoi,  L. Fusti-Molnar,  W. A. Goddard III,  
 A. Golubeva-Zadorozhnaya,  S. R. Gwaltney,  G. Hawkins,  A. Heyden,  
 S. Hirata,  G. Kedziora,  F. J. Keil,  C. Kelley,  Jihan Kim,  R. A. King,  
 R. Z. Khaliullin,  P. P. Korambath,  W. Kurlancheek,  A. M. Lee,  M. S. Lee,  
 S. V. Levchenko,  Ching Yeh Lin,  D. Liotard,  R. C. Lochan,  I. Lotan,  
 P. E. Maslen,  N. Nair,  D. P. O'Neill,  D. Neuhauser,  E. Neuscamman,  
 C. M. Oana,  R. Olson,  B. Peters,  R. Peverati,  P. A. Pieniazek,  
 Y. M. Rhee,  J. Ritchie,  M. A. Rohrdanz,  E. Rosta,  N. J. Russ,  
 H. F. Schaefer III,  N. E. Schultz,  N. Shenvi,  A. C. Simmonett,  A. Sodt,  
 D. Stuck,  K. S. Thanthiriwatte,  V. Vanovschi,  Tao Wang,  A. Warshel,  
 C. F. Williams,  Q. Wu,  X. Xu,  W. Zhang

 Please cite Q-Chem as follows:
 Y. Shao et al., Mol. Phys. 113, 184-215 (2015)
 DOI: 10.1080/00268976.2014.952696

 Q-Chem 5.3.0 for Intel X86 EM64T Linux

 Parts of Q-Chem use Armadillo 9.800.1 (Horizon Scraper).
 http://arma.sourceforge.net/

 Q-Chem begins on Thu Oct 22 12:19:30 2020  

Host: 
0

     Scratch files written to /home/pierpa/qchem_scratch/qchem9063//
Processing $rem in /home/pierpa/qchem53_dev/config/preferences:
Processing $rem in /home/pierpa/.qchemrc:

Checking the input file for inconsistencies... 	...done.

--------------------------------------------------------------
User input:
--------------------------------------------------------------
$Comment
Geometry optimizations for CLB18.
$End

$Rem
SYMMETRY              False
SYM_IGNORE            True
JOBTYPE               Opt
METHOD                HF-3c
BASIS                 MINIX
MAX_SCF_CYCLES        50
SCF_ALGORITHM         DIIS
SCF_PRINT             1
SCF_FINAL_PRINT       1
XC_GRID               000099000590
MEM_TOTAL             20000
MEM_STATIC            4000
BLAS3_DFT             True
New_DFT               True
$End

$Molecule
0 1
C -0.7630947051 0.0000000000 0.0000000000
C 0.7630947051 0.0000000000 0.0000000000
H 1.1583107049 -0.4436420648 -0.9140954222
H -1.1583107049 -1.0133267327 -0.0746399164
H 1.1583107049 -0.5698127288 0.8412541791
H 1.1583107049 1.0134537353 0.0728481224
H -1.1583107049 0.4420201366 0.9148838962
H -1.1583107049 0.5713050086 -0.8402434506
$End


--------------------------------------------------------------
 Adding empirical dispersion correction 
 ----------------------------------------------------------------
 Doing -D3(BJ) with
 s6 =   1.00000
 s8 =   0.87770
 a1 =   0.41710
 a2 =   2.91490
 -D3 energy without 3body term =     -0.0192950726 hartrees
 ----------------------------------------------------------------
 Adding gCP correction 
 ----------------------------------------------------------------
 gCP energy =      0.0416119591 hartrees
 ------------------------------------------------------
 Correction for Bais Set Incompleteness Error in  HF-3c
 ------------------------------------------------------
 SRB energy =     -0.0330642121 hartrees
 ----------------------------------------------------------------
             Standard Nuclear Orientation (Angstroms)
    I     Atom           X                Y                Z
 ----------------------------------------------------------------
    1      C      -0.7630947051     0.0000000000     0.0000000000
    2      C       0.7630947051     0.0000000000     0.0000000000
    3      H       1.1583107049    -0.4436420648    -0.9140954222
    4      H      -1.1583107049    -1.0133267327    -0.0746399164
    5      H       1.1583107049    -0.5698127288     0.8412541791
    6      H       1.1583107049     1.0134537353     0.0728481224
    7      H      -1.1583107049     0.4420201366     0.9148838962
    8      H      -1.1583107049     0.5713050086    -0.8402434506
 ----------------------------------------------------------------
 Nuclear Repulsion Energy =          42.28455903 hartrees
 There are        9 alpha and        9 beta electrons
 Requested basis set is MINIX
 There are 12 shells and 16 basis functions

 Total QAlloc Memory Limit  20000 MB
 Mega-Array Size      3911 MB
 MEM_STATIC part      4000 MB
 A cutoff of  1.0D-11 yielded     78 shell pairs
 There are       142 function pairs
 Smallest overlap matrix eigenvalue = 2.09E-01

 Scale SEOQF with 1.000000e+00/1.000000e+00/1.000000e+00

 Standard Electronic Orientation quadrupole field applied
 Nucleus-field energy     =     0.0000000043 hartrees
 Guess from superposition of atomic densities
 Warning:  Energy on first SCF cycle will be non-variational
 SAD guess density has 18.000000 electrons

 -----------------------------------------------------------------------
  General SCF calculation program by
  Eric Jon Sundstrom, Paul Horn, Yuezhi Mao, Dmitri Zuev, Alec White,
  David Stuck, Shaama M.S., Shane Yost, Joonho Lee, David Small,
  Daniel Levine, Susi Lehtola, Hugh Burton, Evgeny Epifanovsky,
  Bang C. Huynh
 -----------------------------------------------------------------------
 Hartree-Fock
 Dispersion:   Grimme D3
 using 4 threads for integral computing
 -------------------------------------------------------
 OpenMP Integral computing Module                
 Release: version 1.0, May 2013, Q-Chem Inc. Pittsburgh 
 -------------------------------------------------------
 HF Exchange   Energy = -12.50700478364336
 One-Electron  Energy = -188.12210593785267
 Total Coulomb Energy =  80.22867303260269
 Nuclear repulsion Energy =  42.28455902959087
 A restricted SCF calculation will be
 performed using DIIS
 SCF converges when DIIS error is below 1.0e-08
 HF Exchange   Energy = -12.50700478364336
 One-Electron  Energy = -188.12210593785267
 Total Coulomb Energy =  80.22867303260269
 ---------------------------------------
  Cycle       Energy         DIIS error
 ---------------------------------------
 HF Exchange   Energy = -12.38359281741987
 One-Electron  Energy = -188.01925401103716
 Total Coulomb Energy =  79.40900379356248
 Nuclear repulsion Energy =  42.28455902959087
    1     -78.1158786593      2.63e-01  
 HF Exchange   Energy = -12.38359281741987
 One-Electron  Energy = -188.01925401103716
 Total Coulomb Energy =  79.40900379356248
 HF Exchange   Energy = -12.38537746651169
 One-Electron  Energy = -188.37788446176847
 Total Coulomb Energy =  79.75492797055024
 Nuclear repulsion Energy =  42.28455902959087
    2     -78.7092840053      1.64e-02  
 HF Exchange   Energy = -12.38537746651169
 One-Electron  Energy = -188.37788446176847
 Total Coulomb Energy =  79.75492797055024
 HF Exchange   Energy = -12.37797303014476
 One-Electron  Energy = -188.31542196069694
 Total Coulomb Energy =  79.68417313193416
 Nuclear repulsion Energy =  42.28455902959087
    3     -78.7237749281      4.25e-03  
 HF Exchange   Energy = -12.37797303014476
 One-Electron  Energy = -188.31542196069694
 Total Coulomb Energy =  79.68417313193416
 HF Exchange   Energy = -12.37840054446394
 One-Electron  Energy = -188.33461638567695
 Total Coulomb Energy =  79.70377867067555
 Nuclear repulsion Energy =  42.28455902959087
    4     -78.7246628293      5.63e-04  
 HF Exchange   Energy = -12.37840054446394
 One-Electron  Energy = -188.33461638567695
 Total Coulomb Energy =  79.70377867067555
 HF Exchange   Energy = -12.37837948582774
 One-Electron  Energy = -188.33464394425536
 Total Coulomb Energy =  79.70378512863604
 Nuclear repulsion Energy =  42.28455902959087
    5     -78.7246792299      2.64e-05  
 HF Exchange   Energy = -12.37837948582774
 One-Electron  Energy = -188.33464394425536
 Total Coulomb Energy =  79.70378512863604
 HF Exchange   Energy = -12.37837748475268
 One-Electron  Energy = -188.33463674119878
 Total Coulomb Energy =  79.70377592407301
 Nuclear repulsion Energy =  42.28455902959087
    6     -78.7246792719      2.77e-06  
 HF Exchange   Energy = -12.37837748475268
 One-Electron  Energy = -188.33463674119878
 Total Coulomb Energy =  79.70377592407301
 HF Exchange   Energy = -12.37837750503035
 One-Electron  Energy = -188.33463630859649
 Total Coulomb Energy =  79.70377551176523
 Nuclear repulsion Energy =  42.28455902959087
    7     -78.7246792723      1.14e-07  
 HF Exchange   Energy = -12.37837750503035
 One-Electron  Energy = -188.33463630859649
 Total Coulomb Energy =  79.70377551176523
    8     -78.7246792723      6.62e-09  Convergence criterion met
 ---------------------------------------
 HF Exchange   Energy = -12.37837750503035
 One-Electron  Energy = -188.33463630859649
 Total Coulomb Energy =  79.70377551176523
 SCF time:   CPU 0.55s  wall 0.00s 
 HF Exchange   Energy = -12.37837750503035
 One-Electron  Energy = -188.33463630859649
 Total Coulomb Energy =  79.70377551176523
 Nuclear repulsion Energy =  42.28455902959087
 SCF   energy in the final basis set =      -78.7246792723
 Total energy in the final basis set =      -78.7246792723

 --------------------------------------------------------------

                    Orbital Energies (a.u.)
 --------------------------------------------------------------

 Alpha MOs
 -- Occupied --
-11.1450 -11.1428  -1.0217  -0.8429  -0.6019  -0.6019  -0.5134  -0.4862
 -0.4862
 -- Virtual --
  0.6346   0.6346   0.6441   0.7700   0.7820   0.7820   0.7903
 --------------------------------------------------------------

          Ground-State Mulliken Net Atomic Charges

     Atom                 Charge (a.u.)
  ----------------------------------------
      1 C                    -0.369496
      2 C                    -0.369498
      3 H                     0.123166
      4 H                     0.123166
      5 H                     0.123166
      6 H                     0.123166
      7 H                     0.123165
      8 H                     0.123166
  ----------------------------------------
  Sum of atomic charges =     0.000000

 -----------------------------------------------------------------
                    Cartesian Multipole Moments
 -----------------------------------------------------------------
    Charge (ESU x 10^10)
                     0.00000000
    Dipole Moment (Debye)
         X          -0.00000117      Y          -0.00000129      Z           0.00000332
       Tot           0.00000375
    Quadrupole Moments (Debye-Ang)
        XX         -15.46226561     XY           0.00000071     YY         -15.01238995
        XZ           0.00000471     YZ          -0.00000140     ZZ         -15.01240984
    Octopole Moments (Debye-Ang^2)
       XXX           0.00000503    XXY          -0.00000072    XYY          -0.00000903
       YYY           0.00066251    XXZ           0.00000174    XYZ           0.00000809
       YYZ          -0.00301313    XZZ          -0.00000600    YZZ          -0.00065873
       ZZZ           0.00299658
    Hexadecapole Moments (Debye-Ang^3)
      XXXX         -91.75075808   XXXY          -0.00000156   XXYY         -18.26279166
      XYYY           1.47270472   YYYY         -26.87009871   XXXZ          -0.00000873
      XXYZ          -0.00000143   XYYZ           0.32611252   YYYZ           0.00000425
      XXZZ         -18.26280902   XYZZ          -1.47269470   YYZZ          -8.95669449
      XZZZ          -0.32611595   YZZZ          -0.00000400   ZZZZ         -26.87007069
 -----------------------------------------------------------------
 Mayer SCF Bond Order, atomic valence on the diagonal:

            1           2           3           4           5           6
    1   3.9505088   1.0249945   0.0000889   0.9750825   0.0000889   0.0000889
    2   1.0249945   3.9505087   0.9750825   0.0000889   0.9750825   0.9750825
    3   0.0000889   0.9750825   0.9848302   0.0014661   0.0003034   0.0003034
    4   0.9750825   0.0000889   0.0014661   0.9848303   0.0014509   0.0061351
    5   0.0000889   0.9750825   0.0003034   0.0014509   0.9848302   0.0003034
    6   0.0000889   0.9750825   0.0003034   0.0061351   0.0003034   0.9848302
    7   0.9750826   0.0000889   0.0061350   0.0003034   0.0014661   0.0014509
    8   0.9750825   0.0000889   0.0014509   0.0003034   0.0061351   0.0014661
            7           8
    1   0.9750826   0.9750825
    2   0.0000889   0.0000889
    3   0.0061350   0.0014509
    4   0.0003034   0.0003034
    5   0.0014661   0.0061351
    6   0.0014509   0.0014661
    7   0.9848303   0.0003034
    8   0.0003034   0.9848303


 Calculating analytic gradient of the SCF energy
 ------------------------------------------------------
 Correction for Bais Set Incompleteness Error in  HF-3c
 ------------------------------------------------------
 Gradient of SCF Energy
            1           2           3           4           5           6
    1   0.0231003  -0.0231890   0.0026062  -0.0025900   0.0026140   0.0026174
    2  -0.0000305  -0.0000112  -0.0018182  -0.0041737  -0.0023225   0.0041588
    3  -0.0000312  -0.0000131  -0.0037568  -0.0002976   0.0034581   0.0003153
            7           8
    1  -0.0025816  -0.0025772
    2   0.0018270   0.0023703
    3   0.0037570  -0.0034316
 Max gradient component =       2.319E-02
 RMS gradient           =       7.119E-03
 Gradient time:  CPU 0.14 s  wall 0.04 s
 Geometry Optimization Parameters
   NAtoms,    NIC,     NZ,  NCons,   NDum,   NFix, NCnnct, MaxDiis
        8      44       0       0       0       0       0       0


** GEOMETRY OPTIMIZATION IN DELOCALIZED INTERNAL COORDINATES **
   Searching for a Minimum

   Optimization Cycle:   1

                       Coordinates (Angstroms)
     ATOM                X               Y               Z
      1  C        -0.7630947051    0.0000000000    0.0000000000
      2  C         0.7630947051    0.0000000000    0.0000000000
      3  H         1.1583107049   -0.4436420648   -0.9140954222
      4  H        -1.1583107049   -1.0133267327   -0.0746399164
      5  H         1.1583107049   -0.5698127288    0.8412541791
      6  H         1.1583107049    1.0134537353    0.0728481224
      7  H        -1.1583107049    0.4420201366    0.9148838962
      8  H        -1.1583107049    0.5713050086   -0.8402434506
   Point Group: c1    Number of degrees of freedom:    18


   Energy is    -78.724679272


 Attempting to generate delocalized internal coordinates
 Initial Hessian constructed with Jon Baker's OPTIMIZE code

 18 Hessian modes will be used to form the next step
  Hessian Eigenvalues:
     0.005714    0.056150    0.056150    0.056150    0.056150    0.160000
     0.160000    0.160000    0.160000    0.160000    0.160000    0.297781
     0.347863    0.347865    0.347866    0.347866    0.347867    0.347870

 Minimum search - taking simple RFO step
 Searching for Lamda that Minimizes Along All modes
 Value Taken    Lamda =  -0.00125044
 Step Taken.  Stepsize is  0.064531

                             Maximum     Tolerance    Cnvgd?
         Gradient           0.017008      0.000300      NO
         Displacement       0.060201      0.001200      NO
         Energy change     *********      0.000001      NO


 New Cartesian Coordinates Obtained by Inverse Iteration

 Displacement from previous Coordinates is:  0.049182
 Adding empirical dispersion correction 
 ----------------------------------------------------------------
 Doing -D3(BJ) with
 s6 =   1.00000
 s8 =   0.87770
 a1 =   0.41710
 a2 =   2.91490
 -D3 energy without 3body term =     -0.0192201179 hartrees
 ----------------------------------------------------------------
 Adding gCP correction 
 ----------------------------------------------------------------
 gCP energy =      0.0419928508 hartrees
 ------------------------------------------------------
 Correction for Bais Set Incompleteness Error in  HF-3c
 ------------------------------------------------------
 SRB energy =     -0.0333627515 hartrees
 ----------------------------------------------------------------
             Standard Nuclear Orientation (Angstroms)
    I     Atom           X                Y                Z
 ----------------------------------------------------------------
    1      C      -0.7766079287     0.0000834248     0.0000507440
    2      C       0.7767479497     0.0000312362     0.0000317156
    3      H       1.1636714463    -0.4415739828    -0.9098783650
    4      H      -1.1636397314    -1.0085482954    -0.0742888466
    5      H       1.1636811309    -0.5673166363     0.8373376051
    6      H       1.1637500473     1.0088120604     0.0724948698
    7      H      -1.1638260099     0.4399761576     0.9106769890
    8      H      -1.1637769043     0.5685333897    -0.8364173033
 ----------------------------------------------------------------
 Nuclear Repulsion Energy =          42.13003288 hartrees
 There are        9 alpha and        9 beta electrons
 Applying Cartesian multipole field
    Component          Value
    ---------          -----
     (2,0,0)        1.00000E-10
     (0,2,0)        2.00000E-10
     (0,0,2)       -3.00000E-10
 Nucleus-field energy     =     0.0000000044 hartrees
 Requested basis set is MINIX
 There are 12 shells and 16 basis functions
 A cutoff of  1.0D-11 yielded     78 shell pairs
 There are       142 function pairs
 Smallest overlap matrix eigenvalue = 2.09E-01
 Guess MOs from SCF MO coefficient file

 -----------------------------------------------------------------------
  General SCF calculation program by
  Eric Jon Sundstrom, Paul Horn, Yuezhi Mao, Dmitri Zuev, Alec White,
  David Stuck, Shaama M.S., Shane Yost, Joonho Lee, David Small,
  Daniel Levine, Susi Lehtola, Hugh Burton, Evgeny Epifanovsky,
  Bang C. Huynh
 -----------------------------------------------------------------------
 Hartree-Fock
 Dispersion:   Grimme D3
 using 4 threads for integral computing
 -------------------------------------------------------
 OpenMP Integral computing Module                
 Release: version 1.0, May 2013, Q-Chem Inc. Pittsburgh 
 -------------------------------------------------------
 HF Exchange   Energy = -12.37891502828738
 One-Electron  Energy = -188.00356569655597
 Total Coulomb Energy =  79.52732255785146
 Nuclear repulsion Energy =  42.13003288270597
 A restricted SCF calculation will be
 performed using DIIS
 SCF converges when DIIS error is below 1.0e-08
 HF Exchange   Energy = -12.37891502828738
 One-Electron  Energy = -188.00356569655597
 Total Coulomb Energy =  79.52732255785146
 ---------------------------------------
  Cycle       Energy         DIIS error
 ---------------------------------------
 HF Exchange   Energy = -12.37957734500673
 One-Electron  Energy = -188.00733293397067
 Total Coulomb Energy =  79.53169772422032
 Nuclear repulsion Energy =  42.13003288270597
    1     -78.7251252843      1.41e-03  
 HF Exchange   Energy = -12.37957734500673
 One-Electron  Energy = -188.00733293397067
 Total Coulomb Energy =  79.53169772422032
 HF Exchange   Energy = -12.37964621770222
 One-Electron  Energy = -188.00648871702850
 Total Coulomb Energy =  79.53091982738012
 Nuclear repulsion Energy =  42.13003288270597
    2     -78.7251796721      2.15e-04  
 HF Exchange   Energy = -12.37964621770222
 One-Electron  Energy = -188.00648871702850
 Total Coulomb Energy =  79.53091982738012
 HF Exchange   Energy = -12.37967351911105
 One-Electron  Energy = -188.00669056008087
 Total Coulomb Energy =  79.53114892747135
 Nuclear repulsion Energy =  42.13003288270597
    3     -78.7251822246      2.75e-05  
 HF Exchange   Energy = -12.37967351911105
 One-Electron  Energy = -188.00669056008087
 Total Coulomb Energy =  79.53114892747135
 HF Exchange   Energy = -12.37967141040521
 One-Electron  Energy = -188.00662890334860
 Total Coulomb Energy =  79.53108516187243
 Nuclear repulsion Energy =  42.13003288270597
    4     -78.7251822690      1.79e-06  
 HF Exchange   Energy = -12.37967141040521
 One-Electron  Energy = -188.00662890334860
 Total Coulomb Energy =  79.53108516187243
 HF Exchange   Energy = -12.37967185879813
 One-Electron  Energy = -188.00663277223975
 Total Coulomb Energy =  79.53108947907124
 Nuclear repulsion Energy =  42.13003288270597
    5     -78.7251822692      3.49e-07  
 HF Exchange   Energy = -12.37967185879813
 One-Electron  Energy = -188.00663277223975
 Total Coulomb Energy =  79.53108947907124
 HF Exchange   Energy = -12.37967187310209
 One-Electron  Energy = -188.00663276533737
 Total Coulomb Energy =  79.53108948636122
 Nuclear repulsion Energy =  42.13003288270597
    6     -78.7251822693      1.49e-08  
 HF Exchange   Energy = -12.37967187310209
 One-Electron  Energy = -188.00663276533737
 Total Coulomb Energy =  79.53108948636122
    7     -78.7251822694      1.11e-09  Convergence criterion met
 ---------------------------------------
 HF Exchange   Energy = -12.37967187310209
 One-Electron  Energy = -188.00663276533737
 Total Coulomb Energy =  79.53108948636122
 SCF time:   CPU 0.55s  wall 1.00s 
 HF Exchange   Energy = -12.37967187310209
 One-Electron  Energy = -188.00663276533737
 Total Coulomb Energy =  79.53108948636122
 Nuclear repulsion Energy =  42.13003288270597
 SCF   energy in the final basis set =      -78.7251822694
 Total energy in the final basis set =      -78.7251822694

 --------------------------------------------------------------

                    Orbital Energies (a.u.)
 --------------------------------------------------------------

 Alpha MOs
 -- Occupied --
-11.1455 -11.1433  -1.0182  -0.8485  -0.6021  -0.6021  -0.5075  -0.4924
 -0.4924
 -- Virtual --
  0.6133   0.6468   0.6468   0.7775   0.7861   0.7862   0.7980
 --------------------------------------------------------------

          Ground-State Mulliken Net Atomic Charges

     Atom                 Charge (a.u.)
  ----------------------------------------
      1 C                    -0.371296
      2 C                    -0.371303
      3 H                     0.123771
      4 H                     0.123754
      5 H                     0.123774
      6 H                     0.123774
      7 H                     0.123765
      8 H                     0.123760
  ----------------------------------------
  Sum of atomic charges =     0.000000

 -----------------------------------------------------------------
                    Cartesian Multipole Moments
 -----------------------------------------------------------------
    Charge (ESU x 10^10)
                    -0.00000000
    Dipole Moment (Debye)
         X          -0.00011274      Y          -0.00020458      Z          -0.00014196
       Tot           0.00027334
    Quadrupole Moments (Debye-Ang)
        XX         -15.42548869     XY          -0.00009146     YY         -15.04014792
        XZ          -0.00004346     YZ          -0.00006258     ZZ         -15.03987541
    Octopole Moments (Debye-Ang^2)
       XXX          -0.00342099    XXY          -0.00048372    XYY           0.00014541
       YYY          -0.00096480    XXZ          -0.00056165    XYZ          -0.00028685
       YYZ          -0.00318301    XZZ          -0.00116495    YZZ          -0.00146817
       ZZZ           0.00145515
    Hexadecapole Moments (Debye-Ang^3)
      XXXX         -93.40667666   XXXY           0.00055851   XXYY         -18.55567014
      XYYY           1.45249568   YYYY         -26.80149441   XXXZ           0.00017651
      XXYZ          -0.00002271   XYYZ           0.32158641   YYYZ           0.00005310
      XXZZ         -18.55511202   XYZZ          -1.45142980   YYZZ          -8.93388783
      XZZZ          -0.32109049   YZZZ           0.00004470   ZZZZ         -26.80179130
 -----------------------------------------------------------------
 Mayer SCF Bond Order, atomic valence on the diagonal:

            1           2           3           4           5           6
    1   3.9499203   1.0212278   0.0001110   0.9761219   0.0001112   0.0001115
    2   1.0212278   3.9499140   0.9761174   0.0001115   0.9761161   0.9761163
    3   0.0001110   0.9761174   0.9846808   0.0012945   0.0002964   0.0002965
    4   0.9761219   0.0001115   0.0012945   0.9846849   0.0012818   0.0052830
    5   0.0001112   0.9761161   0.0002964   0.0012818   0.9846799   0.0002970
    6   0.0001115   0.9761163   0.0002965   0.0052830   0.0002970   0.9846799
    7   0.9761177   0.0001125   0.0052834   0.0002963   0.0012941   0.0012815
    8   0.9761193   0.0001123   0.0012817   0.0002959   0.0052834   0.0012941
            7           8
    1   0.9761177   0.9761193
    2   0.0001125   0.0001123
    3   0.0052834   0.0012817
    4   0.0002963   0.0002959
    5   0.0012941   0.0052834
    6   0.0012815   0.0012941
    7   0.9846823   0.0002968
    8   0.0002968   0.9846834


 Calculating analytic gradient of the SCF energy
 ------------------------------------------------------
 Correction for Bais Set Incompleteness Error in  HF-3c
 ------------------------------------------------------
 Gradient of SCF Energy
            1           2           3           4           5           6
    1  -0.0021166   0.0021001   0.0004224  -0.0004114   0.0004218   0.0004187
    2   0.0000023  -0.0000044   0.0007740   0.0017757   0.0009858  -0.0017642
    3   0.0000064  -0.0000036   0.0015947   0.0001256  -0.0014659  -0.0001287
            7           8
    1  -0.0004176  -0.0004173
    2  -0.0007740  -0.0009952
    3  -0.0015894   0.0014608
 Max gradient component =       2.117E-03
 RMS gradient           =       1.094E-03
 Gradient time:  CPU 0.15 s  wall 0.04 s
 Geometry Optimization Parameters
   NAtoms,    NIC,     NZ,  NCons,   NDum,   NFix, NCnnct, MaxDiis
        8      44       0       0       0       0       0       0

 Cartesian Hessian Update
 Hessian updated using BFGS update


** GEOMETRY OPTIMIZATION IN DELOCALIZED INTERNAL COORDINATES **
   Searching for a Minimum

   Optimization Cycle:   2

                       Coordinates (Angstroms)
     ATOM                X               Y               Z
      1  C        -0.7766079287    0.0000834248    0.0000507440
      2  C         0.7767479497    0.0000312362    0.0000317156
      3  H         1.1636714463   -0.4415739828   -0.9098783650
      4  H        -1.1636397314   -1.0085482954   -0.0742888466
      5  H         1.1636811309   -0.5673166363    0.8373376051
      6  H         1.1637500473    1.0088120604    0.0724948698
      7  H        -1.1638260099    0.4399761576    0.9106769890
      8  H        -1.1637769043    0.5685333897   -0.8364173033
   Point Group: c1    Number of degrees of freedom:    18


   Energy is    -78.725182269

 Hessian updated using BFGS update

 14 Hessian modes will be used to form the next step
  Hessian Eigenvalues:
     0.005714    0.056150    0.056150    0.056150    0.056150    0.141112
     0.160001    0.317117    0.347863    0.347865    0.347866    0.347867
     0.347869    0.439971

 Minimum search - taking simple RFO step
 Searching for Lamda that Minimizes Along All modes
 Value Taken    Lamda =  -0.00011616
 Step Taken.  Stepsize is  0.021939

                             Maximum     Tolerance    Cnvgd?
         Gradient           0.004400      0.000300      NO
         Displacement       0.017418      0.001200      NO
         Energy change     -0.000503      0.000001      NO


 New Cartesian Coordinates Obtained by Inverse Iteration

 Displacement from previous Coordinates is:  0.035796
 Adding empirical dispersion correction 
 ----------------------------------------------------------------
 Doing -D3(BJ) with
 s6 =   1.00000
 s8 =   0.87770
 a1 =   0.41710
 a2 =   2.91490
 -D3 energy without 3body term =     -0.0192659568 hartrees
 ----------------------------------------------------------------
 Adding gCP correction 
 ----------------------------------------------------------------
 gCP energy =      0.0419123200 hartrees
 ------------------------------------------------------
 Correction for Bais Set Incompleteness Error in  HF-3c
 ------------------------------------------------------
 SRB energy =     -0.0332540252 hartrees
 ----------------------------------------------------------------
             Standard Nuclear Orientation (Angstroms)
    I     Atom           X                Y                Z
 ----------------------------------------------------------------
    1      C      -0.7749517950     0.0000705594     0.0000435355
    2      C       0.7751200343     0.0000375834     0.0000325217
    3      H       1.1568404075    -0.4430759715    -0.9130739322
    4      H      -1.1568457288    -1.0120787874    -0.0745060900
    5      H       1.1568539420    -0.5693131055     0.8402397982
    6      H       1.1569401768     1.0123281128     0.0727961401
    7      H      -1.1569973684     0.4415435044     0.9138166087
    8      H      -1.1569596685     0.5704854587    -0.8393411734
 ----------------------------------------------------------------
 Nuclear Repulsion Energy =          42.15586719 hartrees
 There are        9 alpha and        9 beta electrons
 Applying Cartesian multipole field
    Component          Value
    ---------          -----
     (2,0,0)        1.00000E-10
     (0,2,0)        2.00000E-10
     (0,0,2)       -3.00000E-10
 Nucleus-field energy     =     0.0000000043 hartrees
 Requested basis set is MINIX
 There are 12 shells and 16 basis functions
 A cutoff of  1.0D-11 yielded     78 shell pairs
 There are       142 function pairs
 Smallest overlap matrix eigenvalue = 2.09E-01
 Guess MOs from SCF MO coefficient file

 -----------------------------------------------------------------------
  General SCF calculation program by
  Eric Jon Sundstrom, Paul Horn, Yuezhi Mao, Dmitri Zuev, Alec White,
  David Stuck, Shaama M.S., Shane Yost, Joonho Lee, David Small,
  Daniel Levine, Susi Lehtola, Hugh Burton, Evgeny Epifanovsky,
  Bang C. Huynh
 -----------------------------------------------------------------------
 Hartree-Fock
 Dispersion:   Grimme D3
 using 4 threads for integral computing
 -------------------------------------------------------
 OpenMP Integral computing Module                
 Release: version 1.0, May 2013, Q-Chem Inc. Pittsburgh 
 -------------------------------------------------------
 HF Exchange   Energy = -12.37914523056731
 One-Electron  Energy = -188.06581237513481
 Total Coulomb Energy =  79.56385930426760
 Nuclear repulsion Energy =  42.15586719235682
 A restricted SCF calculation will be
 performed using DIIS
 SCF converges when DIIS error is below 1.0e-08
 HF Exchange   Energy = -12.37914523056731
 One-Electron  Energy = -188.06581237513481
 Total Coulomb Energy =  79.56385930426760
 ---------------------------------------
  Cycle       Energy         DIIS error
 ---------------------------------------
 HF Exchange   Energy = -12.37914556024059
 One-Electron  Energy = -188.06578280403230
 Total Coulomb Energy =  79.56382754884916
 Nuclear repulsion Energy =  42.15586719235682
    1     -78.7252311091      4.10e-04  
 HF Exchange   Energy = -12.37914556024059
 One-Electron  Energy = -188.06578280403230
 Total Coulomb Energy =  79.56382754884916
 HF Exchange   Energy = -12.37914411205978
 One-Electron  Energy = -188.06573666886774
 Total Coulomb Energy =  79.56377989509124
 Nuclear repulsion Energy =  42.15586719235682
    2     -78.7252336231      3.87e-05  
 HF Exchange   Energy = -12.37914411205978
 One-Electron  Energy = -188.06573666886774
 Total Coulomb Energy =  79.56377989509124
 HF Exchange   Energy = -12.37914530760468
 One-Electron  Energy = -188.06573941022384
 Total Coulomb Energy =  79.56378383015146
 Nuclear repulsion Energy =  42.15586719235682
    3     -78.7252336935      5.69e-06  
 HF Exchange   Energy = -12.37914530760468
 One-Electron  Energy = -188.06573941022384
 Total Coulomb Energy =  79.56378383015146
 HF Exchange   Energy = -12.37914544144518
 One-Electron  Energy = -188.06573671819632
 Total Coulomb Energy =  79.56378127188673
 Nuclear repulsion Energy =  42.15586719235682
    4     -78.7252336953      2.95e-07  
 HF Exchange   Energy = -12.37914544144518
 One-Electron  Energy = -188.06573671819632
 Total Coulomb Energy =  79.56378127188673
 HF Exchange   Energy = -12.37914549385862
 One-Electron  Energy = -188.06573752028567
 Total Coulomb Energy =  79.56378212637215
 Nuclear repulsion Energy =  42.15586719235682
    5     -78.7252336954      2.46e-08  
 HF Exchange   Energy = -12.37914549385862
 One-Electron  Energy = -188.06573752028567
 Total Coulomb Energy =  79.56378212637215
    6     -78.7252336954      2.31e-09  Convergence criterion met
 ---------------------------------------
 HF Exchange   Energy = -12.37914549385862
 One-Electron  Energy = -188.06573752028567
 Total Coulomb Energy =  79.56378212637215
 SCF time:   CPU 0.47s  wall 0.00s 
 HF Exchange   Energy = -12.37914549385862
 One-Electron  Energy = -188.06573752028567
 Total Coulomb Energy =  79.56378212637215
 Nuclear repulsion Energy =  42.15586719235682
 SCF   energy in the final basis set =      -78.7252336954
 Total energy in the final basis set =      -78.7252336954

 --------------------------------------------------------------

                    Orbital Energies (a.u.)
 --------------------------------------------------------------

 Alpha MOs
 -- Occupied --
-11.1451 -11.1429  -1.0188  -0.8464  -0.6027  -0.6027  -0.5061  -0.4917
 -0.4917
 -- Virtual --
  0.6164   0.6474   0.6474   0.7714   0.7852   0.7853   0.7943
 --------------------------------------------------------------

          Ground-State Mulliken Net Atomic Charges

     Atom                 Charge (a.u.)
  ----------------------------------------
      1 C                    -0.370598
      2 C                    -0.370611
      3 H                     0.123541
      4 H                     0.123522
      5 H                     0.123544
      6 H                     0.123545
      7 H                     0.123531
      8 H                     0.123527
  ----------------------------------------
  Sum of atomic charges =     0.000000

 -----------------------------------------------------------------
                    Cartesian Multipole Moments
 -----------------------------------------------------------------
    Charge (ESU x 10^10)
                    -0.00000000
    Dipole Moment (Debye)
         X          -0.00013962      Y          -0.00019317      Z          -0.00012992
       Tot           0.00027145
    Quadrupole Moments (Debye-Ang)
        XX         -15.50241479     XY          -0.00002882     YY         -15.01628148
        XZ          -0.00002376     YZ          -0.00004765     ZZ         -15.01607607
    Octopole Moments (Debye-Ang^2)
       XXX          -0.00408754    XXY          -0.00044411    XYY          -0.00006679
       YYY          -0.00086828    XXZ          -0.00051874    XYZ          -0.00024857
       YYZ          -0.00306448    XZZ          -0.00119991    YZZ          -0.00145964
       ZZZ           0.00145562
    Hexadecapole Moments (Debye-Ang^3)
      XXXX         -93.06856264   XXXY           0.00037447   XXYY         -18.49598069
      XYYY           1.46119449   YYYY         -26.84116103   XXXZ           0.00009839
      XXYZ          -0.00001886   XYYZ           0.32353540   YYYZ           0.00004241
      XXZZ         -18.49564620   XYZZ          -1.46057524   YYZZ          -8.94711006
      XZZZ          -0.32324515   YZZZ           0.00003016   ZZZZ         -26.84140461
 -----------------------------------------------------------------
 Mayer SCF Bond Order, atomic valence on the diagonal:

            1           2           3           4           5           6
    1   3.9500762   1.0215911   0.0001024   0.9760607   0.0001026   0.0001030
    2   1.0215911   3.9500684   0.9760562   0.0001033   0.9760550   0.9760547
    3   0.0001024   0.9760562   0.9847377   0.0013151   0.0003144   0.0003145
    4   0.9760607   0.0001033   0.0013151   0.9847423   0.0013029   0.0053322
    5   0.0001026   0.9760550   0.0003144   0.0013029   0.9847369   0.0003150
    6   0.0001030   0.9760547   0.0003145   0.0053322   0.0003150   0.9847366
    7   0.9760576   0.0001041   0.0053323   0.0003143   0.0013147   0.0013026
    8   0.9760589   0.0001039   0.0013028   0.0003139   0.0053323   0.0013147
            7           8
    1   0.9760576   0.9760589
    2   0.0001041   0.0001039
    3   0.0053323   0.0013028
    4   0.0003143   0.0003139
    5   0.0013147   0.0053323
    6   0.0013026   0.0013147
    7   0.9847402   0.0003147
    8   0.0003147   0.9847412


 Calculating analytic gradient of the SCF energy
 ------------------------------------------------------
 Correction for Bais Set Incompleteness Error in  HF-3c
 ------------------------------------------------------
 Gradient of SCF Energy
            1           2           3           4           5           6
    1  -0.0003320   0.0003400  -0.0002028   0.0001981  -0.0002029  -0.0002011
    2   0.0000030   0.0000018  -0.0000059  -0.0000144  -0.0000107   0.0000128
    3   0.0000018   0.0000021  -0.0000141  -0.0000043   0.0000096   0.0000016
            7           8
    1   0.0002009   0.0001999
    2   0.0000036   0.0000100
    3   0.0000137  -0.0000104
 Max gradient component =       3.400E-04
 RMS gradient           =       1.399E-04
 Gradient time:  CPU 0.16 s  wall 0.04 s
 Geometry Optimization Parameters
   NAtoms,    NIC,     NZ,  NCons,   NDum,   NFix, NCnnct, MaxDiis
        8      44       0       0       0       0       0       0

 Cartesian Hessian Update
 Hessian updated using BFGS update


** GEOMETRY OPTIMIZATION IN DELOCALIZED INTERNAL COORDINATES **
   Searching for a Minimum

   Optimization Cycle:   3

                       Coordinates (Angstroms)
     ATOM                X               Y               Z
      1  C        -0.7749517950    0.0000705594    0.0000435355
      2  C         0.7751200343    0.0000375834    0.0000325217
      3  H         1.1568404075   -0.4430759715   -0.9130739322
      4  H        -1.1568457288   -1.0120787874   -0.0745060900
      5  H         1.1568539420   -0.5693131055    0.8402397982
      6  H         1.1569401768    1.0123281128    0.0727961401
      7  H        -1.1569973684    0.4415435044    0.9138166087
      8  H        -1.1569596685    0.5704854587   -0.8393411734
   Point Group: c1    Number of degrees of freedom:    18


   Energy is    -78.725233695

 Hessian updated using BFGS update

 15 Hessian modes will be used to form the next step
  Hessian Eigenvalues:
     0.005714    0.056150    0.056150    0.056150    0.056150    0.159990
     0.160000    0.160431    0.322318    0.347863    0.347865    0.347866
     0.347867    0.347869    0.427142

 Minimum search - taking simple RFO step
 Searching for Lamda that Minimizes Along All modes
 Value Taken    Lamda =  -0.00000271
 Step Taken.  Stepsize is  0.003879

                             Maximum     Tolerance    Cnvgd?
         Gradient           0.000672      0.000300      NO
         Displacement       0.002881      0.001200      NO
         Energy change     -0.000051      0.000001      NO


 New Cartesian Coordinates Obtained by Inverse Iteration

 Displacement from previous Coordinates is:  0.005710
 Adding empirical dispersion correction 
 ----------------------------------------------------------------
 Doing -D3(BJ) with
 s6 =   1.00000
 s8 =   0.87770
 a1 =   0.41710
 a2 =   2.91490
 -D3 energy without 3body term =     -0.0192563532 hartrees
 ----------------------------------------------------------------
 Adding gCP correction 
 ----------------------------------------------------------------
 gCP energy =      0.0418928604 hartrees
 ------------------------------------------------------
 Correction for Bais Set Incompleteness Error in  HF-3c
 ------------------------------------------------------
 SRB energy =     -0.0332311468 hartrees
 ----------------------------------------------------------------
             Standard Nuclear Orientation (Angstroms)
    I     Atom           X                Y                Z
 ----------------------------------------------------------------
    1      C      -0.7750177752     0.0000676292     0.0000410915
    2      C       0.7751739020     0.0000327002     0.0000293947
    3      H       1.1580535420    -0.4429376782    -0.9128558629
    4      H      -1.1580519917    -1.0118276130    -0.0744563073
    5      H       1.1580643345    -0.5691883737     0.8400115755
    6      H       1.1581399132     1.0120660677     0.0728087399
    7      H      -1.1581988407     0.4414606032     0.9135728758
    8      H      -1.1581630841     0.5703240188    -0.8391440986
 ----------------------------------------------------------------
 Nuclear Repulsion Energy =          42.14743298 hartrees
 There are        9 alpha and        9 beta electrons
 Applying Cartesian multipole field
    Component          Value
    ---------          -----
     (2,0,0)        1.00000E-10
     (0,2,0)        2.00000E-10
     (0,0,2)       -3.00000E-10
 Nucleus-field energy     =     0.0000000043 hartrees
 Requested basis set is MINIX
 There are 12 shells and 16 basis functions
 A cutoff of  1.0D-11 yielded     78 shell pairs
 There are       142 function pairs
 Smallest overlap matrix eigenvalue = 2.09E-01
 Guess MOs from SCF MO coefficient file

 -----------------------------------------------------------------------
  General SCF calculation program by
  Eric Jon Sundstrom, Paul Horn, Yuezhi Mao, Dmitri Zuev, Alec White,
  David Stuck, Shaama M.S., Shane Yost, Joonho Lee, David Small,
  Daniel Levine, Susi Lehtola, Hugh Burton, Evgeny Epifanovsky,
  Bang C. Huynh
 -----------------------------------------------------------------------
 Hartree-Fock
 Dispersion:   Grimme D3
 using 4 threads for integral computing
 -------------------------------------------------------
 OpenMP Integral computing Module                
 Release: version 1.0, May 2013, Q-Chem Inc. Pittsburgh 
 -------------------------------------------------------
 HF Exchange   Energy = -12.37879639583431
 One-Electron  Energy = -188.05041897493376
 Total Coulomb Energy =  79.55654746862351
 Nuclear repulsion Energy =  42.14743298320813
 A restricted SCF calculation will be
 performed using DIIS
 SCF converges when DIIS error is below 1.0e-08
 HF Exchange   Energy = -12.37879639583431
 One-Electron  Energy = -188.05041897493376
 Total Coulomb Energy =  79.55654746862351
 ---------------------------------------
  Cycle       Energy         DIIS error
 ---------------------------------------
 HF Exchange   Energy = -12.37878938820152
 One-Electron  Energy = -188.04986060889911
 Total Coulomb Energy =  79.55598199436565
 Nuclear repulsion Energy =  42.14743298320813
    1     -78.7252349189      5.62e-05  
 HF Exchange   Energy = -12.37878938820152
 One-Electron  Energy = -188.04986060889911
 Total Coulomb Energy =  79.55598199436565
 HF Exchange   Energy = -12.37879591543917
 One-Electron  Energy = -188.04996491392313
 Total Coulomb Energy =  79.55609282208539
 Nuclear repulsion Energy =  42.14743298320813
    2     -78.7252350195      9.34e-06  
 HF Exchange   Energy = -12.37879591543917
 One-Electron  Energy = -188.04996491392313
 Total Coulomb Energy =  79.55609282208539
 HF Exchange   Energy = -12.37879447200122
 One-Electron  Energy = -188.04993770162321
 Total Coulomb Energy =  79.55606416626236
 Nuclear repulsion Energy =  42.14743298320813
    3     -78.7252350241      1.33e-06  
 HF Exchange   Energy = -12.37879447200122
 One-Electron  Energy = -188.04993770162321
 Total Coulomb Energy =  79.55606416626236
 HF Exchange   Energy = -12.37879466562202
 One-Electron  Energy = -188.04994258030075
 Total Coulomb Energy =  79.55606923853506
 Nuclear repulsion Energy =  42.14743298320813
    4     -78.7252350242      1.67e-07  
 HF Exchange   Energy = -12.37879466562202
 One-Electron  Energy = -188.04994258030075
 Total Coulomb Energy =  79.55606923853506
 HF Exchange   Energy = -12.37879464871372
 One-Electron  Energy = -188.04994248444370
 Total Coulomb Energy =  79.55606912581996
 Nuclear repulsion Energy =  42.14743298320813
    5     -78.7252350242      1.81e-08  
 HF Exchange   Energy = -12.37879464871372
 One-Electron  Energy = -188.04994248444370
 Total Coulomb Energy =  79.55606912581996
    6     -78.7252350241      1.14e-09  Convergence criterion met
 ---------------------------------------
 HF Exchange   Energy = -12.37879464871372
 One-Electron  Energy = -188.04994248444370
 Total Coulomb Energy =  79.55606912581996
 SCF time:   CPU 0.47s  wall 0.00s 
 HF Exchange   Energy = -12.37879464871372
 One-Electron  Energy = -188.04994248444370
 Total Coulomb Energy =  79.55606912581996
 Nuclear repulsion Energy =  42.14743298320813
 SCF   energy in the final basis set =      -78.7252350241
 Total energy in the final basis set =      -78.7252350241

 --------------------------------------------------------------

                    Orbital Energies (a.u.)
 --------------------------------------------------------------

 Alpha MOs
 -- Occupied --
-11.1452 -11.1429  -1.0186  -0.8465  -0.6025  -0.6025  -0.5064  -0.4916
 -0.4916
 -- Virtual --
  0.6164   0.6468   0.6468   0.7719   0.7850   0.7851   0.7943
 --------------------------------------------------------------

          Ground-State Mulliken Net Atomic Charges

     Atom                 Charge (a.u.)
  ----------------------------------------
      1 C                    -0.370542
      2 C                    -0.370553
      3 H                     0.123521
      4 H                     0.123504
      5 H                     0.123524
      6 H                     0.123525
      7 H                     0.123512
      8 H                     0.123508
  ----------------------------------------
  Sum of atomic charges =     0.000000

 -----------------------------------------------------------------
                    Cartesian Multipole Moments
 -----------------------------------------------------------------
    Charge (ESU x 10^10)
                    -0.00000000
    Dipole Moment (Debye)
         X          -0.00012880      Y          -0.00017909      Z          -0.00012007
       Tot           0.00025116
    Quadrupole Moments (Debye-Ang)
        XX         -15.48958414     XY          -0.00004150     YY         -15.01901067
        XZ          -0.00002528     YZ          -0.00004636     ZZ         -15.01880728
    Octopole Moments (Debye-Ang^2)
       XXX          -0.00379655    XXY          -0.00041104    XYY          -0.00004976
       YYY          -0.00077719    XXZ          -0.00048255    XYZ          -0.00023345
       YYZ          -0.00293906    XZZ          -0.00111929    YZZ          -0.00137631
       ZZZ           0.00145114
    Hexadecapole Moments (Debye-Ang^3)
      XXXX         -93.10781897   XXXY           0.00038833   XXYY         -18.50163053
      XYYY           1.46168895   YYYY         -26.84038230   XXXZ           0.00010520
      XXYZ          -0.00001843   XYYZ           0.32363929   YYYZ           0.00004090
      XXZZ         -18.50127173   XYZZ          -1.46101264   YYZZ          -8.94684550
      XZZZ          -0.32333369   YZZZ           0.00002986   ZZZZ         -26.84061637
 -----------------------------------------------------------------
 Mayer SCF Bond Order, atomic valence on the diagonal:

            1           2           3           4           5           6
    1   3.9500741   1.0215982   0.0001052   0.9760548   0.0001053   0.0001057
    2   1.0215982   3.9500668   0.9760506   0.0001060   0.9760495   0.9760493
    3   0.0001052   0.9760506   0.9847425   0.0013145   0.0003132   0.0003134
    4   0.9760548   0.0001060   0.0013145   0.9847468   0.0013027   0.0053430
    5   0.0001053   0.9760495   0.0003132   0.0013027   0.9847417   0.0003138
    6   0.0001057   0.9760493   0.0003134   0.0053430   0.0003138   0.9847416
    7   0.9760518   0.0001068   0.0053431   0.0003131   0.0013141   0.0013024
    8   0.9760530   0.0001066   0.0013026   0.0003128   0.0053431   0.0013141
            7           8
    1   0.9760518   0.9760530
    2   0.0001068   0.0001066
    3   0.0053431   0.0013026
    4   0.0003131   0.0003128
    5   0.0013141   0.0053431
    6   0.0013024   0.0013141
    7   0.9847448   0.0003135
    8   0.0003135   0.9847457


 Calculating analytic gradient of the SCF energy
 ------------------------------------------------------
 Correction for Bais Set Incompleteness Error in  HF-3c
 ------------------------------------------------------
 Gradient of SCF Energy
            1           2           3           4           5           6
    1   0.0000244  -0.0000252   0.0000301  -0.0000310   0.0000305   0.0000313
    2   0.0000003  -0.0000007  -0.0000219  -0.0000513  -0.0000315   0.0000512
    3  -0.0000002  -0.0000003  -0.0000483  -0.0000060   0.0000421   0.0000055
            7           8
    1  -0.0000299  -0.0000302
    2   0.0000214   0.0000325
    3   0.0000485  -0.0000413
 Max gradient component =       5.132E-05
 RMS gradient           =       3.116E-05
 Gradient time:  CPU 0.17 s  wall 0.04 s
 Geometry Optimization Parameters
   NAtoms,    NIC,     NZ,  NCons,   NDum,   NFix, NCnnct, MaxDiis
        8      44       0       0       0       0       0       0

 Cartesian Hessian Update
 Hessian updated using BFGS update


** GEOMETRY OPTIMIZATION IN DELOCALIZED INTERNAL COORDINATES **
   Searching for a Minimum

   Optimization Cycle:   4

                       Coordinates (Angstroms)
     ATOM                X               Y               Z
      1  C        -0.7750177752    0.0000676292    0.0000410915
      2  C         0.7751739020    0.0000327002    0.0000293947
      3  H         1.1580535420   -0.4429376782   -0.9128558629
      4  H        -1.1580519917   -1.0118276130   -0.0744563073
      5  H         1.1580643345   -0.5691883737    0.8400115755
      6  H         1.1581399132    1.0120660677    0.0728087399
      7  H        -1.1581988407    0.4414606032    0.9135728758
      8  H        -1.1581630841    0.5703240188   -0.8391440986
   Point Group: c1    Number of degrees of freedom:    18


   Energy is    -78.725235024

 Hessian updated using BFGS update

 16 Hessian modes will be used to form the next step
  Hessian Eigenvalues:
     0.005714    0.056150    0.056150    0.056150    0.056150    0.157308
     0.160000    0.160000    0.160001    0.347861    0.347865    0.347866
     0.347867    0.347869    0.367519    0.418438

 Minimum search - taking simple RFO step
 Searching for Lamda that Minimizes Along All modes
 Value Taken    Lamda =  -0.00000007
 Step Taken.  Stepsize is  0.000453

                             Maximum     Tolerance    Cnvgd?
         Gradient           0.000134      0.000300     YES
         Displacement       0.000338      0.001200     YES
         Energy change     -0.000001      0.000001      NO


                       Distance Matrix (Angstroms)
             C (  1)   C (  2)   H (  3)   H (  4)   H (  5)   H (  6)
   C (  2)  1.550192
   H (  3)  2.183208  1.084518
   H (  4)  1.084526  2.183294  2.528022
   H (  5)  2.183211  1.084522  1.757408  2.529145
   H (  6)  2.183239  1.084514  1.757433  3.079379  1.757545
   H (  7)  1.084526  2.183426  3.079452  1.757341  2.528220  2.529407
   H (  8)  1.084539  2.183400  2.529228  1.757257  3.079442  2.528251
             H (  7)
   H (  8)  1.757448

 Final energy is   -78.725235024129333     


 ******************************
 **  OPTIMIZATION CONVERGED  **
 ******************************

                       Coordinates (Angstroms)
     ATOM                X               Y               Z
      1  C        -0.7750177752    0.0000676292    0.0000410915
      2  C         0.7751739020    0.0000327002    0.0000293947
      3  H         1.1580535420   -0.4429376782   -0.9128558629
      4  H        -1.1580519917   -1.0118276130   -0.0744563073
      5  H         1.1580643345   -0.5691883737    0.8400115755
      6  H         1.1581399132    1.0120660677    0.0728087399
      7  H        -1.1581988407    0.4414606032    0.9135728758
      8  H        -1.1581630841    0.5703240188   -0.8391440986

Z-matrix Print:
$molecule
0 1
C 
H  1 1.084526
H  1 1.084526 2 108.228745
H  1 1.084539 2 108.237419 3 117.072627 0
C  1 1.550192 2 110.691268 3 -121.456134 0
H  5 1.084514 1 110.677079 2 -60.098421 0
H  5 1.084518 1 110.674402 2 179.903917 0
H  5 1.084522 1 110.674345 2 59.911534 0
$end


 --------------------------------------------------------------

                    Orbital Energies (a.u.)
 --------------------------------------------------------------

 Alpha MOs
 -- Occupied --
-11.1452 -11.1429  -1.0186  -0.8465  -0.6025  -0.6025  -0.5064  -0.4916
 -0.4916
 -- Virtual --
  0.6164   0.6468   0.6468   0.7719   0.7850   0.7851   0.7943
 --------------------------------------------------------------

          Ground-State Mulliken Net Atomic Charges

     Atom                 Charge (a.u.)
  ----------------------------------------
      1 C                    -0.370542
      2 C                    -0.370553
      3 H                     0.123521
      4 H                     0.123504
      5 H                     0.123524
      6 H                     0.123525
      7 H                     0.123512
      8 H                     0.123508
  ----------------------------------------
  Sum of atomic charges =     0.000000

 -----------------------------------------------------------------
                    Cartesian Multipole Moments
 -----------------------------------------------------------------
    Charge (ESU x 10^10)
                    -0.00000000
    Dipole Moment (Debye)
         X          -0.00012880      Y          -0.00017909      Z          -0.00012007
       Tot           0.00025116
    Quadrupole Moments (Debye-Ang)
        XX         -15.48958414     XY          -0.00004150     YY         -15.01901067
        XZ          -0.00002528     YZ          -0.00004636     ZZ         -15.01880728
    Octopole Moments (Debye-Ang^2)
       XXX          -0.00379655    XXY          -0.00041104    XYY          -0.00004976
       YYY          -0.00077719    XXZ          -0.00048255    XYZ          -0.00023345
       YYZ          -0.00293906    XZZ          -0.00111929    YZZ          -0.00137631
       ZZZ           0.00145114
    Hexadecapole Moments (Debye-Ang^3)
      XXXX         -93.10781897   XXXY           0.00038833   XXYY         -18.50163053
      XYYY           1.46168895   YYYY         -26.84038230   XXXZ           0.00010520
      XXYZ          -0.00001843   XYYZ           0.32363929   YYYZ           0.00004090
      XXZZ         -18.50127173   XYZZ          -1.46101264   YYZZ          -8.94684550
      XZZZ          -0.32333369   YZZZ           0.00002986   ZZZZ         -26.84061637
 -----------------------------------------------------------------
 Mayer SCF Bond Order, atomic valence on the diagonal:

            1           2           3           4           5           6
    1   3.9500741   1.0215982   0.0001052   0.9760548   0.0001053   0.0001057
    2   1.0215982   3.9500668   0.9760506   0.0001060   0.9760495   0.9760493
    3   0.0001052   0.9760506   0.9847425   0.0013145   0.0003132   0.0003134
    4   0.9760548   0.0001060   0.0013145   0.9847468   0.0013027   0.0053430
    5   0.0001053   0.9760495   0.0003132   0.0013027   0.9847417   0.0003138
    6   0.0001057   0.9760493   0.0003134   0.0053430   0.0003138   0.9847416
    7   0.9760518   0.0001068   0.0053431   0.0003131   0.0013141   0.0013024
    8   0.9760530   0.0001066   0.0013026   0.0003128   0.0053431   0.0013141
            7           8
    1   0.9760518   0.9760530
    2   0.0001068   0.0001066
    3   0.0053431   0.0013026
    4   0.0003131   0.0003128
    5   0.0013141   0.0053431
    6   0.0013024   0.0013141
    7   0.9847448   0.0003135
    8   0.0003135   0.9847457


Archival summary:
1\1\Lithium\OPT\HF\BasisUnspecified\26\pierpa\ThuOct2212:19:312020ThuOct2212:19:312020\0\\#,OPT,HF,BasisUnspecified,\\0,1\C\H,1,1.08453\H,1,1.08453,2,108.229\H,1,1.08454,2,108.237,3,117.073,0\C,1,1.55019,2,110.691,3,-121.456,0\H,5,1.08451,1,110.677,2,-60.0984,0\H,5,1.08452,1,110.674,2,179.904,0\H,5,1.08452,1,110.674,2,59.9115,0\\HF=-78.725235\\@

 Total job time:  0.74s(wall), 3.39s(cpu) 
 Thu Oct 22 12:19:31 2020

        *************************************************************
        *                                                           *
        *  Thank you very much for using Q-Chem.  Have a nice day.  *
        *                                                           *
        *************************************************************


