                  Welcome to Q-Chem
     A Quantum Leap Into The Future Of Chemistry


 Q-Chem 5.3 (devel), Q-Chem, Inc., Pleasanton, CA (2020)

 Yihan Shao,  Zhengting Gan,  E. Epifanovsky,  A. T. B. Gilbert,  M. Wormit,  
 J. Kussmann,  A. W. Lange,  A. Behn,  Jia Deng,  Xintian Feng,  D. Ghosh,  
 M. Goldey,  P. R. Horn,  L. D. Jacobson,  I. Kaliman,  T. Kus,  A. Landau,  
 Jie Liu,  E. I. Proynov,  R. M. Richard,  R. P. Steele,  E. J. Sundstrom,  
 H. L. Woodcock III,  P. M. Zimmerman,  D. Zuev,  B. Alam,  B. Albrecht,  
 A. Aldossary,  E. Alguire,  S. A. Baeppler,  D. Barton,  Z. Benda,  
 Y. A. Bernard,  E. J. Berquist,  K. B. Bravaya,  H. Burton,  K. Carter-Fenk,  
 D. Casanova,  Chun-Min Chang,  Yunqing Chen,  A. Chien,  K. D. Closser,  
 M. P. Coons,  S. Coriani,  S. Dasgupta,  A. L. Dempwolff,  M. Diedenhofen,  
 Hainam Do,  R. G. Edgar,  Po-Tung Fang,  S. Faraji,  S. Fatehi,  
 Qingguo Feng,  J. Fosso-Tande,  J. Gayvert,  Qinghui Ge,  A. Ghysels,  
 G. Gidofalvi,  J. Gomes,  J. Gonthier,  S. Gulania,  A. Gunina,  D. Hait,  
 M. W. D. Hanson-Heine,  S. Hammes-Schiffer,  P. H. P. Harbach,  
 A. W. Hauser,  M. F. Herbst,  J. E. Herr,  E. G. Hohenstein,  Z. C. Holden,  
 S. Houck,  Kerwin Hui,  B. C. Huynh,  M. Ivanov,  T.-C. Jagau,  Hyunjun Ji,  
 B. Kaduk,  K. Khistyaev,  Jaehoon Kim,  P. Klunzinger,  K. Koh,  
 D. Kosenkov,  L. Koulias,  T. Kowalczyk,  C. M. Krauter,  A. Kunitsa,  
 Ka Un Lao,  A. Laurent,  K. V. Lawler,  Joonho Lee,  D. Lefrancois,  
 S. Lehtola,  D. S. Levine,  Yi-Pei Li,  You-Sheng Lin,  Fenglai Liu,  
 Kuan-Yu Liu,  E. Livshits,  M. Loipersberger,  A. Luenser,  P. Manohar,  
 E. Mansoor,  S. F. Manzer,  Shan-Ping Mao,  Yuezhi Mao,  N. Mardirossian,  
 A. V. Marenich,  T. Markovich,  L. A. Martinez-Martinez,  S. A. Maurer,  
 N. J. Mayhall,  S. C. McKenzie,  J.-M. Mewes,  P. Morgante,  A. F. Morrison,  
 J. W. Mullinax,  K. Nanda,  T. S. Nguyen-Beck,  R. Olivares-Amaya,  
 K. J. Oosterbaan,  J. A. Parkhill,  S. K. Paul,  F. Pavosevic,  Zheng Pei,  
 T. M. Perrine,  F. Plasser,  P. Pokhilko,  S. Prager,  A. Prociuk,  
 E. Ramos,  B. Rana,  D. R. Rehn,  F. Rob,  E. Rossomme,  M. Scheurer,  
 M. Schneider,  N. Sergueev,  S. M. Sharada,  S. Sharma,  W. Skomorowski,  
 D. W. Small,  T. Stauch,  C. J. Stein,  T. Stein,  Yu-Chuan Su,  
 S. P. Veccham,  Zhen Tao,  A. J. W. Thom,  A. Tkatchenko,  T. Tsuchimochi,  
 N. M. Tubman,  L. Vogt,  M. L. Vidal,  O. Vydrov,  M. A. Watson,  J. Wenzel,  
 M. de Wergifosse,  T. A. Wesolowski,  A. White,  J. Witte,  A. Yamada,  
 Jun Yang,  K. Yao,  S. Yeganeh,  S. R. Yost,  Zhi-Qiang You,  A. Zech,  
 Igor Ying Zhang,  Xing Zhang,  Yan Zhao,  Ying Zhu,  B. R. Brooks,  
 G. K. L. Chan,  C. J. Cramer,  M. S. Gordon,  W. J. Hehre,  A. Klamt,  
 M. W. Schmidt,  C. D. Sherrill,  D. G. Truhlar,  A. Aspuru-Guzik,  R. Baer,  
 A. T. Bell,  N. A. Besley,  Jeng-Da Chai,  A. E. DePrince, III,  
 R. A. DiStasio Jr.,  A. Dreuw,  B. D. Dunietz,  T. R. Furlani,  
 Chao-Ping Hsu,  Yousung Jung,  Jing Kong,  D. S. Lambrecht,  WanZhen Liang,  
 C. Ochsenfeld,  V. A. Rassolov,  L. V. Slipchenko,  J. E. Subotnik,  
 T. Van Voorhis,  J. M. Herbert,  A. I. Krylov,  P. M. W. Gill,  M. Head-Gordon

 Contributors to earlier versions of Q-Chem not listed above: 
 R. D. Adamson,  B. Austin,  J. Baker,  G. J. O. Beran,  K. Brandhorst,  
 S. T. Brown,  E. F. C. Byrd,  A. K. Chakraborty,  C.-L. Cheng,  
 Siu Hung Chien,  D. M. Chipman,  D. L. Crittenden,  H. Dachsel,  
 R. J. Doerksen,  A. D. Dutoi,  L. Fusti-Molnar,  W. A. Goddard III,  
 A. Golubeva-Zadorozhnaya,  S. R. Gwaltney,  G. Hawkins,  A. Heyden,  
 S. Hirata,  G. Kedziora,  F. J. Keil,  C. Kelley,  Jihan Kim,  R. A. King,  
 R. Z. Khaliullin,  P. P. Korambath,  W. Kurlancheek,  A. M. Lee,  M. S. Lee,  
 S. V. Levchenko,  Ching Yeh Lin,  D. Liotard,  R. C. Lochan,  I. Lotan,  
 P. E. Maslen,  N. Nair,  D. P. O'Neill,  D. Neuhauser,  E. Neuscamman,  
 C. M. Oana,  R. Olson,  B. Peters,  R. Peverati,  P. A. Pieniazek,  
 Y. M. Rhee,  J. Ritchie,  M. A. Rohrdanz,  E. Rosta,  N. J. Russ,  
 H. F. Schaefer III,  N. E. Schultz,  N. Shenvi,  A. C. Simmonett,  A. Sodt,  
 D. Stuck,  K. S. Thanthiriwatte,  V. Vanovschi,  Tao Wang,  A. Warshel,  
 C. F. Williams,  Q. Wu,  X. Xu,  W. Zhang

 Please cite Q-Chem as follows:
 Y. Shao et al., Mol. Phys. 113, 184-215 (2015)
 DOI: 10.1080/00268976.2014.952696

 Q-Chem 5.3.0 for Intel X86 EM64T Linux

 Parts of Q-Chem use Armadillo 9.800.1 (Horizon Scraper).
 http://arma.sourceforge.net/

 Q-Chem begins on Thu Oct 22 18:21:15 2020  

Host: 
0

     Scratch files written to /home/pierpa/qchem_scratch/qchem20668//
Processing $rem in /home/pierpa/qchem53_dev/config/preferences:
Processing $rem in /home/pierpa/.qchemrc:

Checking the input file for inconsistencies... 	...done.

--------------------------------------------------------------
User input:
--------------------------------------------------------------
$Comment
Geometry optimizations for CLB18.
$End

$Rem
SYMMETRY              False
SYM_IGNORE            True
JOBTYPE               SP
METHOD                HF-3c
BASIS                 MINIX
MAX_SCF_CYCLES        50
SCF_ALGORITHM         DIIS
SCF_PRINT             1
SCF_FINAL_PRINT       1
XC_GRID               000099000590
MEM_TOTAL             20000
MEM_STATIC            4000
BLAS3_DFT             True
New_DFT               True
$End

$Molecule
0 2
Cl 0.0000000000 0.0000000000 0.0000000000
$End


--------------------------------------------------------------
 Adding empirical dispersion correction 
 ----------------------------------------------------------------
 Doing -D3(BJ) with
 s6 =   1.00000
 s8 =   0.87770
 a1 =   0.41710
 a2 =   2.91490
 -D3 energy without 3body term =     -0.0000000000 hartrees
 ----------------------------------------------------------------
 Adding gCP correction 
 ----------------------------------------------------------------
 gCP energy =      0.0000000000 hartrees
 ------------------------------------------------------
 Correction for Bais Set Incompleteness Error in  HF-3c
 ------------------------------------------------------
 SRB energy =      0.0000000000 hartrees
 ----------------------------------------------------------------
             Standard Nuclear Orientation (Angstroms)
    I     Atom           X                Y                Z
 ----------------------------------------------------------------
    1      Cl      0.0000000000     0.0000000000     0.0000000000
 ----------------------------------------------------------------
 Nuclear Repulsion Energy =           0.00000000 hartrees
 There are        9 alpha and        8 beta electrons
 Requested basis set is MINIX
 There are 6 shells and 14 basis functions

 Total QAlloc Memory Limit  20000 MB
 Mega-Array Size      3911 MB
 MEM_STATIC part      4000 MB
 A cutoff of  1.0D-08 yielded     21 shell pairs
 There are       121 function pairs (       141 Cartesian)
 Smallest overlap matrix eigenvalue = 6.05E-01

 Scale SEOQF with 1.000000e+00/1.000000e+00/1.000000e+00

 Standard Electronic Orientation quadrupole field applied
 Guess from superposition of atomic densities
 Warning:  Energy on first SCF cycle will be non-variational
 SAD guess density has 17.000000 electrons

 -----------------------------------------------------------------------
  General SCF calculation program by
  Eric Jon Sundstrom, Paul Horn, Yuezhi Mao, Dmitri Zuev, Alec White,
  David Stuck, Shaama M.S., Shane Yost, Joonho Lee, David Small,
  Daniel Levine, Susi Lehtola, Hugh Burton, Evgeny Epifanovsky,
  Bang C. Huynh
 -----------------------------------------------------------------------
 Hartree-Fock
 Dispersion:   Grimme D3
 using 4 threads for integral computing
 -------------------------------------------------------
 OpenMP Integral computing Module                
 Release: version 1.0, May 2013, Q-Chem Inc. Pittsburgh 
 -------------------------------------------------------
 A unrestricted SCF calculation will be
 performed using DIIS
 SCF converges when DIIS error is below 1.0e-05
 Alpha HF Exchange    Energy = -13.65585130341994
 Beta HF Exchange     Energy = -13.65585130341994
 One-Electron (alpha) Energy = -316.40373427852575
 One-Electron (beta)  Energy = -316.40373427852575
 Total Coulomb        Energy = 203.04924446203128
 ---------------------------------------
  Cycle       Energy         DIIS error
 ---------------------------------------
    1    -457.0699267019      4.06e-04  
 Alpha HF Exchange    Energy = -14.02454294578864
 Beta HF Exchange     Energy = -13.50797170902168
 One-Electron (alpha) Energy = -321.48643011738261
 One-Electron (beta)  Energy = -311.33598661891904
 Total Coulomb        Energy = 203.08171497956110
    2    -457.2732164116      5.37e-03  
 Alpha HF Exchange    Energy = -14.02454293959018
 Beta HF Exchange     Energy = -13.50801978400678
 One-Electron (alpha) Energy = -321.48642995492702
 One-Electron (beta)  Energy = -311.33588058793674
 Total Coulomb        Energy = 203.08159684874920
    3    -457.2732764177      5.33e-03  
 Alpha HF Exchange    Energy = -14.02452907085957
 Beta HF Exchange     Energy = -13.51005088581556
 One-Electron (alpha) Energy = -321.48615573040757
 One-Electron (beta)  Energy = -311.33252282699374
 Total Coulomb        Energy = 203.07799992800196
    4    -457.2752585861      3.64e-03  
 Alpha HF Exchange    Energy = -14.02440883082088
 Beta HF Exchange     Energy = -13.51439403634442
 One-Electron (alpha) Energy = -321.48374930768131
 One-Electron (beta)  Energy = -311.32365085292969
 Total Coulomb        Energy = 203.06920853294469
    5    -457.2769944948      1.46e-05  
 Alpha HF Exchange    Energy = -14.02440946915721
 Beta HF Exchange     Energy = -13.51438431892775
 One-Electron (alpha) Energy = -321.48376215929403
 One-Electron (beta)  Energy = -311.32369728845123
 Total Coulomb        Energy = 203.06925871766001
    6    -457.2769945182      2.61e-06  Convergence criterion met
 ---------------------------------------
 Alpha HF Exchange    Energy = -14.02440946915721
 Beta HF Exchange     Energy = -13.51438431892775
 One-Electron (alpha) Energy = -321.48376215929403
 One-Electron (beta)  Energy = -311.32369728845123
 Total Coulomb        Energy = 203.06925871766001
 SCF time:   CPU 0.32s  wall 0.00s 
<S^2> =          0.755188082
 Alpha HF Exchange    Energy = -14.02440946915721
 Beta HF Exchange     Energy = -13.51438431892775
 One-Electron (alpha) Energy = -321.48376215929403
 One-Electron (beta)  Energy = -311.32369728845123
 Total Coulomb        Energy = 203.06925871766001
 Nuclear repulsion Energy =   0.00000000000000
 SCF   energy in the final basis set =     -457.2769945182
 Total energy in the final basis set =     -457.2769945182

 Q-Chem warning in module /home/pierpa/qchem53_dev/libsym/oriorb.F, line  198:

 OriOrb: Failure to resolve orbital degeneracies.


 Q-Chem warning in module /home/pierpa/qchem53_dev/libsym/oriorb.F, line  198:

 OriOrb: Failure to resolve orbital degeneracies.


 --------------------------------------------------------------

                    Orbital Energies (a.u.)
 --------------------------------------------------------------

 Alpha MOs
 -- Occupied --
******** -10.5459  -7.9963  -7.9712  -7.9712  -1.1228  -0.5639  -0.4936
 -0.4936
 -- Virtual --
  0.9436   0.9596   0.9596   1.0132   1.0132

 Beta MOs
 -- Occupied --
******** -10.5359  -7.9667  -7.9667  -7.9502  -1.0068  -0.4714  -0.4714
 -- Virtual --
 -0.0148   1.0208   1.0208   1.0541   1.0541   1.0674
 --------------------------------------------------------------

          Ground-State Mulliken Net Atomic Charges

     Atom                 Charge (a.u.)    Spin (a.u.)
  --------------------------------------------------------
      1 Cl                   -0.000000       1.000000
  --------------------------------------------------------
  Sum of atomic charges =    -0.000000
  Sum of spin   charges =     1.000000

 -----------------------------------------------------------------
                    Cartesian Multipole Moments
 -----------------------------------------------------------------
    Charge (ESU x 10^10)
                     0.00000000
    Dipole Moment (Debye)
         X          -0.00000000      Y          -0.00000000      Z           0.00000000
       Tot           0.00000000
    Quadrupole Moments (Debye-Ang)
        XX         -13.03873503     XY           0.00000000     YY         -13.03873503
        XZ           0.00000081     YZ           0.00000010     ZZ         -10.86340677
    Octopole Moments (Debye-Ang^2)
       XXX           0.00000000    XXY           0.00000000    XYY          -0.00000000
       YYY          -0.00000000    XXZ          -0.00000000    XYZ          -0.00000000
       YYZ           0.00000000    XZZ           0.00000000    YZZ          -0.00000000
       ZZZ          -0.00000000
    Hexadecapole Moments (Debye-Ang^3)
      XXXX         -14.75909728   XXXY           0.00000000   XXYY          -4.91969909
      XYYY           0.00000000   YYYY         -14.75909728   XXXZ           0.00000073
      XXYZ           0.00000003   XYYZ           0.00000024   YYYZ           0.00000009
      XXZZ          -4.26874067   XYZZ           0.00000000   YYZZ          -4.26874067
      XZZZ           0.00000073   YZZZ           0.00000009   ZZZZ         -10.85595972
 -----------------------------------------------------------------
 Mayer SCF Bond Order, atomic valence on the diagonal:

            1
    1  -0.0000000



 STANDARD THERMODYNAMIC QUANTITIES AT   298.15 K  AND     1.00 ATM

   Translational Enthalpy:        0.889 kcal/mol
   Rotational Enthalpy:           0.000 kcal/mol
   Vibrational Enthalpy:          0.000 kcal/mol
   gas constant (RT):             0.592 kcal/mol
   Translational Entropy:        36.586  cal/mol.K
   Rotational Entropy:            0.000  cal/mol.K
   Vibrational Entropy:           0.000  cal/mol.K

   Total Enthalpy:                1.481 kcal/mol
   Total Entropy:                36.586  cal/mol.K

 -----------------------------------------------------------------

Archival summary:
1\1\Lithium\SP\HF\BasisUnspecified\l1(2)\pierpa\ThuOct2218:21:162020ThuOct2218:21:162020\0\\#,HF,BasisUnspecified,\\0,2\Cl\\HF=-457.276995\\@

 Total job time:  0.19s(wall), 0.85s(cpu) 
 Thu Oct 22 18:21:16 2020

        *************************************************************
        *                                                           *
        *  Thank you very much for using Q-Chem.  Have a nice day.  *
        *                                                           *
        *************************************************************


