                  Welcome to Q-Chem
     A Quantum Leap Into The Future Of Chemistry


 Q-Chem 5.3 (devel), Q-Chem, Inc., Pleasanton, CA (2020)

 Yihan Shao,  Zhengting Gan,  E. Epifanovsky,  A. T. B. Gilbert,  M. Wormit,  
 J. Kussmann,  A. W. Lange,  A. Behn,  Jia Deng,  Xintian Feng,  D. Ghosh,  
 M. Goldey,  P. R. Horn,  L. D. Jacobson,  I. Kaliman,  T. Kus,  A. Landau,  
 Jie Liu,  E. I. Proynov,  R. M. Richard,  R. P. Steele,  E. J. Sundstrom,  
 H. L. Woodcock III,  P. M. Zimmerman,  D. Zuev,  B. Alam,  B. Albrecht,  
 A. Aldossary,  E. Alguire,  S. A. Baeppler,  D. Barton,  Z. Benda,  
 Y. A. Bernard,  E. J. Berquist,  K. B. Bravaya,  H. Burton,  K. Carter-Fenk,  
 D. Casanova,  Chun-Min Chang,  Yunqing Chen,  A. Chien,  K. D. Closser,  
 M. P. Coons,  S. Coriani,  S. Dasgupta,  A. L. Dempwolff,  M. Diedenhofen,  
 Hainam Do,  R. G. Edgar,  Po-Tung Fang,  S. Faraji,  S. Fatehi,  
 Qingguo Feng,  J. Fosso-Tande,  J. Gayvert,  Qinghui Ge,  A. Ghysels,  
 G. Gidofalvi,  J. Gomes,  J. Gonthier,  S. Gulania,  A. Gunina,  D. Hait,  
 M. W. D. Hanson-Heine,  S. Hammes-Schiffer,  P. H. P. Harbach,  
 A. W. Hauser,  M. F. Herbst,  J. E. Herr,  E. G. Hohenstein,  Z. C. Holden,  
 S. Houck,  Kerwin Hui,  B. C. Huynh,  M. Ivanov,  T.-C. Jagau,  Hyunjun Ji,  
 B. Kaduk,  K. Khistyaev,  Jaehoon Kim,  P. Klunzinger,  K. Koh,  
 D. Kosenkov,  L. Koulias,  T. Kowalczyk,  C. M. Krauter,  A. Kunitsa,  
 Ka Un Lao,  A. Laurent,  K. V. Lawler,  Joonho Lee,  D. Lefrancois,  
 S. Lehtola,  D. S. Levine,  Yi-Pei Li,  You-Sheng Lin,  Fenglai Liu,  
 Kuan-Yu Liu,  E. Livshits,  M. Loipersberger,  A. Luenser,  P. Manohar,  
 E. Mansoor,  S. F. Manzer,  Shan-Ping Mao,  Yuezhi Mao,  N. Mardirossian,  
 A. V. Marenich,  T. Markovich,  L. A. Martinez-Martinez,  S. A. Maurer,  
 N. J. Mayhall,  S. C. McKenzie,  J.-M. Mewes,  P. Morgante,  A. F. Morrison,  
 J. W. Mullinax,  K. Nanda,  T. S. Nguyen-Beck,  R. Olivares-Amaya,  
 K. J. Oosterbaan,  J. A. Parkhill,  S. K. Paul,  F. Pavosevic,  Zheng Pei,  
 T. M. Perrine,  F. Plasser,  P. Pokhilko,  S. Prager,  A. Prociuk,  
 E. Ramos,  B. Rana,  D. R. Rehn,  F. Rob,  E. Rossomme,  M. Scheurer,  
 M. Schneider,  N. Sergueev,  S. M. Sharada,  S. Sharma,  W. Skomorowski,  
 D. W. Small,  T. Stauch,  C. J. Stein,  T. Stein,  Yu-Chuan Su,  
 S. P. Veccham,  Zhen Tao,  A. J. W. Thom,  A. Tkatchenko,  T. Tsuchimochi,  
 N. M. Tubman,  L. Vogt,  M. L. Vidal,  O. Vydrov,  M. A. Watson,  J. Wenzel,  
 M. de Wergifosse,  T. A. Wesolowski,  A. White,  J. Witte,  A. Yamada,  
 Jun Yang,  K. Yao,  S. Yeganeh,  S. R. Yost,  Zhi-Qiang You,  A. Zech,  
 Igor Ying Zhang,  Xing Zhang,  Yan Zhao,  Ying Zhu,  B. R. Brooks,  
 G. K. L. Chan,  C. J. Cramer,  M. S. Gordon,  W. J. Hehre,  A. Klamt,  
 M. W. Schmidt,  C. D. Sherrill,  D. G. Truhlar,  A. Aspuru-Guzik,  R. Baer,  
 A. T. Bell,  N. A. Besley,  Jeng-Da Chai,  A. E. DePrince, III,  
 R. A. DiStasio Jr.,  A. Dreuw,  B. D. Dunietz,  T. R. Furlani,  
 Chao-Ping Hsu,  Yousung Jung,  Jing Kong,  D. S. Lambrecht,  WanZhen Liang,  
 C. Ochsenfeld,  V. A. Rassolov,  L. V. Slipchenko,  J. E. Subotnik,  
 T. Van Voorhis,  J. M. Herbert,  A. I. Krylov,  P. M. W. Gill,  M. Head-Gordon

 Contributors to earlier versions of Q-Chem not listed above: 
 R. D. Adamson,  B. Austin,  J. Baker,  G. J. O. Beran,  K. Brandhorst,  
 S. T. Brown,  E. F. C. Byrd,  A. K. Chakraborty,  C.-L. Cheng,  
 Siu Hung Chien,  D. M. Chipman,  D. L. Crittenden,  H. Dachsel,  
 R. J. Doerksen,  A. D. Dutoi,  L. Fusti-Molnar,  W. A. Goddard III,  
 A. Golubeva-Zadorozhnaya,  S. R. Gwaltney,  G. Hawkins,  A. Heyden,  
 S. Hirata,  G. Kedziora,  F. J. Keil,  C. Kelley,  Jihan Kim,  R. A. King,  
 R. Z. Khaliullin,  P. P. Korambath,  W. Kurlancheek,  A. M. Lee,  M. S. Lee,  
 S. V. Levchenko,  Ching Yeh Lin,  D. Liotard,  R. C. Lochan,  I. Lotan,  
 P. E. Maslen,  N. Nair,  D. P. O'Neill,  D. Neuhauser,  E. Neuscamman,  
 C. M. Oana,  R. Olson,  B. Peters,  R. Peverati,  P. A. Pieniazek,  
 Y. M. Rhee,  J. Ritchie,  M. A. Rohrdanz,  E. Rosta,  N. J. Russ,  
 H. F. Schaefer III,  N. E. Schultz,  N. Shenvi,  A. C. Simmonett,  A. Sodt,  
 D. Stuck,  K. S. Thanthiriwatte,  V. Vanovschi,  Tao Wang,  A. Warshel,  
 C. F. Williams,  Q. Wu,  X. Xu,  W. Zhang

 Please cite Q-Chem as follows:
 Y. Shao et al., Mol. Phys. 113, 184-215 (2015)
 DOI: 10.1080/00268976.2014.952696

 Q-Chem 5.3.0 for Intel X86 EM64T Linux

 Parts of Q-Chem use Armadillo 9.800.1 (Horizon Scraper).
 http://arma.sourceforge.net/

 Q-Chem begins on Thu Oct 22 12:19:37 2020  

Host: 
0

     Scratch files written to /home/pierpa/qchem_scratch/qchem10822//
Processing $rem in /home/pierpa/qchem53_dev/config/preferences:
Processing $rem in /home/pierpa/.qchemrc:

Checking the input file for inconsistencies... 	...done.

--------------------------------------------------------------
User input:
--------------------------------------------------------------
$Comment
Geometry optimizations for CLB18.
$End

$Rem
SYMMETRY              False
SYM_IGNORE            True
JOBTYPE               Opt
METHOD                HF-3c
BASIS                 MINIX
MAX_SCF_CYCLES        50
SCF_ALGORITHM         DIIS
SCF_PRINT             1
SCF_FINAL_PRINT       1
XC_GRID               000099000590
MEM_TOTAL             20000
MEM_STATIC            4000
BLAS3_DFT             True
New_DFT               True
$End

$Molecule
0 1
H 0.0000000000 0.0000000000 0.3709384078
H 0.0000000000 0.0000000000 -0.3709384078
$End


--------------------------------------------------------------
 Adding empirical dispersion correction 
 ----------------------------------------------------------------
 Doing -D3(BJ) with
 s6 =   1.00000
 s8 =   0.87770
 a1 =   0.41710
 a2 =   2.91490
 -D3 energy without 3body term =     -0.0007066797 hartrees
 ----------------------------------------------------------------
 Adding gCP correction 
 ----------------------------------------------------------------
 gCP energy =      0.0035727825 hartrees
 ------------------------------------------------------
 Correction for Bais Set Incompleteness Error in  HF-3c
 ------------------------------------------------------
 SRB energy =     -0.0017528230 hartrees
 ----------------------------------------------------------------
             Standard Nuclear Orientation (Angstroms)
    I     Atom           X                Y                Z
 ----------------------------------------------------------------
    1      H       0.0000000000     0.0000000000     0.3709384078
    2      H       0.0000000000     0.0000000000    -0.3709384078
 ----------------------------------------------------------------
 Nuclear Repulsion Energy =           0.71440853 hartrees
 There are        1 alpha and        1 beta electrons
 Requested basis set is MINIX
 There are 2 shells and 2 basis functions

 Total QAlloc Memory Limit  20000 MB
 Mega-Array Size      3911 MB
 MEM_STATIC part      4000 MB
 A cutoff of  1.0D-11 yielded      3 shell pairs
 There are         3 function pairs
 Smallest overlap matrix eigenvalue = 3.47E-01

 Scale SEOQF with 1.000000e+00/1.000000e+00/1.000000e+00

 Standard Electronic Orientation quadrupole field applied
 Nucleus-field energy     =    -0.0000000003 hartrees
 Guess from superposition of atomic densities
 Warning:  Energy on first SCF cycle will be non-variational
 SAD guess density has 2.000000 electrons

 -----------------------------------------------------------------------
  General SCF calculation program by
  Eric Jon Sundstrom, Paul Horn, Yuezhi Mao, Dmitri Zuev, Alec White,
  David Stuck, Shaama M.S., Shane Yost, Joonho Lee, David Small,
  Daniel Levine, Susi Lehtola, Hugh Burton, Evgeny Epifanovsky,
  Bang C. Huynh
 -----------------------------------------------------------------------
 Hartree-Fock
 Dispersion:   Grimme D3
 using 4 threads for integral computing
 -------------------------------------------------------
 OpenMP Integral computing Module                
 Release: version 1.0, May 2013, Q-Chem Inc. Pittsburgh 
 -------------------------------------------------------
 HF Exchange   Energy =  -0.53868602083372
 One-Electron  Energy =  -2.24206424179155
 Total Coulomb Energy =   1.35498535176146
 Nuclear repulsion Energy =   0.71440853241127
 A restricted SCF calculation will be
 performed using DIIS
 SCF converges when DIIS error is below 1.0e-08
 HF Exchange   Energy =  -0.53868602083372
 One-Electron  Energy =  -2.24206424179155
 Total Coulomb Energy =   1.35498535176146
 ---------------------------------------
  Cycle       Energy         DIIS error
 ---------------------------------------
 HF Exchange   Energy =  -0.68133727608743
 One-Electron  Energy =  -2.51274486763233
 Total Coulomb Energy =   1.36267455217486
 Nuclear repulsion Energy =   0.71440853241127
    1      -0.7113563785      0.00e+00  
 HF Exchange   Energy =  -0.68133727608743
 One-Electron  Energy =  -2.51274486763233
 Total Coulomb Energy =   1.36267455217486
    2      -1.1169990591      0.00e+00  Convergence criterion met
 ---------------------------------------
 HF Exchange   Energy =  -0.68133727608743
 One-Electron  Energy =  -2.51274486763233
 Total Coulomb Energy =   1.36267455217486
 SCF time:   CPU 0.11s  wall 0.00s 
 HF Exchange   Energy =  -0.68133727608743
 One-Electron  Energy =  -2.51274486763233
 Total Coulomb Energy =   1.36267455217486
 Nuclear repulsion Energy =   0.71440853241127
 SCF   energy in the final basis set =       -1.1169990591
 Total energy in the final basis set =       -1.1169990591

 --------------------------------------------------------------

                    Orbital Energies (a.u.)
 --------------------------------------------------------------

 Alpha MOs
 -- Occupied --
 -0.5750
 -- Virtual --
  0.6744
 --------------------------------------------------------------

          Ground-State Mulliken Net Atomic Charges

     Atom                 Charge (a.u.)
  ----------------------------------------
      1 H                     0.000000
      2 H                     0.000000
  ----------------------------------------
  Sum of atomic charges =     0.000000

 -----------------------------------------------------------------
                    Cartesian Multipole Moments
 -----------------------------------------------------------------
    Charge (ESU x 10^10)
                     0.00000000
    Dipole Moment (Debye)
         X           0.00000000      Y           0.00000000      Z           0.00000000
       Tot           0.00000000
    Quadrupole Moments (Debye-Ang)
        XX          -1.76363520     XY           0.00000000     YY          -1.76363520
        XZ           0.00000000     YZ           0.00000000     ZZ          -1.33150471
    Octopole Moments (Debye-Ang^2)
       XXX           0.00000000    XXY           0.00000000    XYY           0.00000000
       YYY           0.00000000    XXZ           0.00000000    XYZ           0.00000000
       YYZ           0.00000000    XZZ           0.00000000    YZZ           0.00000000
       ZZZ           0.00000000
    Hexadecapole Moments (Debye-Ang^3)
      XXXX          -1.28731418   XXXY           0.00000000   XXYY          -0.42910473
      XYYY           0.00000000   YYYY          -1.28731418   XXXZ           0.00000000
      XXYZ           0.00000000   XYYZ           0.00000000   YYYZ           0.00000000
      XXZZ          -0.57743226   XYZZ           0.00000000   YYZZ          -0.57743226
      XZZZ           0.00000000   YZZZ           0.00000000   ZZZZ          -2.11104317
 -----------------------------------------------------------------
 Mayer SCF Bond Order, atomic valence on the diagonal:

            1           2
    1   1.0000000   1.0000000
    2   1.0000000   1.0000000


 Calculating analytic gradient of the SCF energy
 ------------------------------------------------------
 Correction for Bais Set Incompleteness Error in  HF-3c
 ------------------------------------------------------
 Gradient of SCF Energy
            1           2
    1   0.0000000   0.0000000
    2   0.0000000   0.0000000
    3   0.0348562  -0.0348562
 Max gradient component =       3.486E-02
 RMS gradient           =       2.012E-02
 Gradient time:  CPU 0.11 s  wall 0.03 s
 Geometry Optimization Parameters
   NAtoms,    NIC,     NZ,  NCons,   NDum,   NFix, NCnnct, MaxDiis
        2       5       0       0       0       0       0       0


** GEOMETRY OPTIMIZATION IN DELOCALIZED INTERNAL COORDINATES **
   Searching for a Minimum

   Optimization Cycle:   1

                       Coordinates (Angstroms)
     ATOM                X               Y               Z
      1  H         0.0000000000    0.0000000000    0.3709384078
      2  H         0.0000000000    0.0000000000   -0.3709384078
   Point Group: c1    Number of degrees of freedom:     0


   Energy is     -1.116999059


 Attempting to generate delocalized internal coordinates

  ***ERROR*** Wrong Number of Internal Coordinates
              Should be:   0  Found:   1
**WARNING** Problems with Internal Coordinates
  Switching to Cartesian Coordinates

 Translations and Rotations Projected Out of Hessian

  1 Hessian modes will be used to form the next step
  Hessian Eigenvalues:
     1.000000

 Minimum search - taking simple RFO step
 Searching for Lamda that Minimizes Along All modes
 Value Taken    Lamda =  -0.00242403
 Step Taken.  Stepsize is  0.049175

                             Maximum     Tolerance    Cnvgd?
         Gradient           0.034856      0.000300      NO
         Displacement       0.034772      0.001200      NO
         Energy change     -1.116999      0.000001      NO

 Adding empirical dispersion correction 
 ----------------------------------------------------------------
 Doing -D3(BJ) with
 s6 =   1.00000
 s8 =   0.87770
 a1 =   0.41710
 a2 =   2.91490
 -D3 energy without 3body term =     -0.0006990650 hartrees
 ----------------------------------------------------------------
 Adding gCP correction 
 ----------------------------------------------------------------
 gCP energy =      0.0038640307 hartrees
 ------------------------------------------------------
 Correction for Bais Set Incompleteness Error in  HF-3c
 ------------------------------------------------------
 SRB energy =     -0.0020179962 hartrees
 ----------------------------------------------------------------
             Standard Nuclear Orientation (Angstroms)
    I     Atom           X                Y                Z
 ----------------------------------------------------------------
    1      H       0.0000000000     0.0000000000     0.3525379181
    2      H       0.0000000000     0.0000000000    -0.3525379181
 ----------------------------------------------------------------
 Nuclear Repulsion Energy =           0.75167221 hartrees
 There are        1 alpha and        1 beta electrons
 Applying Cartesian multipole field
    Component          Value
    ---------          -----
     (2,0,0)        1.00000E-10
     (0,2,0)        2.00000E-10
     (0,0,2)       -3.00000E-10
 Nucleus-field energy     =    -0.0000000003 hartrees
 Requested basis set is MINIX
 There are 2 shells and 2 basis functions
 A cutoff of  1.0D-11 yielded      3 shell pairs
 There are         3 function pairs
 Smallest overlap matrix eigenvalue = 3.22E-01
 Guess MOs from SCF MO coefficient file

 -----------------------------------------------------------------------
  General SCF calculation program by
  Eric Jon Sundstrom, Paul Horn, Yuezhi Mao, Dmitri Zuev, Alec White,
  David Stuck, Shaama M.S., Shane Yost, Joonho Lee, David Small,
  Daniel Levine, Susi Lehtola, Hugh Burton, Evgeny Epifanovsky,
  Bang C. Huynh
 -----------------------------------------------------------------------
 Hartree-Fock
 Dispersion:   Grimme D3
 using 4 threads for integral computing
 -------------------------------------------------------
 OpenMP Integral computing Module                
 Release: version 1.0, May 2013, Q-Chem Inc. Pittsburgh 
 -------------------------------------------------------
 HF Exchange   Energy =  -0.68839509292447
 One-Electron  Energy =  -2.55822984024879
 Total Coulomb Energy =   1.37679018584894
 Nuclear repulsion Energy =   0.75167220874525
 A restricted SCF calculation will be
 performed using DIIS
 SCF converges when DIIS error is below 1.0e-08
 HF Exchange   Energy =  -0.68839509292447
 One-Electron  Energy =  -2.55822984024879
 Total Coulomb Energy =   1.37679018584894
 ---------------------------------------
  Cycle       Energy         DIIS error
 ---------------------------------------
 HF Exchange   Energy =  -0.68839509292447
 One-Electron  Energy =  -2.55822984024879
 Total Coulomb Energy =   1.37679018584894
 Nuclear repulsion Energy =   0.75167220874525
    1      -1.1181625386      0.00e+00  
 HF Exchange   Energy =  -0.68839509292447
 One-Electron  Energy =  -2.55822984024879
 Total Coulomb Energy =   1.37679018584894
    2      -1.1181625386      0.00e+00  Convergence criterion met
 ---------------------------------------
 HF Exchange   Energy =  -0.68839509292447
 One-Electron  Energy =  -2.55822984024879
 Total Coulomb Energy =   1.37679018584894
 SCF time:   CPU 0.06s  wall 0.00s 
 HF Exchange   Energy =  -0.68839509292447
 One-Electron  Energy =  -2.55822984024879
 Total Coulomb Energy =   1.37679018584894
 Nuclear repulsion Energy =   0.75167220874525
 SCF   energy in the final basis set =       -1.1181625386
 Total energy in the final basis set =       -1.1181625386

 --------------------------------------------------------------

                    Orbital Energies (a.u.)
 --------------------------------------------------------------

 Alpha MOs
 -- Occupied --
 -0.5907
 -- Virtual --
  0.7132
 --------------------------------------------------------------

          Ground-State Mulliken Net Atomic Charges

     Atom                 Charge (a.u.)
  ----------------------------------------
      1 H                     0.000000
      2 H                     0.000000
  ----------------------------------------
  Sum of atomic charges =     0.000000

 -----------------------------------------------------------------
                    Cartesian Multipole Moments
 -----------------------------------------------------------------
    Charge (ESU x 10^10)
                     0.00000000
    Dipole Moment (Debye)
         X           0.00000000      Y           0.00000000      Z          -0.00000000
       Tot           0.00000000
    Quadrupole Moments (Debye-Ang)
        XX          -1.75884166     XY           0.00000000     YY          -1.75884166
        XZ           0.00000000     YZ           0.00000000     ZZ          -1.36014963
    Octopole Moments (Debye-Ang^2)
       XXX           0.00000000    XXY           0.00000000    XYY           0.00000000
       YYY           0.00000000    XXZ          -0.00000000    XYZ           0.00000000
       YYZ          -0.00000000    XZZ           0.00000000    YZZ           0.00000000
       ZZZ          -0.00000000
    Hexadecapole Moments (Debye-Ang^3)
      XXXX          -1.28218267   XXXY           0.00000000   XXYY          -0.42739422
      XYYY           0.00000000   YYYY          -1.28218267   XXXZ           0.00000000
      XXYZ           0.00000000   XYYZ           0.00000000   YYYZ           0.00000000
      XXZZ          -0.55971147   XYZZ           0.00000000   YYZZ          -0.55971147
      XZZZ           0.00000000   YZZZ           0.00000000   ZZZZ          -2.02086444
 -----------------------------------------------------------------
 Mayer SCF Bond Order, atomic valence on the diagonal:

            1           2
    1   1.0000000   1.0000000
    2   1.0000000   1.0000000


 Calculating analytic gradient of the SCF energy
 ------------------------------------------------------
 Correction for Bais Set Incompleteness Error in  HF-3c
 ------------------------------------------------------
 Gradient of SCF Energy
            1           2
    1   0.0000000   0.0000000
    2   0.0000000   0.0000000
    3  -0.0024825   0.0024825
 Max gradient component =       2.482E-03
 RMS gradient           =       1.433E-03
 Gradient time:  CPU 0.06 s  wall 0.02 s
 Geometry Optimization Parameters
   NAtoms,    NIC,     NZ,  NCons,   NDum,   NFix, NCnnct, MaxDiis
        2       5       0       0       0       0       0       0

 Cartesian Hessian Update
 Hessian updated using BFGS update


** GEOMETRY OPTIMIZATION IN CARTESIAN COORDINATES **
   Searching for a Minimum

   Optimization Cycle:   2

                       Coordinates (Angstroms)
     ATOM                X               Y               Z
      1  H         0.0000000000    0.0000000000    0.3525379181
      2  H         0.0000000000    0.0000000000   -0.3525379181
   Point Group: c1    Number of degrees of freedom:     0


   Energy is     -1.118162539


 Translations and Rotations Projected Out of Hessian

  1 Hessian modes will be used to form the next step
  Hessian Eigenvalues:
     1.073817

 Minimum search - taking simple RFO step
 Searching for Lamda that Minimizes Along All modes
 Value Taken    Lamda =  -0.00001148
 Step Taken.  Stepsize is  0.003269

                             Maximum     Tolerance    Cnvgd?
         Gradient           0.002482      0.000300      NO
         Displacement       0.002312      0.001200      NO
         Energy change     -0.001163      0.000001      NO

 Adding empirical dispersion correction 
 ----------------------------------------------------------------
 Doing -D3(BJ) with
 s6 =   1.00000
 s8 =   0.87770
 a1 =   0.41710
 a2 =   2.91490
 -D3 energy without 3body term =     -0.0006993519 hartrees
 ----------------------------------------------------------------
 Adding gCP correction 
 ----------------------------------------------------------------
 gCP energy =      0.0038439789 hartrees
 ------------------------------------------------------
 Correction for Bais Set Incompleteness Error in  HF-3c
 ------------------------------------------------------
 SRB energy =     -0.0019991837 hartrees
 ----------------------------------------------------------------
             Standard Nuclear Orientation (Angstroms)
    I     Atom           X                Y                Z
 ----------------------------------------------------------------
    1      H       0.0000000000     0.0000000000     0.3537612585
    2      H       0.0000000000     0.0000000000    -0.3537612585
 ----------------------------------------------------------------
 Nuclear Repulsion Energy =           0.74907529 hartrees
 There are        1 alpha and        1 beta electrons
 Applying Cartesian multipole field
    Component          Value
    ---------          -----
     (2,0,0)        1.00000E-10
     (0,2,0)        2.00000E-10
     (0,0,2)       -3.00000E-10
 Nucleus-field energy     =    -0.0000000003 hartrees
 Requested basis set is MINIX
 There are 2 shells and 2 basis functions
 A cutoff of  1.0D-11 yielded      3 shell pairs
 There are         3 function pairs
 Smallest overlap matrix eigenvalue = 3.24E-01
 Guess MOs from SCF MO coefficient file

 -----------------------------------------------------------------------
  General SCF calculation program by
  Eric Jon Sundstrom, Paul Horn, Yuezhi Mao, Dmitri Zuev, Alec White,
  David Stuck, Shaama M.S., Shane Yost, Joonho Lee, David Small,
  Daniel Levine, Susi Lehtola, Hugh Burton, Evgeny Epifanovsky,
  Bang C. Huynh
 -----------------------------------------------------------------------
 Hartree-Fock
 Dispersion:   Grimme D3
 using 4 threads for integral computing
 -------------------------------------------------------
 OpenMP Integral computing Module                
 Release: version 1.0, May 2013, Q-Chem Inc. Pittsburgh 
 -------------------------------------------------------
 HF Exchange   Energy =  -0.68792546050337
 One-Electron  Energy =  -2.55516873031777
 Total Coulomb Energy =   1.37585092100674
 Nuclear repulsion Energy =   0.74907529421015
 A restricted SCF calculation will be
 performed using DIIS
 SCF converges when DIIS error is below 1.0e-08
 HF Exchange   Energy =  -0.68792546050337
 One-Electron  Energy =  -2.55516873031777
 Total Coulomb Energy =   1.37585092100674
 ---------------------------------------
  Cycle       Energy         DIIS error
 ---------------------------------------
 HF Exchange   Energy =  -0.68792546050337
 One-Electron  Energy =  -2.55516873031778
 Total Coulomb Energy =   1.37585092100674
 Nuclear repulsion Energy =   0.74907529421015
    1      -1.1181679756      0.00e+00  
 HF Exchange   Energy =  -0.68792546050337
 One-Electron  Energy =  -2.55516873031778
 Total Coulomb Energy =   1.37585092100674
    2      -1.1181679756      1.07e-16  Convergence criterion met
 ---------------------------------------
 HF Exchange   Energy =  -0.68792546050337
 One-Electron  Energy =  -2.55516873031778
 Total Coulomb Energy =   1.37585092100674
 SCF time:   CPU 0.06s  wall 0.00s 
 HF Exchange   Energy =  -0.68792546050337
 One-Electron  Energy =  -2.55516873031778
 Total Coulomb Energy =   1.37585092100674
 Nuclear repulsion Energy =   0.74907529421015
 SCF   energy in the final basis set =       -1.1181679756
 Total energy in the final basis set =       -1.1181679756

 --------------------------------------------------------------

                    Orbital Energies (a.u.)
 --------------------------------------------------------------

 Alpha MOs
 -- Occupied --
 -0.5897
 -- Virtual --
  0.7106
 --------------------------------------------------------------

          Ground-State Mulliken Net Atomic Charges

     Atom                 Charge (a.u.)
  ----------------------------------------
      1 H                    -0.000000
      2 H                    -0.000000
  ----------------------------------------
  Sum of atomic charges =     0.000000

 -----------------------------------------------------------------
                    Cartesian Multipole Moments
 -----------------------------------------------------------------
    Charge (ESU x 10^10)
                     0.00000000
    Dipole Moment (Debye)
         X           0.00000000      Y           0.00000000      Z           0.00000000
       Tot           0.00000000
    Quadrupole Moments (Debye-Ang)
        XX          -1.75916867     XY           0.00000000     YY          -1.75916867
        XZ           0.00000000     YZ           0.00000000     ZZ          -1.35825851
    Octopole Moments (Debye-Ang^2)
       XXX           0.00000000    XXY           0.00000000    XYY           0.00000000
       YYY           0.00000000    XXZ           0.00000000    XYZ           0.00000000
       YYZ           0.00000000    XZZ           0.00000000    YZZ           0.00000000
       ZZZ           0.00000000
    Hexadecapole Moments (Debye-Ang^3)
      XXXX          -1.28253136   XXXY           0.00000000   XXYY          -0.42751045
      XYYY           0.00000000   YYYY          -1.28253136   XXXZ           0.00000000
      XXYZ           0.00000000   XYYZ           0.00000000   YYYZ           0.00000000
      XXZZ          -0.56085749   XYZZ           0.00000000   YYZZ          -0.56085749
      XZZZ           0.00000000   YZZZ           0.00000000   ZZZZ          -2.02670010
 -----------------------------------------------------------------
 Mayer SCF Bond Order, atomic valence on the diagonal:

            1           2
    1   1.0000000   1.0000000
    2   1.0000000   1.0000000


 Calculating analytic gradient of the SCF energy
 ------------------------------------------------------
 Correction for Bais Set Incompleteness Error in  HF-3c
 ------------------------------------------------------
 Gradient of SCF Energy
            1           2
    1   0.0000000   0.0000000
    2   0.0000000   0.0000000
    3   0.0002518  -0.0002518
 Max gradient component =       2.518E-04
 RMS gradient           =       1.454E-04
 Gradient time:  CPU 0.06 s  wall 0.02 s
 Geometry Optimization Parameters
   NAtoms,    NIC,     NZ,  NCons,   NDum,   NFix, NCnnct, MaxDiis
        2       5       0       0       0       0       0       0

 Cartesian Hessian Update
 Hessian updated using BFGS update


** GEOMETRY OPTIMIZATION IN CARTESIAN COORDINATES **
   Searching for a Minimum

   Optimization Cycle:   3

                       Coordinates (Angstroms)
     ATOM                X               Y               Z
      1  H         0.0000000000    0.0000000000    0.3537612585
      2  H         0.0000000000    0.0000000000   -0.3537612585
   Point Group: c1    Number of degrees of freedom:     0


   Energy is     -1.118167976


 Translations and Rotations Projected Out of Hessian

  1 Hessian modes will be used to form the next step
  Hessian Eigenvalues:
     1.182743

 Minimum search - taking simple RFO step
 Searching for Lamda that Minimizes Along All modes
 Value Taken    Lamda =  -0.00000011
 Step Taken.  Stepsize is  0.000301

                             Maximum     Tolerance    Cnvgd?
         Gradient           0.000252      0.000300     YES
         Displacement       0.000213      0.001200     YES
         Energy change     -0.000005      0.000001      NO


                       Distance Matrix (Angstroms)
             H (  1)
   H (  2)  0.707523

 Final energy is   -1.1181679756042526     


 ******************************
 **  OPTIMIZATION CONVERGED  **
 ******************************

                       Coordinates (Angstroms)
     ATOM                X               Y               Z
      1  H         0.0000000000    0.0000000000    0.3537612585
      2  H         0.0000000000    0.0000000000   -0.3537612585

Z-matrix Print:
$molecule
0 1
H 
H  1 0.707523
$end


 --------------------------------------------------------------

                    Orbital Energies (a.u.)
 --------------------------------------------------------------

 Alpha MOs
 -- Occupied --
 -0.5897
 -- Virtual --
  0.7106
 --------------------------------------------------------------

          Ground-State Mulliken Net Atomic Charges

     Atom                 Charge (a.u.)
  ----------------------------------------
      1 H                    -0.000000
      2 H                    -0.000000
  ----------------------------------------
  Sum of atomic charges =     0.000000

 -----------------------------------------------------------------
                    Cartesian Multipole Moments
 -----------------------------------------------------------------
    Charge (ESU x 10^10)
                     0.00000000
    Dipole Moment (Debye)
         X           0.00000000      Y           0.00000000      Z           0.00000000
       Tot           0.00000000
    Quadrupole Moments (Debye-Ang)
        XX          -1.75916867     XY           0.00000000     YY          -1.75916867
        XZ           0.00000000     YZ           0.00000000     ZZ          -1.35825851
    Octopole Moments (Debye-Ang^2)
       XXX           0.00000000    XXY           0.00000000    XYY           0.00000000
       YYY           0.00000000    XXZ           0.00000000    XYZ           0.00000000
       YYZ           0.00000000    XZZ           0.00000000    YZZ           0.00000000
       ZZZ           0.00000000
    Hexadecapole Moments (Debye-Ang^3)
      XXXX          -1.28253136   XXXY           0.00000000   XXYY          -0.42751045
      XYYY           0.00000000   YYYY          -1.28253136   XXXZ           0.00000000
      XXYZ           0.00000000   XYYZ           0.00000000   YYYZ           0.00000000
      XXZZ          -0.56085749   XYZZ           0.00000000   YYZZ          -0.56085749
      XZZZ           0.00000000   YZZZ           0.00000000   ZZZZ          -2.02670010
 -----------------------------------------------------------------
 Mayer SCF Bond Order, atomic valence on the diagonal:

            1           2
    1   1.0000000   1.0000000
    2   1.0000000   1.0000000


Archival summary:
1\1\Lithium\OPT\HF\BasisUnspecified\2\pierpa\ThuOct2212:19:372020ThuOct2212:19:372020\0\\#,OPT,HF,BasisUnspecified,\\0,1\H\H,1,0.707523\\HF=-1.11816798\\@

 Total job time:  0.24s(wall), 0.85s(cpu) 
 Thu Oct 22 12:19:37 2020

        *************************************************************
        *                                                           *
        *  Thank you very much for using Q-Chem.  Have a nice day.  *
        *                                                           *
        *************************************************************


