                  Welcome to Q-Chem
     A Quantum Leap Into The Future Of Chemistry


 Q-Chem 5.3 (devel), Q-Chem, Inc., Pleasanton, CA (2020)

 Yihan Shao,  Zhengting Gan,  E. Epifanovsky,  A. T. B. Gilbert,  M. Wormit,  
 J. Kussmann,  A. W. Lange,  A. Behn,  Jia Deng,  Xintian Feng,  D. Ghosh,  
 M. Goldey,  P. R. Horn,  L. D. Jacobson,  I. Kaliman,  T. Kus,  A. Landau,  
 Jie Liu,  E. I. Proynov,  R. M. Richard,  R. P. Steele,  E. J. Sundstrom,  
 H. L. Woodcock III,  P. M. Zimmerman,  D. Zuev,  B. Alam,  B. Albrecht,  
 A. Aldossary,  E. Alguire,  S. A. Baeppler,  D. Barton,  Z. Benda,  
 Y. A. Bernard,  E. J. Berquist,  K. B. Bravaya,  H. Burton,  K. Carter-Fenk,  
 D. Casanova,  Chun-Min Chang,  Yunqing Chen,  A. Chien,  K. D. Closser,  
 M. P. Coons,  S. Coriani,  S. Dasgupta,  A. L. Dempwolff,  M. Diedenhofen,  
 Hainam Do,  R. G. Edgar,  Po-Tung Fang,  S. Faraji,  S. Fatehi,  
 Qingguo Feng,  J. Fosso-Tande,  J. Gayvert,  Qinghui Ge,  A. Ghysels,  
 G. Gidofalvi,  J. Gomes,  J. Gonthier,  S. Gulania,  A. Gunina,  D. Hait,  
 M. W. D. Hanson-Heine,  S. Hammes-Schiffer,  P. H. P. Harbach,  
 A. W. Hauser,  M. F. Herbst,  J. E. Herr,  E. G. Hohenstein,  Z. C. Holden,  
 S. Houck,  Kerwin Hui,  B. C. Huynh,  M. Ivanov,  T.-C. Jagau,  Hyunjun Ji,  
 B. Kaduk,  K. Khistyaev,  Jaehoon Kim,  P. Klunzinger,  K. Koh,  
 D. Kosenkov,  L. Koulias,  T. Kowalczyk,  C. M. Krauter,  A. Kunitsa,  
 Ka Un Lao,  A. Laurent,  K. V. Lawler,  Joonho Lee,  D. Lefrancois,  
 S. Lehtola,  D. S. Levine,  Yi-Pei Li,  You-Sheng Lin,  Fenglai Liu,  
 Kuan-Yu Liu,  E. Livshits,  M. Loipersberger,  A. Luenser,  P. Manohar,  
 E. Mansoor,  S. F. Manzer,  Shan-Ping Mao,  Yuezhi Mao,  N. Mardirossian,  
 A. V. Marenich,  T. Markovich,  L. A. Martinez-Martinez,  S. A. Maurer,  
 N. J. Mayhall,  S. C. McKenzie,  J.-M. Mewes,  P. Morgante,  A. F. Morrison,  
 J. W. Mullinax,  K. Nanda,  T. S. Nguyen-Beck,  R. Olivares-Amaya,  
 K. J. Oosterbaan,  J. A. Parkhill,  S. K. Paul,  F. Pavosevic,  Zheng Pei,  
 T. M. Perrine,  F. Plasser,  P. Pokhilko,  S. Prager,  A. Prociuk,  
 E. Ramos,  B. Rana,  D. R. Rehn,  F. Rob,  E. Rossomme,  M. Scheurer,  
 M. Schneider,  N. Sergueev,  S. M. Sharada,  S. Sharma,  W. Skomorowski,  
 D. W. Small,  T. Stauch,  C. J. Stein,  T. Stein,  Yu-Chuan Su,  
 S. P. Veccham,  Zhen Tao,  A. J. W. Thom,  A. Tkatchenko,  T. Tsuchimochi,  
 N. M. Tubman,  L. Vogt,  M. L. Vidal,  O. Vydrov,  M. A. Watson,  J. Wenzel,  
 M. de Wergifosse,  T. A. Wesolowski,  A. White,  J. Witte,  A. Yamada,  
 Jun Yang,  K. Yao,  S. Yeganeh,  S. R. Yost,  Zhi-Qiang You,  A. Zech,  
 Igor Ying Zhang,  Xing Zhang,  Yan Zhao,  Ying Zhu,  B. R. Brooks,  
 G. K. L. Chan,  C. J. Cramer,  M. S. Gordon,  W. J. Hehre,  A. Klamt,  
 M. W. Schmidt,  C. D. Sherrill,  D. G. Truhlar,  A. Aspuru-Guzik,  R. Baer,  
 A. T. Bell,  N. A. Besley,  Jeng-Da Chai,  A. E. DePrince, III,  
 R. A. DiStasio Jr.,  A. Dreuw,  B. D. Dunietz,  T. R. Furlani,  
 Chao-Ping Hsu,  Yousung Jung,  Jing Kong,  D. S. Lambrecht,  WanZhen Liang,  
 C. Ochsenfeld,  V. A. Rassolov,  L. V. Slipchenko,  J. E. Subotnik,  
 T. Van Voorhis,  J. M. Herbert,  A. I. Krylov,  P. M. W. Gill,  M. Head-Gordon

 Contributors to earlier versions of Q-Chem not listed above: 
 R. D. Adamson,  B. Austin,  J. Baker,  G. J. O. Beran,  K. Brandhorst,  
 S. T. Brown,  E. F. C. Byrd,  A. K. Chakraborty,  C.-L. Cheng,  
 Siu Hung Chien,  D. M. Chipman,  D. L. Crittenden,  H. Dachsel,  
 R. J. Doerksen,  A. D. Dutoi,  L. Fusti-Molnar,  W. A. Goddard III,  
 A. Golubeva-Zadorozhnaya,  S. R. Gwaltney,  G. Hawkins,  A. Heyden,  
 S. Hirata,  G. Kedziora,  F. J. Keil,  C. Kelley,  Jihan Kim,  R. A. King,  
 R. Z. Khaliullin,  P. P. Korambath,  W. Kurlancheek,  A. M. Lee,  M. S. Lee,  
 S. V. Levchenko,  Ching Yeh Lin,  D. Liotard,  R. C. Lochan,  I. Lotan,  
 P. E. Maslen,  N. Nair,  D. P. O'Neill,  D. Neuhauser,  E. Neuscamman,  
 C. M. Oana,  R. Olson,  B. Peters,  R. Peverati,  P. A. Pieniazek,  
 Y. M. Rhee,  J. Ritchie,  M. A. Rohrdanz,  E. Rosta,  N. J. Russ,  
 H. F. Schaefer III,  N. E. Schultz,  N. Shenvi,  A. C. Simmonett,  A. Sodt,  
 D. Stuck,  K. S. Thanthiriwatte,  V. Vanovschi,  Tao Wang,  A. Warshel,  
 C. F. Williams,  Q. Wu,  X. Xu,  W. Zhang

 Please cite Q-Chem as follows:
 Y. Shao et al., Mol. Phys. 113, 184-215 (2015)
 DOI: 10.1080/00268976.2014.952696

 Q-Chem 5.3.0 for Intel X86 EM64T Linux

 Parts of Q-Chem use Armadillo 9.800.1 (Horizon Scraper).
 http://arma.sourceforge.net/

 Q-Chem begins on Thu Oct 22 12:19:47 2020  

Host: 
0

     Scratch files written to /home/pierpa/qchem_scratch/qchem12713//
Processing $rem in /home/pierpa/qchem53_dev/config/preferences:
Processing $rem in /home/pierpa/.qchemrc:

Checking the input file for inconsistencies... 	...done.

--------------------------------------------------------------
User input:
--------------------------------------------------------------
$Comment
Geometry optimizations for CLB18.
$End

$Rem
SYMMETRY              False
SYM_IGNORE            True
JOBTYPE               Opt
METHOD                HF-3c
BASIS                 MINIX
MAX_SCF_CYCLES        50
SCF_ALGORITHM         DIIS
SCF_PRINT             1
SCF_FINAL_PRINT       1
XC_GRID               000099000590
MEM_TOTAL             20000
MEM_STATIC            4000
BLAS3_DFT             True
New_DFT               True
$End

$Molecule
0 1
P 0.0000000000 0.0000000000 0.5688490971
H 0.5956709732 1.0317323902 -0.1896163657
H 0.5956709732 -1.0317323902 -0.1896163657
H -1.1913419464 0.0000000000 -0.1896163657
$End


--------------------------------------------------------------
 Adding empirical dispersion correction 
 ----------------------------------------------------------------
 Doing -D3(BJ) with
 s6 =   1.00000
 s8 =   0.87770
 a1 =   0.41710
 a2 =   2.91490
 -D3 energy without 3body term =     -0.0088096867 hartrees
 ----------------------------------------------------------------
 Adding gCP correction 
 ----------------------------------------------------------------
 gCP energy =      0.0446336528 hartrees
 ------------------------------------------------------
 Correction for Bais Set Incompleteness Error in  HF-3c
 ------------------------------------------------------
 SRB energy =     -0.0073582210 hartrees
 ----------------------------------------------------------------
             Standard Nuclear Orientation (Angstroms)
    I     Atom           X                Y                Z
 ----------------------------------------------------------------
    1      P       0.0000000000     0.0000000000     0.5688490971
    2      H       0.5956709732     1.0317323902    -0.1896163657
    3      H       0.5956709732    -1.0317323902    -0.1896163657
    4      H      -1.1913419464     0.0000000000    -0.1896163657
 ----------------------------------------------------------------
 Nuclear Repulsion Energy =          17.65905763 hartrees
 There are        9 alpha and        9 beta electrons
 Requested basis set is MINIX
 There are 9 shells and 17 basis functions

 Total QAlloc Memory Limit  20000 MB
 Mega-Array Size      3911 MB
 MEM_STATIC part      4000 MB
 A cutoff of  1.0D-11 yielded     45 shell pairs
 There are       169 function pairs (       192 Cartesian)
 Smallest overlap matrix eigenvalue = 2.48E-01

 Scale SEOQF with 1.000000e+00/1.000000e+00/1.000000e+00

 Standard Electronic Orientation quadrupole field applied
 Nucleus-field energy     =    -0.0000000030 hartrees
 Guess from superposition of atomic densities
 Warning:  Energy on first SCF cycle will be non-variational
 SAD guess density has 18.000000 electrons

 -----------------------------------------------------------------------
  General SCF calculation program by
  Eric Jon Sundstrom, Paul Horn, Yuezhi Mao, Dmitri Zuev, Alec White,
  David Stuck, Shaama M.S., Shane Yost, Joonho Lee, David Small,
  Daniel Levine, Susi Lehtola, Hugh Burton, Evgeny Epifanovsky,
  Bang C. Huynh
 -----------------------------------------------------------------------
 Hartree-Fock
 Dispersion:   Grimme D3
 using 4 threads for integral computing
 -------------------------------------------------------
 OpenMP Integral computing Module                
 Release: version 1.0, May 2013, Q-Chem Inc. Pittsburgh 
 -------------------------------------------------------
 HF Exchange   Energy = -23.48018135893044
 One-Electron  Energy = -507.09357119617243
 Total Coulomb Energy = 172.74401153626133
 Nuclear repulsion Energy =  17.65905762627881
 A restricted SCF calculation will be
 performed using DIIS
 SCF converges when DIIS error is below 1.0e-08
 HF Exchange   Energy = -23.48018135893044
 One-Electron  Energy = -507.09357119617243
 Total Coulomb Energy = 172.74401153626133
 ---------------------------------------
  Cycle       Energy         DIIS error
 ---------------------------------------
 HF Exchange   Energy = -23.64208095301608
 One-Electron  Energy = -507.21173291985065
 Total Coulomb Energy = 172.49490119286358
 Nuclear repulsion Energy =  17.65905762627881
    1    -340.1706833926      1.17e-01  
 HF Exchange   Energy = -23.64208095301608
 One-Electron  Energy = -507.21173291985065
 Total Coulomb Energy = 172.49490119286358
 HF Exchange   Energy = -23.65243878152973
 One-Electron  Energy = -506.91190747880842
 Total Coulomb Energy = 172.19365903195990
 Nuclear repulsion Energy =  17.65905762627881
    2    -340.6998550537      1.30e-02  
 HF Exchange   Energy = -23.65243878152973
 One-Electron  Energy = -506.91190747880842
 Total Coulomb Energy = 172.19365903195990
 HF Exchange   Energy = -23.65664633861485
 One-Electron  Energy = -506.89652564524096
 Total Coulomb Energy = 172.18183207623994
 Nuclear repulsion Energy =  17.65905762627881
    3    -340.7116296021      3.07e-03  
 HF Exchange   Energy = -23.65664633861485
 One-Electron  Energy = -506.89652564524096
 Total Coulomb Energy = 172.18183207623994
 HF Exchange   Energy = -23.65813141759717
 One-Electron  Energy = -506.88393972774816
 Total Coulomb Energy = 172.17068082575622
 Nuclear repulsion Energy =  17.65905762627881
    4    -340.7122822813      7.34e-04  
 HF Exchange   Energy = -23.65813141759717
 One-Electron  Energy = -506.88393972774816
 Total Coulomb Energy = 172.17068082575622
 HF Exchange   Energy = -23.65825241874192
 One-Electron  Energy = -506.88321663605905
 Total Coulomb Energy = 172.17007828811924
 Nuclear repulsion Energy =  17.65905762627881
    5    -340.7123326933      6.88e-05  
 HF Exchange   Energy = -23.65825241874192
 One-Electron  Energy = -506.88321663605905
 Total Coulomb Energy = 172.17007828811924
 HF Exchange   Energy = -23.65826053679998
 One-Electron  Energy = -506.88325859163655
 Total Coulomb Energy = 172.17012835982126
 Nuclear repulsion Energy =  17.65905762627881
    6    -340.7123331404      5.47e-06  
 HF Exchange   Energy = -23.65826053679998
 One-Electron  Energy = -506.88325859163655
 Total Coulomb Energy = 172.17012835982126
 HF Exchange   Energy = -23.65826048218389
 One-Electron  Energy = -506.88325661170074
 Total Coulomb Energy = 172.17012632526112
 Nuclear repulsion Energy =  17.65905762627881
    7    -340.7123331423      3.23e-07  
 HF Exchange   Energy = -23.65826048218389
 One-Electron  Energy = -506.88325661170074
 Total Coulomb Energy = 172.17012632526112
 HF Exchange   Energy = -23.65826053137090
 One-Electron  Energy = -506.88325633534242
 Total Coulomb Energy = 172.17012609808950
 Nuclear repulsion Energy =  17.65905762627881
    8    -340.7123331423      6.71e-08  
 HF Exchange   Energy = -23.65826053137090
 One-Electron  Energy = -506.88325633534242
 Total Coulomb Energy = 172.17012609808950
    9    -340.7123331423      2.14e-09  Convergence criterion met
 ---------------------------------------
 HF Exchange   Energy = -23.65826053137090
 One-Electron  Energy = -506.88325633534242
 Total Coulomb Energy = 172.17012609808950
 SCF time:   CPU 0.82s  wall 0.00s 
 HF Exchange   Energy = -23.65826053137090
 One-Electron  Energy = -506.88325633534242
 Total Coulomb Energy = 172.17012609808950
 Nuclear repulsion Energy =  17.65905762627881
 SCF   energy in the final basis set =     -340.7123331423
 Total energy in the final basis set =     -340.7123331423

 --------------------------------------------------------------

                    Orbital Energies (a.u.)
 --------------------------------------------------------------

 Alpha MOs
 -- Occupied --
-79.3549  -7.4350  -5.2970  -5.2970  -5.2954  -0.8446  -0.5142  -0.5142
 -0.3774
 -- Virtual --
  0.3248   0.3248   0.5965   0.7777   0.7777   0.8002   1.1551   1.1551
 --------------------------------------------------------------

          Ground-State Mulliken Net Atomic Charges

     Atom                 Charge (a.u.)
  ----------------------------------------
      1 P                    -0.290313
      2 H                     0.096771
      3 H                     0.096771
      4 H                     0.096771
  ----------------------------------------
  Sum of atomic charges =     0.000000

 -----------------------------------------------------------------
                    Cartesian Multipole Moments
 -----------------------------------------------------------------
    Charge (ESU x 10^10)
                    -0.00000000
    Dipole Moment (Debye)
         X          -0.00000000      Y          -0.00000000      Z          -0.96843301
       Tot           0.96843301
    Quadrupole Moments (Debye-Ang)
        XX         -14.68899885     XY          -0.00000000     YY         -14.68899886
        XZ           0.00000000     YZ           0.00000000     ZZ         -17.52747031
    Octopole Moments (Debye-Ang^2)
       XXX          -0.16245145    XXY          -0.00000000    XYY           0.16245145
       YYY          -0.00000000    XXZ          -7.11089166    XYZ           0.00000000
       YYZ          -7.11089166    XZZ          -0.00000000    YZZ          -0.00000000
       ZZZ         -24.65366543
    Hexadecapole Moments (Debye-Ang^3)
      XXXX         -29.95129948   XXXY          -0.00000000   XXYY          -9.98376650
      XYYY          -0.00000000   YYYY         -29.95129949   XXXZ           0.57244887
      XXYZ           0.00000000   XYYZ          -0.57244887   YYYZ           0.00000000
      XXZZ         -13.33449080   XYZZ           0.00000000   YYZZ         -13.33449081
      XZZZ          -0.00000000   YZZZ           0.00000000   ZZZZ         -55.77252762
 -----------------------------------------------------------------
 Mayer SCF Bond Order, atomic valence on the diagonal:

            1           2           3           4
    1   2.9653636   0.9884545   0.9884545   0.9884545
    2   0.9884545   0.9906354   0.0010904   0.0010904
    3   0.9884545   0.0010904   0.9906354   0.0010904
    4   0.9884545   0.0010904   0.0010904   0.9906354


 Calculating analytic gradient of the SCF energy
 ------------------------------------------------------
 Correction for Bais Set Incompleteness Error in  HF-3c
 ------------------------------------------------------
 Gradient of SCF Energy
            1           2           3           4
    1   0.0000110  -0.0058971  -0.0058959   0.0117820
    2   0.0000110  -0.0102217   0.0102043   0.0000064
    3  -0.0173741   0.0057894   0.0057914   0.0057933
 Max gradient component =       1.737E-02
 RMS gradient           =       8.264E-03
 Gradient time:  CPU 0.50 s  wall 0.21 s
 Geometry Optimization Parameters
   NAtoms,    NIC,     NZ,  NCons,   NDum,   NFix, NCnnct, MaxDiis
        4      17       0       0       0       0       0       0


** GEOMETRY OPTIMIZATION IN DELOCALIZED INTERNAL COORDINATES **
   Searching for a Minimum

   Optimization Cycle:   1

                       Coordinates (Angstroms)
     ATOM                X               Y               Z
      1  P         0.0000000000    0.0000000000    0.5688490971
      2  H         0.5956709732    1.0317323902   -0.1896163657
      3  H         0.5956709732   -1.0317323902   -0.1896163657
      4  H        -1.1913419464    0.0000000000   -0.1896163657
   Point Group: c1    Number of degrees of freedom:     6


   Energy is   -340.712333142


 Attempting to generate delocalized internal coordinates
 Initial Hessian constructed with Jon Baker's OPTIMIZE code

  6 Hessian modes will be used to form the next step
  Hessian Eigenvalues:
     0.160000    0.160000    0.160000    0.213900    0.213900    0.213900

 Minimum search - taking simple RFO step
 Searching for Lamda that Minimizes Along All modes
 Value Taken    Lamda =  -0.00251086
 Step Taken.  Stepsize is  0.108763

                             Maximum     Tolerance    Cnvgd?
         Gradient           0.018057      0.000300      NO
         Displacement       0.080089      0.001200      NO
         Energy change     *********      0.000001      NO


 New Cartesian Coordinates Obtained by Inverse Iteration

 Displacement from previous Coordinates is:  0.120502
 Adding empirical dispersion correction 
 ----------------------------------------------------------------
 Doing -D3(BJ) with
 s6 =   1.00000
 s8 =   0.87770
 a1 =   0.41710
 a2 =   2.91490
 -D3 energy without 3body term =     -0.0087008589 hartrees
 ----------------------------------------------------------------
 Adding gCP correction 
 ----------------------------------------------------------------
 gCP energy =      0.0413895353 hartrees
 ------------------------------------------------------
 Correction for Bais Set Incompleteness Error in  HF-3c
 ------------------------------------------------------
 SRB energy =     -0.0063400368 hartrees
 ----------------------------------------------------------------
             Standard Nuclear Orientation (Angstroms)
    I     Atom           X                Y                Z
 ----------------------------------------------------------------
    1      P      -0.0000045632     0.0000008956     0.5699005161
    2      H       0.6140937010     1.0636354258    -0.1899674828
    3      H       0.6140465333    -1.0636087906    -0.1899681349
    4      H      -1.2281356711    -0.0000275308    -0.1899648984
 ----------------------------------------------------------------
 Nuclear Repulsion Energy =          17.26118076 hartrees
 There are        9 alpha and        9 beta electrons
 Applying Cartesian multipole field
    Component          Value
    ---------          -----
     (2,0,0)        1.00000E-10
     (0,2,0)        2.00000E-10
     (0,0,2)       -3.00000E-10
 Nucleus-field energy     =    -0.0000000029 hartrees
 Requested basis set is MINIX
 There are 9 shells and 17 basis functions
 A cutoff of  1.0D-11 yielded     45 shell pairs
 There are       169 function pairs (       192 Cartesian)
 Smallest overlap matrix eigenvalue = 2.67E-01
 Guess MOs from SCF MO coefficient file

 -----------------------------------------------------------------------
  General SCF calculation program by
  Eric Jon Sundstrom, Paul Horn, Yuezhi Mao, Dmitri Zuev, Alec White,
  David Stuck, Shaama M.S., Shane Yost, Joonho Lee, David Small,
  Daniel Levine, Susi Lehtola, Hugh Burton, Evgeny Epifanovsky,
  Bang C. Huynh
 -----------------------------------------------------------------------
 Hartree-Fock
 Dispersion:   Grimme D3
 using 4 threads for integral computing
 -------------------------------------------------------
 OpenMP Integral computing Module                
 Release: version 1.0, May 2013, Q-Chem Inc. Pittsburgh 
 -------------------------------------------------------
 HF Exchange   Energy = -23.63918565960568
 One-Electron  Energy = -506.17677191370944
 Total Coulomb Energy = 171.84181050098545
 Nuclear repulsion Energy =  17.26118075339976
 A restricted SCF calculation will be
 performed using DIIS
 SCF converges when DIIS error is below 1.0e-08
 HF Exchange   Energy = -23.63918565960568
 One-Electron  Energy = -506.17677191370944
 Total Coulomb Energy = 171.84181050098545
 ---------------------------------------
  Cycle       Energy         DIIS error
 ---------------------------------------
 HF Exchange   Energy = -23.64009279874410
 One-Electron  Energy = -506.18234646751051
 Total Coulomb Energy = 171.84817840667651
 Nuclear repulsion Energy =  17.26118075339976
    1    -340.7129663189      5.05e-03  
 HF Exchange   Energy = -23.64009279874410
 One-Electron  Energy = -506.18234646751051
 Total Coulomb Energy = 171.84817840667651
 HF Exchange   Energy = -23.64017148934223
 One-Electron  Energy = -506.18219473400143
 Total Coulomb Energy = 171.84810300345799
 Nuclear repulsion Energy =  17.26118075339976
    2    -340.7130801062      1.93e-04  
 HF Exchange   Energy = -23.64017148934223
 One-Electron  Energy = -506.18219473400143
 Total Coulomb Energy = 171.84810300345799
 HF Exchange   Energy = -23.64019352483059
 One-Electron  Energy = -506.18253895708466
 Total Coulomb Energy = 171.84846913189736
 Nuclear repulsion Energy =  17.26118075339976
    3    -340.7130824665      4.21e-05  
 HF Exchange   Energy = -23.64019352483059
 One-Electron  Energy = -506.18253895708466
 Total Coulomb Energy = 171.84846913189736
 HF Exchange   Energy = -23.64019571470134
 One-Electron  Energy = -506.18253345555172
 Total Coulomb Energy = 171.84846581934593
 Nuclear repulsion Energy =  17.26118075339976
    4    -340.7130825966      3.24e-06  
 HF Exchange   Energy = -23.64019571470134
 One-Electron  Energy = -506.18253345555172
 Total Coulomb Energy = 171.84846581934593
 HF Exchange   Energy = -23.64019647255333
 One-Electron  Energy = -506.18253221315058
 Total Coulomb Energy = 171.84846533476284
 Nuclear repulsion Energy =  17.26118075339976
    5    -340.7130825975      6.03e-07  
 HF Exchange   Energy = -23.64019647255333
 One-Electron  Energy = -506.18253221315058
 Total Coulomb Energy = 171.84846533476284
 HF Exchange   Energy = -23.64019657892914
 One-Electron  Energy = -506.18253173954895
 Total Coulomb Energy = 171.84846496753642
 Nuclear repulsion Energy =  17.26118075339976
    6    -340.7130825975      6.57e-08  
 HF Exchange   Energy = -23.64019657892914
 One-Electron  Energy = -506.18253173954895
 Total Coulomb Energy = 171.84846496753642
    7    -340.7130825975      6.67e-09  Convergence criterion met
 ---------------------------------------
 HF Exchange   Energy = -23.64019657892914
 One-Electron  Energy = -506.18253173954895
 Total Coulomb Energy = 171.84846496753642
 SCF time:   CPU 0.60s  wall 1.00s 
 HF Exchange   Energy = -23.64019657892914
 One-Electron  Energy = -506.18253173954895
 Total Coulomb Energy = 171.84846496753642
 Nuclear repulsion Energy =  17.26118075339976
 SCF   energy in the final basis set =     -340.7130825975
 Total energy in the final basis set =     -340.7130825975

 --------------------------------------------------------------

                    Orbital Energies (a.u.)
 --------------------------------------------------------------

 Alpha MOs
 -- Occupied --
-79.3526  -7.4321  -5.2940  -5.2940  -5.2925  -0.8324  -0.5067  -0.5067
 -0.3720
 -- Virtual --
  0.3202   0.3202   0.5551   0.7831   0.7831   0.8063   1.1315   1.1316
 --------------------------------------------------------------

          Ground-State Mulliken Net Atomic Charges

     Atom                 Charge (a.u.)
  ----------------------------------------
      1 P                    -0.288007
      2 H                     0.096004
      3 H                     0.096002
      4 H                     0.096002
  ----------------------------------------
  Sum of atomic charges =     0.000000

 -----------------------------------------------------------------
                    Cartesian Multipole Moments
 -----------------------------------------------------------------
    Charge (ESU x 10^10)
                    -0.00000000
    Dipole Moment (Debye)
         X           0.00001701      Y           0.00002834      Z          -1.01279511
       Tot           1.01279511
    Quadrupole Moments (Debye-Ang)
        XX         -14.61706865     XY           0.00007291     YY         -14.61699235
        XZ          -0.00000402     YZ           0.00000420     ZZ         -17.59432091
    Octopole Moments (Debye-Ang^2)
       XXX          -0.26251995    XXY           0.00001502    XYY           0.26279720
       YYY           0.00004505    XXZ          -7.16717699    XYZ          -0.00002478
       YYZ          -7.16721397    XZZ           0.00006819    YZZ          -0.00000657
       ZZZ         -24.76030901
    Hexadecapole Moments (Debye-Ang^3)
      XXXX         -30.39799875   XXXY          -0.00013710   XXYY         -10.13269038
      XYYY          -0.00013292   YYYY         -30.39826185   XXXZ           0.60942873
      XXYZ          -0.00001459   XYYZ          -0.60932277   YYYZ          -0.00004376
      XXZZ         -13.47823522   XYZZ          -0.00007219   YYZZ         -13.47831471
      XZZZ           0.00013710   YZZZ          -0.00000706   ZZZZ         -56.00987930
 -----------------------------------------------------------------
 Mayer SCF Bond Order, atomic valence on the diagonal:

            1           2           3           4
    1   2.9634091   0.9878026   0.9878033   0.9878033
    2   0.9878026   0.9907833   0.0014903   0.0014904
    3   0.9878033   0.0014903   0.9907836   0.0014900
    4   0.9878033   0.0014904   0.0014900   0.9907837


 Calculating analytic gradient of the SCF energy
 ------------------------------------------------------
 Correction for Bais Set Incompleteness Error in  HF-3c
 ------------------------------------------------------
 Gradient of SCF Energy
            1           2           3           4
    1   0.0000066   0.0022420   0.0022317  -0.0044804
    2   0.0000063   0.0038698  -0.0038828   0.0000067
    3   0.0058610  -0.0019625  -0.0019519  -0.0019465
 Max gradient component =       5.861E-03
 RMS gradient           =       2.971E-03
 Gradient time:  CPU 0.47 s  wall 0.17 s
 Geometry Optimization Parameters
   NAtoms,    NIC,     NZ,  NCons,   NDum,   NFix, NCnnct, MaxDiis
        4      17       0       0       0       0       0       0

 Cartesian Hessian Update
 Hessian updated using BFGS update


** GEOMETRY OPTIMIZATION IN DELOCALIZED INTERNAL COORDINATES **
   Searching for a Minimum

   Optimization Cycle:   2

                       Coordinates (Angstroms)
     ATOM                X               Y               Z
      1  P        -0.0000045632    0.0000008956    0.5699005161
      2  H         0.6140937010    1.0636354258   -0.1899674828
      3  H         0.6140465333   -1.0636087906   -0.1899681349
      4  H        -1.2281356711   -0.0000275308   -0.1899648984
   Point Group: c1    Number of degrees of freedom:     6


   Energy is   -340.713082598

 Hessian updated using BFGS update

  4 Hessian modes will be used to form the next step
  Hessian Eigenvalues:
     0.160000    0.162305    0.213900    0.294005

 Minimum search - taking simple RFO step
 Searching for Lamda that Minimizes Along All modes
 Value Taken    Lamda =  -0.00026106
 Step Taken.  Stepsize is  0.030048

                             Maximum     Tolerance    Cnvgd?
         Gradient           0.006412      0.000300      NO
         Displacement       0.022228      0.001200      NO
         Energy change     -0.000749      0.000001      NO


 New Cartesian Coordinates Obtained by Inverse Iteration

 Displacement from previous Coordinates is:  0.035428
 Adding empirical dispersion correction 
 ----------------------------------------------------------------
 Doing -D3(BJ) with
 s6 =   1.00000
 s8 =   0.87770
 a1 =   0.41710
 a2 =   2.91490
 -D3 energy without 3body term =     -0.0087328967 hartrees
 ----------------------------------------------------------------
 Adding gCP correction 
 ----------------------------------------------------------------
 gCP energy =      0.0422367750 hartrees
 ------------------------------------------------------
 Correction for Bais Set Incompleteness Error in  HF-3c
 ------------------------------------------------------
 SRB energy =     -0.0065983841 hartrees
 ----------------------------------------------------------------
             Standard Nuclear Orientation (Angstroms)
    I     Atom           X                Y                Z
 ----------------------------------------------------------------
    1      P      -0.0000058243     0.0000004170     0.5707833556
    2      H       0.6086930049     1.0542808646    -0.1902621872
    3      H       0.6086370995    -1.0542488656    -0.1902624905
    4      H      -1.2173242801    -0.0000324160    -0.1902586779
 ----------------------------------------------------------------
 Nuclear Repulsion Energy =          17.36662977 hartrees
 There are        9 alpha and        9 beta electrons
 Applying Cartesian multipole field
    Component          Value
    ---------          -----
     (2,0,0)        1.00000E-10
     (0,2,0)        2.00000E-10
     (0,0,2)       -3.00000E-10
 Nucleus-field energy     =    -0.0000000030 hartrees
 Requested basis set is MINIX
 There are 9 shells and 17 basis functions
 A cutoff of  1.0D-11 yielded     45 shell pairs
 There are       169 function pairs (       192 Cartesian)
 Smallest overlap matrix eigenvalue = 2.61E-01
 Guess MOs from SCF MO coefficient file

 -----------------------------------------------------------------------
  General SCF calculation program by
  Eric Jon Sundstrom, Paul Horn, Yuezhi Mao, Dmitri Zuev, Alec White,
  David Stuck, Shaama M.S., Shane Yost, Joonho Lee, David Small,
  Daniel Levine, Susi Lehtola, Hugh Burton, Evgeny Epifanovsky,
  Bang C. Huynh
 -----------------------------------------------------------------------
 Hartree-Fock
 Dispersion:   Grimme D3
 using 4 threads for integral computing
 -------------------------------------------------------
 OpenMP Integral computing Module                
 Release: version 1.0, May 2013, Q-Chem Inc. Pittsburgh 
 -------------------------------------------------------
 HF Exchange   Energy = -23.64527549803353
 One-Electron  Energy = -506.37038742334329
 Total Coulomb Energy = 171.93582407029257
 Nuclear repulsion Energy =  17.36662976518694
 A restricted SCF calculation will be
 performed using DIIS
 SCF converges when DIIS error is below 1.0e-08
 HF Exchange   Energy = -23.64527549803353
 One-Electron  Energy = -506.37038742334329
 Total Coulomb Energy = 171.93582407029257
 ---------------------------------------
  Cycle       Energy         DIIS error
 ---------------------------------------
 HF Exchange   Energy = -23.64505143653253
 One-Electron  Energy = -506.36910826327170
 Total Coulomb Energy = 171.93431185463791
 Nuclear repulsion Energy =  17.36662976518694
    1    -340.7132090859      1.37e-03  
 HF Exchange   Energy = -23.64505143653253
 One-Electron  Energy = -506.36910826327170
 Total Coulomb Energy = 171.93431185463791
 HF Exchange   Energy = -23.64502662126276
 One-Electron  Energy = -506.36926313404263
 Total Coulomb Energy = 171.93444174492137
 Nuclear repulsion Energy =  17.36662976518694
    2    -340.7132180800      5.16e-05  
 HF Exchange   Energy = -23.64502662126276
 One-Electron  Energy = -506.36926313404263
 Total Coulomb Energy = 171.93444174492137
 HF Exchange   Energy = -23.64501885809816
 One-Electron  Energy = -506.36919541229383
 Total Coulomb Energy = 171.93436625152850
 Nuclear repulsion Energy =  17.36662976518694
    3    -340.7132182452      1.10e-05  
 HF Exchange   Energy = -23.64501885809816
 One-Electron  Energy = -506.36919541229383
 Total Coulomb Energy = 171.93436625152850
 HF Exchange   Energy = -23.64501785567530
 One-Electron  Energy = -506.36920002028251
 Total Coulomb Energy = 171.93436985702743
 Nuclear repulsion Energy =  17.36662976518694
    4    -340.7132182537      9.01e-07  
 HF Exchange   Energy = -23.64501785567530
 One-Electron  Energy = -506.36920002028251
 Total Coulomb Energy = 171.93436985702743
 HF Exchange   Energy = -23.64501754141886
 One-Electron  Energy = -506.36920131228692
 Total Coulomb Energy = 171.93437083480276
 Nuclear repulsion Energy =  17.36662976518694
    5    -340.7132182537      1.67e-07  
 HF Exchange   Energy = -23.64501754141886
 One-Electron  Energy = -506.36920131228692
 Total Coulomb Energy = 171.93437083480276
 HF Exchange   Energy = -23.64501749499836
 One-Electron  Energy = -506.36920159848069
 Total Coulomb Energy = 171.93437107456992
 Nuclear repulsion Energy =  17.36662976518694
    6    -340.7132182537      1.91e-08  
 HF Exchange   Energy = -23.64501749499836
 One-Electron  Energy = -506.36920159848069
 Total Coulomb Energy = 171.93437107456992
    7    -340.7132182537      1.90e-09  Convergence criterion met
 ---------------------------------------
 HF Exchange   Energy = -23.64501749499836
 One-Electron  Energy = -506.36920159848069
 Total Coulomb Energy = 171.93437107456992
 SCF time:   CPU 0.50s  wall 0.00s 
 HF Exchange   Energy = -23.64501749499836
 One-Electron  Energy = -506.36920159848069
 Total Coulomb Energy = 171.93437107456992
 Nuclear repulsion Energy =  17.36662976518694
 SCF   energy in the final basis set =     -340.7132182537
 Total energy in the final basis set =     -340.7132182537

 --------------------------------------------------------------

                    Orbital Energies (a.u.)
 --------------------------------------------------------------

 Alpha MOs
 -- Occupied --
-79.3532  -7.4328  -5.2948  -5.2948  -5.2933  -0.8356  -0.5085  -0.5085
 -0.3737
 -- Virtual --
  0.3212   0.3212   0.5670   0.7817   0.7817   0.8042   1.1377   1.1377
 --------------------------------------------------------------

          Ground-State Mulliken Net Atomic Charges

     Atom                 Charge (a.u.)
  ----------------------------------------
      1 P                    -0.288475
      2 H                     0.096160
      3 H                     0.096158
      4 H                     0.096158
  ----------------------------------------
  Sum of atomic charges =     0.000000

 -----------------------------------------------------------------
                    Cartesian Multipole Moments
 -----------------------------------------------------------------
    Charge (ESU x 10^10)
                     0.00000000
    Dipole Moment (Debye)
         X           0.00002118      Y           0.00003425      Z          -0.99958978
       Tot           0.99958978
    Quadrupole Moments (Debye-Ang)
        XX         -14.63942997     XY           0.00008616     YY         -14.63933700
        XZ          -0.00000493     YZ           0.00000482     ZZ         -17.57125503
    Octopole Moments (Debye-Ang^2)
       XXX          -0.23247997    XXY           0.00002508    XYY           0.23282919
       YYY           0.00007525    XXZ          -7.16548095    XYZ          -0.00002985
       YYZ          -7.16552643    XZZ           0.00008741    YZZ           0.00000240
       ZZZ         -24.77218598
    Hexadecapole Moments (Debye-Ang^3)
      XXXX         -30.27085083   XXXY          -0.00016439   XXYY         -10.09031263
      XYYY          -0.00015589   YYYY         -30.27117287   XXXZ           0.59972071
      XXYZ          -0.00001260   XYYZ          -0.59958367   YYYZ          -0.00003781
      XXZZ         -13.45065698   XYZZ          -0.00008462   YYZZ         -13.45075310
      XZZZ           0.00017537   YZZZ           0.00001138   ZZZZ         -56.04826905
 -----------------------------------------------------------------
 Mayer SCF Bond Order, atomic valence on the diagonal:

            1           2           3           4
    1   2.9640861   0.9880281   0.9880290   0.9880290
    2   0.9880281   0.9907533   0.0013626   0.0013626
    3   0.9880290   0.0013626   0.9907537   0.0013621
    4   0.9880290   0.0013626   0.0013621   0.9907537


 Calculating analytic gradient of the SCF energy
 ------------------------------------------------------
 Correction for Bais Set Incompleteness Error in  HF-3c
 ------------------------------------------------------
 Gradient of SCF Energy
            1           2           3           4
    1   0.0000016   0.0001028   0.0000896  -0.0001940
    2   0.0000011   0.0001659  -0.0001720   0.0000050
    3   0.0004365  -0.0001560  -0.0001432  -0.0001373
 Max gradient component =       4.365E-04
 RMS gradient           =       1.750E-04
 Gradient time:  CPU 0.48 s  wall 0.20 s
 Geometry Optimization Parameters
   NAtoms,    NIC,     NZ,  NCons,   NDum,   NFix, NCnnct, MaxDiis
        4      17       0       0       0       0       0       0

 Cartesian Hessian Update
 Hessian updated using BFGS update


** GEOMETRY OPTIMIZATION IN DELOCALIZED INTERNAL COORDINATES **
   Searching for a Minimum

   Optimization Cycle:   3

                       Coordinates (Angstroms)
     ATOM                X               Y               Z
      1  P        -0.0000058243    0.0000004170    0.5707833556
      2  H         0.6086930049    1.0542808646   -0.1902621872
      3  H         0.6086370995   -1.0542488656   -0.1902624905
      4  H        -1.2173242801   -0.0000324160   -0.1902586779
   Point Group: c1    Number of degrees of freedom:     6


   Energy is   -340.713218254

 Hessian updated using BFGS update

  5 Hessian modes will be used to form the next step
  Hessian Eigenvalues:
     0.160000    0.160000    0.163459    0.213900    0.279925

 Minimum search - taking simple RFO step
 Searching for Lamda that Minimizes Along All modes
 Value Taken    Lamda =  -0.00000071
 Step Taken.  Stepsize is  0.001707

                             Maximum     Tolerance    Cnvgd?
         Gradient           0.000407      0.000300      NO
         Displacement       0.001702      0.001200      NO
         Energy change     -0.000136      0.000001      NO


 New Cartesian Coordinates Obtained by Inverse Iteration

 Displacement from previous Coordinates is:  0.001168
 Adding empirical dispersion correction 
 ----------------------------------------------------------------
 Doing -D3(BJ) with
 s6 =   1.00000
 s8 =   0.87770
 a1 =   0.41710
 a2 =   2.91490
 -D3 energy without 3body term =     -0.0087336261 hartrees
 ----------------------------------------------------------------
 Adding gCP correction 
 ----------------------------------------------------------------
 gCP energy =      0.0422842856 hartrees
 ------------------------------------------------------
 Correction for Bais Set Incompleteness Error in  HF-3c
 ------------------------------------------------------
 SRB energy =     -0.0066132017 hartrees
 ----------------------------------------------------------------
             Standard Nuclear Orientation (Angstroms)
    I     Atom           X                Y                Z
 ----------------------------------------------------------------
    1      P      -0.0000047869     0.0000004120     0.5703402633
    2      H       0.6085889742     1.0541014036    -0.1901142761
    3      H       0.6085435413    -1.0540754475    -0.1901145759
    4      H      -1.2171277286    -0.0000263680    -0.1901114113
 ----------------------------------------------------------------
 Nuclear Repulsion Energy =          17.37236760 hartrees
 There are        9 alpha and        9 beta electrons
 Applying Cartesian multipole field
    Component          Value
    ---------          -----
     (2,0,0)        1.00000E-10
     (0,2,0)        2.00000E-10
     (0,0,2)       -3.00000E-10
 Nucleus-field energy     =    -0.0000000030 hartrees
 Requested basis set is MINIX
 There are 9 shells and 17 basis functions
 A cutoff of  1.0D-11 yielded     45 shell pairs
 There are       169 function pairs (       192 Cartesian)
 Smallest overlap matrix eigenvalue = 2.61E-01
 Guess MOs from SCF MO coefficient file

 -----------------------------------------------------------------------
  General SCF calculation program by
  Eric Jon Sundstrom, Paul Horn, Yuezhi Mao, Dmitri Zuev, Alec White,
  David Stuck, Shaama M.S., Shane Yost, Joonho Lee, David Small,
  Daniel Levine, Susi Lehtola, Hugh Burton, Evgeny Epifanovsky,
  Bang C. Huynh
 -----------------------------------------------------------------------
 Hartree-Fock
 Dispersion:   Grimme D3
 using 4 threads for integral computing
 -------------------------------------------------------
 OpenMP Integral computing Module                
 Release: version 1.0, May 2013, Q-Chem Inc. Pittsburgh 
 -------------------------------------------------------
 HF Exchange   Energy = -23.64529597832022
 One-Electron  Energy = -506.37940106080180
 Total Coulomb Energy = 171.93911096314929
 Nuclear repulsion Energy =  17.37236759674558
 A restricted SCF calculation will be
 performed using DIIS
 SCF converges when DIIS error is below 1.0e-08
 HF Exchange   Energy = -23.64529597832022
 One-Electron  Energy = -506.37940106080180
 Total Coulomb Energy = 171.93911096314929
 ---------------------------------------
  Cycle       Energy         DIIS error
 ---------------------------------------
 HF Exchange   Energy = -23.64527885074872
 One-Electron  Energy = -506.37923620573707
 Total Coulomb Energy = 171.93892894330776
 Nuclear repulsion Energy =  17.37236759674558
    1    -340.7132184792      5.97e-05  
 HF Exchange   Energy = -23.64527885074872
 One-Electron  Energy = -506.37923620573707
 Total Coulomb Energy = 171.93892894330776
 HF Exchange   Energy = -23.64527952208293
 One-Electron  Energy = -506.37919570528589
 Total Coulomb Energy = 171.93888911148326
 Nuclear repulsion Energy =  17.37236759674558
    2    -340.7132185164      5.67e-06  
 HF Exchange   Energy = -23.64527952208293
 One-Electron  Energy = -506.37919570528589
 Total Coulomb Energy = 171.93888911148326
 HF Exchange   Energy = -23.64528021083809
 One-Electron  Energy = -506.37918064904898
 Total Coulomb Energy = 171.93887474376388
 Nuclear repulsion Energy =  17.37236759674558
    3    -340.7132185191      1.54e-06  
 HF Exchange   Energy = -23.64528021083809
 One-Electron  Energy = -506.37918064904898
 Total Coulomb Energy = 171.93887474376388
 HF Exchange   Energy = -23.64528028763025
 One-Electron  Energy = -506.37918021672459
 Total Coulomb Energy = 171.93887438824703
 Nuclear repulsion Energy =  17.37236759674558
    4    -340.7132185194      9.80e-08  
 HF Exchange   Energy = -23.64528028763025
 One-Electron  Energy = -506.37918021672459
 Total Coulomb Energy = 171.93887438824703
 HF Exchange   Energy = -23.64528029557174
 One-Electron  Energy = -506.37918021610204
 Total Coulomb Energy = 171.93887439553083
 Nuclear repulsion Energy =  17.37236759674558
    5    -340.7132185194      1.10e-08  
 HF Exchange   Energy = -23.64528029557174
 One-Electron  Energy = -506.37918021610204
 Total Coulomb Energy = 171.93887439553083
    6    -340.7132185194      6.31e-10  Convergence criterion met
 ---------------------------------------
 HF Exchange   Energy = -23.64528029557174
 One-Electron  Energy = -506.37918021610204
 Total Coulomb Energy = 171.93887439553083
 SCF time:   CPU 0.41s  wall 0.00s 
 HF Exchange   Energy = -23.64528029557174
 One-Electron  Energy = -506.37918021610204
 Total Coulomb Energy = 171.93887439553083
 Nuclear repulsion Energy =  17.37236759674558
 SCF   energy in the final basis set =     -340.7132185194
 Total energy in the final basis set =     -340.7132185194

 --------------------------------------------------------------

                    Orbital Energies (a.u.)
 --------------------------------------------------------------

 Alpha MOs
 -- Occupied --
-79.3533  -7.4329  -5.2948  -5.2948  -5.2933  -0.8358  -0.5087  -0.5087
 -0.3737
 -- Virtual --
  0.3214   0.3214   0.5672   0.7816   0.7816   0.8043   1.1380   1.1381
 --------------------------------------------------------------

          Ground-State Mulliken Net Atomic Charges

     Atom                 Charge (a.u.)
  ----------------------------------------
      1 P                    -0.288546
      2 H                     0.096183
      3 H                     0.096181
      4 H                     0.096181
  ----------------------------------------
  Sum of atomic charges =     0.000000

 -----------------------------------------------------------------
                    Cartesian Multipole Moments
 -----------------------------------------------------------------
    Charge (ESU x 10^10)
                     0.00000000
    Dipole Moment (Debye)
         X           0.00001703      Y           0.00002786      Z          -0.99954509
       Tot           0.99954509
    Quadrupole Moments (Debye-Ang)
        XX         -14.63943485     XY           0.00007001     YY         -14.63936052
        XZ          -0.00000411     YZ           0.00000399     ZZ         -17.57236148
    Octopole Moments (Debye-Ang^2)
       XXX          -0.23191534    XXY           0.00001951    XYY           0.23220094
       YYY           0.00005852    XXZ          -7.15972089    XYZ          -0.00002416
       YYZ          -7.15975752    XZZ           0.00007174    YZZ           0.00000091
       ZZZ         -24.75606271
    Hexadecapole Moments (Debye-Ang^3)
      XXXX         -30.26703872   XXXY          -0.00013344   XXYY         -10.08903552
      XYYY          -0.00012690   YYYY         -30.26729556   XXXZ           0.59905533
      XXYZ          -0.00001073   XYYZ          -0.59894230   YYYZ          -0.00003219
      XXZZ         -13.44438098   XYZZ          -0.00006873   YYZZ         -13.44445791
      XZZZ           0.00014377   YZZZ           0.00000718   ZZZZ         -56.00791657
 -----------------------------------------------------------------
 Mayer SCF Bond Order, atomic valence on the diagonal:

            1           2           3           4
    1   2.9640726   0.9880237   0.9880244   0.9880244
    2   0.9880237   0.9907488   0.0013625   0.0013626
    3   0.9880244   0.0013625   0.9907491   0.0013622
    4   0.9880244   0.0013626   0.0013622   0.9907492


 Calculating analytic gradient of the SCF energy
 ------------------------------------------------------
 Correction for Bais Set Incompleteness Error in  HF-3c
 ------------------------------------------------------
 Gradient of SCF Energy
            1           2           3           4
    1   0.0000041   0.0000014  -0.0000091   0.0000036
    2   0.0000037  -0.0000095   0.0000001   0.0000057
    3  -0.0000426   0.0000052   0.0000160   0.0000213
 Max gradient component =       4.261E-05
 RMS gradient           =       1.529E-05
 Gradient time:  CPU 0.42 s  wall 0.15 s
 Geometry Optimization Parameters
   NAtoms,    NIC,     NZ,  NCons,   NDum,   NFix, NCnnct, MaxDiis
        4      17       0       0       0       0       0       0

 Cartesian Hessian Update
 Hessian updated using BFGS update


** GEOMETRY OPTIMIZATION IN DELOCALIZED INTERNAL COORDINATES **
   Searching for a Minimum

   Optimization Cycle:   4

                       Coordinates (Angstroms)
     ATOM                X               Y               Z
      1  P        -0.0000047869    0.0000004120    0.5703402633
      2  H         0.6085889742    1.0541014036   -0.1901142761
      3  H         0.6085435413   -1.0540754475   -0.1901145759
      4  H        -1.2171277286   -0.0000263680   -0.1901114113
   Point Group: c1    Number of degrees of freedom:     6


   Energy is   -340.713218519

 Hessian updated using BFGS update

  6 Hessian modes will be used to form the next step
  Hessian Eigenvalues:
     0.160000    0.160000    0.175060    0.213900    0.213910    0.281136

 Minimum search - taking simple RFO step
 Searching for Lamda that Minimizes Along All modes
 Value Taken    Lamda =  -0.00000001
 Step Taken.  Stepsize is  0.000202

                             Maximum     Tolerance    Cnvgd?
         Gradient           0.000033      0.000300     YES
         Displacement       0.000153      0.001200     YES
         Energy change     -0.000000      0.000001     YES


                       Distance Matrix (Angstroms)
             P (  1)   H (  2)   H (  3)
   H (  2)  1.435203
   H (  3)  1.435165  2.108177
   H (  4)  1.435157  2.108181  2.108102

 Final energy is   -340.71321851939734     


 ******************************
 **  OPTIMIZATION CONVERGED  **
 ******************************

                       Coordinates (Angstroms)
     ATOM                X               Y               Z
      1  P        -0.0000047869    0.0000004120    0.5703402633
      2  H         0.6085889742    1.0541014036   -0.1901142761
      3  H         0.6085435413   -1.0540754475   -0.1901145759
      4  H        -1.2171277286   -0.0000263680   -0.1901114113

Z-matrix Print:
$molecule
0 1
P 
H  1 1.435157
H  1 1.435165 2 94.521196
H  1 1.435203 2 94.524202 3 94.911689 0
$end


 --------------------------------------------------------------

                    Orbital Energies (a.u.)
 --------------------------------------------------------------

 Alpha MOs
 -- Occupied --
-79.3533  -7.4329  -5.2948  -5.2948  -5.2933  -0.8358  -0.5087  -0.5087
 -0.3737
 -- Virtual --
  0.3214   0.3214   0.5672   0.7816   0.7816   0.8043   1.1380   1.1381
 --------------------------------------------------------------

          Ground-State Mulliken Net Atomic Charges

     Atom                 Charge (a.u.)
  ----------------------------------------
      1 P                    -0.288546
      2 H                     0.096183
      3 H                     0.096181
      4 H                     0.096181
  ----------------------------------------
  Sum of atomic charges =     0.000000

 -----------------------------------------------------------------
                    Cartesian Multipole Moments
 -----------------------------------------------------------------
    Charge (ESU x 10^10)
                     0.00000000
    Dipole Moment (Debye)
         X           0.00001703      Y           0.00002786      Z          -0.99954509
       Tot           0.99954509
    Quadrupole Moments (Debye-Ang)
        XX         -14.63943485     XY           0.00007001     YY         -14.63936052
        XZ          -0.00000411     YZ           0.00000399     ZZ         -17.57236148
    Octopole Moments (Debye-Ang^2)
       XXX          -0.23191534    XXY           0.00001951    XYY           0.23220094
       YYY           0.00005852    XXZ          -7.15972089    XYZ          -0.00002416
       YYZ          -7.15975752    XZZ           0.00007174    YZZ           0.00000091
       ZZZ         -24.75606271
    Hexadecapole Moments (Debye-Ang^3)
      XXXX         -30.26703872   XXXY          -0.00013344   XXYY         -10.08903552
      XYYY          -0.00012690   YYYY         -30.26729556   XXXZ           0.59905533
      XXYZ          -0.00001073   XYYZ          -0.59894230   YYYZ          -0.00003219
      XXZZ         -13.44438098   XYZZ          -0.00006873   YYZZ         -13.44445791
      XZZZ           0.00014377   YZZZ           0.00000718   ZZZZ         -56.00791657
 -----------------------------------------------------------------
 Mayer SCF Bond Order, atomic valence on the diagonal:

            1           2           3           4
    1   2.9640726   0.9880237   0.9880244   0.9880244
    2   0.9880237   0.9907488   0.0013625   0.0013626
    3   0.9880244   0.0013625   0.9907491   0.0013622
    4   0.9880244   0.0013626   0.0013622   0.9907492


Archival summary:
1\1\Lithium\OPT\HF\BasisUnspecified\13\pierpa\ThuOct2212:19:482020ThuOct2212:19:482020\0\\#,OPT,HF,BasisUnspecified,\\0,1\P\H,1,1.43516\H,1,1.43516,2,94.5212\H,1,1.4352,2,94.5242,3,94.9117,0\\HF=-340.713219\\@

 Total job time:  1.55s(wall), 4.91s(cpu) 
 Thu Oct 22 12:19:48 2020

        *************************************************************
        *                                                           *
        *  Thank you very much for using Q-Chem.  Have a nice day.  *
        *                                                           *
        *************************************************************


