                  Welcome to Q-Chem
     A Quantum Leap Into The Future Of Chemistry


 Q-Chem 5.2 (devel), Q-Chem, Inc., Pleasanton, CA (2019)

 Yihan Shao,  Zhengting Gan,  E. Epifanovsky,  A. T. B. Gilbert,  M. Wormit,  
 J. Kussmann,  A. W. Lange,  A. Behn,  Jia Deng,  Xintian Feng,  D. Ghosh,  
 M. Goldey,  P. R. Horn,  L. D. Jacobson,  I. Kaliman,  T. Kus,  A. Landau,  
 Jie Liu,  E. I. Proynov,  R. M. Richard,  R. P. Steele,  E. J. Sundstrom,  
 H. L. Woodcock III,  P. M. Zimmerman,  D. Zuev,  B. Albrecht,  E. Alguire,  
 S. A. Baeppler,  D. Barton,  Z. Benda,  Y. A. Bernard,  E. J. Berquist,  
 K. B. Bravaya,  H. Burton,  D. Casanova,  Chun-Min Chang,  Yunqing Chen,  
 A. Chien,  K. D. Closser,  M. P. Coons,  S. Coriani,  S. Dasgupta,  
 A. L. Dempwolff,  M. Diedenhofen,  Hainam Do,  R. G. Edgar,  Po-Tung Fang,  
 S. Faraji,  S. Fatehi,  Qingguo Feng,  K. D. Fenk,  J. Fosso-Tande,  
 J. Gayvert,  Qinghui Ge,  A. Ghysels,  G. Gidofalvi,  J. Gomes,  
 J. Gonthier,  A. Gunina,  D. Hait,  M. W. D. Hanson-Heine,  
 P. H. P. Harbach,  A. W. Hauser,  M. F. Herbst,  J. E. Herr,  
 E. G. Hohenstein,  Z. C. Holden,  Kerwin Hui,  B. C. Huynh,  T.-C. Jagau,  
 Hyunjun Ji,  B. Kaduk,  K. Khistyaev,  Jaehoon Kim,  P. Klunzinger,  K. Koh,  
 D. Kosenkov,  L. Koulias,  T. Kowalczyk,  C. M. Krauter,  A. Kunitsa,  
 Ka Un Lao,  A. Laurent,  K. V. Lawler,  Joonho Lee,  D. Lefrancois,  
 S. Lehtola,  D. S. Levine,  Yi-Pei Li,  You-Sheng Lin,  Fenglai Liu,  
 E. Livshits,  A. Luenser,  P. Manohar,  E. Mansoor,  S. F. Manzer,  
 Shan-Ping Mao,  Yuezhi Mao,  N. Mardirossian,  A. V. Marenich,  
 T. Markovich,  L. A. Martinez-Martinez,  S. A. Maurer,  N. J. Mayhall,  
 S. C. McKenzie,  J.-M. Mewes,  P. Morgante,  A. F. Morrison,  
 J. W. Mullinax,  K. Nanda,  T. S. Nguyen-Beck,  R. Olivares-Amaya,  
 J. A. Parkhill,  Zheng Pei,  T. M. Perrine,  F. Plasser,  P. Pokhilko,  
 S. Prager,  A. Prociuk,  E. Ramos,  D. R. Rehn,  F. Rob,  M. Scheurer,  
 M. Schneider,  N. Sergueev,  S. M. Sharada,  S. Sharma,  D. W. Small,  
 T. Stauch,  T. Stein,  Yu-Chuan Su,  A. J. W. Thom,  A. Tkatchenko,  
 T. Tsuchimochi,  N. M. Tubman,  L. Vogt,  M. L. Vidal,  O. Vydrov,  
 M. A. Watson,  J. Wenzel,  M. de Wergifosse,  T. A. Wesolowski,  A. White,  
 J. Witte,  A. Yamada,  Jun Yang,  K. Yao,  S. Yeganeh,  S. R. Yost,  
 Zhi-Qiang You,  A. Zech,  Igor Ying Zhang,  Xing Zhang,  Yan Zhao,  
 Ying Zhu,  B. R. Brooks,  G. K. L. Chan,  C. J. Cramer,  M. S. Gordon,  
 W. J. Hehre,  A. Klamt,  M. W. Schmidt,  C. D. Sherrill,  D. G. Truhlar,  
 A. Aspuru-Guzik,  R. Baer,  A. T. Bell,  N. A. Besley,  Jeng-Da Chai,  
 A. E. DePrince, III,  R. A. DiStasio Jr.,  A. Dreuw,  B. D. Dunietz,  
 T. R. Furlani,  Chao-Ping Hsu,  Yousung Jung,  Jing Kong,  D. S. Lambrecht,  
 WanZhen Liang,  C. Ochsenfeld,  V. A. Rassolov,  L. V. Slipchenko,  
 J. E. Subotnik,  T. Van Voorhis,  J. M. Herbert,  A. I. Krylov,  
 P. M. W. Gill,  M. Head-Gordon

 Contributors to earlier versions of Q-Chem not listed above: 
 R. D. Adamson,  B. Austin,  J. Baker,  G. J. O. Beran,  K. Brandhorst,  
 S. T. Brown,  E. F. C. Byrd,  A. K. Chakraborty,  C.-L. Cheng,  
 Siu Hung Chien,  D. M. Chipman,  D. L. Crittenden,  H. Dachsel,  
 R. J. Doerksen,  A. D. Dutoi,  L. Fusti-Molnar,  W. A. Goddard III,  
 A. Golubeva-Zadorozhnaya,  S. R. Gwaltney,  G. Hawkins,  A. Heyden,  
 S. Hirata,  G. Kedziora,  F. J. Keil,  C. Kelley,  Jihan Kim,  R. A. King,  
 R. Z. Khaliullin,  P. P. Korambath,  W. Kurlancheek,  A. M. Lee,  M. S. Lee,  
 S. V. Levchenko,  Ching Yeh Lin,  D. Liotard,  R. C. Lochan,  I. Lotan,  
 P. E. Maslen,  N. Nair,  D. P. O'Neill,  D. Neuhauser,  E. Neuscamman,  
 C. M. Oana,  R. Olson,  B. Peters,  R. Peverati,  P. A. Pieniazek,  
 Y. M. Rhee,  J. Ritchie,  M. A. Rohrdanz,  E. Rosta,  N. J. Russ,  
 H. F. Schaefer III,  N. E. Schultz,  N. Shenvi,  A. C. Simmonett,  A. Sodt,  
 D. Stuck,  K. S. Thanthiriwatte,  V. Vanovschi,  Tao Wang,  A. Warshel,  
 C. F. Williams,  Q. Wu,  X. Xu,  W. Zhang

 Please cite Q-Chem as follows:
 Y. Shao et al., Mol. Phys. 113, 184-215 (2015)
 DOI: 10.1080/00268976.2014.952696

 Q-Chem 5.2.0 for Intel X86 EM64T Linux

 Parts of Q-Chem use Armadillo 8.300.2 (Tropical Shenanigans).
 http://arma.sourceforge.net/

 Q-Chem begins on Wed Oct  7 11:39:22 2020  

node42.cluster.fit.edu
Host: 0

     Scratch files written to /udrive/faculty/rpeverati/pierpa/qchem/scratch/qchem32375//
NAlpha2: 18
NElect   18
Mult     1

Checking the input file for inconsistencies... 	...done.

--------------------------------------------------------------
User input:
--------------------------------------------------------------
$Comment
Geometry optimizations for CLB18.
$End

$Rem
SYMMETRY              False
SYM_IGNORE            True
JOBTYPE               Opt
METHOD                PBEh-3c
BASIS                 def2-mSVP
MAX_SCF_CYCLES        50
SCF_ALGORITHM         DIIS
SCF_PRINT             1
SCF_FINAL_PRINT       1
XC_GRID               000099000590
MEM_TOTAL             20000
MEM_STATIC            4000
BLAS3_DFT             True
New_DFT               True
$End

$Molecule
0 1
C -0.7630947051 0.0000000000 0.0000000000
C 0.7630947051 0.0000000000 0.0000000000
H 1.1583107049 -0.4436420648 -0.9140954222
H -1.1583107049 -1.0133267327 -0.0746399164
H 1.1583107049 -0.5698127288 0.8412541791
H 1.1583107049 1.0134537353 0.0728481224
H -1.1583107049 0.4420201366 0.9148838962
H -1.1583107049 0.5713050086 -0.8402434506
$End

--------------------------------------------------------------
 Adding empirical dispersion correction 
 ----------------------------------------------------------------
 Doing -D3(BJ) with
 s6 =   1.00000
 s8 =   0.00000
 a1 =   0.48600
 a2 =   4.50000
 -D3 energy including 3body term =     -0.0018844918 hartrees
 ----------------------------------------------------------------
 Adding gCP correction 
 ----------------------------------------------------------------
 gCP energy =      0.0069732902 hartrees
 ----------------------------------------------------------------
             Standard Nuclear Orientation (Angstroms)
    I     Atom           X                Y                Z
 ----------------------------------------------------------------
    1      C      -0.7630947051     0.0000000000     0.0000000000
    2      C       0.7630947051     0.0000000000     0.0000000000
    3      H       1.1583107049    -0.4436420648    -0.9140954222
    4      H      -1.1583107049    -1.0133267327    -0.0746399164
    5      H       1.1583107049    -0.5698127288     0.8412541791
    6      H       1.1583107049     1.0134537353     0.0728481224
    7      H      -1.1583107049     0.4420201366     0.9148838962
    8      H      -1.1583107049     0.5713050086    -0.8402434506
 ----------------------------------------------------------------
 Nuclear Repulsion Energy =          42.30039515 hartrees
 There are        9 alpha and        9 beta electrons
 Requested basis set is def2-mSVP
 There are 26 shells and 42 basis functions

 Total QAlloc Memory Limit  20000 MB
 Mega-Array Size      3911 MB
 MEM_STATIC part      4000 MB
 A cutoff of  1.0D-11 yielded    350 shell pairs
 There are       934 function pairs (      1031 Cartesian)
 Smallest overlap matrix eigenvalue = 1.07E-02

 Scale SEOQF with 1.000000e+00/1.000000e+00/1.000000e+00

 Standard Electronic Orientation quadrupole field applied
 Nucleus-field energy     =     0.0000000043 hartrees
 Guess from superposition of atomic densities
 Warning:  Energy on first SCF cycle will be non-variational
 SAD guess density has 18.000000 electrons

 -----------------------------------------------------------------------
  General SCF calculation program by
  Eric Jon Sundstrom, Paul Horn, Yuezhi Mao, Dmitri Zuev, Alec White,
  David Stuck, Shaama M.S., Shane Yost, Joonho Lee, David Small,
  Daniel Levine, Susi Lehtola, Hugh Burton, Evgeny Epifanovsky,
  Bang C. Huynh
 -----------------------------------------------------------------------
 Exchange:     0.4200 Hartree-Fock + 0.5800 PBEh-3c
 Correlation:  1.0000 PBEh-3c
 Using Euler-Maclaurin-Lebedev (99,590) quadrature formula
 Dispersion:   Grimme D3
 using 12 threads for integral computing
 -------------------------------------------------------
 OpenMP Integral computing Module                
 Release: version 2.0, May 2017, Q-Chem Inc. Pleasanton 
 -------------------------------------------------------
 DFT Correlation Energy =  -0.73071300195084
 DFT Exchange    Energy =  -6.74273173381108
 HF Exchange     Energy =  -5.25387514332204
 One-Electron    Energy = -186.91501546962647
 Total Coulomb   Energy =  77.51637643219738
 Nuclear repulsion Energy =  42.30039515363292
 A restricted SCF calculation will be
 performed using DIIS
 SCF converges when DIIS error is below 1.0e-08
 DFT Correlation Energy =  -0.73071300195084
 DFT Exchange    Energy =  -6.74273173381108
 HF Exchange     Energy =  -5.25387514332204
 One-Electron    Energy = -186.91501546962647
 Total Coulomb   Energy =  77.51637643219738
 ---------------------------------------
  Cycle       Energy         DIIS error
 ---------------------------------------
 DFT Correlation Energy =  -0.74731619353326
 DFT Exchange    Energy =  -7.02071300658683
 HF Exchange     Energy =  -5.29853671844034
 One-Electron    Energy = -190.93360010579502
 Total Coulomb   Energy =  82.08812309054949
 Nuclear repulsion Energy =  42.30039515363292
    1     -79.8255637629      1.13e-01  
 DFT Correlation Energy =  -0.74731619353326
 DFT Exchange    Energy =  -7.02071300658683
 HF Exchange     Energy =  -5.29853671844034
 One-Electron    Energy = -190.93360010579502
 Total Coulomb   Energy =  82.08812309054949
 DFT Correlation Energy =  -0.73250968044252
 DFT Exchange    Energy =  -6.86535151643655
 HF Exchange     Energy =  -5.19305394328441
 One-Electron    Energy = -187.97770399943758
 Total Coulomb   Energy =  78.84438790836538
 Nuclear repulsion Energy =  42.30039515363292
    2     -79.6116477802      1.30e-02  
 DFT Correlation Energy =  -0.73250968044252
 DFT Exchange    Energy =  -6.86535151643655
 HF Exchange     Energy =  -5.19305394328441
 One-Electron    Energy = -187.97770399943758
 Total Coulomb   Energy =  78.84438790836538
 DFT Correlation Energy =  -0.73895189662013
 DFT Exchange    Energy =  -6.93905977771486
 HF Exchange     Energy =  -5.24366840303451
 One-Electron    Energy = -189.38225662842706
 Total Coulomb   Energy =  80.35280128353511
 Nuclear repulsion Energy =  42.30039515363292
    3     -79.6238360776      1.10e-02  
 DFT Correlation Energy =  -0.73895189662013
 DFT Exchange    Energy =  -6.93905977771486
 HF Exchange     Energy =  -5.24366840303451
 One-Electron    Energy = -189.38225662842706
 Total Coulomb   Energy =  80.35280128353511
 DFT Correlation Energy =  -0.73882139090111
 DFT Exchange    Energy =  -6.93855914923896
 HF Exchange     Energy =  -5.24341633526033
 One-Electron    Energy = -189.36153749284878
 Total Coulomb   Energy =  80.33117365426978
 Nuclear repulsion Energy =  42.30039515363292
    4     -79.6507402686      3.25e-04  
 DFT Correlation Energy =  -0.73882139090111
 DFT Exchange    Energy =  -6.93855914923896
 HF Exchange     Energy =  -5.24341633526033
 One-Electron    Energy = -189.36153749284878
 Total Coulomb   Energy =  80.33117365426978
 DFT Correlation Energy =  -0.73881411675831
 DFT Exchange    Energy =  -6.93848451501274
 HF Exchange     Energy =  -5.24336694411276
 One-Electron    Energy = -189.36177425920368
 Total Coulomb   Energy =  80.33127825742132
 Nuclear repulsion Energy =  42.30039515363292
    5     -79.6507655603      6.17e-05  
 DFT Correlation Energy =  -0.73881411675831
 DFT Exchange    Energy =  -6.93848451501274
 HF Exchange     Energy =  -5.24336694411276
 One-Electron    Energy = -189.36177425920368
 Total Coulomb   Energy =  80.33127825742132
 DFT Correlation Energy =  -0.73881306260866
 DFT Exchange    Energy =  -6.93848988500804
 HF Exchange     Energy =  -5.24337154341218
 One-Electron    Energy = -189.36172112373711
 Total Coulomb   Energy =  80.33123403123965
 Nuclear repulsion Energy =  42.30039515363292
    6     -79.6507664240      4.37e-06  
 DFT Correlation Energy =  -0.73881306260866
 DFT Exchange    Energy =  -6.93848988500804
 HF Exchange     Energy =  -5.24337154341218
 One-Electron    Energy = -189.36172112373711
 Total Coulomb   Energy =  80.33123403123965
 DFT Correlation Energy =  -0.73881302813282
 DFT Exchange    Energy =  -6.93849047902202
 HF Exchange     Energy =  -5.24337196195120
 One-Electron    Energy = -189.36172584641287
 Total Coulomb   Energy =  80.33123973188947
 Nuclear repulsion Energy =  42.30039515363292
    7     -79.6507664299      2.35e-07  
 DFT Correlation Energy =  -0.73881302813282
 DFT Exchange    Energy =  -6.93849047902202
 HF Exchange     Energy =  -5.24337196195120
 One-Electron    Energy = -189.36172584641287
 Total Coulomb   Energy =  80.33123973188947
 DFT Correlation Energy =  -0.73881302558223
 DFT Exchange    Energy =  -6.93849052413314
 HF Exchange     Energy =  -5.24337199749738
 One-Electron    Energy = -189.36172608118997
 Total Coulomb   Energy =  80.33124004469109
 Nuclear repulsion Energy =  42.30039515363292
    8     -79.6507664300      1.54e-08  
 DFT Correlation Energy =  -0.73881302558223
 DFT Exchange    Energy =  -6.93849052413314
 HF Exchange     Energy =  -5.24337199749738
 One-Electron    Energy = -189.36172608118997
 Total Coulomb   Energy =  80.33124004469109
    9     -79.6507664301      4.17e-09  Convergence criterion met
 ---------------------------------------
 DFT Correlation Energy =  -0.73881302558223
 DFT Exchange    Energy =  -6.93849052413314
 HF Exchange     Energy =  -5.24337199749738
 One-Electron    Energy = -189.36172608118997
 Total Coulomb   Energy =  80.33124004469109
 SCF time:   CPU 94.48s  wall 8.00s 
 DFT Correlation Energy =  -0.73881302558223
 DFT Exchange    Energy =  -6.93849052413314
 HF Exchange     Energy =  -5.24337199749738
 One-Electron    Energy = -189.36172608118997
 Total Coulomb   Energy =  80.33124004469109
 Nuclear repulsion Energy =  42.30039515363292
 SCF   energy in the final basis set =      -79.6507664301
 Total energy in the final basis set =      -79.6507664301

 --------------------------------------------------------------

                    Orbital Energies (a.u.)
 --------------------------------------------------------------

 Alpha MOs
 -- Occupied --
-10.4216 -10.4214  -0.8386  -0.6896  -0.4912  -0.4912  -0.4182  -0.3919
 -0.3919
 -- Virtual --
  0.1552   0.2014   0.2195   0.2195   0.2255   0.2255   0.2668   0.4881
  0.5275   0.5275   0.5779   0.5779   0.6767   1.0097   1.0097   1.0157
  1.0607   1.0607   1.0842   1.0913   1.4271   1.5795   1.5795   1.9892
  2.0234   2.0234   2.3535   2.3535   2.4155   2.4155   2.6211  13.6398
 13.9193
 --------------------------------------------------------------

          Ground-State Mulliken Net Atomic Charges

     Atom                 Charge (a.u.)
  ----------------------------------------
      1 C                    -0.638510
      2 C                    -0.638510
      3 H                     0.212838
      4 H                     0.212836
      5 H                     0.212837
      6 H                     0.212837
      7 H                     0.212837
      8 H                     0.212836
  ----------------------------------------
  Sum of atomic charges =     0.000000

 -----------------------------------------------------------------
                    Cartesian Multipole Moments
 -----------------------------------------------------------------
    Charge (ESU x 10^10)
                 0.0000
    Dipole Moment (Debye)
         X       0.0000      Y       0.0000      Z       0.0000
       Tot       0.0000
    Quadrupole Moments (Debye-Ang)
        XX     -15.2268     XY      -0.0000     YY     -14.6454
        XZ      -0.0000     YZ       0.0000     ZZ     -14.6454
    Octopole Moments (Debye-Ang^2)
       XXX       0.0000    XXY       0.0000    XYY       0.0000
       YYY       0.0007    XXZ       0.0000    XYZ       0.0000
       YYZ      -0.0033    XZZ       0.0000    YZZ      -0.0007
       ZZZ       0.0033
    Hexadecapole Moments (Debye-Ang^3)
      XXXX     -92.4593   XXXY      -0.0000   XXYY     -18.6205
      XYYY       1.5374   YYYY     -27.9461   XXXZ      -0.0000
      XXYZ       0.0000   XYYZ       0.3404   YYYZ       0.0000
      XXZZ     -18.6205   XYZZ      -1.5374   YYZZ      -9.3153
      XZZZ      -0.3405   YZZZ       0.0000   ZZZZ     -27.9460
 -----------------------------------------------------------------
 Mayer SCF Bond Order, atomic valence on the diagonal:

            1           2           3           4           5           6
    1   3.7548748   0.9963910  -0.0119600   0.9314549  -0.0119599  -0.0119599
    2   0.9963910   3.7548747   0.9314541  -0.0119598   0.9314545   0.9314546
    3  -0.0119600   0.9314541   0.9117986   0.0002912  -0.0080834  -0.0080832
    4   0.9314549  -0.0119598   0.0002912   0.9118000   0.0002868   0.0078931
    5  -0.0119599   0.9314545  -0.0080834   0.0002868   0.9117991  -0.0080833
    6  -0.0119599   0.9314546  -0.0080832   0.0078931  -0.0080833   0.9117993
    7   0.9314543  -0.0119599   0.0078930  -0.0080832   0.0002912   0.0002868
    8   0.9314545  -0.0119599   0.0002868  -0.0080830   0.0078931   0.0002912
            7           8
    1   0.9314543   0.9314545
    2  -0.0119599  -0.0119599
    3   0.0078930   0.0002868
    4  -0.0080832  -0.0080830
    5   0.0002912   0.0078931
    6   0.0002868   0.0002912
    7   0.9117990  -0.0080832
    8  -0.0080832   0.9117995


 Calculating analytic gradient of the SCF energy
  -9.5392661907361075E-007  -9.5429743865948052E-007
  -9.5411206179090804E-007  -9.5411206143951727E-007
  -9.5411206146393087E-007  -9.5411206176650820E-007
  -9.5429743900385235E-007  -9.5392661872926157E-007
  -9.5411206168459905E-007  -9.5411206154532629E-007
  -9.5411206124987443E-007  -9.5411206198016294E-007
  -9.5452269296327898E-007  -9.5370143157560280E-007
  -9.5386415426316559E-007  -9.5436021648550364E-007
  -9.5360142108591226E-007  -9.5462310391386807E-007
  -9.5370143277211688E-007  -9.5452269176530779E-007
  -9.5354595160068547E-007  -9.5467861977233225E-007
  -9.5407035450475215E-007  -9.5415396987372412E-007
  -9.5452269143746072E-007  -9.5370143309986061E-007
  -9.5379381447482474E-007  -9.5443058691407911E-007
  -9.5458246757401513E-007  -9.5364202678363978E-007
  -9.5452269160734356E-007  -9.5370143292996952E-007
  -9.5467870265537605E-007  -9.5354586882729719E-007
  -9.5415278360023257E-007  -9.5407154066431586E-007
  -9.5370143172702265E-007  -9.5452269281203320E-007
  -9.5435914394569221E-007  -9.5386522619066727E-007
  -9.5462362535964466E-007  -9.5360090025519096E-007
  -9.5370143276205519E-007  -9.5452269177522591E-007
  -9.5443157643852092E-007  -9.5379282567897462E-007
  -9.5364269201673867E-007  -9.5458180161735434E-007
 Gradient of SCF Energy
            1           2           3           4           5           6
    1  -0.0032002   0.0031937  -0.0002441   0.0002441  -0.0002422  -0.0002425
    2  -0.0000020  -0.0000012  -0.0001450  -0.0003224  -0.0001729   0.0003195
    3  -0.0000021  -0.0000031  -0.0002849  -0.0000285   0.0002684   0.0000187
            7           8
    1   0.0002456   0.0002455
    2   0.0001357   0.0001883
    3   0.0002915  -0.0002599
 Max gradient component =       3.200E-03
 RMS gradient           =       9.446E-04
 Gradient time:  CPU 22.77 s  wall 2.39 s
 Geometry Optimization Parameters
   NAtoms,    NIC,     NZ,  NCons,   NDum,   NFix, NCnnct, MaxDiis
        8      44       0       0       0       0       0       0


** GEOMETRY OPTIMIZATION IN DELOCALIZED INTERNAL COORDINATES **
   Searching for a Minimum

   Optimization Cycle:   1

                       Coordinates (Angstroms)
     ATOM                X               Y               Z
      1  C        -0.7630947051    0.0000000000    0.0000000000
      2  C         0.7630947051    0.0000000000    0.0000000000
      3  H         1.1583107049   -0.4436420648   -0.9140954222
      4  H        -1.1583107049   -1.0133267327   -0.0746399164
      5  H         1.1583107049   -0.5698127288    0.8412541791
      6  H         1.1583107049    1.0134537353    0.0728481224
      7  H        -1.1583107049    0.4420201366    0.9148838962
      8  H        -1.1583107049    0.5713050086   -0.8402434506
   Point Group: c1    Number of degrees of freedom:    18


   Energy is    -79.650766430


 Attempting to generate delocalized internal coordinates
 Initial Hessian constructed with Jon Baker's OPTIMIZE code

 18 Hessian modes will be used to form the next step
  Hessian Eigenvalues:
     0.005714    0.056150    0.056150    0.056150    0.056150    0.160000
     0.160000    0.160000    0.160000    0.160000    0.160000    0.297781
     0.347863    0.347865    0.347866    0.347866    0.347867    0.347870

 Minimum search - taking simple RFO step
 Searching for Lamda that Minimizes Along All modes
 Value Taken    Lamda =  -0.00003002
 Step Taken.  Stepsize is  0.011401

                             Maximum     Tolerance    Cnvgd?
         Gradient           0.002195      0.000300      NO
         Displacement       0.009608      0.001200      NO
         Energy change     *********      0.000001      NO


 New Cartesian Coordinates Obtained by Inverse Iteration

 Displacement from previous Coordinates is:  0.008034
 Adding empirical dispersion correction 
 ----------------------------------------------------------------
 Doing -D3(BJ) with
 s6 =   1.00000
 s8 =   0.00000
 a1 =   0.48600
 a2 =   4.50000
 -D3 energy including 3body term =     -0.0018849464 hartrees
 ----------------------------------------------------------------
 Adding gCP correction 
 ----------------------------------------------------------------
 gCP energy =      0.0069918462 hartrees
 ----------------------------------------------------------------
             Standard Nuclear Orientation (Angstroms)
    I     Atom           X                Y                Z
 ----------------------------------------------------------------
    1      C      -0.7608984486     0.0000085512     0.0000049103
    2      C       0.7609109779     0.0000031223     0.0000043874
    3      H       1.1581057488    -0.4428435531    -0.9132391272
    4      H      -1.1581018518    -1.0122223397    -0.0742175157
    5      H       1.1581049489    -0.5694808424     0.8401354025
    6      H       1.1581150771     1.0123165387     0.0731037720
    7      H      -1.1581206420     0.4418372336     0.9137305356
    8      H      -1.1581158105     0.5703786436    -0.8395149562
 ----------------------------------------------------------------
 Nuclear Repulsion Energy =          42.35481089 hartrees
 There are        9 alpha and        9 beta electrons
 Applying Cartesian multipole field
    Component          Value
    ---------          -----
     (2,0,0)        1.00000E-10
     (0,2,0)        2.00000E-10
     (0,0,2)       -3.00000E-10
 Nucleus-field energy     =     0.0000000043 hartrees
 Requested basis set is def2-mSVP
 There are 26 shells and 42 basis functions
 A cutoff of  1.0D-11 yielded    350 shell pairs
 There are       934 function pairs (      1031 Cartesian)
 Smallest overlap matrix eigenvalue = 1.06E-02
 Guess MOs from SCF MO coefficient file

 -----------------------------------------------------------------------
  General SCF calculation program by
  Eric Jon Sundstrom, Paul Horn, Yuezhi Mao, Dmitri Zuev, Alec White,
  David Stuck, Shaama M.S., Shane Yost, Joonho Lee, David Small,
  Daniel Levine, Susi Lehtola, Hugh Burton, Evgeny Epifanovsky,
  Bang C. Huynh
 -----------------------------------------------------------------------
 Exchange:     0.4200 Hartree-Fock + 0.5800 PBEh-3c
 Correlation:  1.0000 PBEh-3c
 Using Euler-Maclaurin-Lebedev (99,590) quadrature formula
 Dispersion:   Grimme D3
 using 12 threads for integral computing
 -------------------------------------------------------
 OpenMP Integral computing Module                
 Release: version 2.0, May 2017, Q-Chem Inc. Pleasanton 
 -------------------------------------------------------
 DFT Correlation Energy =  -0.73897504890249
 DFT Exchange    Energy =  -6.93959804577974
 HF Exchange     Energy =  -5.24430155565694
 One-Electron    Energy = -189.46392465691329
 Total Coulomb   Energy =  80.38120901990722
 Nuclear repulsion Energy =  42.35481089650530
 A restricted SCF calculation will be
 performed using DIIS
 SCF converges when DIIS error is below 1.0e-08
 DFT Correlation Energy =  -0.73897504890249
 DFT Exchange    Energy =  -6.93959804577974
 HF Exchange     Energy =  -5.24430155565694
 One-Electron    Energy = -189.46392465691329
 Total Coulomb   Energy =  80.38120901990722
 ---------------------------------------
  Cycle       Energy         DIIS error
 ---------------------------------------
 DFT Correlation Energy =  -0.73900205966605
 DFT Exchange    Energy =  -6.94002116554671
 HF Exchange     Energy =  -5.24457041627710
 One-Electron    Energy = -189.47144616775932
 Total Coulomb   Energy =  80.38944456126997
 Nuclear repulsion Energy =  42.35481089650530
    1     -79.6507793908      1.24e-04  
 DFT Correlation Energy =  -0.73900205966605
 DFT Exchange    Energy =  -6.94002116554671
 HF Exchange     Energy =  -5.24457041627710
 One-Electron    Energy = -189.47144616775932
 Total Coulomb   Energy =  80.38944456126997
 DFT Correlation Energy =  -0.73896772050697
 DFT Exchange    Energy =  -6.93964500156675
 HF Exchange     Energy =  -5.24430928567110
 One-Electron    Energy = -189.46448573701673
 Total Coulomb   Energy =  80.38181234756642
 Nuclear repulsion Energy =  42.35481089650530
    2     -79.6507843515      3.34e-05  
 DFT Correlation Energy =  -0.73896772050697
 DFT Exchange    Energy =  -6.93964500156675
 HF Exchange     Energy =  -5.24430928567110
 One-Electron    Energy = -189.46448573701673
 Total Coulomb   Energy =  80.38181234756642
 DFT Correlation Energy =  -0.73898230625023
 DFT Exchange    Energy =  -6.93981249653601
 HF Exchange     Energy =  -5.24442409822828
 One-Electron    Energy = -189.46761545120873
 Total Coulomb   Energy =  80.38523881478676
 Nuclear repulsion Energy =  42.35481089650530
    3     -79.6507845007      2.50e-05  
 DFT Correlation Energy =  -0.73898230625023
 DFT Exchange    Energy =  -6.93981249653601
 HF Exchange     Energy =  -5.24442409822828
 One-Electron    Energy = -189.46761545120873
 Total Coulomb   Energy =  80.38523881478676
 DFT Correlation Energy =  -0.73898207181174
 DFT Exchange    Energy =  -6.93981153929019
 HF Exchange     Energy =  -5.24442348604915
 One-Electron    Energy = -189.46757179155597
 Total Coulomb   Energy =  80.38519335113773
 Nuclear repulsion Energy =  42.35481089650530
    4     -79.6507846409      9.13e-07  
 DFT Correlation Energy =  -0.73898207181174
 DFT Exchange    Energy =  -6.93981153929019
 HF Exchange     Energy =  -5.24442348604915
 One-Electron    Energy = -189.46757179155597
 Total Coulomb   Energy =  80.38519335113773
 DFT Correlation Energy =  -0.73898204923003
 DFT Exchange    Energy =  -6.93981119559299
 HF Exchange     Energy =  -5.24442324113273
 One-Electron    Energy = -189.46756988272259
 Total Coulomb   Energy =  80.38519083102783
 Nuclear repulsion Energy =  42.35481089650530
    5     -79.6507846411      1.49e-07  
 DFT Correlation Energy =  -0.73898204923003
 DFT Exchange    Energy =  -6.93981119559299
 HF Exchange     Energy =  -5.24442324113273
 One-Electron    Energy = -189.46756988272259
 Total Coulomb   Energy =  80.38519083102783
    6     -79.6507846411      8.77e-09  Convergence criterion met
 ---------------------------------------
 DFT Correlation Energy =  -0.73898204923003
 DFT Exchange    Energy =  -6.93981119559299
 HF Exchange     Energy =  -5.24442324113273
 One-Electron    Energy = -189.46756988272259
 Total Coulomb   Energy =  80.38519083102783
 SCF time:   CPU 64.94s  wall 5.00s 
 DFT Correlation Energy =  -0.73898204923003
 DFT Exchange    Energy =  -6.93981119559299
 HF Exchange     Energy =  -5.24442324113273
 One-Electron    Energy = -189.46756988272259
 Total Coulomb   Energy =  80.38519083102783
 Nuclear repulsion Energy =  42.35481089650530
 SCF   energy in the final basis set =      -79.6507846411
 Total energy in the final basis set =      -79.6507846411

 --------------------------------------------------------------

                    Orbital Energies (a.u.)
 --------------------------------------------------------------

 Alpha MOs
 -- Occupied --
-10.4212 -10.4210  -0.8395  -0.6897  -0.4914  -0.4914  -0.4196  -0.3914
 -0.3914
 -- Virtual --
  0.1555   0.2018   0.2193   0.2193   0.2258   0.2258   0.2681   0.4870
  0.5276   0.5276   0.5781   0.5781   0.6794   1.0089   1.0089   1.0175
  1.0610   1.0610   1.0847   1.0909   1.4283   1.5799   1.5799   1.9930
  2.0223   2.0223   2.3546   2.3546   2.4196   2.4196   2.6230  13.6392
 13.9242
 --------------------------------------------------------------

          Ground-State Mulliken Net Atomic Charges

     Atom                 Charge (a.u.)
  ----------------------------------------
      1 C                    -0.638564
      2 C                    -0.638560
      3 H                     0.212854
      4 H                     0.212854
      5 H                     0.212854
      6 H                     0.212854
      7 H                     0.212854
      8 H                     0.212853
  ----------------------------------------
  Sum of atomic charges =     0.000000

 -----------------------------------------------------------------
                    Cartesian Multipole Moments
 -----------------------------------------------------------------
    Charge (ESU x 10^10)
                 0.0000
    Dipole Moment (Debye)
         X      -0.0000      Y      -0.0000      Z      -0.0000
       Tot       0.0000
    Quadrupole Moments (Debye-Ang)
        XX     -15.2101     XY      -0.0000     YY     -14.6484
        XZ      -0.0000     YZ      -0.0000     ZZ     -14.6484
    Octopole Moments (Debye-Ang^2)
       XXX      -0.0003    XXY      -0.0000    XYY       0.0001
       YYY       0.0003    XXZ      -0.0001    XYZ      -0.0000
       YYZ      -0.0021    XZZ      -0.0001    YZZ      -0.0005
       ZZZ       0.0019
    Hexadecapole Moments (Debye-Ang^3)
      XXXX     -92.1267   XXXY       0.0001   XXYY     -18.5770
      XYYY       1.5290   YYYY     -27.9286   XXXZ      -0.0000
      XXYZ      -0.0000   XYYZ       0.3386   YYYZ       0.0000
      XXZZ     -18.5769   XYZZ      -1.5289   YYZZ      -9.3095
      XZZZ      -0.3386   YZZZ       0.0000   ZZZZ     -27.9286
 -----------------------------------------------------------------
 Mayer SCF Bond Order, atomic valence on the diagonal:

            1           2           3           4           5           6
    1   3.7547955   0.9966926  -0.0120730   0.9314405  -0.0120731  -0.0120733
    2   0.9966926   3.7547973   0.9314406  -0.0120730   0.9314411   0.9314410
    3  -0.0120730   0.9314406   0.9116682   0.0003021  -0.0081630  -0.0081630
    4   0.9314405  -0.0120730   0.0003021   0.9116673   0.0002992   0.0080254
    5  -0.0120731   0.9314411  -0.0081630   0.0002992   0.9116694  -0.0081623
    6  -0.0120733   0.9314410  -0.0081630   0.0080254  -0.0081623   0.9116692
    7   0.9314407  -0.0120725   0.0080253  -0.0081633   0.0003021   0.0002993
    8   0.9314411  -0.0120725   0.0002992  -0.0081636   0.0080254   0.0003021
            7           8
    1   0.9314407   0.9314411
    2  -0.0120725  -0.0120725
    3   0.0080253   0.0002992
    4  -0.0081633  -0.0081636
    5   0.0003021   0.0080254
    6   0.0002993   0.0003021
    7   0.9116690  -0.0081626
    8  -0.0081626   0.9116692


 Calculating analytic gradient of the SCF energy
  -9.4879517097705375E-007  -9.4916365429319276E-007
  -9.4897944719313031E-007  -9.4897944347500296E-007
  -9.4897944627749320E-007  -9.4897944439371998E-007
  -9.4916365677409805E-007  -9.4879516849484572E-007
  -9.4897944600344416E-007  -9.4897944466900665E-007
  -9.4897944613949629E-007  -9.4897944452991844E-007
  -9.4938821438846253E-007  -9.4857067705671579E-007
  -9.4873281312344112E-007  -9.4922632421942530E-007
  -9.4847091492399537E-007  -9.4948837650340264E-007
  -9.4857067673474480E-007  -9.4938821471554579E-007
  -9.4841577628515941E-007  -9.4954356129750721E-007
  -9.4893814093640901E-007  -9.4902095024823096E-007
  -9.4938821629844062E-007  -9.4857067514726064E-007
  -9.4866237500591463E-007  -9.4929679315991799E-007
  -9.4944769378136022E-007  -9.4851156683005505E-007
  -9.4938822612800301E-007  -9.4857066532096377E-007
  -9.4954363486323496E-007  -9.4841570280651364E-007
  -9.4902021344128383E-007  -9.4893887767038267E-007
  -9.4857066778189062E-007  -9.4938822366350697E-007
  -9.4922566081409275E-007  -9.4873347614449271E-007
  -9.4948870438469851E-007  -9.4847058742653332E-007
  -9.4857067052792718E-007  -9.4938822091858977E-007
  -9.4929738054139390E-007  -9.4866178805789576E-007
  -9.4851197394268449E-007  -9.4944728622496822E-007
 Gradient of SCF Energy
            1           2           3           4           5           6
    1  -0.0008626   0.0008611  -0.0001789   0.0001792  -0.0001781  -0.0001786
    2  -0.0000009  -0.0000007   0.0000074   0.0000251   0.0000163  -0.0000237
    3  -0.0000002  -0.0000011   0.0000230  -0.0000015  -0.0000180  -0.0000052
            7           8
    1   0.0001791   0.0001788
    2  -0.0000136  -0.0000100
    3  -0.0000196   0.0000227
 Max gradient component =       8.626E-04
 RMS gradient           =       2.647E-04
 Gradient time:  CPU 22.61 s  wall 2.10 s
 Geometry Optimization Parameters
   NAtoms,    NIC,     NZ,  NCons,   NDum,   NFix, NCnnct, MaxDiis
        8      44       0       0       0       0       0       0

 Cartesian Hessian Update
 Hessian updated using BFGS update


** GEOMETRY OPTIMIZATION IN DELOCALIZED INTERNAL COORDINATES **
   Searching for a Minimum

   Optimization Cycle:   2

                       Coordinates (Angstroms)
     ATOM                X               Y               Z
      1  C        -0.7608984486    0.0000085512    0.0000049103
      2  C         0.7609109779    0.0000031223    0.0000043874
      3  H         1.1581057488   -0.4428435531   -0.9132391272
      4  H        -1.1581018518   -1.0122223397   -0.0742175157
      5  H         1.1581049489   -0.5694808424    0.8401354025
      6  H         1.1581150771    1.0123165387    0.0731037720
      7  H        -1.1581206420    0.4418372336    0.9137305356
      8  H        -1.1581158105    0.5703786436   -0.8395149562
   Point Group: c1    Number of degrees of freedom:    18


   Energy is    -79.650784641

 Hessian updated using BFGS update

 13 Hessian modes will be used to form the next step
  Hessian Eigenvalues:
     0.005709    0.056150    0.056150    0.056150    0.056150    0.121360
     0.160000    0.290830    0.347863    0.347865    0.347866    0.347869
     0.369436

 Minimum search - taking simple RFO step
 Searching for Lamda that Minimizes Along All modes
 Value Taken    Lamda =  -0.00000332
 Step Taken.  Stepsize is  0.005362

                             Maximum     Tolerance    Cnvgd?
         Gradient           0.000643      0.000300      NO
         Displacement       0.004445      0.001200      NO
         Energy change     -0.000018      0.000001      NO


 New Cartesian Coordinates Obtained by Inverse Iteration

 Displacement from previous Coordinates is:  0.004906
 Adding empirical dispersion correction 
 ----------------------------------------------------------------
 Doing -D3(BJ) with
 s6 =   1.00000
 s8 =   0.00000
 a1 =   0.48600
 a2 =   4.50000
 -D3 energy including 3body term =     -0.0018847154 hartrees
 ----------------------------------------------------------------
 Adding gCP correction 
 ----------------------------------------------------------------
 gCP energy =      0.0069907476 hartrees
 ----------------------------------------------------------------
             Standard Nuclear Orientation (Angstroms)
    I     Atom           X                Y                Z
 ----------------------------------------------------------------
    1      C      -0.7604145608     0.0000099501     0.0000057411
    2      C       0.7604300441     0.0000050824     0.0000059991
    3      H       1.1590105277    -0.4424264670    -0.9130176531
    4      H      -1.1590087745    -1.0118625663    -0.0739129940
    5      H       1.1590102366    -0.5694991093     0.8396640608
    6      H       1.1590255985     1.0119176346     0.0733524780
    7      H      -1.1590289543     0.4419206980     0.9132671475
    8      H      -1.1590241174     0.5699321317    -0.8393573707
 ----------------------------------------------------------------
 Nuclear Repulsion Energy =          42.35928435 hartrees
 There are        9 alpha and        9 beta electrons
 Applying Cartesian multipole field
    Component          Value
    ---------          -----
     (2,0,0)        1.00000E-10
     (0,2,0)        2.00000E-10
     (0,0,2)       -3.00000E-10
 Nucleus-field energy     =     0.0000000043 hartrees
 Requested basis set is def2-mSVP
 There are 26 shells and 42 basis functions
 A cutoff of  1.0D-11 yielded    350 shell pairs
 There are       934 function pairs (      1031 Cartesian)
 Smallest overlap matrix eigenvalue = 1.06E-02
 Guess MOs from SCF MO coefficient file

 -----------------------------------------------------------------------
  General SCF calculation program by
  Eric Jon Sundstrom, Paul Horn, Yuezhi Mao, Dmitri Zuev, Alec White,
  David Stuck, Shaama M.S., Shane Yost, Joonho Lee, David Small,
  Daniel Levine, Susi Lehtola, Hugh Burton, Evgeny Epifanovsky,
  Bang C. Huynh
 -----------------------------------------------------------------------
 Exchange:     0.4200 Hartree-Fock + 0.5800 PBEh-3c
 Correlation:  1.0000 PBEh-3c
 Using Euler-Maclaurin-Lebedev (99,590) quadrature formula
 Dispersion:   Grimme D3
 using 12 threads for integral computing
 -------------------------------------------------------
 OpenMP Integral computing Module                
 Release: version 2.0, May 2017, Q-Chem Inc. Pleasanton 
 -------------------------------------------------------
 DFT Correlation Energy =  -0.73899589433977
 DFT Exchange    Energy =  -6.93986623010494
 HF Exchange     Energy =  -5.24446222990350
 One-Electron    Energy = -189.47694259912478
 Total Coulomb   Energy =  80.39019715177709
 Nuclear repulsion Energy =  42.35928434982704
 A restricted SCF calculation will be
 performed using DIIS
 SCF converges when DIIS error is below 1.0e-08
 DFT Correlation Energy =  -0.73899589433977
 DFT Exchange    Energy =  -6.93986623010494
 HF Exchange     Energy =  -5.24446222990350
 One-Electron    Energy = -189.47694259912478
 Total Coulomb   Energy =  80.39019715177709
 ---------------------------------------
  Cycle       Energy         DIIS error
 ---------------------------------------
 DFT Correlation Energy =  -0.73899064872578
 DFT Exchange    Energy =  -6.93979386328022
 HF Exchange     Energy =  -5.24440513389124
 One-Electron    Energy = -189.47582301571578
 Total Coulomb   Energy =  80.38894206673591
 Nuclear repulsion Energy =  42.35928434982704
    1     -79.6507854519      5.01e-05  
 DFT Correlation Energy =  -0.73899064872578
 DFT Exchange    Energy =  -6.93979386328022
 HF Exchange     Energy =  -5.24440513389124
 One-Electron    Energy = -189.47582301571578
 Total Coulomb   Energy =  80.38894206673591
 DFT Correlation Energy =  -0.73899396248593
 DFT Exchange    Energy =  -6.93982763627595
 HF Exchange     Energy =  -5.24442733017225
 One-Electron    Energy = -189.47662739695821
 Total Coulomb   Energy =  80.38980571643413
 Nuclear repulsion Energy =  42.35928434982704
    2     -79.6507862451      6.86e-06  
 DFT Correlation Energy =  -0.73899396248593
 DFT Exchange    Energy =  -6.93982763627595
 HF Exchange     Energy =  -5.24442733017225
 One-Electron    Energy = -189.47662739695821
 Total Coulomb   Energy =  80.38980571643413
 DFT Correlation Energy =  -0.73899139196687
 DFT Exchange    Energy =  -6.93980065194310
 HF Exchange     Energy =  -5.24440886052546
 One-Electron    Energy = -189.47608580641122
 Total Coulomb   Energy =  80.38921609824128
 Nuclear repulsion Energy =  42.35928434982704
    3     -79.6507862596      3.95e-06  
 DFT Correlation Energy =  -0.73899139196687
 DFT Exchange    Energy =  -6.93980065194310
 HF Exchange     Energy =  -5.24440886052546
 One-Electron    Energy = -189.47608580641122
 Total Coulomb   Energy =  80.38921609824128
 DFT Correlation Energy =  -0.73899195728910
 DFT Exchange    Energy =  -6.93980771485656
 HF Exchange     Energy =  -5.24441375251595
 One-Electron    Energy = -189.47620651670732
 Total Coulomb   Energy =  80.38934932856505
 Nuclear repulsion Energy =  42.35928434982704
    4     -79.6507862628      9.24e-07  
 DFT Correlation Energy =  -0.73899195728910
 DFT Exchange    Energy =  -6.93980771485656
 HF Exchange     Energy =  -5.24441375251595
 One-Electron    Energy = -189.47620651670732
 Total Coulomb   Energy =  80.38934932856505
 DFT Correlation Energy =  -0.73899189902594
 DFT Exchange    Energy =  -6.93980708680279
 HF Exchange     Energy =  -5.24441332184061
 One-Electron    Energy = -189.47619575898531
 Total Coulomb   Energy =  80.38933745386946
 Nuclear repulsion Energy =  42.35928434982704
    5     -79.6507862630      9.54e-08  
 DFT Correlation Energy =  -0.73899189902594
 DFT Exchange    Energy =  -6.93980708680279
 HF Exchange     Energy =  -5.24441332184061
 One-Electron    Energy = -189.47619575898531
 Total Coulomb   Energy =  80.38933745386946
    6     -79.6507862630      4.74e-09  Convergence criterion met
 ---------------------------------------
 DFT Correlation Energy =  -0.73899189902594
 DFT Exchange    Energy =  -6.93980708680279
 HF Exchange     Energy =  -5.24441332184061
 One-Electron    Energy = -189.47619575898531
 Total Coulomb   Energy =  80.38933745386946
 SCF time:   CPU 63.64s  wall 5.00s 
 DFT Correlation Energy =  -0.73899189902594
 DFT Exchange    Energy =  -6.93980708680279
 HF Exchange     Energy =  -5.24441332184061
 One-Electron    Energy = -189.47619575898531
 Total Coulomb   Energy =  80.38933745386946
 Nuclear repulsion Energy =  42.35928434982704
 SCF   energy in the final basis set =      -79.6507862630
 Total energy in the final basis set =      -79.6507862630

 --------------------------------------------------------------

                    Orbital Energies (a.u.)
 --------------------------------------------------------------

 Alpha MOs
 -- Occupied --
-10.4212 -10.4210  -0.8396  -0.6898  -0.4913  -0.4913  -0.4201  -0.3912
 -0.3912
 -- Virtual --
  0.1555   0.2017   0.2190   0.2190   0.2260   0.2260   0.2685   0.4867
  0.5276   0.5276   0.5784   0.5784   0.6799   1.0085   1.0085   1.0180
  1.0607   1.0607   1.0846   1.0907   1.4285   1.5803   1.5803   1.9934
  2.0213   2.0213   2.3543   2.3543   2.4211   2.4211   2.6232  13.6387
 13.9251
 --------------------------------------------------------------

          Ground-State Mulliken Net Atomic Charges

     Atom                 Charge (a.u.)
  ----------------------------------------
      1 C                    -0.638588
      2 C                    -0.638584
      3 H                     0.212862
      4 H                     0.212861
      5 H                     0.212862
      6 H                     0.212863
      7 H                     0.212863
      8 H                     0.212861
  ----------------------------------------
  Sum of atomic charges =     0.000000

 -----------------------------------------------------------------
                    Cartesian Multipole Moments
 -----------------------------------------------------------------
    Charge (ESU x 10^10)
                 0.0000
    Dipole Moment (Debye)
         X      -0.0000      Y      -0.0000      Z      -0.0000
       Tot       0.0000
    Quadrupole Moments (Debye-Ang)
        XX     -15.1965     XY       0.0000     YY     -14.6531
        XZ      -0.0000     YZ      -0.0000     ZZ     -14.6531
    Octopole Moments (Debye-Ang^2)
       XXX      -0.0004    XXY      -0.0001    XYY       0.0001
       YYY       0.0000    XXZ      -0.0001    XYZ      -0.0000
       YYZ      -0.0011    XZZ      -0.0001    YZZ      -0.0003
       ZZZ       0.0008
    Hexadecapole Moments (Debye-Ang^3)
      XXXX     -92.0787   XXXY       0.0001   XXYY     -18.5729
      XYYY       1.5278   YYYY     -27.9328   XXXZ      -0.0000
      XXYZ      -0.0000   XYYZ       0.3383   YYYZ       0.0000
      XXZZ     -18.5728   XYZZ      -1.5277   YYZZ      -9.3109
      XZZZ      -0.3383   YZZZ       0.0000   ZZZZ     -27.9328
 -----------------------------------------------------------------
 Mayer SCF Bond Order, atomic valence on the diagonal:

            1           2           3           4           5           6
    1   3.7546836   0.9966588  -0.0120702   0.9314117  -0.0120703  -0.0120703
    2   0.9966588   3.7546858   0.9314118  -0.0120699   0.9314121   0.9314119
    3  -0.0120702   0.9314118   0.9116371   0.0003075  -0.0081903  -0.0081902
    4   0.9314117  -0.0120699   0.0003075   0.9116362   0.0003060   0.0080625
    5  -0.0120703   0.9314121  -0.0081903   0.0003060   0.9116382  -0.0081894
    6  -0.0120703   0.9314119  -0.0081902   0.0080625  -0.0081894   0.9116381
    7   0.9314116  -0.0120695   0.0080624  -0.0081906   0.0003075   0.0003061
    8   0.9314122  -0.0120694   0.0003060  -0.0081910   0.0080625   0.0003075
            7           8
    1   0.9314116   0.9314122
    2  -0.0120695  -0.0120694
    3   0.0080624   0.0003060
    4  -0.0081906  -0.0081910
    5   0.0003075   0.0080625
    6   0.0003061   0.0003075
    7   0.9116378  -0.0081897
    8  -0.0081897   0.9116381


 Calculating analytic gradient of the SCF energy
  -9.4955610811613002E-007  -9.4992466892685079E-007
  -9.4974042368689934E-007  -9.4974041908981479E-007
  -9.4974042259043551E-007  -9.4974042018993250E-007
  -9.4992467209623229E-007  -9.4955610494513026E-007
  -9.4974042247060195E-007  -9.4974042031116938E-007
  -9.4974042263812368E-007  -9.4974042014003209E-007
  -9.5014940688939665E-007  -9.4933143556047350E-007
  -9.4949376247871941E-007  -9.4998732701752828E-007
  -9.4923141597519494E-007  -9.5024982786004902E-007
  -9.4933143638242454E-007  -9.5014940607057509E-007
  -9.4917630248639423E-007  -9.5030498744504394E-007
  -9.4969926743397911E-007  -9.4978177596066639E-007
  -9.5014940901994381E-007  -9.4933143342998775E-007
  -9.4942295053492565E-007  -9.5005817000502926E-007
  -9.5020893057475380E-007  -9.4927228222444530E-007
  -9.5014942013537464E-007  -9.4933142231587967E-007
  -9.5030503693840068E-007  -9.4917625304694002E-007
  -9.4978140335059570E-007  -9.4969964000494864E-007
  -9.4933142424930966E-007  -9.5014941820076600E-007
  -9.4998699376825533E-007  -9.4949409553184282E-007
  -9.5024999754472627E-007  -9.4923124648635732E-007
  -9.4933142750591375E-007  -9.5014941494506157E-007
  -9.5005845041499708E-007  -9.4942267033180010E-007
  -9.4927248266951737E-007  -9.5020872991079264E-007
 Gradient of SCF Energy
            1           2           3           4           5           6
    1  -0.0000207   0.0000211   0.0000027  -0.0000033   0.0000031   0.0000031
    2   0.0000001   0.0000001   0.0000069   0.0000192   0.0000116  -0.0000189
    3   0.0000004  -0.0000000   0.0000173  -0.0000001  -0.0000153  -0.0000032
            7           8
    1  -0.0000027  -0.0000033
    2  -0.0000098  -0.0000092
    3  -0.0000160   0.0000170
 Max gradient component =       2.107E-05
 RMS gradient           =       1.138E-05
 Gradient time:  CPU 22.50 s  wall 2.09 s
 Geometry Optimization Parameters
   NAtoms,    NIC,     NZ,  NCons,   NDum,   NFix, NCnnct, MaxDiis
        8      44       0       0       0       0       0       0

 Cartesian Hessian Update
 Hessian updated using BFGS update


** GEOMETRY OPTIMIZATION IN DELOCALIZED INTERNAL COORDINATES **
   Searching for a Minimum

   Optimization Cycle:   3

                       Coordinates (Angstroms)
     ATOM                X               Y               Z
      1  C        -0.7604145608    0.0000099501    0.0000057411
      2  C         0.7604300441    0.0000050824    0.0000059991
      3  H         1.1590105277   -0.4424264670   -0.9130176531
      4  H        -1.1590087745   -1.0118625663   -0.0739129940
      5  H         1.1590102366   -0.5694991093    0.8396640608
      6  H         1.1590255985    1.0119176346    0.0733524780
      7  H        -1.1590289543    0.4419206980    0.9132671475
      8  H        -1.1590241174    0.5699321317   -0.8393573707
   Point Group: c1    Number of degrees of freedom:    18


   Energy is    -79.650786263

 Hessian updated using BFGS update

 15 Hessian modes will be used to form the next step
  Hessian Eigenvalues:
     0.005691    0.056150    0.056150    0.056150    0.056150    0.127704
     0.160000    0.160000    0.284465    0.347863    0.347865    0.347866
     0.347867    0.347869    0.367654

 Minimum search - taking simple RFO step
 Searching for Lamda that Minimizes Along All modes
 Value Taken    Lamda =   0.00000000
 Step Taken.  Stepsize is  0.000574

                             Maximum     Tolerance    Cnvgd?
         Gradient           0.000043      0.000300     YES
         Displacement       0.000514      0.001200     YES
         Energy change     -0.000002      0.000001      NO


                       Distance Matrix (Angstroms)
             C (  1)   C (  2)   H (  3)   H (  4)   H (  5)   H (  6)
   C (  2)  1.520845
   H (  3)  2.171072  1.090057
   H (  4)  1.090058  2.171079  2.530132
   H (  5)  2.171073  1.090058  1.757282  2.530518
   H (  6)  2.171080  1.090057  1.757283  3.080691  1.757303
   H (  7)  1.090057  2.171096  3.080697  1.757274  2.530157  2.530559
   H (  8)  1.090060  2.171095  2.530530  1.757265  3.080698  2.530167
             H (  7)
   H (  8)  1.757293

 Final energy is   -79.650786262958150     


 ******************************
 **  OPTIMIZATION CONVERGED  **
 ******************************

                       Coordinates (Angstroms)
     ATOM                X               Y               Z
      1  C        -0.7604145608    0.0000099501    0.0000057411
      2  C         0.7604300441    0.0000050824    0.0000059991
      3  H         1.1590105277   -0.4424264670   -0.9130176531
      4  H        -1.1590087745   -1.0118625663   -0.0739129940
      5  H         1.1590102366   -0.5694991093    0.8396640608
      6  H         1.1590255985    1.0119176346    0.0733524780
      7  H        -1.1590289543    0.4419206980    0.9132671475
      8  H        -1.1590241174    0.5699321317   -0.8393573707

Z-matrix Print:
$molecule
0 1
C 
H  1 1.090057
H  1 1.090058 2 107.422791
H  1 1.090060 2 107.424409 3 115.301657 0
C  1 1.520845 2 111.449634 3 -122.347939 0
H  5 1.090057 1 111.447726 2 179.967677 0
H  5 1.090057 1 111.448315 2 -60.032851 0
H  5 1.090058 1 111.447725 2 59.968748 0
$end


 --------------------------------------------------------------

                    Orbital Energies (a.u.)
 --------------------------------------------------------------

 Alpha MOs
 -- Occupied --
-10.4212 -10.4210  -0.8396  -0.6898  -0.4913  -0.4913  -0.4201  -0.3912
 -0.3912
 -- Virtual --
  0.1555   0.2017   0.2190   0.2190   0.2260   0.2260   0.2685   0.4867
  0.5276   0.5276   0.5784   0.5784   0.6799   1.0085   1.0085   1.0180
  1.0607   1.0607   1.0846   1.0907   1.4285   1.5803   1.5803   1.9934
  2.0213   2.0213   2.3543   2.3543   2.4211   2.4211   2.6232  13.6387
 13.9251
 --------------------------------------------------------------

          Ground-State Mulliken Net Atomic Charges

     Atom                 Charge (a.u.)
  ----------------------------------------
      1 C                    -0.638588
      2 C                    -0.638584
      3 H                     0.212862
      4 H                     0.212861
      5 H                     0.212862
      6 H                     0.212863
      7 H                     0.212863
      8 H                     0.212861
  ----------------------------------------
  Sum of atomic charges =     0.000000

 -----------------------------------------------------------------
                    Cartesian Multipole Moments
 -----------------------------------------------------------------
    Charge (ESU x 10^10)
                 0.0000
    Dipole Moment (Debye)
         X      -0.0000      Y      -0.0000      Z      -0.0000
       Tot       0.0000
    Quadrupole Moments (Debye-Ang)
        XX     -15.1965     XY       0.0000     YY     -14.6531
        XZ      -0.0000     YZ      -0.0000     ZZ     -14.6531
    Octopole Moments (Debye-Ang^2)
       XXX      -0.0004    XXY      -0.0001    XYY       0.0001
       YYY       0.0000    XXZ      -0.0001    XYZ      -0.0000
       YYZ      -0.0011    XZZ      -0.0001    YZZ      -0.0003
       ZZZ       0.0008
    Hexadecapole Moments (Debye-Ang^3)
      XXXX     -92.0787   XXXY       0.0001   XXYY     -18.5729
      XYYY       1.5278   YYYY     -27.9328   XXXZ      -0.0000
      XXYZ      -0.0000   XYYZ       0.3383   YYYZ       0.0000
      XXZZ     -18.5728   XYZZ      -1.5277   YYZZ      -9.3109
      XZZZ      -0.3383   YZZZ       0.0000   ZZZZ     -27.9328
 -----------------------------------------------------------------
 Mayer SCF Bond Order, atomic valence on the diagonal:

            1           2           3           4           5           6
    1   3.7546836   0.9966588  -0.0120702   0.9314117  -0.0120703  -0.0120703
    2   0.9966588   3.7546858   0.9314118  -0.0120699   0.9314121   0.9314119
    3  -0.0120702   0.9314118   0.9116371   0.0003075  -0.0081903  -0.0081902
    4   0.9314117  -0.0120699   0.0003075   0.9116362   0.0003060   0.0080625
    5  -0.0120703   0.9314121  -0.0081903   0.0003060   0.9116382  -0.0081894
    6  -0.0120703   0.9314119  -0.0081902   0.0080625  -0.0081894   0.9116381
    7   0.9314116  -0.0120695   0.0080624  -0.0081906   0.0003075   0.0003061
    8   0.9314122  -0.0120694   0.0003060  -0.0081910   0.0080625   0.0003075
            7           8
    1   0.9314116   0.9314122
    2  -0.0120695  -0.0120694
    3   0.0080624   0.0003060
    4  -0.0081906  -0.0081910
    5   0.0003075   0.0080625
    6   0.0003061   0.0003075
    7   0.9116378  -0.0081897
    8  -0.0081897   0.9116381


Archival summary:
1\1\node42.cluster.fit.edu\OPT\ProcedureUnspecified\BasisUnspecified\26\rpeverat\WedOct711:39:502020WedOct711:39:502020\0\\#,OPT,ProcedureUnspecified,BasisUnspecified,\\0,1\C\H,1,1.09006\H,1,1.09006,2,107.423\H,1,1.09006,2,107.424,3,115.302,0\C,1,1.52084,2,111.45,3,-122.348,0\H,5,1.09006,1,111.448,2,179.968,0\H,5,1.09006,1,111.448,2,-60.0329,0\H,5,1.09006,1,111.448,2,59.9687,0\\\@

 Total job time:  28.33s(wall), 291.90s(cpu) 
 Wed Oct  7 11:39:50 2020

        *************************************************************
        *                                                           *
        *  Thank you very much for using Q-Chem.  Have a nice day.  *
        *                                                           *
        *************************************************************


