                  Welcome to Q-Chem
     A Quantum Leap Into The Future Of Chemistry


 Q-Chem 5.2 (devel), Q-Chem, Inc., Pleasanton, CA (2019)

 Yihan Shao,  Zhengting Gan,  E. Epifanovsky,  A. T. B. Gilbert,  M. Wormit,  
 J. Kussmann,  A. W. Lange,  A. Behn,  Jia Deng,  Xintian Feng,  D. Ghosh,  
 M. Goldey,  P. R. Horn,  L. D. Jacobson,  I. Kaliman,  T. Kus,  A. Landau,  
 Jie Liu,  E. I. Proynov,  R. M. Richard,  R. P. Steele,  E. J. Sundstrom,  
 H. L. Woodcock III,  P. M. Zimmerman,  D. Zuev,  B. Albrecht,  E. Alguire,  
 S. A. Baeppler,  D. Barton,  Z. Benda,  Y. A. Bernard,  E. J. Berquist,  
 K. B. Bravaya,  H. Burton,  D. Casanova,  Chun-Min Chang,  Yunqing Chen,  
 A. Chien,  K. D. Closser,  M. P. Coons,  S. Coriani,  S. Dasgupta,  
 A. L. Dempwolff,  M. Diedenhofen,  Hainam Do,  R. G. Edgar,  Po-Tung Fang,  
 S. Faraji,  S. Fatehi,  Qingguo Feng,  K. D. Fenk,  J. Fosso-Tande,  
 J. Gayvert,  Qinghui Ge,  A. Ghysels,  G. Gidofalvi,  J. Gomes,  
 J. Gonthier,  A. Gunina,  D. Hait,  M. W. D. Hanson-Heine,  
 P. H. P. Harbach,  A. W. Hauser,  M. F. Herbst,  J. E. Herr,  
 E. G. Hohenstein,  Z. C. Holden,  Kerwin Hui,  B. C. Huynh,  T.-C. Jagau,  
 Hyunjun Ji,  B. Kaduk,  K. Khistyaev,  Jaehoon Kim,  P. Klunzinger,  K. Koh,  
 D. Kosenkov,  L. Koulias,  T. Kowalczyk,  C. M. Krauter,  A. Kunitsa,  
 Ka Un Lao,  A. Laurent,  K. V. Lawler,  Joonho Lee,  D. Lefrancois,  
 S. Lehtola,  D. S. Levine,  Yi-Pei Li,  You-Sheng Lin,  Fenglai Liu,  
 E. Livshits,  A. Luenser,  P. Manohar,  E. Mansoor,  S. F. Manzer,  
 Shan-Ping Mao,  Yuezhi Mao,  N. Mardirossian,  A. V. Marenich,  
 T. Markovich,  L. A. Martinez-Martinez,  S. A. Maurer,  N. J. Mayhall,  
 S. C. McKenzie,  J.-M. Mewes,  P. Morgante,  A. F. Morrison,  
 J. W. Mullinax,  K. Nanda,  T. S. Nguyen-Beck,  R. Olivares-Amaya,  
 J. A. Parkhill,  Zheng Pei,  T. M. Perrine,  F. Plasser,  P. Pokhilko,  
 S. Prager,  A. Prociuk,  E. Ramos,  D. R. Rehn,  F. Rob,  M. Scheurer,  
 M. Schneider,  N. Sergueev,  S. M. Sharada,  S. Sharma,  D. W. Small,  
 T. Stauch,  T. Stein,  Yu-Chuan Su,  A. J. W. Thom,  A. Tkatchenko,  
 T. Tsuchimochi,  N. M. Tubman,  L. Vogt,  M. L. Vidal,  O. Vydrov,  
 M. A. Watson,  J. Wenzel,  M. de Wergifosse,  T. A. Wesolowski,  A. White,  
 J. Witte,  A. Yamada,  Jun Yang,  K. Yao,  S. Yeganeh,  S. R. Yost,  
 Zhi-Qiang You,  A. Zech,  Igor Ying Zhang,  Xing Zhang,  Yan Zhao,  
 Ying Zhu,  B. R. Brooks,  G. K. L. Chan,  C. J. Cramer,  M. S. Gordon,  
 W. J. Hehre,  A. Klamt,  M. W. Schmidt,  C. D. Sherrill,  D. G. Truhlar,  
 A. Aspuru-Guzik,  R. Baer,  A. T. Bell,  N. A. Besley,  Jeng-Da Chai,  
 A. E. DePrince, III,  R. A. DiStasio Jr.,  A. Dreuw,  B. D. Dunietz,  
 T. R. Furlani,  Chao-Ping Hsu,  Yousung Jung,  Jing Kong,  D. S. Lambrecht,  
 WanZhen Liang,  C. Ochsenfeld,  V. A. Rassolov,  L. V. Slipchenko,  
 J. E. Subotnik,  T. Van Voorhis,  J. M. Herbert,  A. I. Krylov,  
 P. M. W. Gill,  M. Head-Gordon

 Contributors to earlier versions of Q-Chem not listed above: 
 R. D. Adamson,  B. Austin,  J. Baker,  G. J. O. Beran,  K. Brandhorst,  
 S. T. Brown,  E. F. C. Byrd,  A. K. Chakraborty,  C.-L. Cheng,  
 Siu Hung Chien,  D. M. Chipman,  D. L. Crittenden,  H. Dachsel,  
 R. J. Doerksen,  A. D. Dutoi,  L. Fusti-Molnar,  W. A. Goddard III,  
 A. Golubeva-Zadorozhnaya,  S. R. Gwaltney,  G. Hawkins,  A. Heyden,  
 S. Hirata,  G. Kedziora,  F. J. Keil,  C. Kelley,  Jihan Kim,  R. A. King,  
 R. Z. Khaliullin,  P. P. Korambath,  W. Kurlancheek,  A. M. Lee,  M. S. Lee,  
 S. V. Levchenko,  Ching Yeh Lin,  D. Liotard,  R. C. Lochan,  I. Lotan,  
 P. E. Maslen,  N. Nair,  D. P. O'Neill,  D. Neuhauser,  E. Neuscamman,  
 C. M. Oana,  R. Olson,  B. Peters,  R. Peverati,  P. A. Pieniazek,  
 Y. M. Rhee,  J. Ritchie,  M. A. Rohrdanz,  E. Rosta,  N. J. Russ,  
 H. F. Schaefer III,  N. E. Schultz,  N. Shenvi,  A. C. Simmonett,  A. Sodt,  
 D. Stuck,  K. S. Thanthiriwatte,  V. Vanovschi,  Tao Wang,  A. Warshel,  
 C. F. Williams,  Q. Wu,  X. Xu,  W. Zhang

 Please cite Q-Chem as follows:
 Y. Shao et al., Mol. Phys. 113, 184-215 (2015)
 DOI: 10.1080/00268976.2014.952696

 Q-Chem 5.2.0 for Intel X86 EM64T Linux

 Parts of Q-Chem use Armadillo 8.300.2 (Tropical Shenanigans).
 http://arma.sourceforge.net/

 Q-Chem begins on Wed Oct  7 11:39:22 2020  

node40.cluster.fit.edu
Host: 0

     Scratch files written to /udrive/faculty/rpeverati/pierpa/qchem/scratch/qchem22177//
NAlpha2: 18
NElect   17
Mult     2

Checking the input file for inconsistencies... 	...done.

--------------------------------------------------------------
User input:
--------------------------------------------------------------
$Comment
Geometry optimizations for CLB18.
$End

$Rem
SYMMETRY              False
SYM_IGNORE            True
JOBTYPE               Opt
METHOD                PBEh-3c
BASIS                 def2-mSVP
MAX_SCF_CYCLES        50
SCF_ALGORITHM         DIIS
SCF_PRINT             1
SCF_FINAL_PRINT       1
XC_GRID               000099000590
MEM_TOTAL             20000
MEM_STATIC            4000
BLAS3_DFT             True
New_DFT               True
$End

$Molecule
0 2
C 0.7946072080 0.0000060000 -0.0223949912
C -0.6953706056 0.0001700003 -0.0004600000
H -1.1033979858 0.8895945173 -0.4810559520
H 1.3484758274 -0.9240492455 0.0484850153
H -1.0860409733 -0.0133270105 1.0246458333
H -1.1038266193 -0.8767196358 -0.5035740298
H 1.3493860122 0.9234459835 0.0486330261
$End

--------------------------------------------------------------
 Adding empirical dispersion correction 
 ----------------------------------------------------------------
 Doing -D3(BJ) with
 s6 =   1.00000
 s8 =   0.00000
 a1 =   0.48600
 a2 =   4.50000
 -D3 energy including 3body term =     -0.0015752833 hartrees
 ----------------------------------------------------------------
 Adding gCP correction 
 ----------------------------------------------------------------
 gCP energy =      0.0057253133 hartrees
 ----------------------------------------------------------------
             Standard Nuclear Orientation (Angstroms)
    I     Atom           X                Y                Z
 ----------------------------------------------------------------
    1      C       0.7946072080     0.0000060000    -0.0223949912
    2      C      -0.6953706056     0.0001700003    -0.0004600000
    3      H      -1.1033979858     0.8895945173    -0.4810559520
    4      H       1.3484758274    -0.9240492455     0.0484850153
    5      H      -1.0860409733    -0.0133270105     1.0246458333
    6      H      -1.1038266193    -0.8767196358    -0.5035740298
    7      H       1.3493860122     0.9234459835     0.0486330261
 ----------------------------------------------------------------
 Nuclear Repulsion Energy =          36.98576900 hartrees
 There are        9 alpha and        8 beta electrons
 Requested basis set is def2-mSVP
 There are 24 shells and 40 basis functions

 Total QAlloc Memory Limit  20000 MB
 Mega-Array Size      3911 MB
 MEM_STATIC part      4000 MB
 A cutoff of  1.0D-11 yielded    299 shell pairs
 There are       851 function pairs (       944 Cartesian)
 Smallest overlap matrix eigenvalue = 1.19E-02

 Scale SEOQF with 1.000000e+00/1.000000e+00/1.000000e+00

 Standard Electronic Orientation quadrupole field applied
 Nucleus-field energy     =     0.0000000057 hartrees
 Guess from superposition of atomic densities
 Warning:  Energy on first SCF cycle will be non-variational
 SAD guess density has 17.000000 electrons

 -----------------------------------------------------------------------
  General SCF calculation program by
  Eric Jon Sundstrom, Paul Horn, Yuezhi Mao, Dmitri Zuev, Alec White,
  David Stuck, Shaama M.S., Shane Yost, Joonho Lee, David Small,
  Daniel Levine, Susi Lehtola, Hugh Burton, Evgeny Epifanovsky,
  Bang C. Huynh
 -----------------------------------------------------------------------
 Exchange:     0.4200 Hartree-Fock + 0.5800 PBEh-3c
 Correlation:  1.0000 PBEh-3c
 Using Euler-Maclaurin-Lebedev (99,590) quadrature formula
 Dispersion:   Grimme D3
 using 12 threads for integral computing
 -------------------------------------------------------
 OpenMP Integral computing Module                
 Release: version 2.0, May 2017, Q-Chem Inc. Pleasanton 
 -------------------------------------------------------
 A unrestricted SCF calculation will be
 performed using DIIS
 SCF converges when DIIS error is below 1.0e-08
 Alpha HF Exchange    Energy =  -2.53155411993694
 Beta HF Exchange     Energy =  -2.53155411993694
 DFT Correlation      Energy =  -0.68802298843691
 DFT Exchange         Energy =  -6.55237242914553
 One-Electron (alpha) Energy = -87.98524608190569
 One-Electron (beta)  Energy = -87.98524608190569
 Total Coulomb        Energy =  72.15385788492699
 ---------------------------------------
  Cycle       Energy         DIIS error
 ---------------------------------------
    1     -79.1343689316      5.50e-02  
 Alpha HF Exchange    Energy =  -2.65674787462960
 Beta HF Exchange     Energy =  -2.46885534867858
 DFT Correlation      Energy =  -0.69834062696347
 DFT Exchange         Energy =  -6.79215760166082
 One-Electron (alpha) Energy = -92.97308114396996
 One-Electron (beta)  Energy = -86.30932674990657
 Total Coulomb        Energy =  75.96461362969120
    2     -78.9481267113      5.84e-03  
 Alpha HF Exchange    Energy =  -2.61230220866821
 Beta HF Exchange     Energy =  -2.43515440645654
 DFT Correlation      Energy =  -0.68616154304788
 DFT Exchange         Energy =  -6.67435524104021
 One-Electron (alpha) Energy = -91.81144697320616
 One-Electron (beta)  Energy = -85.21705040750724
 Total Coulomb        Energy =  73.48815146335332
    3     -78.9625503118      4.52e-03  
 Alpha HF Exchange    Energy =  -2.63553006775697
 Beta HF Exchange     Energy =  -2.45345935422055
 DFT Correlation      Energy =  -0.69095022710764
 DFT Exchange         Energy =  -6.73380052860378
 One-Electron (alpha) Energy = -92.39818770314203
 One-Electron (beta)  Energy = -85.70081573817961
 Total Coulomb        Energy =  74.64738340323431
    4     -78.9795912110      3.32e-04  
 Alpha HF Exchange    Energy =  -2.63597720347128
 Beta HF Exchange     Energy =  -2.45323424589155
 DFT Correlation      Energy =  -0.69057647044686
 DFT Exchange         Energy =  -6.73347142962901
 One-Electron (alpha) Energy = -92.40089484762836
 One-Electron (beta)  Energy = -85.66912232062899
 Total Coulomb        Energy =  74.61771279513935
    5     -78.9797947178      1.18e-04  
 Alpha HF Exchange    Energy =  -2.63600301123079
 Beta HF Exchange     Energy =  -2.45322713550325
 DFT Correlation      Energy =  -0.69050049833588
 DFT Exchange         Energy =  -6.73338922871031
 One-Electron (alpha) Energy = -92.40374499224009
 One-Electron (beta)  Energy = -85.66231465331094
 Total Coulomb        Energy =  74.61359567151534
    6     -78.9798148430      6.26e-05  
 Alpha HF Exchange    Energy =  -2.63623902114523
 Beta HF Exchange     Energy =  -2.45317496071291
 DFT Correlation      Energy =  -0.69047624977398
 DFT Exchange         Energy =  -6.73360076938421
 One-Electron (alpha) Energy = -92.40845579005183
 One-Electron (beta)  Energy = -85.65904863703788
 Total Coulomb        Energy =  74.61540594200405
    7     -78.9798204813      1.49e-05  
 Alpha HF Exchange    Energy =  -2.63629323577705
 Beta HF Exchange     Energy =  -2.45315833810275
 DFT Correlation      Energy =  -0.69046796174328
 DFT Exchange         Energy =  -6.73364684017837
 One-Electron (alpha) Energy = -92.40958355737759
 One-Electron (beta)  Energy = -85.65785037073240
 Total Coulomb        Energy =  74.61541037156925
    8     -78.9798209276      2.96e-06  
 Alpha HF Exchange    Energy =  -2.63630304337723
 Beta HF Exchange     Energy =  -2.45314796202628
 DFT Correlation      Energy =  -0.69046737564303
 DFT Exchange         Energy =  -6.73364797276192
 One-Electron (alpha) Energy = -92.40977403861596
 One-Electron (beta)  Energy = -85.65771948927963
 Total Coulomb        Energy =  74.61546992620049
    9     -78.9798209507      6.64e-07  
 Alpha HF Exchange    Energy =  -2.63630287860834
 Beta HF Exchange     Energy =  -2.45314675809769
 DFT Correlation      Energy =  -0.69046729808958
 DFT Exchange         Energy =  -6.73364648734190
 One-Electron (alpha) Energy = -92.40973713762713
 One-Electron (beta)  Energy = -85.65774000221057
 Total Coulomb        Energy =  74.61545060537080
   10     -78.9798209518      2.02e-07  
 Alpha HF Exchange    Energy =  -2.63630248182930
 Beta HF Exchange     Energy =  -2.45314704769448
 DFT Correlation      Energy =  -0.69046729035721
 DFT Exchange         Energy =  -6.73364637792455
 One-Electron (alpha) Energy = -92.40971379334219
 One-Electron (beta)  Energy = -85.65776143003238
 Total Coulomb        Energy =  74.61544846450343
   11     -78.9798209519      6.31e-08  
 Alpha HF Exchange    Energy =  -2.63630215181197
 Beta HF Exchange     Energy =  -2.45314738682854
 DFT Correlation      Energy =  -0.69046728728946
 DFT Exchange         Energy =  -6.73364637040153
 One-Electron (alpha) Energy = -92.40970144016096
 One-Electron (beta)  Energy = -85.65777393151484
 Total Coulomb        Energy =  74.61544861130200
   12     -78.9798209519      1.47e-08  
 Alpha HF Exchange    Energy =  -2.63630204079291
 Beta HF Exchange     Energy =  -2.45314751088642
 DFT Correlation      Energy =  -0.69046728918942
 DFT Exchange         Energy =  -6.73364638757260
 One-Electron (alpha) Energy = -92.40969788227706
 One-Electron (beta)  Energy = -85.65777763881378
 Total Coulomb        Energy =  74.61544879283113
   13     -78.9798209519      3.53e-09  Convergence criterion met
 ---------------------------------------
 Alpha HF Exchange    Energy =  -2.63630204079291
 Beta HF Exchange     Energy =  -2.45314751088642
 DFT Correlation      Energy =  -0.69046728918942
 DFT Exchange         Energy =  -6.73364638757260
 One-Electron (alpha) Energy = -92.40969788227706
 One-Electron (beta)  Energy = -85.65777763881378
 Total Coulomb        Energy =  74.61544879283113
 SCF time:   CPU 146.62s  wall 13.00s 
<S^2> =          0.755074628
 Alpha HF Exchange    Energy =  -2.63630204079291
 Beta HF Exchange     Energy =  -2.45314751088642
 DFT Correlation      Energy =  -0.69046728918942
 DFT Exchange         Energy =  -6.73364638757260
 One-Electron (alpha) Energy = -92.40969788227706
 One-Electron (beta)  Energy = -85.65777763881378
 Total Coulomb        Energy =  74.61544879283113
 Nuclear repulsion Energy =  36.98576900478496
 SCF   energy in the final basis set =      -78.9798209519
 Total energy in the final basis set =      -78.9798209519

 --------------------------------------------------------------

                    Orbital Energies (a.u.)
 --------------------------------------------------------------

 Alpha MOs
 -- Occupied --
-10.4419 -10.4292  -0.8446  -0.6852  -0.5102  -0.4710  -0.4449  -0.4092
 -0.2521
 -- Virtual --
  0.1654   0.1857   0.2001   0.2241   0.2744   0.2760   0.4837   0.5201
  0.5340   0.5770   0.6206   0.6476   0.8487   0.9996   1.0025   1.0576
  1.0667   1.0829   1.2730   1.5194   1.7072   1.8026   1.9794   2.0444
  2.2227   2.2543   2.4110   2.5375   2.6146  13.5183  13.8889

 Beta MOs
 -- Occupied --
-10.4305 -10.4258  -0.8228  -0.6535  -0.5021  -0.4511  -0.4350  -0.4041
 -- Virtual --
 -0.0005   0.1708   0.2019   0.2027   0.2334   0.2810   0.2823   0.4902
  0.5231   0.5594   0.6407   0.6476   0.6566   0.8749   1.0025   1.0103
  1.0684   1.0809   1.0865   1.2852   1.5486   1.7698   1.8085   2.0041
  2.0767   2.2588   2.2694   2.4261   2.5446   2.6274  13.5337  13.8950
 --------------------------------------------------------------

          Ground-State Mulliken Net Atomic Charges

     Atom                 Charge (a.u.)    Spin (a.u.)
  --------------------------------------------------------
      1 C                    -0.433900       1.130212
      2 C                    -0.664825      -0.102071
      3 H                     0.223525       0.014847
      4 H                     0.213021      -0.061232
      5 H                     0.225243       0.063413
      6 H                     0.223650       0.016091
      7 H                     0.213287      -0.061259
  --------------------------------------------------------
  Sum of atomic charges =    -0.000000
  Sum of spin   charges =     1.000000

 -----------------------------------------------------------------
                    Cartesian Multipole Moments
 -----------------------------------------------------------------
    Charge (ESU x 10^10)
                 0.0000
    Dipole Moment (Debye)
         X      -0.2231      Y      -0.0006      Z       0.1545
       Tot       0.2714
    Quadrupole Moments (Debye-Ang)
        XX     -13.9446     XY       0.0013     YY     -13.3322
        XZ       0.1893     YZ       0.0002     ZZ     -15.1234
    Octopole Moments (Debye-Ang^2)
       XXX       0.2791    XXY       0.0028    XYY       0.5753
       YYY       0.0252    XXZ       0.2629    XYZ      -0.0002
       YYZ      -0.5198    XZZ      -1.6924    YZZ      -0.0260
       ZZZ       0.9057
    Hexadecapole Moments (Debye-Ang^3)
      XXXX     -83.4927   XXXY       0.0058   XXYY     -15.8871
      XYYY      -0.0305   YYYY     -26.6159   XXXZ       0.5763
      XXYZ       0.0015   XYYZ       1.0012   YYYZ       0.0009
      XXZZ     -18.2306   XYZZ       0.0304   YYZZ      -8.5758
      XZZZ      -0.5023   YZZZ      -0.0008   ZZZZ     -22.7065
 -----------------------------------------------------------------
 Mayer SCF Bond Order, atomic valence on the diagonal:

            1           2           3           4           5           6
    1   2.8561033   1.0122685  -0.0080366   0.9261102   0.0072752  -0.0076615
    2   1.0122685   3.7519164   0.9257486  -0.0089907   0.9066074   0.9252735
    3  -0.0080366   0.9257486   0.9086846   0.0057936  -0.0083277  -0.0073625
    4   0.9261102  -0.0089907   0.0057936   0.9196429   0.0000798   0.0008370
    5   0.0072752   0.9066074  -0.0083277   0.0000798   0.8973988  -0.0083421
    6  -0.0076615   0.9252735  -0.0073625   0.0008370  -0.0083421   0.9084071
    7   0.9261474  -0.0089909   0.0008692  -0.0041870   0.0001062   0.0056627
            7
    1   0.9261474
    2  -0.0089909
    3   0.0008692
    4  -0.0041870
    5   0.0001062
    6   0.0056627
    7   0.9196076


 Calculating analytic gradient of the SCF energy
  -5.8762905856955316E-007  -5.8728548557066848E-007
  -5.8745729377532565E-007  -5.8745730757134661E-007
  -5.8744716746189075E-007  -5.8746736646144013E-007
  -5.8733870920245950E-007  -5.8757573813515445E-007
  -5.8745735046319570E-007  -5.8745717185202457E-007
  -5.8745217639492756E-007  -5.8746238213863834E-007
  -5.8723341915545126E-007  -5.8768098856491578E-007
  -5.8778788871288433E-007  -5.8712687294593127E-007
  -5.8720921470492087E-007  -5.8770557231283361E-007
  -5.8779930654103650E-007  -5.8711522032693079E-007
  -5.8707351525203107E-007  -5.8784127607539242E-007
  -5.8745047144337855E-007  -5.8746412000464773E-007
  -5.8716855348106223E-007  -5.8774590208372811E-007
  -5.8745209939080171E-007  -5.8746253406026409E-007
  -5.8799451412539087E-007  -5.8692053115421049E-007
  -5.8723224246077558E-007  -5.8768216537405483E-007
  -5.8713143178466702E-007  -5.8778332564403470E-007
  -5.8719748925506403E-007  -5.8771730472414359E-007
  -5.8779936869633853E-007  -5.8711515784048738E-007
  -5.8784185082040720E-007  -5.8707294204847703E-007
  -5.8745041640377765E-007  -5.8746417294888330E-007
 Gradient of SCF Energy
            1           2           3           4           5           6
    1   0.0044116  -0.0049621   0.0004532  -0.0003577   0.0003643   0.0004499
    2  -0.0000003   0.0000121   0.0002065  -0.0000055  -0.0000120  -0.0002043
    3  -0.0002084  -0.0001553  -0.0000228   0.0000594   0.0003136  -0.0000307
            7
    1  -0.0003592
    2   0.0000035
    3   0.0000442
 Max gradient component =       4.962E-03
 RMS gradient           =       1.466E-03
 Gradient time:  CPU 26.46 s  wall 2.71 s
 Geometry Optimization Parameters
   NAtoms,    NIC,     NZ,  NCons,   NDum,   NFix, NCnnct, MaxDiis
        7      35       0       0       0       0       0       0


** GEOMETRY OPTIMIZATION IN DELOCALIZED INTERNAL COORDINATES **
   Searching for a Minimum

   Optimization Cycle:   1

                       Coordinates (Angstroms)
     ATOM                X               Y               Z
      1  C         0.7946072080    0.0000060000   -0.0223949912
      2  C        -0.6953706056    0.0001700003   -0.0004600000
      3  H        -1.1033979858    0.8895945173   -0.4810559520
      4  H         1.3484758274   -0.9240492455    0.0484850153
      5  H        -1.0860409733   -0.0133270105    1.0246458333
      6  H        -1.1038266193   -0.8767196358   -0.5035740298
      7  H         1.3493860122    0.9234459835    0.0486330261
   Point Group: c1    Number of degrees of freedom:    15


   Energy is    -78.979820952


 Attempting to generate delocalized internal coordinates
 Initial Hessian constructed with Jon Baker's OPTIMIZE code

 15 Hessian modes will be used to form the next step
  Hessian Eigenvalues:
     0.010483    0.011158    0.072454    0.073118    0.160000    0.160000
     0.160000    0.160000    0.160000    0.334343    0.340039    0.347705
     0.347896    0.360351    0.360410

 Minimum search - taking simple RFO step
 Searching for Lamda that Minimizes Along All modes
 Value Taken    Lamda =  -0.00005261
 Step Taken.  Stepsize is  0.017121

                             Maximum     Tolerance    Cnvgd?
         Gradient           0.003187      0.000300      NO
         Displacement       0.011244      0.001200      NO
         Energy change     *********      0.000001      NO


 New Cartesian Coordinates Obtained by Inverse Iteration

 Displacement from previous Coordinates is:  0.011125
 Adding empirical dispersion correction 
 ----------------------------------------------------------------
 Doing -D3(BJ) with
 s6 =   1.00000
 s8 =   0.00000
 a1 =   0.48600
 a2 =   4.50000
 -D3 energy including 3body term =     -0.0015757998 hartrees
 ----------------------------------------------------------------
 Adding gCP correction 
 ----------------------------------------------------------------
 gCP energy =      0.0057483870 hartrees
 ----------------------------------------------------------------
             Standard Nuclear Orientation (Angstroms)
    I     Atom           X                Y                Z
 ----------------------------------------------------------------
    1      C       0.7920455245     0.0000109641    -0.0202351160
    2      C      -0.6921041801     0.0001590339     0.0002065440
    3      H      -1.1024742777     0.8882666141    -0.4807999704
    4      H       1.3475405172    -0.9236391851     0.0470216176
    5      H      -1.0867505686    -0.0131548645     1.0235176973
    6      H      -1.1028631428    -0.8755455287    -0.5030637000
    7      H       1.3484389912     0.9230235755     0.0476318293
 ----------------------------------------------------------------
 Nuclear Repulsion Energy =          37.04921462 hartrees
 There are        9 alpha and        8 beta electrons
 Applying Cartesian multipole field
    Component          Value
    ---------          -----
     (2,0,0)        1.00000E-10
     (0,2,0)        2.00000E-10
     (0,0,2)       -3.00000E-10
 Nucleus-field energy     =     0.0000000056 hartrees
 Requested basis set is def2-mSVP
 There are 24 shells and 40 basis functions
 A cutoff of  1.0D-11 yielded    299 shell pairs
 There are       851 function pairs (       944 Cartesian)
 Smallest overlap matrix eigenvalue = 1.18E-02
 Guess MOs from SCF MO coefficient file

 -----------------------------------------------------------------------
  General SCF calculation program by
  Eric Jon Sundstrom, Paul Horn, Yuezhi Mao, Dmitri Zuev, Alec White,
  David Stuck, Shaama M.S., Shane Yost, Joonho Lee, David Small,
  Daniel Levine, Susi Lehtola, Hugh Burton, Evgeny Epifanovsky,
  Bang C. Huynh
 -----------------------------------------------------------------------
 Exchange:     0.4200 Hartree-Fock + 0.5800 PBEh-3c
 Correlation:  1.0000 PBEh-3c
 Using Euler-Maclaurin-Lebedev (99,590) quadrature formula
 Dispersion:   Grimme D3
 using 12 threads for integral computing
 -------------------------------------------------------
 OpenMP Integral computing Module                
 Release: version 2.0, May 2017, Q-Chem Inc. Pleasanton 
 -------------------------------------------------------
 A unrestricted SCF calculation will be
 performed using DIIS
 SCF converges when DIIS error is below 1.0e-08
 Alpha HF Exchange    Energy =  -2.63685235492312
 Beta HF Exchange     Energy =  -2.45359263134765
 DFT Correlation      Energy =  -0.69065982612687
 DFT Exchange         Energy =  -6.73485827361478
 One-Electron (alpha) Energy = -92.47356027715489
 One-Electron (beta)  Energy = -85.71519158183736
 Total Coulomb        Energy =  74.67566009101624
 ---------------------------------------
  Cycle       Energy         DIIS error
 ---------------------------------------
    1     -78.9798402301      9.46e-05  
 Alpha HF Exchange    Energy =  -2.63690807474782
 Beta HF Exchange     Energy =  -2.45365760309814
 DFT Correlation      Energy =  -0.69068828544346
 DFT Exchange         Energy =  -6.73510802883405
 One-Electron (alpha) Energy = -92.47618840240699
 One-Electron (beta)  Energy = -85.71899085019923
 Total Coulomb        Energy =  74.68247471234595
    2     -78.9798519085      2.16e-05  
 Alpha HF Exchange    Energy =  -2.63675337017439
 Beta HF Exchange     Energy =  -2.45354011993365
 DFT Correlation      Energy =  -0.69065817745352
 DFT Exchange         Energy =  -6.73473009024011
 One-Electron (alpha) Energy = -92.47222677134688
 One-Electron (beta)  Energy = -85.71627770390606
 Total Coulomb        Energy =  74.67511923478048
    3     -78.9798523744      1.49e-05  
 Alpha HF Exchange    Energy =  -2.63681764926047
 Beta HF Exchange     Energy =  -2.45359901517612
 DFT Correlation      Energy =  -0.69067477784523
 DFT Exchange         Energy =  -6.73491073263183
 One-Electron (alpha) Energy = -92.47385988178887
 One-Electron (beta)  Energy = -85.71800357101583
 Total Coulomb        Energy =  74.67879842764056
    4     -78.9798525762      2.51e-06  
 Alpha HF Exchange    Energy =  -2.63680747959583
 Beta HF Exchange     Energy =  -2.45359404169282
 DFT Correlation      Energy =  -0.69067389135298
 DFT Exchange         Energy =  -6.73489066350850
 One-Electron (alpha) Energy = -92.47356341082117
 One-Electron (beta)  Energy = -85.71800728583892
 Total Coulomb        Energy =  74.67846955806513
    5     -78.9798525909      8.45e-07  
 Alpha HF Exchange    Energy =  -2.63680489519096
 Beta HF Exchange     Energy =  -2.45359561823891
 DFT Correlation      Energy =  -0.69067402373329
 DFT Exchange         Energy =  -6.73488960026435
 One-Electron (alpha) Energy = -92.47348314554444
 One-Electron (beta)  Energy = -85.71808001321702
 Total Coulomb        Energy =  74.67846007973490
    6     -78.9798525926      3.01e-07  
 Alpha HF Exchange    Energy =  -2.63680517552690
 Beta HF Exchange     Energy =  -2.45359629746980
 DFT Correlation      Energy =  -0.69067414376664
 DFT Exchange         Energy =  -6.73489096096717
 One-Electron (alpha) Energy = -92.47347769492291
 One-Electron (beta)  Energy = -85.71810898839813
 Total Coulomb        Energy =  74.67848604447666
    7     -78.9798525927      9.79e-08  
 Alpha HF Exchange    Energy =  -2.63680473465641
 Beta HF Exchange     Energy =  -2.45359647542047
 DFT Correlation      Energy =  -0.69067410182483
 DFT Exchange         Energy =  -6.73489055273448
 One-Electron (alpha) Energy = -92.47346569423668
 One-Electron (beta)  Energy = -85.71811370541319
 Total Coulomb        Energy =  74.67847804770298
    8     -78.9798525927      2.46e-08  
 Alpha HF Exchange    Energy =  -2.63680466496902
 Beta HF Exchange     Energy =  -2.45359662345729
 DFT Correlation      Energy =  -0.69067409832154
 DFT Exchange         Energy =  -6.73489064367333
 One-Electron (alpha) Energy = -92.47346260847640
 One-Electron (beta)  Energy = -85.71811780759140
 Total Coulomb        Energy =  74.67847922990394
    9     -78.9798525927      7.28e-09  Convergence criterion met
 ---------------------------------------
 Alpha HF Exchange    Energy =  -2.63680466496902
 Beta HF Exchange     Energy =  -2.45359662345729
 DFT Correlation      Energy =  -0.69067409832154
 DFT Exchange         Energy =  -6.73489064367333
 One-Electron (alpha) Energy = -92.47346260847640
 One-Electron (beta)  Energy = -85.71811780759140
 Total Coulomb        Energy =  74.67847922990394
 SCF time:   CPU 104.03s  wall 9.00s 
<S^2> =          0.755073088
 Alpha HF Exchange    Energy =  -2.63680466496902
 Beta HF Exchange     Energy =  -2.45359662345729
 DFT Correlation      Energy =  -0.69067409832154
 DFT Exchange         Energy =  -6.73489064367333
 One-Electron (alpha) Energy = -92.47346260847640
 One-Electron (beta)  Energy = -85.71811780759140
 Total Coulomb        Energy =  74.67847922990394
 Nuclear repulsion Energy =  37.04921462386236
 SCF   energy in the final basis set =      -78.9798525927
 Total energy in the final basis set =      -78.9798525927

 --------------------------------------------------------------

                    Orbital Energies (a.u.)
 --------------------------------------------------------------

 Alpha MOs
 -- Occupied --
-10.4414 -10.4288  -0.8457  -0.6850  -0.5104  -0.4713  -0.4464  -0.4084
 -0.2516
 -- Virtual --
  0.1656   0.1859   0.1995   0.2245   0.2757   0.2768   0.4822   0.5205
  0.5341   0.5773   0.6233   0.6486   0.8501   0.9979   1.0019   1.0577
  1.0670   1.0830   1.2747   1.5195   1.7075   1.8020   1.9849   2.0434
  2.2241   2.2538   2.4157   2.5438   2.6176  13.5173  13.8958

 Beta MOs
 -- Occupied --
-10.4301 -10.4254  -0.8239  -0.6533  -0.5023  -0.4511  -0.4365  -0.4033
 -- Virtual --
 -0.0005   0.1710   0.2016   0.2026   0.2339   0.2822   0.2832   0.4887
  0.5236   0.5596   0.6436   0.6478   0.6576   0.8761   1.0008   1.0099
  1.0688   1.0809   1.0867   1.2869   1.5487   1.7716   1.8062   2.0099
  2.0753   2.2584   2.2703   2.4312   2.5509   2.6304  13.5326  13.9021
 --------------------------------------------------------------

          Ground-State Mulliken Net Atomic Charges

     Atom                 Charge (a.u.)    Spin (a.u.)
  --------------------------------------------------------
      1 C                    -0.433688       1.128871
      2 C                    -0.665117      -0.102715
      3 H                     0.223550       0.015234
      4 H                     0.212968      -0.061275
      5 H                     0.225387       0.064714
      6 H                     0.223669       0.016471
      7 H                     0.213231      -0.061302
  --------------------------------------------------------
  Sum of atomic charges =     0.000000
  Sum of spin   charges =     1.000000

 -----------------------------------------------------------------
                    Cartesian Multipole Moments
 -----------------------------------------------------------------
    Charge (ESU x 10^10)
                 0.0000
    Dipole Moment (Debye)
         X      -0.2252      Y      -0.0006      Z       0.1478
       Tot       0.2694
    Quadrupole Moments (Debye-Ang)
        XX     -13.9329     XY       0.0012     YY     -13.3374
        XZ       0.1809     YZ       0.0006     ZZ     -15.1211
    Octopole Moments (Debye-Ang^2)
       XXX       0.2562    XXY       0.0028    XYY       0.5742
       YYY       0.0248    XXZ       0.2385    XYZ       0.0004
       YYZ      -0.5343    XZZ      -1.6921    YZZ      -0.0255
       ZZZ       0.8505
    Hexadecapole Moments (Debye-Ang^3)
      XXXX     -83.1111   XXXY       0.0054   XXYY     -15.8427
      XYYY      -0.0302   YYYY     -26.6133   XXXZ       0.5431
      XXYZ       0.0020   XYYZ       0.9847   YYYZ       0.0006
      XXZZ     -18.1689   XYZZ       0.0299   YYZZ      -8.5711
      XZZZ      -0.5204   YZZZ      -0.0015   ZZZZ     -22.6894
 -----------------------------------------------------------------
 Mayer SCF Bond Order, atomic valence on the diagonal:

            1           2           3           4           5           6
    1   2.8578907   1.0133952  -0.0080577   0.9263217   0.0075570  -0.0076831
    2   1.0133952   3.7517732   0.9256288  -0.0092265   0.9060435   0.9251581
    3  -0.0080577   0.9256288   0.9085092   0.0058948  -0.0084067  -0.0074575
    4   0.9263217  -0.0092265   0.0058948   0.9196913   0.0000821   0.0008752
    5   0.0075570   0.9060435  -0.0084067   0.0000821   0.8969657  -0.0084189
    6  -0.0076831   0.9251581  -0.0074575   0.0008752  -0.0084189   0.9082383
    7   0.9263576  -0.0092258   0.0009076  -0.0042559   0.0001087   0.0057644
            7
    1   0.9263576
    2  -0.0092258
    3   0.0009076
    4  -0.0042559
    5   0.0001087
    6   0.0057644
    7   0.9196565


 Calculating analytic gradient of the SCF energy
  -5.8398727620401227E-007  -5.8364632134887446E-007
  -5.8381682290475417E-007  -5.8381683170258841E-007
  -5.8380730806026371E-007  -5.8382627936979093E-007
  -5.8369915053380875E-007  -5.8393435090500517E-007
  -5.8381687407094688E-007  -5.8381670174328596E-007
  -5.8381189025315577E-007  -5.8382172160191722E-007
  -5.8359405589579435E-007  -5.8403940607530043E-007
  -5.8414544455106327E-007  -5.8348836969403037E-007
  -5.8356970204115893E-007  -5.8406413780319378E-007
  -5.8415707572775354E-007  -5.8347650470078763E-007
  -5.8343443753316264E-007  -5.8419940697791353E-007
  -5.8380983296450711E-007  -5.8382381168423216E-007
  -5.8352972971229992E-007  -5.8410377884295405E-007
  -5.8381168567592251E-007  -5.8382200039114457E-007
  -5.8435119899458552E-007  -5.8328289769484685E-007
  -5.8359291671825105E-007  -5.8404054538124439E-007
  -5.8349288854057710E-007  -5.8414092152390030E-007
  -5.8355822307428064E-007  -5.8407562361474743E-007
  -5.8415714139054891E-007  -5.8347643871788020E-007
  -5.8419996238726381E-007  -5.8343388362900654E-007
  -5.8380997951339727E-007  -5.8382366308790433E-007
 Gradient of SCF Energy
            1           2           3           4           5           6
    1   0.0008060  -0.0012835   0.0002842  -0.0002067   0.0003228   0.0002827
    2  -0.0000013   0.0000022  -0.0000391  -0.0001010  -0.0000031   0.0000411
    3  -0.0000687   0.0001226  -0.0000009   0.0000273  -0.0000884  -0.0000053
            7
    1  -0.0002055
    2   0.0001011
    3   0.0000134
 Max gradient component =       1.283E-03
 RMS gradient           =       3.585E-04
 Gradient time:  CPU 26.25 s  wall 2.44 s
 Geometry Optimization Parameters
   NAtoms,    NIC,     NZ,  NCons,   NDum,   NFix, NCnnct, MaxDiis
        7      35       0       0       0       0       0       0

 Cartesian Hessian Update
 Hessian updated using BFGS update


** GEOMETRY OPTIMIZATION IN DELOCALIZED INTERNAL COORDINATES **
   Searching for a Minimum

   Optimization Cycle:   2

                       Coordinates (Angstroms)
     ATOM                X               Y               Z
      1  C         0.7920455245    0.0000109641   -0.0202351160
      2  C        -0.6921041801    0.0001590339    0.0002065440
      3  H        -1.1024742777    0.8882666141   -0.4807999704
      4  H         1.3475405172   -0.9236391851    0.0470216176
      5  H        -1.0867505686   -0.0131548645    1.0235176973
      6  H        -1.1028631428   -0.8755455287   -0.5030637000
      7  H         1.3484389912    0.9230235755    0.0476318293
   Point Group: c1    Number of degrees of freedom:    15


   Energy is    -78.979852593

 Hessian updated using BFGS update

 12 Hessian modes will be used to form the next step
  Hessian Eigenvalues:
     0.010477    0.010954    0.072570    0.073118    0.125361    0.160248
     0.323723    0.344376    0.347801    0.360129    0.360383    0.368372

 Minimum search - taking simple RFO step
 Searching for Lamda that Minimizes Along All modes
 Value Taken    Lamda =  -0.00000600
 Step Taken.  Stepsize is  0.008982

                             Maximum     Tolerance    Cnvgd?
         Gradient           0.000781      0.000300      NO
         Displacement       0.005147      0.001200      NO
         Energy change     -0.000032      0.000001      NO


 New Cartesian Coordinates Obtained by Inverse Iteration

 Displacement from previous Coordinates is:  0.007146
 Adding empirical dispersion correction 
 ----------------------------------------------------------------
 Doing -D3(BJ) with
 s6 =   1.00000
 s8 =   0.00000
 a1 =   0.48600
 a2 =   4.50000
 -D3 energy including 3body term =     -0.0015755638 hartrees
 ----------------------------------------------------------------
 Adding gCP correction 
 ----------------------------------------------------------------
 gCP energy =      0.0057462730 hartrees
 ----------------------------------------------------------------
             Standard Nuclear Orientation (Angstroms)
    I     Atom           X                Y                Z
 ----------------------------------------------------------------
    1      C       0.7919589578     0.0000179831    -0.0190318526
    2      C      -0.6910493268     0.0001569277     0.0004167011
    3      H      -1.1032418670     0.8877188012    -0.4806341176
    4      H       1.3488385718    -0.9230156074     0.0460123707
    5      H      -1.0887858396    -0.0129695267     1.0229298671
    6      H      -1.1036063013    -0.8751730255    -0.5025970749
    7      H       1.3497186687     0.9223850569     0.0471830079
 ----------------------------------------------------------------
 Nuclear Repulsion Energy =          37.05519116 hartrees
 There are        9 alpha and        8 beta electrons
 Applying Cartesian multipole field
    Component          Value
    ---------          -----
     (2,0,0)        1.00000E-10
     (0,2,0)        2.00000E-10
     (0,0,2)       -3.00000E-10
 Nucleus-field energy     =     0.0000000056 hartrees
 Requested basis set is def2-mSVP
 There are 24 shells and 40 basis functions
 A cutoff of  1.0D-11 yielded    299 shell pairs
 There are       851 function pairs (       944 Cartesian)
 Smallest overlap matrix eigenvalue = 1.18E-02
 Guess MOs from SCF MO coefficient file

 -----------------------------------------------------------------------
  General SCF calculation program by
  Eric Jon Sundstrom, Paul Horn, Yuezhi Mao, Dmitri Zuev, Alec White,
  David Stuck, Shaama M.S., Shane Yost, Joonho Lee, David Small,
  Daniel Levine, Susi Lehtola, Hugh Burton, Evgeny Epifanovsky,
  Bang C. Huynh
 -----------------------------------------------------------------------
 Exchange:     0.4200 Hartree-Fock + 0.5800 PBEh-3c
 Correlation:  1.0000 PBEh-3c
 Using Euler-Maclaurin-Lebedev (99,590) quadrature formula
 Dispersion:   Grimme D3
 using 12 threads for integral computing
 -------------------------------------------------------
 OpenMP Integral computing Module                
 Release: version 2.0, May 2017, Q-Chem Inc. Pleasanton 
 -------------------------------------------------------
 A unrestricted SCF calculation will be
 performed using DIIS
 SCF converges when DIIS error is below 1.0e-08
 Alpha HF Exchange    Energy =  -2.63683967942306
 Beta HF Exchange     Energy =  -2.45362274959500
 DFT Correlation      Energy =  -0.69069452783702
 DFT Exchange         Energy =  -6.73497586569627
 One-Electron (alpha) Energy = -92.47989506718260
 One-Electron (beta)  Energy = -85.72379309590822
 Total Coulomb        Energy =  74.68477632597634
 ---------------------------------------
  Cycle       Energy         DIIS error
 ---------------------------------------
    1     -78.9798534929      4.08e-05  
 Alpha HF Exchange    Energy =  -2.63680840466059
 Beta HF Exchange     Energy =  -2.45359441095845
 DFT Correlation      Energy =  -0.69069225029982
 DFT Exchange         Energy =  -6.73490755211605
 One-Electron (alpha) Energy = -92.47928408679533
 One-Electron (beta)  Energy = -85.72352703806169
 Total Coulomb        Energy =  74.68376701325703
    2     -78.9798555629      7.36e-06  
 Alpha HF Exchange    Energy =  -2.63680761748649
 Beta HF Exchange     Energy =  -2.45360444461913
 DFT Correlation      Energy =  -0.69069565112380
 DFT Exchange         Energy =  -6.73492570146365
 One-Electron (alpha) Energy = -92.47945842441167
 One-Electron (beta)  Energy = -85.72395804018072
 Total Coulomb        Energy =  74.68440305232210
    3     -78.9798556602      3.72e-06  
 Alpha HF Exchange    Energy =  -2.63679926545924
 Beta HF Exchange     Energy =  -2.45359467251486
 DFT Correlation      Energy =  -0.69069354891362
 DFT Exchange         Energy =  -6.73490009462059
 One-Electron (alpha) Energy = -92.47917477522246
 One-Electron (beta)  Energy = -85.72375812466598
 Total Coulomb        Energy =  74.68387363866934
    4     -78.9798556760      1.46e-06  
 Alpha HF Exchange    Energy =  -2.63680154534932
 Beta HF Exchange     Energy =  -2.45359917158302
 DFT Correlation      Energy =  -0.69069456863120
 DFT Exchange         Energy =  -6.73491018780656
 One-Electron (alpha) Energy = -92.47923041018244
 One-Electron (beta)  Energy = -85.72388759660629
 Total Coulomb        Energy =  74.68407663374747
    5     -78.9798556796      4.50e-07  
 Alpha HF Exchange    Energy =  -2.63680002415895
 Beta HF Exchange     Energy =  -2.45359855512215
 DFT Correlation      Energy =  -0.69069439119920
 DFT Exchange         Energy =  -6.73490721431061
 One-Electron (alpha) Energy = -92.47918559847352
 One-Electron (beta)  Energy = -85.72388699588915
 Total Coulomb        Energy =  74.68402593232555
    6     -78.9798556801      7.21e-08  
 Alpha HF Exchange    Energy =  -2.63680008294790
 Beta HF Exchange     Energy =  -2.45359884455541
 DFT Correlation      Energy =  -0.69069443186942
 DFT Exchange         Energy =  -6.73490770112749
 One-Electron (alpha) Energy = -92.47918505830833
 One-Electron (beta)  Energy = -85.72389672392502
 Total Coulomb        Energy =  74.68403599588285
    7     -78.9798556801      2.42e-08  
 Alpha HF Exchange    Energy =  -2.63679993622461
 Beta HF Exchange     Energy =  -2.45359884465214
 DFT Correlation      Energy =  -0.69069440729795
 DFT Exchange         Energy =  -6.73490747935532
 One-Electron (alpha) Energy = -92.47918083261203
 One-Electron (beta)  Energy = -85.72389643642840
 Total Coulomb        Energy =  74.68403108971420
    8     -78.9798556801      1.03e-08  
 Alpha HF Exchange    Energy =  -2.63679996057046
 Beta HF Exchange     Energy =  -2.45359890077556
 DFT Correlation      Energy =  -0.69069441389588
 DFT Exchange         Energy =  -6.73490759084807
 One-Electron (alpha) Energy = -92.47918098437022
 One-Electron (beta)  Energy = -85.72389810331504
 Total Coulomb        Energy =  74.68403310689955
    9     -78.9798556801      3.95e-09  Convergence criterion met
 ---------------------------------------
 Alpha HF Exchange    Energy =  -2.63679996057046
 Beta HF Exchange     Energy =  -2.45359890077556
 DFT Correlation      Energy =  -0.69069441389588
 DFT Exchange         Energy =  -6.73490759084807
 One-Electron (alpha) Energy = -92.47918098437022
 One-Electron (beta)  Energy = -85.72389810331504
 Total Coulomb        Energy =  74.68403310689955
 SCF time:   CPU 104.20s  wall 9.00s 
<S^2> =          0.755078593
 Alpha HF Exchange    Energy =  -2.63679996057046
 Beta HF Exchange     Energy =  -2.45359890077556
 DFT Correlation      Energy =  -0.69069441389588
 DFT Exchange         Energy =  -6.73490759084807
 One-Electron (alpha) Energy = -92.47918098437022
 One-Electron (beta)  Energy = -85.72389810331504
 Total Coulomb        Energy =  74.68403310689955
 Nuclear repulsion Energy =  37.05519116677107
 SCF   energy in the final basis set =      -78.9798556801
 Total energy in the final basis set =      -78.9798556801

 --------------------------------------------------------------

                    Orbital Energies (a.u.)
 --------------------------------------------------------------

 Alpha MOs
 -- Occupied --
-10.4414 -10.4288  -0.8459  -0.6851  -0.5102  -0.4711  -0.4471  -0.4082
 -0.2515
 -- Virtual --
  0.1658   0.1858   0.1992   0.2245   0.2762   0.2771   0.4820   0.5205
  0.5341   0.5775   0.6237   0.6493   0.8503   0.9973   1.0013   1.0578
  1.0671   1.0826   1.2750   1.5197   1.7076   1.8014   1.9855   2.0424
  2.2233   2.2528   2.4171   2.5466   2.6180  13.5168  13.8970

 Beta MOs
 -- Occupied --
-10.4301 -10.4254  -0.8240  -0.6535  -0.5021  -0.4508  -0.4372  -0.4030
 -- Virtual --
 -0.0006   0.1712   0.2014   0.2025   0.2340   0.2826   0.2835   0.4885
  0.5236   0.5598   0.6440   0.6479   0.6583   0.8763   1.0003   1.0093
  1.0688   1.0811   1.0863   1.2872   1.5489   1.7725   1.8048   2.0104
  2.0742   2.2574   2.2695   2.4328   2.5536   2.6308  13.5320  13.9032
 --------------------------------------------------------------

          Ground-State Mulliken Net Atomic Charges

     Atom                 Charge (a.u.)    Spin (a.u.)
  --------------------------------------------------------
      1 C                    -0.433537       1.128574
      2 C                    -0.665437      -0.103057
      3 H                     0.223608       0.015387
      4 H                     0.213010      -0.061305
      5 H                     0.225372       0.065146
      6 H                     0.223719       0.016587
      7 H                     0.213264      -0.061332
  --------------------------------------------------------
  Sum of atomic charges =    -0.000000
  Sum of spin   charges =     1.000000

 -----------------------------------------------------------------
                    Cartesian Multipole Moments
 -----------------------------------------------------------------
    Charge (ESU x 10^10)
                 0.0000
    Dipole Moment (Debye)
         X      -0.2259      Y      -0.0007      Z       0.1438
       Tot       0.2678
    Quadrupole Moments (Debye-Ang)
        XX     -13.9156     XY       0.0011     YY     -13.3444
        XZ       0.1757     YZ       0.0012     ZZ     -15.1251
    Octopole Moments (Debye-Ang^2)
       XXX       0.2428    XXY       0.0026    XYY       0.5703
       YYY       0.0242    XXZ       0.2270    XYZ       0.0011
       YYZ      -0.5421    XZZ      -1.6946    YZZ      -0.0251
       ZZZ       0.8211
    Hexadecapole Moments (Debye-Ang^3)
      XXXX     -83.0486   XXXY       0.0052   XXYY     -15.8384
      XYYY      -0.0300   YYYY     -26.6175   XXXZ       0.5245
      XXYZ       0.0026   XYYZ       0.9773   YYYZ       0.0002
      XXZZ     -18.1651   XYZZ       0.0295   YYZZ      -8.5712
      XZZZ      -0.5323   YZZZ      -0.0024   ZZZZ     -22.6915
 -----------------------------------------------------------------
 Mayer SCF Bond Order, atomic valence on the diagonal:

            1           2           3           4           5           6
    1   2.8584384   1.0136396  -0.0080055   0.9263415   0.0077289  -0.0076410
    2   1.0136396   3.7516354   0.9255345  -0.0092364   0.9058536   0.9250794
    3  -0.0080055   0.9255345   0.9084224   0.0059063  -0.0084471  -0.0074886
    4   0.9263415  -0.0092364   0.0059063   0.9196697   0.0000843   0.0008912
    5   0.0077289   0.9058536  -0.0084471   0.0000843   0.8968712  -0.0084587
    6  -0.0076410   0.9250794  -0.0074886   0.0008912  -0.0084587   0.9081622
    7   0.9263750  -0.0092353   0.0009228  -0.0043171   0.0001102   0.0057799
            7
    1   0.9263750
    2  -0.0092353
    3   0.0009228
    4  -0.0043171
    5   0.0001102
    6   0.0057799
    7   0.9196356


 Calculating analytic gradient of the SCF energy
  -5.8438851954226502E-007  -5.8404735080871399E-007
  -5.8421796297284984E-007  -5.8421796485981806E-007
  -5.8420874600444535E-007  -5.8422711452627486E-007
  -5.8410027224477291E-007  -5.8433550204903102E-007
  -5.8421800984877683E-007  -5.8421783915044668E-007
  -5.8421306153954305E-007  -5.8422282343959406E-007
  -5.8399507907737326E-007  -5.8444065492484685E-007
  -5.8454700507652987E-007  -5.8388908262427591E-007
  -5.8397043040990045E-007  -5.8446568290559395E-007
  -5.8455820906477431E-007  -5.8387764308802487E-007
  -5.8383523983499773E-007  -5.8460087791706382E-007
  -5.8421085520251091E-007  -5.8422506237789064E-007
  -5.8393096064439451E-007  -5.8450481911378975E-007
  -5.8421284806627776E-007  -5.8422311101508167E-007
  -5.8475257857708283E-007  -5.8368379102153283E-007
  -5.8399398519044978E-007  -5.8444174893976304E-007
  -5.8389359841209402E-007  -5.8454248513367761E-007
  -5.8395917540688368E-007  -5.8447694462517986E-007
  -5.8455827260455623E-007  -5.8387757923342144E-007
  -5.8460140785275233E-007  -5.8383471136212612E-007
  -5.8421124369220006E-007  -5.8422467189186786E-007
 Gradient of SCF Energy
            1           2           3           4           5           6
    1   0.0000209   0.0000126  -0.0000025  -0.0000236   0.0000190  -0.0000044
    2   0.0000010   0.0000031  -0.0000228  -0.0000212  -0.0000036   0.0000234
    3  -0.0000130   0.0000405  -0.0000009   0.0000129  -0.0000338  -0.0000057
            7
    1  -0.0000221
    2   0.0000199
    3  -0.0000000
 Max gradient component =       4.046E-05
 RMS gradient           =       1.841E-05
 Gradient time:  CPU 26.54 s  wall 2.46 s
 Geometry Optimization Parameters
   NAtoms,    NIC,     NZ,  NCons,   NDum,   NFix, NCnnct, MaxDiis
        7      35       0       0       0       0       0       0

 Cartesian Hessian Update
 Hessian updated using BFGS update


** GEOMETRY OPTIMIZATION IN DELOCALIZED INTERNAL COORDINATES **
   Searching for a Minimum

   Optimization Cycle:   3

                       Coordinates (Angstroms)
     ATOM                X               Y               Z
      1  C         0.7919589578    0.0000179831   -0.0190318526
      2  C        -0.6910493268    0.0001569277    0.0004167011
      3  H        -1.1032418670    0.8877188012   -0.4806341176
      4  H         1.3488385718   -0.9230156074    0.0460123707
      5  H        -1.0887858396   -0.0129695267    1.0229298671
      6  H        -1.1036063013   -0.8751730255   -0.5025970749
      7  H         1.3497186687    0.9223850569    0.0471830079
   Point Group: c1    Number of degrees of freedom:    15


   Energy is    -78.979855680

 Hessian updated using BFGS update

 13 Hessian modes will be used to form the next step
  Hessian Eigenvalues:
     0.010386    0.010797    0.072500    0.073117    0.124001    0.160005
     0.161432    0.323033    0.344625    0.347801    0.360125    0.360383
     0.368614

 Minimum search - taking simple RFO step
 Searching for Lamda that Minimizes Along All modes
 Value Taken    Lamda =   0.00000000
 Step Taken.  Stepsize is  0.001387

                             Maximum     Tolerance    Cnvgd?
         Gradient           0.000059      0.000300     YES
         Displacement       0.000841      0.001200     YES
         Energy change     -0.000003      0.000001      NO


                       Distance Matrix (Angstroms)
             C (  1)   C (  2)   H (  3)   H (  4)   H (  5)   H (  6)
   C (  2)  1.483136
   H (  3)  2.143100  1.090449
   H (  4)  1.079971  2.239524  3.093350
   H (  5)  2.150129  1.097224  1.752756  2.779310
   H (  6)  2.143120  1.090609  1.763029  2.513513  1.752383
   H (  7)  1.079927  2.239961  2.509344  1.845401  2.788059  3.090676


 Final energy is   -78.979855680104606     


 ******************************
 **  OPTIMIZATION CONVERGED  **
 ******************************

                       Coordinates (Angstroms)
     ATOM                X               Y               Z
      1  C         0.7919589578    0.0000179831   -0.0190318526
      2  C        -0.6910493268    0.0001569277    0.0004167011
      3  H        -1.1032418670    0.8877188012   -0.4806341176
      4  H         1.3488385718   -0.9230156074    0.0460123707
      5  H        -1.0887858396   -0.0129695267    1.0229298671
      6  H        -1.1036063013   -0.8751730255   -0.5025970749
      7  H         1.3497186687    0.9223850569    0.0471830079

Z-matrix Print:
$molecule
0 2
C 
H  1 1.090449
H  1 1.090609 2 107.867419
H  1 1.097224 2 106.488639 3 -113.929510 0
C  1 1.483136 2 111.855160 3 123.405164 0
H  5 1.079927 1 121.034283 2 33.282531 0
H  5 1.079971 1 120.990051 2 -155.756244 0
$end


 --------------------------------------------------------------

                    Orbital Energies (a.u.)
 --------------------------------------------------------------

 Alpha MOs
 -- Occupied --
-10.4414 -10.4288  -0.8459  -0.6851  -0.5102  -0.4711  -0.4471  -0.4082
 -0.2515
 -- Virtual --
  0.1658   0.1858   0.1992   0.2245   0.2762   0.2771   0.4820   0.5205
  0.5341   0.5775   0.6237   0.6493   0.8503   0.9973   1.0013   1.0578
  1.0671   1.0826   1.2750   1.5197   1.7076   1.8014   1.9855   2.0424
  2.2233   2.2528   2.4171   2.5466   2.6180  13.5168  13.8970

 Beta MOs
 -- Occupied --
-10.4301 -10.4254  -0.8240  -0.6535  -0.5021  -0.4508  -0.4372  -0.4030
 -- Virtual --
 -0.0006   0.1712   0.2014   0.2025   0.2340   0.2826   0.2835   0.4885
  0.5236   0.5598   0.6440   0.6479   0.6583   0.8763   1.0003   1.0093
  1.0688   1.0811   1.0863   1.2872   1.5489   1.7725   1.8048   2.0104
  2.0742   2.2574   2.2695   2.4328   2.5536   2.6308  13.5320  13.9032
 --------------------------------------------------------------

          Ground-State Mulliken Net Atomic Charges

     Atom                 Charge (a.u.)    Spin (a.u.)
  --------------------------------------------------------
      1 C                    -0.433537       1.128574
      2 C                    -0.665437      -0.103057
      3 H                     0.223608       0.015387
      4 H                     0.213010      -0.061305
      5 H                     0.225372       0.065146
      6 H                     0.223719       0.016587
      7 H                     0.213264      -0.061332
  --------------------------------------------------------
  Sum of atomic charges =    -0.000000
  Sum of spin   charges =     1.000000

 -----------------------------------------------------------------
                    Cartesian Multipole Moments
 -----------------------------------------------------------------
    Charge (ESU x 10^10)
                 0.0000
    Dipole Moment (Debye)
         X      -0.2259      Y      -0.0007      Z       0.1438
       Tot       0.2678
    Quadrupole Moments (Debye-Ang)
        XX     -13.9156     XY       0.0011     YY     -13.3444
        XZ       0.1757     YZ       0.0012     ZZ     -15.1251
    Octopole Moments (Debye-Ang^2)
       XXX       0.2428    XXY       0.0026    XYY       0.5703
       YYY       0.0242    XXZ       0.2270    XYZ       0.0011
       YYZ      -0.5421    XZZ      -1.6946    YZZ      -0.0251
       ZZZ       0.8211
    Hexadecapole Moments (Debye-Ang^3)
      XXXX     -83.0486   XXXY       0.0052   XXYY     -15.8384
      XYYY      -0.0300   YYYY     -26.6175   XXXZ       0.5245
      XXYZ       0.0026   XYYZ       0.9773   YYYZ       0.0002
      XXZZ     -18.1651   XYZZ       0.0295   YYZZ      -8.5712
      XZZZ      -0.5323   YZZZ      -0.0024   ZZZZ     -22.6915
 -----------------------------------------------------------------
 Mayer SCF Bond Order, atomic valence on the diagonal:

            1           2           3           4           5           6
    1   2.8584384   1.0136396  -0.0080055   0.9263415   0.0077289  -0.0076410
    2   1.0136396   3.7516354   0.9255345  -0.0092364   0.9058536   0.9250794
    3  -0.0080055   0.9255345   0.9084224   0.0059063  -0.0084471  -0.0074886
    4   0.9263415  -0.0092364   0.0059063   0.9196697   0.0000843   0.0008912
    5   0.0077289   0.9058536  -0.0084471   0.0000843   0.8968712  -0.0084587
    6  -0.0076410   0.9250794  -0.0074886   0.0008912  -0.0084587   0.9081622
    7   0.9263750  -0.0092353   0.0009228  -0.0043171   0.0001102   0.0057799
            7
    1   0.9263750
    2  -0.0092353
    3   0.0009228
    4  -0.0043171
    5   0.0001102
    6   0.0057799
    7   0.9196356


Archival summary:
1\1\node40.cluster.fit.edu\OPT\ProcedureUnspecified\BasisUnspecified\25(2)\rpeverat\WedOct711:40:032020WedOct711:40:032020\0\\#,OPT,ProcedureUnspecified,BasisUnspecified,\\0,2\C\H,1,1.09045\H,1,1.09061,2,107.867\H,1,1.09722,2,106.489,3,-113.93,0\C,1,1.48314,2,111.855,3,123.405,0\H,5,1.07993,1,121.034,2,33.2825,0\H,5,1.07997,1,120.99,2,-155.756,0\\\@

 Total job time:  40.90s(wall), 434.94s(cpu) 
 Wed Oct  7 11:40:03 2020

        *************************************************************
        *                                                           *
        *  Thank you very much for using Q-Chem.  Have a nice day.  *
        *                                                           *
        *************************************************************


