                  Welcome to Q-Chem
     A Quantum Leap Into The Future Of Chemistry


 Q-Chem 5.2 (devel), Q-Chem, Inc., Pleasanton, CA (2019)

 Yihan Shao,  Zhengting Gan,  E. Epifanovsky,  A. T. B. Gilbert,  M. Wormit,  
 J. Kussmann,  A. W. Lange,  A. Behn,  Jia Deng,  Xintian Feng,  D. Ghosh,  
 M. Goldey,  P. R. Horn,  L. D. Jacobson,  I. Kaliman,  T. Kus,  A. Landau,  
 Jie Liu,  E. I. Proynov,  R. M. Richard,  R. P. Steele,  E. J. Sundstrom,  
 H. L. Woodcock III,  P. M. Zimmerman,  D. Zuev,  B. Albrecht,  E. Alguire,  
 S. A. Baeppler,  D. Barton,  Z. Benda,  Y. A. Bernard,  E. J. Berquist,  
 K. B. Bravaya,  H. Burton,  D. Casanova,  Chun-Min Chang,  Yunqing Chen,  
 A. Chien,  K. D. Closser,  M. P. Coons,  S. Coriani,  S. Dasgupta,  
 A. L. Dempwolff,  M. Diedenhofen,  Hainam Do,  R. G. Edgar,  Po-Tung Fang,  
 S. Faraji,  S. Fatehi,  Qingguo Feng,  K. D. Fenk,  J. Fosso-Tande,  
 J. Gayvert,  Qinghui Ge,  A. Ghysels,  G. Gidofalvi,  J. Gomes,  
 J. Gonthier,  A. Gunina,  D. Hait,  M. W. D. Hanson-Heine,  
 P. H. P. Harbach,  A. W. Hauser,  M. F. Herbst,  J. E. Herr,  
 E. G. Hohenstein,  Z. C. Holden,  Kerwin Hui,  B. C. Huynh,  T.-C. Jagau,  
 Hyunjun Ji,  B. Kaduk,  K. Khistyaev,  Jaehoon Kim,  P. Klunzinger,  K. Koh,  
 D. Kosenkov,  L. Koulias,  T. Kowalczyk,  C. M. Krauter,  A. Kunitsa,  
 Ka Un Lao,  A. Laurent,  K. V. Lawler,  Joonho Lee,  D. Lefrancois,  
 S. Lehtola,  D. S. Levine,  Yi-Pei Li,  You-Sheng Lin,  Fenglai Liu,  
 E. Livshits,  A. Luenser,  P. Manohar,  E. Mansoor,  S. F. Manzer,  
 Shan-Ping Mao,  Yuezhi Mao,  N. Mardirossian,  A. V. Marenich,  
 T. Markovich,  L. A. Martinez-Martinez,  S. A. Maurer,  N. J. Mayhall,  
 S. C. McKenzie,  J.-M. Mewes,  P. Morgante,  A. F. Morrison,  
 J. W. Mullinax,  K. Nanda,  T. S. Nguyen-Beck,  R. Olivares-Amaya,  
 J. A. Parkhill,  Zheng Pei,  T. M. Perrine,  F. Plasser,  P. Pokhilko,  
 S. Prager,  A. Prociuk,  E. Ramos,  D. R. Rehn,  F. Rob,  M. Scheurer,  
 M. Schneider,  N. Sergueev,  S. M. Sharada,  S. Sharma,  D. W. Small,  
 T. Stauch,  T. Stein,  Yu-Chuan Su,  A. J. W. Thom,  A. Tkatchenko,  
 T. Tsuchimochi,  N. M. Tubman,  L. Vogt,  M. L. Vidal,  O. Vydrov,  
 M. A. Watson,  J. Wenzel,  M. de Wergifosse,  T. A. Wesolowski,  A. White,  
 J. Witte,  A. Yamada,  Jun Yang,  K. Yao,  S. Yeganeh,  S. R. Yost,  
 Zhi-Qiang You,  A. Zech,  Igor Ying Zhang,  Xing Zhang,  Yan Zhao,  
 Ying Zhu,  B. R. Brooks,  G. K. L. Chan,  C. J. Cramer,  M. S. Gordon,  
 W. J. Hehre,  A. Klamt,  M. W. Schmidt,  C. D. Sherrill,  D. G. Truhlar,  
 A. Aspuru-Guzik,  R. Baer,  A. T. Bell,  N. A. Besley,  Jeng-Da Chai,  
 A. E. DePrince, III,  R. A. DiStasio Jr.,  A. Dreuw,  B. D. Dunietz,  
 T. R. Furlani,  Chao-Ping Hsu,  Yousung Jung,  Jing Kong,  D. S. Lambrecht,  
 WanZhen Liang,  C. Ochsenfeld,  V. A. Rassolov,  L. V. Slipchenko,  
 J. E. Subotnik,  T. Van Voorhis,  J. M. Herbert,  A. I. Krylov,  
 P. M. W. Gill,  M. Head-Gordon

 Contributors to earlier versions of Q-Chem not listed above: 
 R. D. Adamson,  B. Austin,  J. Baker,  G. J. O. Beran,  K. Brandhorst,  
 S. T. Brown,  E. F. C. Byrd,  A. K. Chakraborty,  C.-L. Cheng,  
 Siu Hung Chien,  D. M. Chipman,  D. L. Crittenden,  H. Dachsel,  
 R. J. Doerksen,  A. D. Dutoi,  L. Fusti-Molnar,  W. A. Goddard III,  
 A. Golubeva-Zadorozhnaya,  S. R. Gwaltney,  G. Hawkins,  A. Heyden,  
 S. Hirata,  G. Kedziora,  F. J. Keil,  C. Kelley,  Jihan Kim,  R. A. King,  
 R. Z. Khaliullin,  P. P. Korambath,  W. Kurlancheek,  A. M. Lee,  M. S. Lee,  
 S. V. Levchenko,  Ching Yeh Lin,  D. Liotard,  R. C. Lochan,  I. Lotan,  
 P. E. Maslen,  N. Nair,  D. P. O'Neill,  D. Neuhauser,  E. Neuscamman,  
 C. M. Oana,  R. Olson,  B. Peters,  R. Peverati,  P. A. Pieniazek,  
 Y. M. Rhee,  J. Ritchie,  M. A. Rohrdanz,  E. Rosta,  N. J. Russ,  
 H. F. Schaefer III,  N. E. Schultz,  N. Shenvi,  A. C. Simmonett,  A. Sodt,  
 D. Stuck,  K. S. Thanthiriwatte,  V. Vanovschi,  Tao Wang,  A. Warshel,  
 C. F. Williams,  Q. Wu,  X. Xu,  W. Zhang

 Please cite Q-Chem as follows:
 Y. Shao et al., Mol. Phys. 113, 184-215 (2015)
 DOI: 10.1080/00268976.2014.952696

 Q-Chem 5.2.0 for Intel X86 EM64T Linux

 Parts of Q-Chem use Armadillo 8.300.2 (Tropical Shenanigans).
 http://arma.sourceforge.net/

 Q-Chem begins on Wed Oct  7 11:39:27 2020  

node37.cluster.fit.edu
Host: 0

     Scratch files written to /udrive/faculty/rpeverati/pierpa/qchem/scratch/qchem26138//
NAlpha2: 18
NElect   18
Mult     1

Checking the input file for inconsistencies... 	...done.

--------------------------------------------------------------
User input:
--------------------------------------------------------------
$Comment
Geometry optimizations for CLB18.
$End

$Rem
SYMMETRY              False
SYM_IGNORE            True
JOBTYPE               Opt
METHOD                PBEh-3c
BASIS                 def2-mSVP
MAX_SCF_CYCLES        50
SCF_ALGORITHM         DIIS
SCF_PRINT             1
SCF_FINAL_PRINT       1
XC_GRID               000099000590
MEM_TOTAL             20000
MEM_STATIC            4000
BLAS3_DFT             True
New_DFT               True
$End

$Molecule
0 1
C 0.0000000000 0.0000000000 0.0655663611
F 0.0000000000 0.0000000000 -1.3156284932
H 0.5149162959 -0.8918611861 0.4166873774
H 0.5149162959 0.8918611861 0.4166873774
H -1.0298325917 0.0000000000 0.4166873774
$End

--------------------------------------------------------------
 Adding empirical dispersion correction 
 ----------------------------------------------------------------
 Doing -D3(BJ) with
 s6 =   1.00000
 s8 =   0.00000
 a1 =   0.48600
 a2 =   4.50000
 -D3 energy including 3body term =     -0.0007331796 hartrees
 ----------------------------------------------------------------
 Adding gCP correction 
 ----------------------------------------------------------------
 gCP energy =      0.0114614382 hartrees
 ----------------------------------------------------------------
             Standard Nuclear Orientation (Angstroms)
    I     Atom           X                Y                Z
 ----------------------------------------------------------------
    1      C       0.0000000000     0.0000000000     0.0655663611
    2      F       0.0000000000     0.0000000000    -1.3156284932
    3      H       0.5149162959    -0.8918611861     0.4166873774
    4      H       0.5149162959     0.8918611861     0.4166873774
    5      H      -1.0298325917     0.0000000000     0.4166873774
 ----------------------------------------------------------------
 Nuclear Repulsion Energy =          37.43379276 hartrees
 There are        9 alpha and        9 beta electrons
 Requested basis set is def2-mSVP
 There are 20 shells and 36 basis functions

 Total QAlloc Memory Limit  20000 MB
 Mega-Array Size      3911 MB
 MEM_STATIC part      4000 MB
 A cutoff of  1.0D-11 yielded    208 shell pairs
 There are       696 function pairs (       781 Cartesian)
 Smallest overlap matrix eigenvalue = 1.96E-02

 Scale SEOQF with 1.000000e+00/1.000000e+00/1.000000e+00

 Standard Electronic Orientation quadrupole field applied
 Nucleus-field energy     =    -0.0000000156 hartrees
 Guess from superposition of atomic densities
 Warning:  Energy on first SCF cycle will be non-variational
 SAD guess density has 18.000000 electrons

 -----------------------------------------------------------------------
  General SCF calculation program by
  Eric Jon Sundstrom, Paul Horn, Yuezhi Mao, Dmitri Zuev, Alec White,
  David Stuck, Shaama M.S., Shane Yost, Joonho Lee, David Small,
  Daniel Levine, Susi Lehtola, Hugh Burton, Evgeny Epifanovsky,
  Bang C. Huynh
 -----------------------------------------------------------------------
 Exchange:     0.4200 Hartree-Fock + 0.5800 PBEh-3c
 Correlation:  1.0000 PBEh-3c
 Using Euler-Maclaurin-Lebedev (99,590) quadrature formula
 Dispersion:   Grimme D3
 using 12 threads for integral computing
 -------------------------------------------------------
 OpenMP Integral computing Module                
 Release: version 2.0, May 2017, Q-Chem Inc. Pleasanton 
 -------------------------------------------------------
 DFT Correlation Energy =  -0.78844189030077
 DFT Exchange    Energy =  -8.98703080848085
 HF Exchange     Energy =  -6.77363470648858
 One-Electron    Energy = -265.05360714730261
 Total Coulomb   Energy = 104.61918988296689
 Nuclear repulsion Energy =  37.43379274912179
 A restricted SCF calculation will be
 performed using DIIS
 SCF converges when DIIS error is below 1.0e-08
 DFT Correlation Energy =  -0.78844189030077
 DFT Exchange    Energy =  -8.98703080848085
 HF Exchange     Energy =  -6.77363470648858
 One-Electron    Energy = -265.05360714730261
 Total Coulomb   Energy = 104.61918988296689
 ---------------------------------------
  Cycle       Energy         DIIS error
 ---------------------------------------
 DFT Correlation Energy =  -0.79677162417501
 DFT Exchange    Energy =  -9.17673441492343
 HF Exchange     Energy =  -6.89783430928582
 One-Electron    Energy = -267.52062399595167
 Total Coulomb   Energy = 107.51746298280986
 Nuclear repulsion Energy =  37.43379274912179
    1    -139.5497319205      1.12e-01  
 DFT Correlation Energy =  -0.79677162417501
 DFT Exchange    Energy =  -9.17673441492343
 HF Exchange     Energy =  -6.89783430928582
 One-Electron    Energy = -267.52062399595167
 Total Coulomb   Energy = 107.51746298280986
 DFT Correlation Energy =  -0.79210216240415
 DFT Exchange    Energy =  -9.05263239980740
 HF Exchange     Energy =  -6.80415987354015
 One-Electron    Energy = -265.75845827895125
 Total Coulomb   Energy = 105.52951276211458
 Nuclear repulsion Energy =  37.43379274912179
    2    -139.4407086124      1.09e-02  
 DFT Correlation Energy =  -0.79210216240415
 DFT Exchange    Energy =  -9.05263239980740
 HF Exchange     Energy =  -6.80415987354015
 One-Electron    Energy = -265.75845827895125
 Total Coulomb   Energy = 105.52951276211458
 DFT Correlation Energy =  -0.79388385277040
 DFT Exchange    Energy =  -9.11680460108166
 HF Exchange     Energy =  -6.85329023843353
 One-Electron    Energy = -266.62315193855170
 Total Coulomb   Energy = 106.49811917211271
 Nuclear repulsion Energy =  37.43379274912179
    3    -139.4440472035      1.09e-02  
 DFT Correlation Energy =  -0.79388385277040
 DFT Exchange    Energy =  -9.11680460108166
 HF Exchange     Energy =  -6.85329023843353
 One-Electron    Energy = -266.62315193855170
 Total Coulomb   Energy = 106.49811917211271
 DFT Correlation Energy =  -0.79411850707154
 DFT Exchange    Energy =  -9.11685237317691
 HF Exchange     Energy =  -6.85295909608627
 One-Electron    Energy = -266.64197371288247
 Total Coulomb   Energy = 106.51679101527341
 Nuclear repulsion Energy =  37.43379274912179
    4    -139.4552187096      9.75e-04  
 DFT Correlation Energy =  -0.79411850707154
 DFT Exchange    Energy =  -9.11685237317691
 HF Exchange     Energy =  -6.85295909608627
 One-Electron    Energy = -266.64197371288247
 Total Coulomb   Energy = 106.51679101527341
 DFT Correlation Energy =  -0.79398074828152
 DFT Exchange    Energy =  -9.11583327979953
 HF Exchange     Energy =  -6.85236488992209
 One-Electron    Energy = -266.61916077180439
 Total Coulomb   Energy = 106.49220630468622
 Nuclear repulsion Energy =  37.43379274912179
    5    -139.4553199248      3.75e-04  
 DFT Correlation Energy =  -0.79398074828152
 DFT Exchange    Energy =  -9.11583327979953
 HF Exchange     Energy =  -6.85236488992209
 One-Electron    Energy = -266.61916077180439
 Total Coulomb   Energy = 106.49220630468622
 DFT Correlation Energy =  -0.79399836002499
 DFT Exchange    Energy =  -9.11600361212218
 HF Exchange     Energy =  -6.85247913355158
 One-Electron    Energy = -266.62287462718456
 Total Coulomb   Energy = 106.49622188910445
 Nuclear repulsion Energy =  37.43379274912179
    6    -139.4553406360      5.27e-05  
 DFT Correlation Energy =  -0.79399836002499
 DFT Exchange    Energy =  -9.11600361212218
 HF Exchange     Energy =  -6.85247913355158
 One-Electron    Energy = -266.62287462718456
 Total Coulomb   Energy = 106.49622188910445
 DFT Correlation Energy =  -0.79399704985642
 DFT Exchange    Energy =  -9.11598213055743
 HF Exchange     Energy =  -6.85246357323570
 One-Electron    Energy = -266.62247167361738
 Total Coulomb   Energy = 106.49578057954547
 Nuclear repulsion Energy =  37.43379274912179
    7    -139.4553410947      4.50e-06  
 DFT Correlation Energy =  -0.79399704985642
 DFT Exchange    Energy =  -9.11598213055743
 HF Exchange     Energy =  -6.85246357323570
 One-Electron    Energy = -266.62247167361738
 Total Coulomb   Energy = 106.49578057954547
 DFT Correlation Energy =  -0.79399706520688
 DFT Exchange    Energy =  -9.11598307559197
 HF Exchange     Energy =  -6.85246447101237
 One-Electron    Energy = -266.62248630308306
 Total Coulomb   Energy = 106.49579706707001
 Nuclear repulsion Energy =  37.43379274912179
    8    -139.4553410986      7.21e-07  
 DFT Correlation Energy =  -0.79399706520688
 DFT Exchange    Energy =  -9.11598307559197
 HF Exchange     Energy =  -6.85246447101237
 One-Electron    Energy = -266.62248630308306
 Total Coulomb   Energy = 106.49579706707001
 DFT Correlation Energy =  -0.79399707555410
 DFT Exchange    Energy =  -9.11598316742362
 HF Exchange     Energy =  -6.85246453577906
 One-Electron    Energy = -266.62248754802033
 Total Coulomb   Energy = 106.49579847894027
 Nuclear repulsion Energy =  37.43379274912179
    9    -139.4553410987      6.02e-08  
 DFT Correlation Energy =  -0.79399707555410
 DFT Exchange    Energy =  -9.11598316742362
 HF Exchange     Energy =  -6.85246453577906
 One-Electron    Energy = -266.62248754802033
 Total Coulomb   Energy = 106.49579847894027
   10    -139.4553410987      4.13e-09  Convergence criterion met
 ---------------------------------------
 DFT Correlation Energy =  -0.79399707555410
 DFT Exchange    Energy =  -9.11598316742362
 HF Exchange     Energy =  -6.85246453577906
 One-Electron    Energy = -266.62248754802033
 Total Coulomb   Energy = 106.49579847894027
 SCF time:   CPU 52.56s  wall 7.00s 
 DFT Correlation Energy =  -0.79399707555410
 DFT Exchange    Energy =  -9.11598316742362
 HF Exchange     Energy =  -6.85246453577906
 One-Electron    Energy = -266.62248754802033
 Total Coulomb   Energy = 106.49579847894027
 Nuclear repulsion Energy =  37.43379274912179
 SCF   energy in the final basis set =     -139.4553410987
 Total energy in the final basis set =     -139.4553410987

 --------------------------------------------------------------

                    Orbital Energies (a.u.)
 --------------------------------------------------------------

 Alpha MOs
 -- Occupied --
-25.0648 -10.5059  -1.3002  -0.7807  -0.5456  -0.5456  -0.5428  -0.4000
 -0.4000
 -- Virtual --
  0.1444   0.1869   0.2198   0.2198   0.4924   0.4924   0.5360   0.9037
  0.9614   0.9614   1.0217   1.2356   1.2356   1.2622   1.2887   1.2887
  1.3421   1.3421   1.7972   2.1254   2.1254   2.1705   2.3652   2.3652
  2.9487  13.7767  32.7105
 --------------------------------------------------------------

          Ground-State Mulliken Net Atomic Charges

     Atom                 Charge (a.u.)
  ----------------------------------------
      1 C                    -0.212052
      2 F                    -0.364058
      3 H                     0.192037
      4 H                     0.192037
      5 H                     0.192037
  ----------------------------------------
  Sum of atomic charges =     0.000000

 -----------------------------------------------------------------
                    Cartesian Multipole Moments
 -----------------------------------------------------------------
    Charge (ESU x 10^10)
                -0.0000
    Dipole Moment (Debye)
         X       0.0000      Y      -0.0000      Z       1.8766
       Tot       1.8766
    Quadrupole Moments (Debye-Ang)
        XX     -11.6125     XY      -0.0000     YY     -11.6125
        XZ       0.0000     YZ      -0.0000     ZZ     -14.0257
    Octopole Moments (Debye-Ang^2)
       XXX      -0.5779    XXY      -0.0000    XYY       0.5779
       YYY      -0.0000    XXZ       5.3187    XYZ      -0.0000
       YYZ       5.3187    XZZ       0.0000    YZZ      -0.0000
       ZZZ      17.3713
    Hexadecapole Moments (Debye-Ang^3)
      XXXX     -15.8587   XXXY      -0.0000   XXYY      -5.2862
      XYYY      -0.0000   YYYY     -15.8587   XXXZ      -0.3200
      XXYZ      -0.0000   XYYZ       0.3200   YYYZ      -0.0000
      XXZZ     -12.8023   XYZZ      -0.0000   YYZZ     -12.8023
      XZZZ       0.0000   YZZZ      -0.0000   ZZZZ     -62.1683
 -----------------------------------------------------------------
 Mayer SCF Bond Order, atomic valence on the diagonal:

            1           2           3           4           5
    1   3.6992768   0.9356875   0.9211964   0.9211964   0.9211964
    2   0.9356875   0.9617639   0.0086921   0.0086921   0.0086921
    3   0.9211964   0.0086921   0.9133577  -0.0082654  -0.0082654
    4   0.9211964   0.0086921  -0.0082654   0.9133577  -0.0082654
    5   0.9211964   0.0086921  -0.0082654  -0.0082654   0.9133577


 Calculating analytic gradient of the SCF energy
  -1.2788684176932696E-007  -1.2788684177404954E-007
  -1.2788684177168825E-007  -1.2788684177168825E-007
  -1.2789750376735631E-007  -1.2787616871027823E-007
  -1.2788685548718383E-007  -1.2788685549902627E-007
  -1.2788685549310490E-007  -1.2788685549310493E-007
  -1.2765869901272446E-007  -1.2811529077515508E-007
  -1.2796823751605227E-007  -1.2780554349682163E-007
  -1.2774603030337850E-007  -1.2802782462893005E-007
  -1.2795939521909915E-007  -1.2781430971027126E-007
  -1.2796823751605227E-007  -1.2780554349682163E-007
  -1.2802782462893007E-007  -1.2774603030337850E-007
  -1.2795939521909915E-007  -1.2781430971027126E-007
  -1.2772425191106464E-007  -1.2804963998096241E-007
  -1.2788687202657891E-007  -1.2788687202657891E-007
  -1.2795939521910166E-007  -1.2781430971026925E-007
 Gradient of SCF Energy
            1           2           3           4           5
    1  -0.0000005   0.0000005  -0.0002545  -0.0002542   0.0005087
    2  -0.0000010   0.0000005   0.0004395  -0.0004405   0.0000014
    3   0.0091537  -0.0010430  -0.0027039  -0.0027036  -0.0027032
 Max gradient component =       9.154E-03
 RMS gradient           =       2.678E-03
 Gradient time:  CPU 11.28 s  wall 34.66 s
 Geometry Optimization Parameters
   NAtoms,    NIC,     NZ,  NCons,   NDum,   NFix, NCnnct, MaxDiis
        5      20       0       0       0       0       0       0


** GEOMETRY OPTIMIZATION IN DELOCALIZED INTERNAL COORDINATES **
   Searching for a Minimum

   Optimization Cycle:   1

                       Coordinates (Angstroms)
     ATOM                X               Y               Z
      1  C         0.0000000000    0.0000000000    0.0655663611
      2  F         0.0000000000    0.0000000000   -1.3156284932
      3  H         0.5149162959   -0.8918611861    0.4166873774
      4  H         0.5149162959    0.8918611861    0.4166873774
      5  H        -1.0298325917    0.0000000000    0.4166873774
   Point Group: c1    Number of degrees of freedom:     9


   Energy is   -139.455341099


 Attempting to generate delocalized internal coordinates
 Initial Hessian constructed with Jon Baker's OPTIMIZE code

  9 Hessian modes will be used to form the next step
  Hessian Eigenvalues:
     0.160000    0.160000    0.160000    0.160000    0.160000    0.350396
     0.350396    0.350396    0.488845

 Minimum search - taking simple RFO step
 Searching for Lamda that Minimizes Along All modes
 Value Taken    Lamda =  -0.00025079
 Step Taken.  Stepsize is  0.038733

                             Maximum     Tolerance    Cnvgd?
         Gradient           0.005394      0.000300      NO
         Displacement       0.027622      0.001200      NO
         Energy change     *********      0.000001      NO


 New Cartesian Coordinates Obtained by Inverse Iteration

 Displacement from previous Coordinates is:  0.035583
 Adding empirical dispersion correction 
 ----------------------------------------------------------------
 Doing -D3(BJ) with
 s6 =   1.00000
 s8 =   0.00000
 a1 =   0.48600
 a2 =   4.50000
 -D3 energy including 3body term =     -0.0007330035 hartrees
 ----------------------------------------------------------------
 Adding gCP correction 
 ----------------------------------------------------------------
 gCP energy =      0.0112847267 hartrees
 ----------------------------------------------------------------
             Standard Nuclear Orientation (Angstroms)
    I     Atom           X                Y                Z
 ----------------------------------------------------------------
    1      C       0.0000006946     0.0000020463     0.0553083953
    2      F      -0.0000025045    -0.0000009539    -1.3247580111
    3      H       0.5130737242    -0.8886697819     0.4231506740
    4      H       0.5130783857     0.8886717450     0.4231517202
    5      H      -1.0261503000    -0.0000030555     0.4231472218
 ----------------------------------------------------------------
 Nuclear Repulsion Energy =          37.39691752 hartrees
 There are        9 alpha and        9 beta electrons
 Applying Cartesian multipole field
    Component          Value
    ---------          -----
     (2,0,0)        1.00000E-10
     (0,2,0)        2.00000E-10
     (0,0,2)       -3.00000E-10
 Nucleus-field energy     =    -0.0000000158 hartrees
 Requested basis set is def2-mSVP
 There are 20 shells and 36 basis functions
 A cutoff of  1.0D-11 yielded    208 shell pairs
 There are       696 function pairs (       781 Cartesian)
 Smallest overlap matrix eigenvalue = 1.95E-02
 Guess MOs from SCF MO coefficient file

 -----------------------------------------------------------------------
  General SCF calculation program by
  Eric Jon Sundstrom, Paul Horn, Yuezhi Mao, Dmitri Zuev, Alec White,
  David Stuck, Shaama M.S., Shane Yost, Joonho Lee, David Small,
  Daniel Levine, Susi Lehtola, Hugh Burton, Evgeny Epifanovsky,
  Bang C. Huynh
 -----------------------------------------------------------------------
 Exchange:     0.4200 Hartree-Fock + 0.5800 PBEh-3c
 Correlation:  1.0000 PBEh-3c
 Using Euler-Maclaurin-Lebedev (99,590) quadrature formula
 Dispersion:   Grimme D3
 using 12 threads for integral computing
 -------------------------------------------------------
 OpenMP Integral computing Module                
 Release: version 2.0, May 2017, Q-Chem Inc. Pleasanton 
 -------------------------------------------------------
 DFT Correlation Energy =  -0.79389991553952
 DFT Exchange    Energy =  -9.11461800397579
 HF Exchange     Energy =  -6.85128727791311
 One-Electron    Energy = -266.54692545192427
 Total Coulomb   Energy = 106.45438868765982
 Nuclear repulsion Energy =  37.39691750310630
 A restricted SCF calculation will be
 performed using DIIS
 SCF converges when DIIS error is below 1.0e-08
 DFT Correlation Energy =  -0.79389991553952
 DFT Exchange    Energy =  -9.11461800397579
 HF Exchange     Energy =  -6.85128727791311
 One-Electron    Energy = -266.54692545192427
 Total Coulomb   Energy = 106.45438868765982
 ---------------------------------------
  Cycle       Energy         DIIS error
 ---------------------------------------
 DFT Correlation Energy =  -0.79380443110617
 DFT Exchange    Energy =  -9.11430457198555
 HF Exchange     Energy =  -6.85104570846606
 One-Electron    Energy = -266.53165378721428
 Total Coulomb   Energy = 106.43843074573215
 Nuclear repulsion Energy =  37.39691750310630
    1    -139.4554244586      4.61e-04  
 DFT Correlation Energy =  -0.79380443110617
 DFT Exchange    Energy =  -9.11430457198555
 HF Exchange     Energy =  -6.85104570846606
 One-Electron    Energy = -266.53165378721428
 Total Coulomb   Energy = 106.43843074573215
 DFT Correlation Energy =  -0.79385123672891
 DFT Exchange    Energy =  -9.11403979777797
 HF Exchange     Energy =  -6.85076246487766
 One-Electron    Energy = -266.53424425333816
 Total Coulomb   Energy = 106.44051740873049
 Nuclear repulsion Energy =  37.39691750310630
    2    -139.4554602499      1.71e-04  
 DFT Correlation Energy =  -0.79385123672891
 DFT Exchange    Energy =  -9.11403979777797
 HF Exchange     Energy =  -6.85076246487766
 One-Electron    Energy = -266.53424425333816
 Total Coulomb   Energy = 106.44051740873049
 DFT Correlation Energy =  -0.79384219947580
 DFT Exchange    Energy =  -9.11428819248006
 HF Exchange     Energy =  -6.85097775571456
 One-Electron    Energy = -266.53627362494905
 Total Coulomb   Energy = 106.44300028442387
 Nuclear repulsion Energy =  37.39691750310630
    3    -139.4554628409      9.93e-05  
 DFT Correlation Energy =  -0.79384219947580
 DFT Exchange    Energy =  -9.11428819248006
 HF Exchange     Energy =  -6.85097775571456
 One-Electron    Energy = -266.53627362494905
 Total Coulomb   Energy = 106.44300028442387
 DFT Correlation Energy =  -0.79383670006910
 DFT Exchange    Energy =  -9.11414858895789
 HF Exchange     Energy =  -6.85087222915627
 One-Electron    Energy = -266.53420242072826
 Total Coulomb   Energy = 106.44067841357111
 Nuclear repulsion Energy =  37.39691750310630
    4    -139.4554639851      1.94e-05  
 DFT Correlation Energy =  -0.79383670006910
 DFT Exchange    Energy =  -9.11414858895789
 HF Exchange     Energy =  -6.85087222915627
 One-Electron    Energy = -266.53420242072826
 Total Coulomb   Energy = 106.44067841357111
 DFT Correlation Energy =  -0.79383874706742
 DFT Exchange    Energy =  -9.11418336147767
 HF Exchange     Energy =  -6.85089688477934
 One-Electron    Energy = -266.53475052397312
 Total Coulomb   Energy = 106.44128798874982
 Nuclear repulsion Energy =  37.39691750310630
    5    -139.4554640222      4.97e-06  
 DFT Correlation Energy =  -0.79383874706742
 DFT Exchange    Energy =  -9.11418336147767
 HF Exchange     Energy =  -6.85089688477934
 One-Electron    Energy = -266.53475052397312
 Total Coulomb   Energy = 106.44128798874982
 DFT Correlation Energy =  -0.79383865650829
 DFT Exchange    Energy =  -9.11418184216130
 HF Exchange     Energy =  -6.85089583230075
 One-Electron    Energy = -266.53472844939415
 Total Coulomb   Energy = 106.44126325180979
 Nuclear repulsion Energy =  37.39691750310630
    6    -139.4554640254      3.51e-07  
 DFT Correlation Energy =  -0.79383865650829
 DFT Exchange    Energy =  -9.11418184216130
 HF Exchange     Energy =  -6.85089583230075
 One-Electron    Energy = -266.53472844939415
 Total Coulomb   Energy = 106.44126325180979
 DFT Correlation Energy =  -0.79383865874639
 DFT Exchange    Energy =  -9.11418189799074
 HF Exchange     Energy =  -6.85089587942167
 One-Electron    Energy = -266.53472914633505
 Total Coulomb   Energy = 106.44126405397334
 Nuclear repulsion Energy =  37.39691750310630
    7    -139.4554640254      3.01e-08  
 DFT Correlation Energy =  -0.79383865874639
 DFT Exchange    Energy =  -9.11418189799074
 HF Exchange     Energy =  -6.85089587942167
 One-Electron    Energy = -266.53472914633505
 Total Coulomb   Energy = 106.44126405397334
    8    -139.4554640254      3.84e-09  Convergence criterion met
 ---------------------------------------
 DFT Correlation Energy =  -0.79383865874639
 DFT Exchange    Energy =  -9.11418189799074
 HF Exchange     Energy =  -6.85089587942167
 One-Electron    Energy = -266.53472914633505
 Total Coulomb   Energy = 106.44126405397334
 SCF time:   CPU 42.93s  wall 4.00s 
 DFT Correlation Energy =  -0.79383865874639
 DFT Exchange    Energy =  -9.11418189799074
 HF Exchange     Energy =  -6.85089587942167
 One-Electron    Energy = -266.53472914633505
 Total Coulomb   Energy = 106.44126405397334
 Nuclear repulsion Energy =  37.39691750310630
 SCF   energy in the final basis set =     -139.4554640254
 Total energy in the final basis set =     -139.4554640254

 --------------------------------------------------------------

                    Orbital Energies (a.u.)
 --------------------------------------------------------------

 Alpha MOs
 -- Occupied --
-25.0670 -10.5068  -1.3020  -0.7810  -0.5458  -0.5450  -0.5450  -0.4004
 -0.4004
 -- Virtual --
  0.1464   0.1844   0.2194   0.2194   0.4937   0.4937   0.5356   0.9107
  0.9572   0.9572   1.0227   1.2343   1.2343   1.2608   1.2893   1.2893
  1.3446   1.3446   1.7930   2.1143   2.1143   2.1642   2.3735   2.3735
  2.9463  13.7767  32.7055
 --------------------------------------------------------------

          Ground-State Mulliken Net Atomic Charges

     Atom                 Charge (a.u.)
  ----------------------------------------
      1 C                    -0.213259
      2 F                    -0.360306
      3 H                     0.191188
      4 H                     0.191188
      5 H                     0.191188
  ----------------------------------------
  Sum of atomic charges =     0.000000

 -----------------------------------------------------------------
                    Cartesian Multipole Moments
 -----------------------------------------------------------------
    Charge (ESU x 10^10)
                -0.0000
    Dipole Moment (Debye)
         X       0.0000      Y       0.0000      Z       1.8716
       Tot       1.8716
    Quadrupole Moments (Debye-Ang)
        XX     -11.6503     XY       0.0000     YY     -11.6503
        XZ       0.0000     YZ      -0.0000     ZZ     -14.0011
    Octopole Moments (Debye-Ang^2)
       XXX      -0.5575    XXY      -0.0000    XYY       0.5575
       YYY      -0.0000    XXZ       5.4027    XYZ       0.0000
       YYZ       5.4027    XZZ       0.0000    YZZ      -0.0000
       ZZZ      17.6219
    Hexadecapole Moments (Debye-Ang^3)
      XXXX     -15.9180   XXXY      -0.0000   XXYY      -5.3060
      XYYY      -0.0000   YYYY     -15.9180   XXXZ      -0.3222
      XXYZ      -0.0000   XYYZ       0.3221   YYYZ      -0.0000
      XXZZ     -12.9032   XYZZ      -0.0000   YYZZ     -12.9031
      XZZZ      -0.0001   YZZZ      -0.0000   ZZZZ     -62.8446
 -----------------------------------------------------------------
 Mayer SCF Bond Order, atomic valence on the diagonal:

            1           2           3           4           5
    1   3.6993003   0.9383303   0.9203232   0.9203230   0.9203237
    2   0.9383303   0.9673010   0.0096569   0.0096571   0.0096566
    3   0.9203232   0.0096569   0.9130006  -0.0084897  -0.0084898
    4   0.9203230   0.0096571  -0.0084897   0.9130011  -0.0084894
    5   0.9203237   0.0096566  -0.0084898  -0.0084894   0.9130012


 Calculating analytic gradient of the SCF energy
  -1.2948793437123191E-007  -1.2948793432616793E-007
  -1.2948793441325438E-007  -1.2948793428417447E-007
  -1.2949848368151423E-007  -1.2947737392148036E-007
  -1.2948794764668421E-007  -1.2948794751819855E-007
  -1.2948794748580685E-007  -1.2948794767892626E-007
  -1.2925758327945049E-007  -1.2971859291484347E-007
  -1.2957025211064892E-007  -1.2940571609428373E-007
  -1.2934552845288375E-007  -1.2963051386395623E-007
  -1.2956126082263733E-007  -1.2941462786799844E-007
  -1.2957025292347990E-007  -1.2940571528169416E-007
  -1.2963051435476817E-007  -1.2934552796256682E-007
  -1.2956126097180955E-007  -1.2941462771841721E-007
  -1.2932350274707231E-007  -1.2965257662627596E-007
  -1.2948796511606181E-007  -1.2948796603315082E-007
  -1.2956126108756587E-007  -1.2941462760361267E-007
 Gradient of SCF Energy
            1           2           3           4           5
    1   0.0000002  -0.0000000  -0.0001505  -0.0001492   0.0002996
    2  -0.0000001   0.0000002   0.0002592  -0.0002599   0.0000007
    3   0.0029876  -0.0030888   0.0000334   0.0000341   0.0000336
 Max gradient component =       3.089E-03
 RMS gradient           =       1.118E-03
 Gradient time:  CPU 11.16 s  wall 1.20 s
 Geometry Optimization Parameters
   NAtoms,    NIC,     NZ,  NCons,   NDum,   NFix, NCnnct, MaxDiis
        5      20       0       0       0       0       0       0

 Cartesian Hessian Update
 Hessian updated using BFGS update


** GEOMETRY OPTIMIZATION IN DELOCALIZED INTERNAL COORDINATES **
   Searching for a Minimum

   Optimization Cycle:   2

                       Coordinates (Angstroms)
     ATOM                X               Y               Z
      1  C         0.0000006946    0.0000020463    0.0553083953
      2  F        -0.0000025045   -0.0000009539   -1.3247580111
      3  H         0.5130737242   -0.8886697819    0.4231506740
      4  H         0.5130783857    0.8886717450    0.4231517202
      5  H        -1.0261503000   -0.0000030555    0.4231472218
   Point Group: c1    Number of degrees of freedom:     9


   Energy is   -139.455464025

 Hessian updated using BFGS update

  5 Hessian modes will be used to form the next step
  Hessian Eigenvalues:
     0.156398    0.160000    0.340727    0.350396    0.521222

 Minimum search - taking simple RFO step
 Searching for Lamda that Minimizes Along All modes
 Value Taken    Lamda =  -0.00002035
 Step Taken.  Stepsize is  0.006761

                             Maximum     Tolerance    Cnvgd?
         Gradient           0.002089      0.000300      NO
         Displacement       0.005750      0.001200      NO
         Energy change     -0.000123      0.000001      NO


 New Cartesian Coordinates Obtained by Inverse Iteration

 Displacement from previous Coordinates is:  0.005207
 Adding empirical dispersion correction 
 ----------------------------------------------------------------
 Doing -D3(BJ) with
 s6 =   1.00000
 s8 =   0.00000
 a1 =   0.48600
 a2 =   4.50000
 -D3 energy including 3body term =     -0.0007330569 hartrees
 ----------------------------------------------------------------
 Adding gCP correction 
 ----------------------------------------------------------------
 gCP energy =      0.0113141799 hartrees
 ----------------------------------------------------------------
             Standard Nuclear Orientation (Angstroms)
    I     Atom           X                Y                Z
 ----------------------------------------------------------------
    1      C       0.0000004887     0.0000020784     0.0542558536
    2      F      -0.0000022357    -0.0000003110    -1.3224149077
    3      H       0.5132645142    -0.8890007436     0.4227209981
    4      H       0.5132697444     0.8890025850     0.4227207713
    5      H      -1.0265325114    -0.0000036088     0.4227172847
 ----------------------------------------------------------------
 Nuclear Repulsion Energy =          37.45077222 hartrees
 There are        9 alpha and        9 beta electrons
 Applying Cartesian multipole field
    Component          Value
    ---------          -----
     (2,0,0)        1.00000E-10
     (0,2,0)        2.00000E-10
     (0,0,2)       -3.00000E-10
 Nucleus-field energy     =    -0.0000000158 hartrees
 Requested basis set is def2-mSVP
 There are 20 shells and 36 basis functions
 A cutoff of  1.0D-11 yielded    208 shell pairs
 There are       696 function pairs (       781 Cartesian)
 Smallest overlap matrix eigenvalue = 1.95E-02
 Guess MOs from SCF MO coefficient file

 -----------------------------------------------------------------------
  General SCF calculation program by
  Eric Jon Sundstrom, Paul Horn, Yuezhi Mao, Dmitri Zuev, Alec White,
  David Stuck, Shaama M.S., Shane Yost, Joonho Lee, David Small,
  Daniel Levine, Susi Lehtola, Hugh Burton, Evgeny Epifanovsky,
  Bang C. Huynh
 -----------------------------------------------------------------------
 Exchange:     0.4200 Hartree-Fock + 0.5800 PBEh-3c
 Correlation:  1.0000 PBEh-3c
 Using Euler-Maclaurin-Lebedev (99,590) quadrature formula
 Dispersion:   Grimme D3
 using 12 threads for integral computing
 -------------------------------------------------------
 OpenMP Integral computing Module                
 Release: version 2.0, May 2017, Q-Chem Inc. Pleasanton 
 -------------------------------------------------------
 DFT Correlation Energy =  -0.79394404530140
 DFT Exchange    Energy =  -9.11470074630008
 HF Exchange     Energy =  -6.85137044694874
 One-Electron    Energy = -266.63517369130977
 Total Coulomb   Energy = 106.48894545532703
 Nuclear repulsion Energy =  37.45077220511142
 A restricted SCF calculation will be
 performed using DIIS
 SCF converges when DIIS error is below 1.0e-08
 DFT Correlation Energy =  -0.79394404530140
 DFT Exchange    Energy =  -9.11470074630008
 HF Exchange     Energy =  -6.85137044694874
 One-Electron    Energy = -266.63517369130977
 Total Coulomb   Energy = 106.48894545532703
 ---------------------------------------
  Cycle       Energy         DIIS error
 ---------------------------------------
 DFT Correlation Energy =  -0.79393899238257
 DFT Exchange    Energy =  -9.11488699805876
 HF Exchange     Energy =  -6.85148004836521
 One-Electron    Energy = -266.63764456576035
 Total Coulomb   Energy = 106.49170242269510
 Nuclear repulsion Energy =  37.45077220511142
    1    -139.4554712694      1.82e-04  
 DFT Correlation Energy =  -0.79393899238257
 DFT Exchange    Energy =  -9.11488699805876
 HF Exchange     Energy =  -6.85148004836521
 One-Electron    Energy = -266.63764456576035
 Total Coulomb   Energy = 106.49170242269510
 DFT Correlation Energy =  -0.79393435620957
 DFT Exchange    Energy =  -9.11452439530580
 HF Exchange     Energy =  -6.85119064895082
 One-Electron    Energy = -266.63333845645440
 Total Coulomb   Energy = 106.48673961821095
 Nuclear repulsion Energy =  37.45077220511142
    2    -139.4554759768      4.56e-05  
 DFT Correlation Energy =  -0.79393435620957
 DFT Exchange    Energy =  -9.11452439530580
 HF Exchange     Energy =  -6.85119064895082
 One-Electron    Energy = -266.63333845645440
 Total Coulomb   Energy = 106.48673961821095
 DFT Correlation Energy =  -0.79393636599093
 DFT Exchange    Energy =  -9.11471320555445
 HF Exchange     Energy =  -6.85134006784731
 One-Electron    Energy = -266.63558380066911
 Total Coulomb   Energy = 106.48932501282673
 Nuclear repulsion Energy =  37.45077220511142
    3    -139.4554760336      4.34e-05  
 DFT Correlation Energy =  -0.79393636599093
 DFT Exchange    Energy =  -9.11471320555445
 HF Exchange     Energy =  -6.85134006784731
 One-Electron    Energy = -266.63558380066911
 Total Coulomb   Energy = 106.48932501282673
 DFT Correlation Energy =  -0.79393622551582
 DFT Exchange    Energy =  -9.11470364533242
 HF Exchange     Energy =  -6.85133250134236
 One-Electron    Energy = -266.63548383309120
 Total Coulomb   Energy = 106.48920777728986
 Nuclear repulsion Energy =  37.45077220511142
    4    -139.4554762221      2.40e-06  
 DFT Correlation Energy =  -0.79393622551582
 DFT Exchange    Energy =  -9.11470364533242
 HF Exchange     Energy =  -6.85133250134236
 One-Electron    Energy = -266.63548383309120
 Total Coulomb   Energy = 106.48920777728986
 DFT Correlation Energy =  -0.79393622209968
 DFT Exchange    Energy =  -9.11470360223914
 HF Exchange     Energy =  -6.85133242978068
 One-Electron    Energy = -266.63548104427991
 Total Coulomb   Energy = 106.48920487038180
 Nuclear repulsion Energy =  37.45077220511142
    5    -139.4554762229      2.37e-07  
 DFT Correlation Energy =  -0.79393622209968
 DFT Exchange    Energy =  -9.11470360223914
 HF Exchange     Energy =  -6.85133242978068
 One-Electron    Energy = -266.63548104427991
 Total Coulomb   Energy = 106.48920487038180
 DFT Correlation Energy =  -0.79393621486478
 DFT Exchange    Energy =  -9.11470352589276
 HF Exchange     Energy =  -6.85133237987359
 One-Electron    Energy = -266.63547996435398
 Total Coulomb   Energy = 106.48920365691988
 Nuclear repulsion Energy =  37.45077220511142
    6    -139.4554762229      2.80e-08  
 DFT Correlation Energy =  -0.79393621486478
 DFT Exchange    Energy =  -9.11470352589276
 HF Exchange     Energy =  -6.85133237987359
 One-Electron    Energy = -266.63547996435398
 Total Coulomb   Energy = 106.48920365691988
    7    -139.4554762230      9.40e-09  Convergence criterion met
 ---------------------------------------
 DFT Correlation Energy =  -0.79393621486478
 DFT Exchange    Energy =  -9.11470352589276
 HF Exchange     Energy =  -6.85133237987359
 One-Electron    Energy = -266.63547996435398
 Total Coulomb   Energy = 106.48920365691988
 SCF time:   CPU 37.73s  wall 4.00s 
 DFT Correlation Energy =  -0.79393621486478
 DFT Exchange    Energy =  -9.11470352589276
 HF Exchange     Energy =  -6.85133237987359
 One-Electron    Energy = -266.63547996435398
 Total Coulomb   Energy = 106.48920365691988
 Nuclear repulsion Energy =  37.45077220511142
 SCF   energy in the final basis set =     -139.4554762230
 Total energy in the final basis set =     -139.4554762230

 --------------------------------------------------------------

                    Orbital Energies (a.u.)
 --------------------------------------------------------------

 Alpha MOs
 -- Occupied --
-25.0674 -10.5067  -1.3035  -0.7807  -0.5467  -0.5456  -0.5456  -0.4001
 -0.4001
 -- Virtual --
  0.1471   0.1852   0.2195   0.2195   0.4937   0.4937   0.5371   0.9109
  0.9569   0.9569   1.0225   1.2337   1.2337   1.2595   1.2895   1.2895
  1.3453   1.3453   1.7941   2.1155   2.1155   2.1685   2.3747   2.3747
  2.9472  13.7788  32.7076
 --------------------------------------------------------------

          Ground-State Mulliken Net Atomic Charges

     Atom                 Charge (a.u.)
  ----------------------------------------
      1 C                    -0.212884
      2 F                    -0.358640
      3 H                     0.190508
      4 H                     0.190508
      5 H                     0.190508
  ----------------------------------------
  Sum of atomic charges =     0.000000

 -----------------------------------------------------------------
                    Cartesian Multipole Moments
 -----------------------------------------------------------------
    Charge (ESU x 10^10)
                -0.0000
    Dipole Moment (Debye)
         X       0.0000      Y       0.0000      Z       1.8566
       Tot       1.8566
    Quadrupole Moments (Debye-Ang)
        XX     -11.6536     XY       0.0000     YY     -11.6536
        XZ       0.0000     YZ      -0.0000     ZZ     -13.9892
    Octopole Moments (Debye-Ang^2)
       XXX      -0.5550    XXY      -0.0000    XYY       0.5550
       YYY      -0.0000    XXZ       5.3888    XYZ       0.0000
       YYZ       5.3888    XZZ       0.0000    YZZ      -0.0000
       ZZZ      17.5743
    Hexadecapole Moments (Debye-Ang^3)
      XXXX     -15.9393   XXXY      -0.0000   XXYY      -5.3131
      XYYY      -0.0000   YYYY     -15.9393   XXXZ      -0.3210
      XXYZ      -0.0000   XYYZ       0.3209   YYYZ      -0.0000
      XXZZ     -12.8712   XYZZ      -0.0000   YYZZ     -12.8712
      XZZZ      -0.0000   YZZZ      -0.0000   ZZZZ     -62.6262
 -----------------------------------------------------------------
 Mayer SCF Bond Order, atomic valence on the diagonal:

            1           2           3           4           5
    1   3.7010366   0.9399400   0.9203654   0.9203653   0.9203659
    2   0.9399400   0.9693369   0.0097990   0.0097991   0.0097987
    3   0.9203654   0.0097990   0.9132268  -0.0084688  -0.0084689
    4   0.9203653   0.0097991  -0.0084688   0.9132272  -0.0084684
    5   0.9203659   0.0097987  -0.0084689  -0.0084684   0.9132273


 Calculating analytic gradient of the SCF energy
  -1.2903137944306177E-007  -1.2903137941389504E-007
  -1.2903137949921611E-007  -1.2903137935776116E-007
  -1.2904181070659118E-007  -1.2902093722105584E-007
  -1.2903139280406927E-007  -1.2903139267748509E-007
  -1.2903139262228748E-007  -1.2903139285918428E-007
  -1.2880175134685389E-007  -1.2926131436514334E-007
  -1.2911345210119182E-007  -1.2894940590350308E-007
  -1.2888939750426428E-007  -1.2917353450648811E-007
  -1.2910450430105715E-007  -1.2895827484393646E-007
  -1.2911345296060066E-007  -1.2894940504437856E-007
  -1.2917353503467869E-007  -1.2888939697663197E-007
  -1.2910450450852408E-007  -1.2895827463629416E-007
  -1.2886743734859200E-007  -1.2919553166579593E-007
  -1.2903141002075582E-007  -1.2903141098113644E-007
  -1.2910450458332360E-007  -1.2895827456224239E-007
 Gradient of SCF Energy
            1           2           3           4           5
    1   0.0000000   0.0000000   0.0000069   0.0000083  -0.0000152
    2  -0.0000000   0.0000003  -0.0000135   0.0000127   0.0000006
    3   0.0005763  -0.0006385   0.0000206   0.0000210   0.0000207
 Max gradient component =       6.385E-04
 RMS gradient           =       2.224E-04
 Gradient time:  CPU 10.94 s  wall 1.11 s
 Geometry Optimization Parameters
   NAtoms,    NIC,     NZ,  NCons,   NDum,   NFix, NCnnct, MaxDiis
        5      20       0       0       0       0       0       0

 Cartesian Hessian Update
 Hessian updated using BFGS update


** GEOMETRY OPTIMIZATION IN DELOCALIZED INTERNAL COORDINATES **
   Searching for a Minimum

   Optimization Cycle:   3

                       Coordinates (Angstroms)
     ATOM                X               Y               Z
      1  C         0.0000004887    0.0000020784    0.0542558536
      2  F        -0.0000022357   -0.0000003110   -1.3224149077
      3  H         0.5132645142   -0.8890007436    0.4227209981
      4  H         0.5132697444    0.8890025850    0.4227207713
      5  H        -1.0265325114   -0.0000036088    0.4227172847
   Point Group: c1    Number of degrees of freedom:     9


   Energy is   -139.455476223

 Hessian updated using BFGS update

  6 Hessian modes will be used to form the next step
  Hessian Eigenvalues:
     0.152838    0.160000    0.160000    0.344927    0.350396    0.423562

 Minimum search - taking simple RFO step
 Searching for Lamda that Minimizes Along All modes
 Value Taken    Lamda =  -0.00000106
 Step Taken.  Stepsize is  0.001753

                             Maximum     Tolerance    Cnvgd?
         Gradient           0.000401      0.000300      NO
         Displacement       0.001456      0.001200      NO
         Energy change     -0.000012      0.000001      NO


 New Cartesian Coordinates Obtained by Inverse Iteration

 Displacement from previous Coordinates is:  0.001315
 Adding empirical dispersion correction 
 ----------------------------------------------------------------
 Doing -D3(BJ) with
 s6 =   1.00000
 s8 =   0.00000
 a1 =   0.48600
 a2 =   4.50000
 -D3 energy including 3body term =     -0.0007330746 hartrees
 ----------------------------------------------------------------
 Adding gCP correction 
 ----------------------------------------------------------------
 gCP energy =      0.0113222033 hartrees
 ----------------------------------------------------------------
             Standard Nuclear Orientation (Angstroms)
    I     Atom           X                Y                Z
 ----------------------------------------------------------------
    1      C       0.0000005229     0.0000020929     0.0539566859
    2      F      -0.0000021756    -0.0000003529    -1.3218221261
    3      H       0.5132296225    -0.8889404747     0.4226230505
    4      H       0.5132347051     0.8889422491     0.4226229009
    5      H      -1.0264626749    -0.0000035144     0.4226194889
 ----------------------------------------------------------------
 Nuclear Repulsion Energy =          37.46647788 hartrees
 There are        9 alpha and        9 beta electrons
 Applying Cartesian multipole field
    Component          Value
    ---------          -----
     (2,0,0)        1.00000E-10
     (0,2,0)        2.00000E-10
     (0,0,2)       -3.00000E-10
 Nucleus-field energy     =    -0.0000000157 hartrees
 Requested basis set is def2-mSVP
 There are 20 shells and 36 basis functions
 A cutoff of  1.0D-11 yielded    208 shell pairs
 There are       696 function pairs (       781 Cartesian)
 Smallest overlap matrix eigenvalue = 1.95E-02
 Guess MOs from SCF MO coefficient file

 -----------------------------------------------------------------------
  General SCF calculation program by
  Eric Jon Sundstrom, Paul Horn, Yuezhi Mao, Dmitri Zuev, Alec White,
  David Stuck, Shaama M.S., Shane Yost, Joonho Lee, David Small,
  Daniel Levine, Susi Lehtola, Hugh Burton, Evgeny Epifanovsky,
  Bang C. Huynh
 -----------------------------------------------------------------------
 Exchange:     0.4200 Hartree-Fock + 0.5800 PBEh-3c
 Correlation:  1.0000 PBEh-3c
 Using Euler-Maclaurin-Lebedev (99,590) quadrature formula
 Dispersion:   Grimme D3
 using 12 threads for integral computing
 -------------------------------------------------------
 OpenMP Integral computing Module                
 Release: version 2.0, May 2017, Q-Chem Inc. Pleasanton 
 -------------------------------------------------------
 DFT Correlation Energy =  -0.79396971425409
 DFT Exchange    Energy =  -9.11489461138312
 HF Exchange     Energy =  -6.85150610748760
 One-Electron    Energy = -266.66438123922336
 Total Coulomb   Energy = 106.50279739871513
 Nuclear repulsion Energy =  37.46647786000992
 A restricted SCF calculation will be
 performed using DIIS
 SCF converges when DIIS error is below 1.0e-08
 DFT Correlation Energy =  -0.79396971425409
 DFT Exchange    Energy =  -9.11489461138312
 HF Exchange     Energy =  -6.85150610748760
 One-Electron    Energy = -266.66438123922336
 Total Coulomb   Energy = 106.50279739871513
 ---------------------------------------
  Cycle       Energy         DIIS error
 ---------------------------------------
 DFT Correlation Energy =  -0.79397131811344
 DFT Exchange    Energy =  -9.11498569336921
 HF Exchange     Energy =  -6.85156308050262
 One-Electron    Energy = -266.66563046391730
 Total Coulomb   Energy = 106.50419596614577
 Nuclear repulsion Energy =  37.46647786000992
    1    -139.4554764136      4.74e-05  
 DFT Correlation Energy =  -0.79397131811344
 DFT Exchange    Energy =  -9.11498569336921
 HF Exchange     Energy =  -6.85156308050262
 One-Electron    Energy = -266.66563046391730
 Total Coulomb   Energy = 106.50419596614577
 DFT Correlation Energy =  -0.79396785206582
 DFT Exchange    Energy =  -9.11487858707829
 HF Exchange     Energy =  -6.85148132108261
 One-Electron    Energy = -266.66418951307691
 Total Coulomb   Energy = 106.50256267873786
 Nuclear repulsion Energy =  37.46647786000992
    2    -139.4554767297      9.90e-06  
 DFT Correlation Energy =  -0.79396785206582
 DFT Exchange    Energy =  -9.11487858707829
 HF Exchange     Energy =  -6.85148132108261
 One-Electron    Energy = -266.66418951307691
 Total Coulomb   Energy = 106.50256267873786
 DFT Correlation Energy =  -0.79396918716626
 DFT Exchange    Energy =  -9.11493005106958
 HF Exchange     Energy =  -6.85152079839394
 One-Electron    Energy = -266.66487071698555
 Total Coulomb   Energy = 106.50333615142586
 Nuclear repulsion Energy =  37.46647786000992
    3    -139.4554767346      9.00e-06  
 DFT Correlation Energy =  -0.79396918716626
 DFT Exchange    Energy =  -9.11493005106958
 HF Exchange     Energy =  -6.85152079839394
 One-Electron    Energy = -266.66487071698555
 Total Coulomb   Energy = 106.50333615142586
 DFT Correlation Energy =  -0.79396941069684
 DFT Exchange    Energy =  -9.11492996694677
 HF Exchange     Energy =  -6.85152033302376
 One-Electron    Energy = -266.66489127953457
 Total Coulomb   Energy = 106.50335638791725
 Nuclear repulsion Energy =  37.46647786000992
    4    -139.4554767422      9.03e-07  
 DFT Correlation Energy =  -0.79396941069684
 DFT Exchange    Energy =  -9.11492996694677
 HF Exchange     Energy =  -6.85152033302376
 One-Electron    Energy = -266.66489127953457
 Total Coulomb   Energy = 106.50335638791725
 DFT Correlation Energy =  -0.79396927322734
 DFT Exchange    Energy =  -9.11492854832410
 HF Exchange     Energy =  -6.85151939578391
 One-Electron    Energy = -266.66486378522148
 Total Coulomb   Energy = 106.50332640023944
 Nuclear repulsion Energy =  37.46647786000992
    5    -139.4554767423      3.38e-07  
 DFT Correlation Energy =  -0.79396927322734
 DFT Exchange    Energy =  -9.11492854832410
 HF Exchange     Energy =  -6.85151939578391
 One-Electron    Energy = -266.66486378522148
 Total Coulomb   Energy = 106.50332640023944
 DFT Correlation Energy =  -0.79396927757271
 DFT Exchange    Energy =  -9.11492861946424
 HF Exchange     Energy =  -6.85151944539609
 One-Electron    Energy = -266.66486500126933
 Total Coulomb   Energy = 106.50332774136247
 Nuclear repulsion Energy =  37.46647786000992
    6    -139.4554767423      1.87e-08  
 DFT Correlation Energy =  -0.79396927757271
 DFT Exchange    Energy =  -9.11492861946424
 HF Exchange     Energy =  -6.85151944539609
 One-Electron    Energy = -266.66486500126933
 Total Coulomb   Energy = 106.50332774136247
    7    -139.4554767423      2.92e-09  Convergence criterion met
 ---------------------------------------
 DFT Correlation Energy =  -0.79396927757271
 DFT Exchange    Energy =  -9.11492861946424
 HF Exchange     Energy =  -6.85151944539609
 One-Electron    Energy = -266.66486500126933
 Total Coulomb   Energy = 106.50332774136247
 SCF time:   CPU 37.69s  wall 3.00s 
 DFT Correlation Energy =  -0.79396927757271
 DFT Exchange    Energy =  -9.11492861946424
 HF Exchange     Energy =  -6.85151944539609
 One-Electron    Energy = -266.66486500126933
 Total Coulomb   Energy = 106.50332774136247
 Nuclear repulsion Energy =  37.46647786000992
 SCF   energy in the final basis set =     -139.4554767423
 Total energy in the final basis set =     -139.4554767423

 --------------------------------------------------------------

                    Orbital Energies (a.u.)
 --------------------------------------------------------------

 Alpha MOs
 -- Occupied --
-25.0675 -10.5066  -1.3039  -0.7807  -0.5470  -0.5458  -0.5458  -0.4001
 -0.4001
 -- Virtual --
  0.1472   0.1855   0.2196   0.2196   0.4936   0.4936   0.5375   0.9109
  0.9569   0.9569   1.0226   1.2335   1.2335   1.2591   1.2896   1.2896
  1.3455   1.3455   1.7944   2.1158   2.1158   2.1696   2.3752   2.3752
  2.9475  13.7795  32.7082
 --------------------------------------------------------------

          Ground-State Mulliken Net Atomic Charges

     Atom                 Charge (a.u.)
  ----------------------------------------
      1 C                    -0.212827
      2 F                    -0.358204
      3 H                     0.190344
      4 H                     0.190344
      5 H                     0.190344
  ----------------------------------------
  Sum of atomic charges =     0.000000

 -----------------------------------------------------------------
                    Cartesian Multipole Moments
 -----------------------------------------------------------------
    Charge (ESU x 10^10)
                -0.0000
    Dipole Moment (Debye)
         X       0.0000      Y       0.0000      Z       1.8528
       Tot       1.8528
    Quadrupole Moments (Debye-Ang)
        XX     -11.6543     XY       0.0000     YY     -11.6543
        XZ       0.0000     YZ      -0.0000     ZZ     -13.9856
    Octopole Moments (Debye-Ang^2)
       XXX      -0.5539    XXY      -0.0000    XYY       0.5539
       YYY      -0.0000    XXZ       5.3853    XYZ       0.0000
       YYZ       5.3853    XZZ       0.0000    YZZ      -0.0000
       ZZZ      17.5632
    Hexadecapole Moments (Debye-Ang^3)
      XXXX     -15.9419   XXXY      -0.0000   XXYY      -5.3140
      XYYY      -0.0000   YYYY     -15.9419   XXXZ      -0.3205
      XXYZ      -0.0000   XYYZ       0.3204   YYYZ      -0.0000
      XXZZ     -12.8624   XYZZ      -0.0000   YYZZ     -12.8624
      XZZZ      -0.0000   YZZZ      -0.0000   ZZZZ     -62.5699
 -----------------------------------------------------------------
 Mayer SCF Bond Order, atomic valence on the diagonal:

            1           2           3           4           5
    1   3.7015478   0.9403935   0.9203847   0.9203845   0.9203851
    2   0.9403935   0.9698854   0.0098307   0.0098308   0.0098304
    3   0.9203847   0.0098307   0.9132602  -0.0084776  -0.0084777
    4   0.9203845   0.0098308  -0.0084776   0.9132606  -0.0084772
    5   0.9203851   0.0098304  -0.0084777  -0.0084772   0.9132607


 Calculating analytic gradient of the SCF energy
  -1.2883594810473388E-007  -1.2883594807372257E-007
  -1.2883594816169181E-007  -1.2883594801678660E-007
  -1.2884634609033540E-007  -1.2882553920003661E-007
  -1.2883596146462467E-007  -1.2883596134892283E-007
  -1.2883596129177606E-007  -1.2883596152166387E-007
  -1.2860662511660184E-007  -1.2906557760611102E-007
  -1.2891791546714891E-007  -1.2875407973754323E-007
  -1.2869414832667666E-007  -1.2897792081863557E-007
  -1.2890898233444995E-007  -1.2876293417263196E-007
  -1.2891791630238592E-007  -1.2875407890257963E-007
  -1.2897792132937568E-007  -1.2869414781647224E-007
  -1.2890898253332267E-007  -1.2876293397357389E-007
  -1.2867221639626649E-007  -1.2899988971991659E-007
  -1.2883597864932074E-007  -1.2883597958528244E-007
  -1.2890898260161430E-007  -1.2876293390601799E-007
 Gradient of SCF Energy
            1           2           3           4           5
    1  -0.0000000   0.0000001  -0.0000028  -0.0000015   0.0000042
    2   0.0000000   0.0000003   0.0000031  -0.0000041   0.0000006
    3  -0.0000062   0.0000102  -0.0000015  -0.0000011  -0.0000014
 Max gradient component =       1.023E-05
 RMS gradient           =       3.676E-06
 Gradient time:  CPU 10.96 s  wall 1.12 s
 Geometry Optimization Parameters
   NAtoms,    NIC,     NZ,  NCons,   NDum,   NFix, NCnnct, MaxDiis
        5      20       0       0       0       0       0       0

 Cartesian Hessian Update
 Hessian updated using BFGS update


** GEOMETRY OPTIMIZATION IN DELOCALIZED INTERNAL COORDINATES **
   Searching for a Minimum

   Optimization Cycle:   4

                       Coordinates (Angstroms)
     ATOM                X               Y               Z
      1  C         0.0000005229    0.0000020929    0.0539566859
      2  F        -0.0000021756   -0.0000003529   -1.3218221261
      3  H         0.5132296225   -0.8889404747    0.4226230505
      4  H         0.5132347051    0.8889422491    0.4226229009
      5  H        -1.0264626749   -0.0000035144    0.4226194889
   Point Group: c1    Number of degrees of freedom:     9


   Energy is   -139.455476742

 Hessian updated using BFGS update

  8 Hessian modes will be used to form the next step
  Hessian Eigenvalues:
     0.153214    0.160000    0.160000    0.160000    0.343845    0.350396
     0.350396    0.430805

 Minimum search - taking simple RFO step
 Searching for Lamda that Minimizes Along All modes
 Value Taken    Lamda =   0.00000000
 Step Taken.  Stepsize is  0.000035

                             Maximum     Tolerance    Cnvgd?
         Gradient           0.000012      0.000300     YES
         Displacement       0.000030      0.001200     YES
         Energy change     -0.000001      0.000001     YES


                       Distance Matrix (Angstroms)
             C (  1)   F (  2)   H (  3)   H (  4)
   F (  2)  1.375779
   H (  3)  1.090659  2.024033
   H (  4)  1.090660  2.024035  1.777883
   H (  5)  1.090660  2.024030  1.777881  1.777890

 Final energy is   -139.45547674232998     


 ******************************
 **  OPTIMIZATION CONVERGED  **
 ******************************

                       Coordinates (Angstroms)
     ATOM                X               Y               Z
      1  C         0.0000005229    0.0000020929    0.0539566859
      2  F        -0.0000021756   -0.0000003529   -1.3218221261
      3  H         0.5132296225   -0.8889404747    0.4226230505
      4  H         0.5132347051    0.8889422491    0.4226229009
      5  H        -1.0264626749   -0.0000035144    0.4226194889

Z-matrix Print:
$molecule
0 1
C 
H  1 1.090659
H  1 1.090660 2 109.184482
H  1 1.090660 2 109.184328 3 -119.305040 0
F  1 1.375779 2 109.756349 3 120.347803 0
$end


 --------------------------------------------------------------

                    Orbital Energies (a.u.)
 --------------------------------------------------------------

 Alpha MOs
 -- Occupied --
-25.0675 -10.5066  -1.3039  -0.7807  -0.5470  -0.5458  -0.5458  -0.4001
 -0.4001
 -- Virtual --
  0.1472   0.1855   0.2196   0.2196   0.4936   0.4936   0.5375   0.9109
  0.9569   0.9569   1.0226   1.2335   1.2335   1.2591   1.2896   1.2896
  1.3455   1.3455   1.7944   2.1158   2.1158   2.1696   2.3752   2.3752
  2.9475  13.7795  32.7082
 --------------------------------------------------------------

          Ground-State Mulliken Net Atomic Charges

     Atom                 Charge (a.u.)
  ----------------------------------------
      1 C                    -0.212827
      2 F                    -0.358204
      3 H                     0.190344
      4 H                     0.190344
      5 H                     0.190344
  ----------------------------------------
  Sum of atomic charges =     0.000000

 -----------------------------------------------------------------
                    Cartesian Multipole Moments
 -----------------------------------------------------------------
    Charge (ESU x 10^10)
                -0.0000
    Dipole Moment (Debye)
         X       0.0000      Y       0.0000      Z       1.8528
       Tot       1.8528
    Quadrupole Moments (Debye-Ang)
        XX     -11.6543     XY       0.0000     YY     -11.6543
        XZ       0.0000     YZ      -0.0000     ZZ     -13.9856
    Octopole Moments (Debye-Ang^2)
       XXX      -0.5539    XXY      -0.0000    XYY       0.5539
       YYY      -0.0000    XXZ       5.3853    XYZ       0.0000
       YYZ       5.3853    XZZ       0.0000    YZZ      -0.0000
       ZZZ      17.5632
    Hexadecapole Moments (Debye-Ang^3)
      XXXX     -15.9419   XXXY      -0.0000   XXYY      -5.3140
      XYYY      -0.0000   YYYY     -15.9419   XXXZ      -0.3205
      XXYZ      -0.0000   XYYZ       0.3204   YYYZ      -0.0000
      XXZZ     -12.8624   XYZZ      -0.0000   YYZZ     -12.8624
      XZZZ      -0.0000   YZZZ      -0.0000   ZZZZ     -62.5699
 -----------------------------------------------------------------
 Mayer SCF Bond Order, atomic valence on the diagonal:

            1           2           3           4           5
    1   3.7015478   0.9403935   0.9203847   0.9203845   0.9203851
    2   0.9403935   0.9698854   0.0098307   0.0098308   0.0098304
    3   0.9203847   0.0098307   0.9132602  -0.0084776  -0.0084777
    4   0.9203845   0.0098308  -0.0084776   0.9132606  -0.0084772
    5   0.9203851   0.0098304  -0.0084777  -0.0084772   0.9132607


Archival summary:
1\1\node37.cluster.fit.edu\OPT\ProcedureUnspecified\BasisUnspecified\113\rpeverat\WedOct711:40:372020WedOct711:40:372020\0\\#,OPT,ProcedureUnspecified,BasisUnspecified,\\0,1\C\H,1,1.09066\H,1,1.09066,2,109.184\H,1,1.09066,2,109.184,3,-119.305,0\F,1,1.37578,2,109.756,3,120.348,0\\\@

 Total job time:  70.00s(wall), 216.16s(cpu) 
 Wed Oct  7 11:40:37 2020

        *************************************************************
        *                                                           *
        *  Thank you very much for using Q-Chem.  Have a nice day.  *
        *                                                           *
        *************************************************************


