                  Welcome to Q-Chem
     A Quantum Leap Into The Future Of Chemistry


 Q-Chem 5.2 (devel), Q-Chem, Inc., Pleasanton, CA (2019)

 Yihan Shao,  Zhengting Gan,  E. Epifanovsky,  A. T. B. Gilbert,  M. Wormit,  
 J. Kussmann,  A. W. Lange,  A. Behn,  Jia Deng,  Xintian Feng,  D. Ghosh,  
 M. Goldey,  P. R. Horn,  L. D. Jacobson,  I. Kaliman,  T. Kus,  A. Landau,  
 Jie Liu,  E. I. Proynov,  R. M. Richard,  R. P. Steele,  E. J. Sundstrom,  
 H. L. Woodcock III,  P. M. Zimmerman,  D. Zuev,  B. Albrecht,  E. Alguire,  
 S. A. Baeppler,  D. Barton,  Z. Benda,  Y. A. Bernard,  E. J. Berquist,  
 K. B. Bravaya,  H. Burton,  D. Casanova,  Chun-Min Chang,  Yunqing Chen,  
 A. Chien,  K. D. Closser,  M. P. Coons,  S. Coriani,  S. Dasgupta,  
 A. L. Dempwolff,  M. Diedenhofen,  Hainam Do,  R. G. Edgar,  Po-Tung Fang,  
 S. Faraji,  S. Fatehi,  Qingguo Feng,  K. D. Fenk,  J. Fosso-Tande,  
 J. Gayvert,  Qinghui Ge,  A. Ghysels,  G. Gidofalvi,  J. Gomes,  
 J. Gonthier,  A. Gunina,  D. Hait,  M. W. D. Hanson-Heine,  
 P. H. P. Harbach,  A. W. Hauser,  M. F. Herbst,  J. E. Herr,  
 E. G. Hohenstein,  Z. C. Holden,  Kerwin Hui,  B. C. Huynh,  T.-C. Jagau,  
 Hyunjun Ji,  B. Kaduk,  K. Khistyaev,  Jaehoon Kim,  P. Klunzinger,  K. Koh,  
 D. Kosenkov,  L. Koulias,  T. Kowalczyk,  C. M. Krauter,  A. Kunitsa,  
 Ka Un Lao,  A. Laurent,  K. V. Lawler,  Joonho Lee,  D. Lefrancois,  
 S. Lehtola,  D. S. Levine,  Yi-Pei Li,  You-Sheng Lin,  Fenglai Liu,  
 E. Livshits,  A. Luenser,  P. Manohar,  E. Mansoor,  S. F. Manzer,  
 Shan-Ping Mao,  Yuezhi Mao,  N. Mardirossian,  A. V. Marenich,  
 T. Markovich,  L. A. Martinez-Martinez,  S. A. Maurer,  N. J. Mayhall,  
 S. C. McKenzie,  J.-M. Mewes,  P. Morgante,  A. F. Morrison,  
 J. W. Mullinax,  K. Nanda,  T. S. Nguyen-Beck,  R. Olivares-Amaya,  
 J. A. Parkhill,  Zheng Pei,  T. M. Perrine,  F. Plasser,  P. Pokhilko,  
 S. Prager,  A. Prociuk,  E. Ramos,  D. R. Rehn,  F. Rob,  M. Scheurer,  
 M. Schneider,  N. Sergueev,  S. M. Sharada,  S. Sharma,  D. W. Small,  
 T. Stauch,  T. Stein,  Yu-Chuan Su,  A. J. W. Thom,  A. Tkatchenko,  
 T. Tsuchimochi,  N. M. Tubman,  L. Vogt,  M. L. Vidal,  O. Vydrov,  
 M. A. Watson,  J. Wenzel,  M. de Wergifosse,  T. A. Wesolowski,  A. White,  
 J. Witte,  A. Yamada,  Jun Yang,  K. Yao,  S. Yeganeh,  S. R. Yost,  
 Zhi-Qiang You,  A. Zech,  Igor Ying Zhang,  Xing Zhang,  Yan Zhao,  
 Ying Zhu,  B. R. Brooks,  G. K. L. Chan,  C. J. Cramer,  M. S. Gordon,  
 W. J. Hehre,  A. Klamt,  M. W. Schmidt,  C. D. Sherrill,  D. G. Truhlar,  
 A. Aspuru-Guzik,  R. Baer,  A. T. Bell,  N. A. Besley,  Jeng-Da Chai,  
 A. E. DePrince, III,  R. A. DiStasio Jr.,  A. Dreuw,  B. D. Dunietz,  
 T. R. Furlani,  Chao-Ping Hsu,  Yousung Jung,  Jing Kong,  D. S. Lambrecht,  
 WanZhen Liang,  C. Ochsenfeld,  V. A. Rassolov,  L. V. Slipchenko,  
 J. E. Subotnik,  T. Van Voorhis,  J. M. Herbert,  A. I. Krylov,  
 P. M. W. Gill,  M. Head-Gordon

 Contributors to earlier versions of Q-Chem not listed above: 
 R. D. Adamson,  B. Austin,  J. Baker,  G. J. O. Beran,  K. Brandhorst,  
 S. T. Brown,  E. F. C. Byrd,  A. K. Chakraborty,  C.-L. Cheng,  
 Siu Hung Chien,  D. M. Chipman,  D. L. Crittenden,  H. Dachsel,  
 R. J. Doerksen,  A. D. Dutoi,  L. Fusti-Molnar,  W. A. Goddard III,  
 A. Golubeva-Zadorozhnaya,  S. R. Gwaltney,  G. Hawkins,  A. Heyden,  
 S. Hirata,  G. Kedziora,  F. J. Keil,  C. Kelley,  Jihan Kim,  R. A. King,  
 R. Z. Khaliullin,  P. P. Korambath,  W. Kurlancheek,  A. M. Lee,  M. S. Lee,  
 S. V. Levchenko,  Ching Yeh Lin,  D. Liotard,  R. C. Lochan,  I. Lotan,  
 P. E. Maslen,  N. Nair,  D. P. O'Neill,  D. Neuhauser,  E. Neuscamman,  
 C. M. Oana,  R. Olson,  B. Peters,  R. Peverati,  P. A. Pieniazek,  
 Y. M. Rhee,  J. Ritchie,  M. A. Rohrdanz,  E. Rosta,  N. J. Russ,  
 H. F. Schaefer III,  N. E. Schultz,  N. Shenvi,  A. C. Simmonett,  A. Sodt,  
 D. Stuck,  K. S. Thanthiriwatte,  V. Vanovschi,  Tao Wang,  A. Warshel,  
 C. F. Williams,  Q. Wu,  X. Xu,  W. Zhang

 Please cite Q-Chem as follows:
 Y. Shao et al., Mol. Phys. 113, 184-215 (2015)
 DOI: 10.1080/00268976.2014.952696

 Q-Chem 5.2.0 for Intel X86 EM64T Linux

 Parts of Q-Chem use Armadillo 8.300.2 (Tropical Shenanigans).
 http://arma.sourceforge.net/

 Q-Chem begins on Mon Oct 19 11:58:27 2020  

node27.cluster.fit.edu
Host: 0

     Scratch files written to /udrive/faculty/rpeverati/pierpa/qchem/scratch/qchem14792//
NAlpha2: 18
NElect   17
Mult     2

Checking the input file for inconsistencies... 	...done.

--------------------------------------------------------------
User input:
--------------------------------------------------------------
$Comment
Geometry optimizations for CLB18.
$End

$Rem
SYMMETRY              False
SYM_IGNORE            True
JOBTYPE               SP
METHOD                PBEh-3c
BASIS                 def2-mSVP
MAX_SCF_CYCLES        50
SCF_ALGORITHM         DIIS
SCF_PRINT             1
SCF_FINAL_PRINT       1
XC_GRID               000099000590
MEM_TOTAL             20000
MEM_STATIC            4000
BLAS3_DFT             True
New_DFT               True
$End

$Molecule
0 2
Cl 0.0000000000 0.0000000000 0.0000000000
$End

--------------------------------------------------------------
 Adding empirical dispersion correction 
 ----------------------------------------------------------------
 Doing -D3(BJ) with
 s6 =   1.00000
 s8 =   0.00000
 a1 =   0.48600
 a2 =   4.50000
 -D3 energy including 3body term =     -0.0000000000 hartrees
 ----------------------------------------------------------------
 Adding gCP correction 
 ----------------------------------------------------------------
 gCP energy =      0.0000000000 hartrees
 ----------------------------------------------------------------
             Standard Nuclear Orientation (Angstroms)
    I     Atom           X                Y                Z
 ----------------------------------------------------------------
    1      Cl      0.0000000000     0.0000000000     0.0000000000
 ----------------------------------------------------------------
 Nuclear Repulsion Energy =           0.00000000 hartrees
 There are        9 alpha and        8 beta electrons
 Requested basis set is def2-mSVP
 There are 8 shells and 18 basis functions

 Total QAlloc Memory Limit  20000 MB
 Mega-Array Size      3911 MB
 MEM_STATIC part      4000 MB
 A cutoff of  1.0D-08 yielded     36 shell pairs
 There are       190 function pairs (       214 Cartesian)
 Smallest overlap matrix eigenvalue = 1.16E-01

 Scale SEOQF with 1.000000e+00/1.000000e+00/1.000000e+00

 Standard Electronic Orientation quadrupole field applied
 Guess from superposition of atomic densities
 Warning:  Energy on first SCF cycle will be non-variational
 SAD guess density has 17.000000 electrons

 -----------------------------------------------------------------------
  General SCF calculation program by
  Eric Jon Sundstrom, Paul Horn, Yuezhi Mao, Dmitri Zuev, Alec White,
  David Stuck, Shaama M.S., Shane Yost, Joonho Lee, David Small,
  Daniel Levine, Susi Lehtola, Hugh Burton, Evgeny Epifanovsky,
  Bang C. Huynh
 -----------------------------------------------------------------------
 Exchange:     0.4200 Hartree-Fock + 0.5800 PBEh-3c
 Correlation:  1.0000 PBEh-3c
 Using Euler-Maclaurin-Lebedev (99,590) quadrature formula
 Dispersion:   Grimme D3
 using 12 threads for integral computing
 -------------------------------------------------------
 OpenMP Integral computing Module                
 Release: version 2.0, May 2017, Q-Chem Inc. Pleasanton 
 -------------------------------------------------------
 A unrestricted SCF calculation will be
 performed using DIIS
 SCF converges when DIIS error is below 1.0e-05
 Alpha HF Exchange    Energy =  -5.73779302525830
 Beta HF Exchange     Energy =  -5.73779302525830
 DFT Correlation      Energy =  -0.87097269628996
 DFT Exchange         Energy = -15.41126045361594
 One-Electron (alpha) Energy = -317.41154992656283
 One-Electron (beta)  Energy = -317.41154992656283
 Total Coulomb        Energy = 203.03578919792625
 ---------------------------------------
  Cycle       Energy         DIIS error
 ---------------------------------------
    1    -459.5451298556      5.55e-03  
 Alpha HF Exchange    Energy =  -5.89011115349499
 Beta HF Exchange     Energy =  -5.67148632281830
 DFT Correlation      Energy =  -0.86684895367549
 DFT Exchange         Energy = -15.42202560546242
 One-Electron (alpha) Energy = -322.48640778669176
 One-Electron (beta)  Energy = -312.30676860121815
 Total Coulomb        Energy = 203.00676496068024
    2    -459.6368834627      3.09e-03  
 Alpha HF Exchange    Energy =  -5.89449548658401
 Beta HF Exchange     Energy =  -5.67244004599466
 DFT Correlation      Energy =  -0.86690503596775
 DFT Exchange         Energy = -15.42891902439284
 One-Electron (alpha) Energy = -322.62478336021400
 One-Electron (beta)  Energy = -312.31190242951237
 Total Coulomb        Energy = 203.16069299574167
    3    -459.6387523869      1.14e-03  
 Alpha HF Exchange    Energy =  -5.89512873854301
 Beta HF Exchange     Energy =  -5.67124879868294
 DFT Correlation      Energy =  -0.86665871292171
 DFT Exchange         Energy = -15.42781813763018
 One-Electron (alpha) Energy = -322.64622338347556
 One-Electron (beta)  Energy = -312.25518474499574
 Total Coulomb        Energy = 203.12320382442917
    4    -459.6390586918      1.91e-04  
 Alpha HF Exchange    Energy =  -5.89575255345088
 Beta HF Exchange     Energy =  -5.67170058974716
 DFT Correlation      Energy =  -0.86672256484871
 DFT Exchange         Energy = -15.42928040110012
 One-Electron (alpha) Energy = -322.66505917607651
 One-Electron (beta)  Energy = -312.26811402030808
 Total Coulomb        Energy = 203.15756568441219
    5    -459.6390636211      2.22e-05  
 Alpha HF Exchange    Energy =  -5.89577666082523
 Beta HF Exchange     Energy =  -5.67165247448491
 DFT Correlation      Energy =  -0.86671678888498
 DFT Exchange         Energy = -15.42924019679553
 One-Electron (alpha) Energy = -322.66589089732554
 One-Electron (beta)  Energy = -312.26613969161701
 Total Coulomb        Energy = 203.15635296675691
    6    -459.6390637432      1.81e-06  Convergence criterion met
 ---------------------------------------
 Alpha HF Exchange    Energy =  -5.89577666082523
 Beta HF Exchange     Energy =  -5.67165247448491
 DFT Correlation      Energy =  -0.86671678888498
 DFT Exchange         Energy = -15.42924019679553
 One-Electron (alpha) Energy = -322.66589089732554
 One-Electron (beta)  Energy = -312.26613969161701
 Total Coulomb        Energy = 203.15635296675691
 SCF time:   CPU 5.08s  wall 0.00s 
<S^2> =          0.752430856
 Alpha HF Exchange    Energy =  -5.89577666082523
 Beta HF Exchange     Energy =  -5.67165247448491
 DFT Correlation      Energy =  -0.86671678888498
 DFT Exchange         Energy = -15.42924019679553
 One-Electron (alpha) Energy = -322.66589089732554
 One-Electron (beta)  Energy = -312.26613969161701
 Total Coulomb        Energy = 203.15635296675691
 Nuclear repulsion Energy =   0.00000000000000
 SCF   energy in the final basis set =     -459.6390637432
 Total energy in the final basis set =     -459.6390637432

 Q-Chem warning in module /udrive/faculty/rpeverati/pierpa/qchem/libsym/oriorb.F, line  198:

 OriOrb: Failure to resolve orbital degeneracies.


 Q-Chem warning in module /udrive/faculty/rpeverati/pierpa/qchem/libsym/oriorb.F, line  198:

 OriOrb: Failure to resolve orbital degeneracies.


 --------------------------------------------------------------

                    Orbital Energies (a.u.)
 --------------------------------------------------------------

 Alpha MOs
 -- Occupied --
********  -9.8058  -7.5062  -7.4820  -7.4820  -0.9266  -0.4581  -0.3978
 -0.3978
 -- Virtual --
  0.4612   0.7530   0.7671   0.7671   0.8147   0.8147   0.8622   0.9064
  0.9064

 Beta MOs
 -- Occupied --
********  -9.7984  -7.4781  -7.4776  -7.4776  -0.8558  -0.3794  -0.3794
 -- Virtual --
 -0.1899   0.4836   0.8232   0.8232   0.8332   0.8332   0.8443   0.9175
  0.9175   0.9346
 --------------------------------------------------------------

          Ground-State Mulliken Net Atomic Charges

     Atom                 Charge (a.u.)    Spin (a.u.)
  --------------------------------------------------------
      1 Cl                    0.000000       1.000000
  --------------------------------------------------------
  Sum of atomic charges =     0.000000
  Sum of spin   charges =     1.000000

 -----------------------------------------------------------------
                    Cartesian Multipole Moments
 -----------------------------------------------------------------
    Charge (ESU x 10^10)
                 0.0000
    Dipole Moment (Debye)
         X       0.0000      Y      -0.0000      Z       0.0000
       Tot       0.0000
    Quadrupole Moments (Debye-Ang)
        XX     -12.6134     XY      -0.0000     YY     -12.6134
        XZ      -0.0000     YZ       0.0000     ZZ     -10.5333
    Octopole Moments (Debye-Ang^2)
       XXX       0.0000    XXY      -0.0000    XYY       0.0000
       YYY      -0.0000    XXZ       0.0000    XYZ       0.0000
       YYZ       0.0000    XZZ       0.0000    YZZ      -0.0000
       ZZZ       0.0000
    Hexadecapole Moments (Debye-Ang^3)
      XXXX     -12.7318   XXXY      -0.0000   XXYY      -4.2439
      XYYY      -0.0000   YYYY     -12.7318   XXXZ      -0.0000
      XXYZ       0.0000   XYYZ      -0.0000   YYYZ       0.0000
      XXZZ      -3.6795   XYZZ      -0.0000   YYZZ      -3.6795
      XZZZ      -0.0000   YZZZ       0.0000   ZZZZ      -9.3465
 -----------------------------------------------------------------
 Mayer SCF Bond Order, atomic valence on the diagonal:

            1
    1   0.0000000



 STANDARD THERMODYNAMIC QUANTITIES AT   298.15 K  AND     1.00 ATM

   Translational Enthalpy:        0.889 kcal/mol
   Rotational Enthalpy:           0.000 kcal/mol
   Vibrational Enthalpy:          0.000 kcal/mol
   gas constant (RT):             0.592 kcal/mol
   Translational Entropy:        36.586  cal/mol.K
   Rotational Entropy:            0.000  cal/mol.K
   Vibrational Entropy:           0.000  cal/mol.K

   Total Enthalpy:                1.481 kcal/mol
   Total Entropy:                36.586  cal/mol.K

 -----------------------------------------------------------------

Archival summary:
1\1\node27.cluster.fit.edu\SP\ProcedureUnspecified\BasisUnspecified\l1(2)\rpeverat\MonOct1911:58:282020MonOct1911:58:282020\0\\#,ProcedureUnspecified,BasisUnspecified,\\0,2\Cl\\\@

 Total job time:  0.91s(wall), 6.13s(cpu) 
 Mon Oct 19 11:58:28 2020

        *************************************************************
        *                                                           *
        *  Thank you very much for using Q-Chem.  Have a nice day.  *
        *                                                           *
        *************************************************************


