                  Welcome to Q-Chem
     A Quantum Leap Into The Future Of Chemistry


 Q-Chem 5.2 (devel), Q-Chem, Inc., Pleasanton, CA (2019)

 Yihan Shao,  Zhengting Gan,  E. Epifanovsky,  A. T. B. Gilbert,  M. Wormit,  
 J. Kussmann,  A. W. Lange,  A. Behn,  Jia Deng,  Xintian Feng,  D. Ghosh,  
 M. Goldey,  P. R. Horn,  L. D. Jacobson,  I. Kaliman,  T. Kus,  A. Landau,  
 Jie Liu,  E. I. Proynov,  R. M. Richard,  R. P. Steele,  E. J. Sundstrom,  
 H. L. Woodcock III,  P. M. Zimmerman,  D. Zuev,  B. Albrecht,  E. Alguire,  
 S. A. Baeppler,  D. Barton,  Z. Benda,  Y. A. Bernard,  E. J. Berquist,  
 K. B. Bravaya,  H. Burton,  D. Casanova,  Chun-Min Chang,  Yunqing Chen,  
 A. Chien,  K. D. Closser,  M. P. Coons,  S. Coriani,  S. Dasgupta,  
 A. L. Dempwolff,  M. Diedenhofen,  Hainam Do,  R. G. Edgar,  Po-Tung Fang,  
 S. Faraji,  S. Fatehi,  Qingguo Feng,  K. D. Fenk,  J. Fosso-Tande,  
 J. Gayvert,  Qinghui Ge,  A. Ghysels,  G. Gidofalvi,  J. Gomes,  
 J. Gonthier,  A. Gunina,  D. Hait,  M. W. D. Hanson-Heine,  
 P. H. P. Harbach,  A. W. Hauser,  M. F. Herbst,  J. E. Herr,  
 E. G. Hohenstein,  Z. C. Holden,  Kerwin Hui,  B. C. Huynh,  T.-C. Jagau,  
 Hyunjun Ji,  B. Kaduk,  K. Khistyaev,  Jaehoon Kim,  P. Klunzinger,  K. Koh,  
 D. Kosenkov,  L. Koulias,  T. Kowalczyk,  C. M. Krauter,  A. Kunitsa,  
 Ka Un Lao,  A. Laurent,  K. V. Lawler,  Joonho Lee,  D. Lefrancois,  
 S. Lehtola,  D. S. Levine,  Yi-Pei Li,  You-Sheng Lin,  Fenglai Liu,  
 E. Livshits,  A. Luenser,  P. Manohar,  E. Mansoor,  S. F. Manzer,  
 Shan-Ping Mao,  Yuezhi Mao,  N. Mardirossian,  A. V. Marenich,  
 T. Markovich,  L. A. Martinez-Martinez,  S. A. Maurer,  N. J. Mayhall,  
 S. C. McKenzie,  J.-M. Mewes,  P. Morgante,  A. F. Morrison,  
 J. W. Mullinax,  K. Nanda,  T. S. Nguyen-Beck,  R. Olivares-Amaya,  
 J. A. Parkhill,  Zheng Pei,  T. M. Perrine,  F. Plasser,  P. Pokhilko,  
 S. Prager,  A. Prociuk,  E. Ramos,  D. R. Rehn,  F. Rob,  M. Scheurer,  
 M. Schneider,  N. Sergueev,  S. M. Sharada,  S. Sharma,  D. W. Small,  
 T. Stauch,  T. Stein,  Yu-Chuan Su,  A. J. W. Thom,  A. Tkatchenko,  
 T. Tsuchimochi,  N. M. Tubman,  L. Vogt,  M. L. Vidal,  O. Vydrov,  
 M. A. Watson,  J. Wenzel,  M. de Wergifosse,  T. A. Wesolowski,  A. White,  
 J. Witte,  A. Yamada,  Jun Yang,  K. Yao,  S. Yeganeh,  S. R. Yost,  
 Zhi-Qiang You,  A. Zech,  Igor Ying Zhang,  Xing Zhang,  Yan Zhao,  
 Ying Zhu,  B. R. Brooks,  G. K. L. Chan,  C. J. Cramer,  M. S. Gordon,  
 W. J. Hehre,  A. Klamt,  M. W. Schmidt,  C. D. Sherrill,  D. G. Truhlar,  
 A. Aspuru-Guzik,  R. Baer,  A. T. Bell,  N. A. Besley,  Jeng-Da Chai,  
 A. E. DePrince, III,  R. A. DiStasio Jr.,  A. Dreuw,  B. D. Dunietz,  
 T. R. Furlani,  Chao-Ping Hsu,  Yousung Jung,  Jing Kong,  D. S. Lambrecht,  
 WanZhen Liang,  C. Ochsenfeld,  V. A. Rassolov,  L. V. Slipchenko,  
 J. E. Subotnik,  T. Van Voorhis,  J. M. Herbert,  A. I. Krylov,  
 P. M. W. Gill,  M. Head-Gordon

 Contributors to earlier versions of Q-Chem not listed above: 
 R. D. Adamson,  B. Austin,  J. Baker,  G. J. O. Beran,  K. Brandhorst,  
 S. T. Brown,  E. F. C. Byrd,  A. K. Chakraborty,  C.-L. Cheng,  
 Siu Hung Chien,  D. M. Chipman,  D. L. Crittenden,  H. Dachsel,  
 R. J. Doerksen,  A. D. Dutoi,  L. Fusti-Molnar,  W. A. Goddard III,  
 A. Golubeva-Zadorozhnaya,  S. R. Gwaltney,  G. Hawkins,  A. Heyden,  
 S. Hirata,  G. Kedziora,  F. J. Keil,  C. Kelley,  Jihan Kim,  R. A. King,  
 R. Z. Khaliullin,  P. P. Korambath,  W. Kurlancheek,  A. M. Lee,  M. S. Lee,  
 S. V. Levchenko,  Ching Yeh Lin,  D. Liotard,  R. C. Lochan,  I. Lotan,  
 P. E. Maslen,  N. Nair,  D. P. O'Neill,  D. Neuhauser,  E. Neuscamman,  
 C. M. Oana,  R. Olson,  B. Peters,  R. Peverati,  P. A. Pieniazek,  
 Y. M. Rhee,  J. Ritchie,  M. A. Rohrdanz,  E. Rosta,  N. J. Russ,  
 H. F. Schaefer III,  N. E. Schultz,  N. Shenvi,  A. C. Simmonett,  A. Sodt,  
 D. Stuck,  K. S. Thanthiriwatte,  V. Vanovschi,  Tao Wang,  A. Warshel,  
 C. F. Williams,  Q. Wu,  X. Xu,  W. Zhang

 Please cite Q-Chem as follows:
 Y. Shao et al., Mol. Phys. 113, 184-215 (2015)
 DOI: 10.1080/00268976.2014.952696

 Q-Chem 5.2.0 for Intel X86 EM64T Linux

 Parts of Q-Chem use Armadillo 8.300.2 (Tropical Shenanigans).
 http://arma.sourceforge.net/

 Q-Chem begins on Wed Oct  7 11:39:22 2020  

node56.cluster.fit.edu
Host: 0

     Scratch files written to /udrive/faculty/rpeverati/pierpa/qchem/scratch/qchem38577//
NAlpha2: 2
NElect   2
Mult     1

Checking the input file for inconsistencies... 	...done.

--------------------------------------------------------------
User input:
--------------------------------------------------------------
$Comment
Geometry optimizations for CLB18.
$End

$Rem
SYMMETRY              False
SYM_IGNORE            True
JOBTYPE               Opt
METHOD                PBEh-3c
BASIS                 def2-mSVP
MAX_SCF_CYCLES        50
SCF_ALGORITHM         DIIS
SCF_PRINT             1
SCF_FINAL_PRINT       1
XC_GRID               000099000590
MEM_TOTAL             20000
MEM_STATIC            4000
BLAS3_DFT             True
New_DFT               True
$End

$Molecule
0 1
H 0.0000000000 0.0000000000 0.3709384078
H 0.0000000000 0.0000000000 -0.3709384078
$End

--------------------------------------------------------------
 Adding empirical dispersion correction 
 ----------------------------------------------------------------
 Doing -D3(BJ) with
 s6 =   1.00000
 s8 =   0.00000
 a1 =   0.48600
 a2 =   4.50000
 -D3 energy including 3body term =     -0.0000558685 hartrees
 ----------------------------------------------------------------
 Adding gCP correction 
 ----------------------------------------------------------------
 gCP energy =      0.0000000000 hartrees
 ----------------------------------------------------------------
             Standard Nuclear Orientation (Angstroms)
    I     Atom           X                Y                Z
 ----------------------------------------------------------------
    1      H       0.0000000000     0.0000000000     0.3709384078
    2      H       0.0000000000     0.0000000000    -0.3709384078
 ----------------------------------------------------------------
 Nuclear Repulsion Energy =           0.71323938 hartrees
 There are        1 alpha and        1 beta electrons
 Requested basis set is def2-mSVP
 There are 4 shells and 4 basis functions

 Total QAlloc Memory Limit  20000 MB
 Mega-Array Size      3911 MB
 MEM_STATIC part      4000 MB
 A cutoff of  1.0D-11 yielded     10 shell pairs
 There are        10 function pairs
 Smallest overlap matrix eigenvalue = 9.74E-02

 Scale SEOQF with 1.000000e+00/1.000000e+00/1.000000e+00

 Standard Electronic Orientation quadrupole field applied
 Nucleus-field energy     =    -0.0000000003 hartrees
 Guess from superposition of atomic densities
 Warning:  Energy on first SCF cycle will be non-variational
 SAD guess density has 2.000000 electrons

 -----------------------------------------------------------------------
  General SCF calculation program by
  Eric Jon Sundstrom, Paul Horn, Yuezhi Mao, Dmitri Zuev, Alec White,
  David Stuck, Shaama M.S., Shane Yost, Joonho Lee, David Small,
  Daniel Levine, Susi Lehtola, Hugh Burton, Evgeny Epifanovsky,
  Bang C. Huynh
 -----------------------------------------------------------------------
 Exchange:     0.4200 Hartree-Fock + 0.5800 PBEh-3c
 Correlation:  1.0000 PBEh-3c
 Using Euler-Maclaurin-Lebedev (99,590) quadrature formula
 Dispersion:   Grimme D3
 using 12 threads for integral computing
 -------------------------------------------------------
 OpenMP Integral computing Module                
 Release: version 2.0, May 2017, Q-Chem Inc. Pleasanton 
 -------------------------------------------------------
 DFT Correlation Energy =  -0.05903279111447
 DFT Exchange    Energy =  -0.31785261370025
 HF Exchange     Energy =  -0.20297911551197
 One-Electron    Energy =  -2.22948035662369
 Total Coulomb   Energy =   1.15420741074830
 Nuclear repulsion Energy =   0.71323938408691
 A restricted SCF calculation will be
 performed using DIIS
 SCF converges when DIIS error is below 1.0e-08
 DFT Correlation Energy =  -0.05903279111447
 DFT Exchange    Energy =  -0.31785261370025
 HF Exchange     Energy =  -0.20297911551197
 One-Electron    Energy =  -2.22948035662369
 Total Coulomb   Energy =   1.15420741074830
 ---------------------------------------
  Cycle       Energy         DIIS error
 ---------------------------------------
 DFT Correlation Energy =  -0.06123625996689
 DFT Exchange    Energy =  -0.36220675778661
 HF Exchange     Energy =  -0.27663963547915
 One-Electron    Energy =  -2.49846559333931
 Total Coulomb   Energy =   1.31733159751975
 Nuclear repulsion Energy =   0.71323938408691
    1      -0.9418980821      9.21e-02  
 DFT Correlation Energy =  -0.06123625996689
 DFT Exchange    Energy =  -0.36220675778661
 HF Exchange     Energy =  -0.27663963547915
 One-Electron    Energy =  -2.49846559333931
 Total Coulomb   Energy =   1.31733159751975
 DFT Correlation Energy =  -0.06120112879456
 DFT Exchange    Energy =  -0.36116498729494
 HF Exchange     Energy =  -0.27588988335515
 One-Electron    Energy =  -2.49673963800933
 Total Coulomb   Energy =   1.31376134931025
 Nuclear repulsion Energy =   0.71323938408691
    2      -1.1679772650      2.30e-03  
 DFT Correlation Energy =  -0.06120112879456
 DFT Exchange    Energy =  -0.36116498729494
 HF Exchange     Energy =  -0.27588988335515
 One-Electron    Energy =  -2.49673963800933
 Total Coulomb   Energy =   1.31376134931025
 DFT Correlation Energy =  -0.06120094585634
 DFT Exchange    Energy =  -0.36115952426421
 HF Exchange     Energy =  -0.27588595192082
 One-Electron    Energy =  -2.49673049477752
 Total Coulomb   Energy =   1.31374262819436
 Nuclear repulsion Energy =   0.71323938408691
    3      -1.1679949041      1.20e-05  
 DFT Correlation Energy =  -0.06120094585634
 DFT Exchange    Energy =  -0.36115952426421
 HF Exchange     Energy =  -0.27588595192082
 One-Electron    Energy =  -2.49673049477752
 Total Coulomb   Energy =   1.31374262819436
    4      -1.1679949045      6.92e-10  Convergence criterion met
 ---------------------------------------
 DFT Correlation Energy =  -0.06120094585634
 DFT Exchange    Energy =  -0.36115952426421
 HF Exchange     Energy =  -0.27588595192082
 One-Electron    Energy =  -2.49673049477752
 Total Coulomb   Energy =   1.31374262819436
 SCF time:   CPU 3.11s  wall 1.00s 
 DFT Correlation Energy =  -0.06120094585634
 DFT Exchange    Energy =  -0.36115952426421
 HF Exchange     Energy =  -0.27588595192082
 One-Electron    Energy =  -2.49673049477752
 Total Coulomb   Energy =   1.31374262819436
 Nuclear repulsion Energy =   0.71323938408691
 SCF   energy in the final basis set =       -1.1679949045
 Total energy in the final basis set =       -1.1679949045

 --------------------------------------------------------------

                    Orbital Energies (a.u.)
 --------------------------------------------------------------

 Alpha MOs
 -- Occupied --
 -0.4828
 -- Virtual --
  0.1508   0.6958   1.2562
 --------------------------------------------------------------

          Ground-State Mulliken Net Atomic Charges

     Atom                 Charge (a.u.)
  ----------------------------------------
      1 H                    -0.000000
      2 H                    -0.000000
  ----------------------------------------
  Sum of atomic charges =     0.000000

 -----------------------------------------------------------------
                    Cartesian Multipole Moments
 -----------------------------------------------------------------
    Charge (ESU x 10^10)
                -0.0000
    Dipole Moment (Debye)
         X       0.0000      Y       0.0000      Z       0.0000
       Tot       0.0000
    Quadrupole Moments (Debye-Ang)
        XX      -1.9571     XY       0.0000     YY      -1.9571
        XZ       0.0000     YZ       0.0000     ZZ      -1.5260
    Octopole Moments (Debye-Ang^2)
       XXX       0.0000    XXY       0.0000    XYY       0.0000
       YYY       0.0000    XXZ       0.0000    XYZ       0.0000
       YYZ       0.0000    XZZ       0.0000    YZZ       0.0000
       ZZZ       0.0000
    Hexadecapole Moments (Debye-Ang^3)
      XXXX      -1.6727   XXXY       0.0000   XXYY      -0.5576
      XYYY       0.0000   YYYY      -1.6727   XXXZ       0.0000
      XXYZ       0.0000   XYYZ       0.0000   YYYZ       0.0000
      XXZZ      -0.7235   XYZZ       0.0000   YYZZ      -0.7235
      XZZZ       0.0000   YZZZ       0.0000   ZZZZ      -2.6011
 -----------------------------------------------------------------
 Mayer SCF Bond Order, atomic valence on the diagonal:

            1           2
    1   1.0000000   1.0000000
    2   1.0000000   1.0000000


 Calculating analytic gradient of the SCF energy
   0.0000000000000000        0.0000000000000000     
   0.0000000000000000        0.0000000000000000     
   0.0000000000000000        0.0000000000000000     
   0.0000000000000000        0.0000000000000000     
   0.0000000000000000        0.0000000000000000     
   0.0000000000000000        0.0000000000000000     
 Gradient of SCF Energy
            1           2
    1   0.0000000  -0.0000000
    2   0.0000000  -0.0000000
    3  -0.0005088   0.0005088
 Max gradient component =       5.088E-04
 RMS gradient           =       2.937E-04
 Gradient time:  CPU 1.04 s  wall 0.22 s
 Geometry Optimization Parameters
   NAtoms,    NIC,     NZ,  NCons,   NDum,   NFix, NCnnct, MaxDiis
        2       5       0       0       0       0       0       0


** GEOMETRY OPTIMIZATION IN DELOCALIZED INTERNAL COORDINATES **
   Searching for a Minimum

   Optimization Cycle:   1

                       Coordinates (Angstroms)
     ATOM                X               Y               Z
      1  H         0.0000000000    0.0000000000    0.3709384078
      2  H         0.0000000000    0.0000000000   -0.3709384078
   Point Group: c1    Number of degrees of freedom:     0


   Energy is     -1.167994905


 Attempting to generate delocalized internal coordinates

  ***ERROR*** Wrong Number of Internal Coordinates
              Should be:   0  Found:   1
**WARNING** Problems with Internal Coordinates
  Switching to Cartesian Coordinates

 Translations and Rotations Projected Out of Hessian

  1 Hessian modes will be used to form the next step
  Hessian Eigenvalues:
     1.000000

 Minimum search - taking simple RFO step
 Searching for Lamda that Minimizes Along All modes
 Value Taken    Lamda =   0.00000000
 Step Taken.  Stepsize is  0.000720

                             Maximum     Tolerance    Cnvgd?
         Gradient           0.000509      0.000300      NO
         Displacement       0.000509      0.001200     YES
         Energy change     -1.167995      0.000001      NO

 Adding empirical dispersion correction 
 ----------------------------------------------------------------
 Doing -D3(BJ) with
 s6 =   1.00000
 s8 =   0.00000
 a1 =   0.48600
 a2 =   4.50000
 -D3 energy including 3body term =     -0.0000558835 hartrees
 ----------------------------------------------------------------
 Adding gCP correction 
 ----------------------------------------------------------------
 gCP energy =      0.0000000000 hartrees
 ----------------------------------------------------------------
             Standard Nuclear Orientation (Angstroms)
    I     Atom           X                Y                Z
 ----------------------------------------------------------------
    1      H       0.0000000000     0.0000000000     0.3712076374
    2      H       0.0000000000     0.0000000000    -0.3712076374
 ----------------------------------------------------------------
 Nuclear Repulsion Energy =           0.71272203 hartrees
 There are        1 alpha and        1 beta electrons
 Applying Cartesian multipole field
    Component          Value
    ---------          -----
     (2,0,0)        1.00000E-10
     (0,2,0)        2.00000E-10
     (0,0,2)       -3.00000E-10
 Nucleus-field energy     =    -0.0000000003 hartrees
 Requested basis set is def2-mSVP
 There are 4 shells and 4 basis functions
 A cutoff of  1.0D-11 yielded     10 shell pairs
 There are        10 function pairs
 Smallest overlap matrix eigenvalue = 9.75E-02
 Guess MOs from SCF MO coefficient file

 -----------------------------------------------------------------------
  General SCF calculation program by
  Eric Jon Sundstrom, Paul Horn, Yuezhi Mao, Dmitri Zuev, Alec White,
  David Stuck, Shaama M.S., Shane Yost, Joonho Lee, David Small,
  Daniel Levine, Susi Lehtola, Hugh Burton, Evgeny Epifanovsky,
  Bang C. Huynh
 -----------------------------------------------------------------------
 Exchange:     0.4200 Hartree-Fock + 0.5800 PBEh-3c
 Correlation:  1.0000 PBEh-3c
 Using Euler-Maclaurin-Lebedev (99,590) quadrature formula
 Dispersion:   Grimme D3
 using 12 threads for integral computing
 -------------------------------------------------------
 OpenMP Integral computing Module                
 Release: version 2.0, May 2017, Q-Chem Inc. Pleasanton 
 -------------------------------------------------------
 DFT Correlation Energy =  -0.06119751054907
 DFT Exchange    Energy =  -0.36111840014198
 HF Exchange     Energy =  -0.27584572078504
 One-Electron    Energy =  -2.49610663791708
 Total Coulomb   Energy =   1.31355105135735
 Nuclear repulsion Energy =   0.71272203007805
 A restricted SCF calculation will be
 performed using DIIS
 SCF converges when DIIS error is below 1.0e-08
 DFT Correlation Energy =  -0.06119751054907
 DFT Exchange    Energy =  -0.36111840014198
 HF Exchange     Energy =  -0.27584572078504
 One-Electron    Energy =  -2.49610663791708
 Total Coulomb   Energy =   1.31355105135735
 ---------------------------------------
  Cycle       Energy         DIIS error
 ---------------------------------------
 DFT Correlation Energy =  -0.06119561577385
 DFT Exchange    Energy =  -0.36106175397577
 HF Exchange     Energy =  -0.27580496269933
 One-Electron    Energy =  -2.49601190073168
 Total Coulomb   Energy =   1.31335696523488
 Nuclear repulsion Energy =   0.71272203007805
    1      -1.1679951880      1.22e-04  
 DFT Correlation Energy =  -0.06119561577385
 DFT Exchange    Energy =  -0.36106175397577
 HF Exchange     Energy =  -0.27580496269933
 One-Electron    Energy =  -2.49601190073168
 Total Coulomb   Energy =   1.31335696523488
 DFT Correlation Energy =  -0.06119564896333
 DFT Exchange    Energy =  -0.36106274658075
 HF Exchange     Energy =  -0.27580567689665
 One-Electron    Energy =  -2.49601356169542
 Total Coulomb   Energy =   1.31336036617452
 Nuclear repulsion Energy =   0.71272203007805
    2      -1.1679952379      2.18e-06  
 DFT Correlation Energy =  -0.06119564896333
 DFT Exchange    Energy =  -0.36106274658075
 HF Exchange     Energy =  -0.27580567689665
 One-Electron    Energy =  -2.49601356169542
 Total Coulomb   Energy =   1.31336036617452
    3      -1.1679952379      6.67e-12  Convergence criterion met
 ---------------------------------------
 DFT Correlation Energy =  -0.06119564896333
 DFT Exchange    Energy =  -0.36106274658075
 HF Exchange     Energy =  -0.27580567689665
 One-Electron    Energy =  -2.49601356169542
 Total Coulomb   Energy =   1.31336036617452
 SCF time:   CPU 1.67s  wall 0.00s 
 DFT Correlation Energy =  -0.06119564896333
 DFT Exchange    Energy =  -0.36106274658075
 HF Exchange     Energy =  -0.27580567689665
 One-Electron    Energy =  -2.49601356169542
 Total Coulomb   Energy =   1.31336036617452
 Nuclear repulsion Energy =   0.71272203007805
 SCF   energy in the final basis set =       -1.1679952379
 Total energy in the final basis set =       -1.1679952379

 --------------------------------------------------------------

                    Orbital Energies (a.u.)
 --------------------------------------------------------------

 Alpha MOs
 -- Occupied --
 -0.4827
 -- Virtual --
  0.1507   0.6961   1.2555
 --------------------------------------------------------------

          Ground-State Mulliken Net Atomic Charges

     Atom                 Charge (a.u.)
  ----------------------------------------
      1 H                     0.000000
      2 H                    -0.000000
  ----------------------------------------
  Sum of atomic charges =     0.000000

 -----------------------------------------------------------------
                    Cartesian Multipole Moments
 -----------------------------------------------------------------
    Charge (ESU x 10^10)
                 0.0000
    Dipole Moment (Debye)
         X       0.0000      Y       0.0000      Z       0.0000
       Tot       0.0000
    Quadrupole Moments (Debye-Ang)
        XX      -1.9578     XY       0.0000     YY      -1.9578
        XZ       0.0000     YZ       0.0000     ZZ      -1.5262
    Octopole Moments (Debye-Ang^2)
       XXX       0.0000    XXY       0.0000    XYY       0.0000
       YYY       0.0000    XXZ       0.0000    XYZ       0.0000
       YYZ       0.0000    XZZ       0.0000    YZZ       0.0000
       ZZZ       0.0000
    Hexadecapole Moments (Debye-Ang^3)
      XXXX      -1.6737   XXXY       0.0000   XXYY      -0.5579
      XYYY       0.0000   YYYY      -1.6737   XXXZ       0.0000
      XXYZ       0.0000   XYYZ       0.0000   YYYZ       0.0000
      XXZZ      -0.7242   XYZZ       0.0000   YYZZ      -0.7242
      XZZZ       0.0000   YZZZ       0.0000   ZZZZ      -2.6038
 -----------------------------------------------------------------
 Mayer SCF Bond Order, atomic valence on the diagonal:

            1           2
    1   1.0000000   1.0000000
    2   1.0000000   1.0000000


 Calculating analytic gradient of the SCF energy
   0.0000000000000000        0.0000000000000000     
   0.0000000000000000        0.0000000000000000     
   0.0000000000000000        0.0000000000000000     
   0.0000000000000000        0.0000000000000000     
   0.0000000000000000        0.0000000000000000     
   0.0000000000000000        0.0000000000000000     
 Gradient of SCF Energy
            1           2
    1  -0.0000000   0.0000000
    2  -0.0000000   0.0000000
    3  -0.0001171   0.0001171
 Max gradient component =       1.171E-04
 RMS gradient           =       6.763E-05
 Gradient time:  CPU 0.72 s  wall 0.09 s
 Geometry Optimization Parameters
   NAtoms,    NIC,     NZ,  NCons,   NDum,   NFix, NCnnct, MaxDiis
        2       5       0       0       0       0       0       0

 Cartesian Hessian Update
 Hessian updated using BFGS update


** GEOMETRY OPTIMIZATION IN CARTESIAN COORDINATES **
   Searching for a Minimum

   Optimization Cycle:   2

                       Coordinates (Angstroms)
     ATOM                X               Y               Z
      1  H         0.0000000000    0.0000000000    0.3712076374
      2  H         0.0000000000    0.0000000000   -0.3712076374
   Point Group: c1    Number of degrees of freedom:     0


   Energy is     -1.167995238


 Translations and Rotations Projected Out of Hessian

  1 Hessian modes will be used to form the next step
  Hessian Eigenvalues:
     0.769747

 Minimum search - taking simple RFO step
 Searching for Lamda that Minimizes Along All modes
 Value Taken    Lamda =   0.00000000
 Step Taken.  Stepsize is  0.000215

                             Maximum     Tolerance    Cnvgd?
         Gradient           0.000117      0.000300     YES
         Displacement       0.000152      0.001200     YES
         Energy change     -0.000000      0.000001     YES


                       Distance Matrix (Angstroms)
             H (  1)
   H (  2)  0.742415

 Final energy is   -1.1679952378835752     


 ******************************
 **  OPTIMIZATION CONVERGED  **
 ******************************

                       Coordinates (Angstroms)
     ATOM                X               Y               Z
      1  H         0.0000000000    0.0000000000    0.3712076374
      2  H         0.0000000000    0.0000000000   -0.3712076374

Z-matrix Print:
$molecule
0 1
H 
H  1 0.742415
$end


 --------------------------------------------------------------

                    Orbital Energies (a.u.)
 --------------------------------------------------------------

 Alpha MOs
 -- Occupied --
 -0.4827
 -- Virtual --
  0.1507   0.6961   1.2555
 --------------------------------------------------------------

          Ground-State Mulliken Net Atomic Charges

     Atom                 Charge (a.u.)
  ----------------------------------------
      1 H                     0.000000
      2 H                    -0.000000
  ----------------------------------------
  Sum of atomic charges =     0.000000

 -----------------------------------------------------------------
                    Cartesian Multipole Moments
 -----------------------------------------------------------------
    Charge (ESU x 10^10)
                 0.0000
    Dipole Moment (Debye)
         X       0.0000      Y       0.0000      Z       0.0000
       Tot       0.0000
    Quadrupole Moments (Debye-Ang)
        XX      -1.9578     XY       0.0000     YY      -1.9578
        XZ       0.0000     YZ       0.0000     ZZ      -1.5262
    Octopole Moments (Debye-Ang^2)
       XXX       0.0000    XXY       0.0000    XYY       0.0000
       YYY       0.0000    XXZ       0.0000    XYZ       0.0000
       YYZ       0.0000    XZZ       0.0000    YZZ       0.0000
       ZZZ       0.0000
    Hexadecapole Moments (Debye-Ang^3)
      XXXX      -1.6737   XXXY       0.0000   XXYY      -0.5579
      XYYY       0.0000   YYYY      -1.6737   XXXZ       0.0000
      XXYZ       0.0000   XYYZ       0.0000   YYYZ       0.0000
      XXZZ      -0.7242   XYZZ       0.0000   YYZZ      -0.7242
      XZZZ       0.0000   YZZZ       0.0000   ZZZZ      -2.6038
 -----------------------------------------------------------------
 Mayer SCF Bond Order, atomic valence on the diagonal:

            1           2
    1   1.0000000   1.0000000
    2   1.0000000   1.0000000


Archival summary:
1\1\node56.cluster.fit.edu\OPT\ProcedureUnspecified\BasisUnspecified\2\rpeverat\WedOct711:39:242020WedOct711:39:242020\0\\#,OPT,ProcedureUnspecified,BasisUnspecified,\\0,1\H\H,1,0.742415\\\@

 Total job time:  2.40s(wall), 7.16s(cpu) 
 Wed Oct  7 11:39:25 2020

        *************************************************************
        *                                                           *
        *  Thank you very much for using Q-Chem.  Have a nice day.  *
        *                                                           *
        *************************************************************


