                  Welcome to Q-Chem
     A Quantum Leap Into The Future Of Chemistry


 Q-Chem 5.2 (devel), Q-Chem, Inc., Pleasanton, CA (2019)

 Yihan Shao,  Zhengting Gan,  E. Epifanovsky,  A. T. B. Gilbert,  M. Wormit,  
 J. Kussmann,  A. W. Lange,  A. Behn,  Jia Deng,  Xintian Feng,  D. Ghosh,  
 M. Goldey,  P. R. Horn,  L. D. Jacobson,  I. Kaliman,  T. Kus,  A. Landau,  
 Jie Liu,  E. I. Proynov,  R. M. Richard,  R. P. Steele,  E. J. Sundstrom,  
 H. L. Woodcock III,  P. M. Zimmerman,  D. Zuev,  B. Albrecht,  E. Alguire,  
 S. A. Baeppler,  D. Barton,  Z. Benda,  Y. A. Bernard,  E. J. Berquist,  
 K. B. Bravaya,  H. Burton,  D. Casanova,  Chun-Min Chang,  Yunqing Chen,  
 A. Chien,  K. D. Closser,  M. P. Coons,  S. Coriani,  S. Dasgupta,  
 A. L. Dempwolff,  M. Diedenhofen,  Hainam Do,  R. G. Edgar,  Po-Tung Fang,  
 S. Faraji,  S. Fatehi,  Qingguo Feng,  K. D. Fenk,  J. Fosso-Tande,  
 J. Gayvert,  Qinghui Ge,  A. Ghysels,  G. Gidofalvi,  J. Gomes,  
 J. Gonthier,  A. Gunina,  D. Hait,  M. W. D. Hanson-Heine,  
 P. H. P. Harbach,  A. W. Hauser,  M. F. Herbst,  J. E. Herr,  
 E. G. Hohenstein,  Z. C. Holden,  Kerwin Hui,  B. C. Huynh,  T.-C. Jagau,  
 Hyunjun Ji,  B. Kaduk,  K. Khistyaev,  Jaehoon Kim,  P. Klunzinger,  K. Koh,  
 D. Kosenkov,  L. Koulias,  T. Kowalczyk,  C. M. Krauter,  A. Kunitsa,  
 Ka Un Lao,  A. Laurent,  K. V. Lawler,  Joonho Lee,  D. Lefrancois,  
 S. Lehtola,  D. S. Levine,  Yi-Pei Li,  You-Sheng Lin,  Fenglai Liu,  
 E. Livshits,  A. Luenser,  P. Manohar,  E. Mansoor,  S. F. Manzer,  
 Shan-Ping Mao,  Yuezhi Mao,  N. Mardirossian,  A. V. Marenich,  
 T. Markovich,  L. A. Martinez-Martinez,  S. A. Maurer,  N. J. Mayhall,  
 S. C. McKenzie,  J.-M. Mewes,  P. Morgante,  A. F. Morrison,  
 J. W. Mullinax,  K. Nanda,  T. S. Nguyen-Beck,  R. Olivares-Amaya,  
 J. A. Parkhill,  Zheng Pei,  T. M. Perrine,  F. Plasser,  P. Pokhilko,  
 S. Prager,  A. Prociuk,  E. Ramos,  D. R. Rehn,  F. Rob,  M. Scheurer,  
 M. Schneider,  N. Sergueev,  S. M. Sharada,  S. Sharma,  D. W. Small,  
 T. Stauch,  T. Stein,  Yu-Chuan Su,  A. J. W. Thom,  A. Tkatchenko,  
 T. Tsuchimochi,  N. M. Tubman,  L. Vogt,  M. L. Vidal,  O. Vydrov,  
 M. A. Watson,  J. Wenzel,  M. de Wergifosse,  T. A. Wesolowski,  A. White,  
 J. Witte,  A. Yamada,  Jun Yang,  K. Yao,  S. Yeganeh,  S. R. Yost,  
 Zhi-Qiang You,  A. Zech,  Igor Ying Zhang,  Xing Zhang,  Yan Zhao,  
 Ying Zhu,  B. R. Brooks,  G. K. L. Chan,  C. J. Cramer,  M. S. Gordon,  
 W. J. Hehre,  A. Klamt,  M. W. Schmidt,  C. D. Sherrill,  D. G. Truhlar,  
 A. Aspuru-Guzik,  R. Baer,  A. T. Bell,  N. A. Besley,  Jeng-Da Chai,  
 A. E. DePrince, III,  R. A. DiStasio Jr.,  A. Dreuw,  B. D. Dunietz,  
 T. R. Furlani,  Chao-Ping Hsu,  Yousung Jung,  Jing Kong,  D. S. Lambrecht,  
 WanZhen Liang,  C. Ochsenfeld,  V. A. Rassolov,  L. V. Slipchenko,  
 J. E. Subotnik,  T. Van Voorhis,  J. M. Herbert,  A. I. Krylov,  
 P. M. W. Gill,  M. Head-Gordon

 Contributors to earlier versions of Q-Chem not listed above: 
 R. D. Adamson,  B. Austin,  J. Baker,  G. J. O. Beran,  K. Brandhorst,  
 S. T. Brown,  E. F. C. Byrd,  A. K. Chakraborty,  C.-L. Cheng,  
 Siu Hung Chien,  D. M. Chipman,  D. L. Crittenden,  H. Dachsel,  
 R. J. Doerksen,  A. D. Dutoi,  L. Fusti-Molnar,  W. A. Goddard III,  
 A. Golubeva-Zadorozhnaya,  S. R. Gwaltney,  G. Hawkins,  A. Heyden,  
 S. Hirata,  G. Kedziora,  F. J. Keil,  C. Kelley,  Jihan Kim,  R. A. King,  
 R. Z. Khaliullin,  P. P. Korambath,  W. Kurlancheek,  A. M. Lee,  M. S. Lee,  
 S. V. Levchenko,  Ching Yeh Lin,  D. Liotard,  R. C. Lochan,  I. Lotan,  
 P. E. Maslen,  N. Nair,  D. P. O'Neill,  D. Neuhauser,  E. Neuscamman,  
 C. M. Oana,  R. Olson,  B. Peters,  R. Peverati,  P. A. Pieniazek,  
 Y. M. Rhee,  J. Ritchie,  M. A. Rohrdanz,  E. Rosta,  N. J. Russ,  
 H. F. Schaefer III,  N. E. Schultz,  N. Shenvi,  A. C. Simmonett,  A. Sodt,  
 D. Stuck,  K. S. Thanthiriwatte,  V. Vanovschi,  Tao Wang,  A. Warshel,  
 C. F. Williams,  Q. Wu,  X. Xu,  W. Zhang

 Please cite Q-Chem as follows:
 Y. Shao et al., Mol. Phys. 113, 184-215 (2015)
 DOI: 10.1080/00268976.2014.952696

 Q-Chem 5.2.0 for Intel X86 EM64T Linux

 Parts of Q-Chem use Armadillo 8.300.2 (Tropical Shenanigans).
 http://arma.sourceforge.net/

 Q-Chem begins on Wed Oct  7 11:39:31 2020  

node56.cluster.fit.edu
Host: 0

     Scratch files written to /udrive/faculty/rpeverati/pierpa/qchem/scratch/qchem38873//
NAlpha2: 18
NElect   17
Mult     2

Checking the input file for inconsistencies... 	...done.

--------------------------------------------------------------
User input:
--------------------------------------------------------------
$Comment
Geometry optimizations for CLB18.
$End

$Rem
SYMMETRY              False
SYM_IGNORE            True
JOBTYPE               Opt
METHOD                PBEh-3c
BASIS                 def2-mSVP
MAX_SCF_CYCLES        50
SCF_ALGORITHM         DIIS
SCF_PRINT             1
SCF_FINAL_PRINT       1
XC_GRID               000099000590
MEM_TOTAL             20000
MEM_STATIC            4000
BLAS3_DFT             True
New_DFT               True
$End

$Molecule
0 2
S 0.0000000000 0.0000000000 0.0788352333
H 0.0000000000 0.0000000000 -1.2613679668
$End

--------------------------------------------------------------
 Adding empirical dispersion correction 
 ----------------------------------------------------------------
 Doing -D3(BJ) with
 s6 =   1.00000
 s8 =   0.00000
 a1 =   0.48600
 a2 =   4.50000
 -D3 energy including 3body term =     -0.0001860656 hartrees
 ----------------------------------------------------------------
 Adding gCP correction 
 ----------------------------------------------------------------
 gCP energy =      0.0012400241 hartrees
 ----------------------------------------------------------------
             Standard Nuclear Orientation (Angstroms)
    I     Atom           X                Y                Z
 ----------------------------------------------------------------
    1      S       0.0000000000     0.0000000000     0.0788352333
    2      H       0.0000000000     0.0000000000    -1.2613679668
 ----------------------------------------------------------------
 Nuclear Repulsion Energy =           6.31862981 hartrees
 There are        9 alpha and        8 beta electrons
 Requested basis set is def2-mSVP
 There are 10 shells and 20 basis functions

 Total QAlloc Memory Limit  20000 MB
 Mega-Array Size      3911 MB
 MEM_STATIC part      4000 MB
 A cutoff of  1.0D-11 yielded     55 shell pairs
 There are       229 function pairs (       255 Cartesian)
 Smallest overlap matrix eigenvalue = 5.93E-02

 Scale SEOQF with 1.000000e+00/1.000000e+00/1.000000e+00

 Standard Electronic Orientation quadrupole field applied
 Nucleus-field energy     =    -0.0000000018 hartrees
 Guess from superposition of atomic densities
 Warning:  Energy on first SCF cycle will be non-variational
 SAD guess density has 17.000000 electrons

 -----------------------------------------------------------------------
  General SCF calculation program by
  Eric Jon Sundstrom, Paul Horn, Yuezhi Mao, Dmitri Zuev, Alec White,
  David Stuck, Shaama M.S., Shane Yost, Joonho Lee, David Small,
  Daniel Levine, Susi Lehtola, Hugh Burton, Evgeny Epifanovsky,
  Bang C. Huynh
 -----------------------------------------------------------------------
 Exchange:     0.4200 Hartree-Fock + 0.5800 PBEh-3c
 Correlation:  1.0000 PBEh-3c
 Using Euler-Maclaurin-Lebedev (99,590) quadrature formula
 Dispersion:   Grimme D3
 using 12 threads for integral computing
 -------------------------------------------------------
 OpenMP Integral computing Module                
 Release: version 2.0, May 2017, Q-Chem Inc. Pleasanton 
 -------------------------------------------------------
 A unrestricted SCF calculation will be
 performed using DIIS
 SCF converges when DIIS error is below 1.0e-08
 Alpha HF Exchange    Energy =  -5.27502832894117
 Beta HF Exchange     Energy =  -5.27502832894117
 DFT Correlation      Energy =  -0.84439767737009
 DFT Exchange         Energy = -14.16849181376171
 One-Electron (alpha) Energy = -281.14115511542536
 One-Electron (beta)  Energy = -281.14115511542536
 Total Coulomb        Energy = 183.32133202042007
 ---------------------------------------
  Cycle       Energy         DIIS error
 ---------------------------------------
    1    -398.2052945515      4.56e-02  
 Alpha HF Exchange    Energy =  -5.41891541627041
 Beta HF Exchange     Energy =  -5.23112871604911
 DFT Correlation      Energy =  -0.84221072391058
 DFT Exchange         Energy = -14.20359923166127
 One-Electron (alpha) Energy = -285.91479900513457
 One-Electron (beta)  Energy = -276.98968842770620
 Total Coulomb        Energy = 184.00054567353880
    2    -398.2811660392      3.90e-03  
 Alpha HF Exchange    Energy =  -5.41875832536305
 Beta HF Exchange     Energy =  -5.22877746233276
 DFT Correlation      Energy =  -0.84063632428817
 DFT Exchange         Energy = -14.19926821022761
 One-Electron (alpha) Energy = -285.81867462579623
 One-Electron (beta)  Energy = -276.75680863396360
 Total Coulomb        Energy = 183.65851121143450
    3    -398.2857825626      1.76e-03  
 Alpha HF Exchange    Energy =  -5.42192350530436
 Beta HF Exchange     Energy =  -5.23062700348176
 DFT Correlation      Energy =  -0.84108853084547
 DFT Exchange         Energy = -14.20586701988359
 One-Electron (alpha) Energy = -285.94665498588398
 One-Electron (beta)  Energy = -276.82892601356701
 Total Coulomb        Energy = 183.86981743516020
    4    -398.2866398158      3.75e-04  
 Alpha HF Exchange    Energy =  -5.42172537122433
 Beta HF Exchange     Energy =  -5.22997582595313
 DFT Correlation      Energy =  -0.84091739754473
 DFT Exchange         Energy = -14.20456729275970
 One-Electron (alpha) Energy = -285.93882777612350
 One-Electron (beta)  Energy = -276.79567123429467
 Total Coulomb        Energy = 183.82636691187321
    5    -398.2866881781      5.77e-05  
 Alpha HF Exchange    Energy =  -5.42196506825749
 Beta HF Exchange     Energy =  -5.23003888212413
 DFT Correlation      Energy =  -0.84092505949039
 DFT Exchange         Energy = -14.20496512314350
 One-Electron (alpha) Energy = -285.94679134813970
 One-Electron (beta)  Energy = -276.79544273134121
 Total Coulomb        Energy = 183.83480894709854
    6    -398.2866894574      1.75e-05  
 Alpha HF Exchange    Energy =  -5.42194975968645
 Beta HF Exchange     Energy =  -5.22998984043618
 DFT Correlation      Energy =  -0.84091748700222
 DFT Exchange         Energy = -14.20487451689980
 One-Electron (alpha) Energy = -285.94661193498825
 One-Electron (beta)  Energy = -276.79336089182328
 Total Coulomb        Energy = 183.83238504942983
    7    -398.2866895734      4.65e-06  
 Alpha HF Exchange    Energy =  -5.42196564013378
 Beta HF Exchange     Energy =  -5.22998679153816
 DFT Correlation      Energy =  -0.84091823246269
 DFT Exchange         Energy = -14.20489245188887
 One-Electron (alpha) Energy = -285.94728712463450
 One-Electron (beta)  Energy = -276.79311474833344
 Total Coulomb        Energy = 183.83284559579025
    8    -398.2866895852      8.90e-07  
 Alpha HF Exchange    Energy =  -5.42196617418117
 Beta HF Exchange     Energy =  -5.22998478432781
 DFT Correlation      Energy =  -0.84091804456134
 DFT Exchange         Energy = -14.20489052338908
 One-Electron (alpha) Energy = -285.94734710766494
 One-Electron (beta)  Energy = -276.79300203541231
 Total Coulomb        Energy = 183.83278927558834
    9    -398.2866895860      2.76e-07  
 Alpha HF Exchange    Energy =  -5.42196671084236
 Beta HF Exchange     Energy =  -5.22998458096453
 DFT Correlation      Energy =  -0.84091805205585
 DFT Exchange         Energy = -14.20489103280873
 One-Electron (alpha) Energy = -285.94738358768262
 One-Electron (beta)  Energy = -276.79297700628018
 Total Coulomb        Energy = 183.83280157659809
   10    -398.2866895861      3.83e-08  
 Alpha HF Exchange    Energy =  -5.42196668907263
 Beta HF Exchange     Energy =  -5.22998451160161
 DFT Correlation      Energy =  -0.84091804334950
 DFT Exchange         Energy = -14.20489091604817
 One-Electron (alpha) Energy = -285.94738485290083
 One-Electron (beta)  Energy = -276.79297288378001
 Total Coulomb        Energy = 183.83279850271543
   11    -398.2866895861      1.97e-09  Convergence criterion met
 ---------------------------------------
 Alpha HF Exchange    Energy =  -5.42196668907263
 Beta HF Exchange     Energy =  -5.22998451160161
 DFT Correlation      Energy =  -0.84091804334950
 DFT Exchange         Energy = -14.20489091604817
 One-Electron (alpha) Energy = -285.94738485290083
 One-Electron (beta)  Energy = -276.79297288378001
 Total Coulomb        Energy = 183.83279850271543
 SCF time:   CPU 13.33s  wall 1.00s 
<S^2> =          0.753634638
 Alpha HF Exchange    Energy =  -5.42196668907263
 Beta HF Exchange     Energy =  -5.22998451160161
 DFT Correlation      Energy =  -0.84091804334950
 DFT Exchange         Energy = -14.20489091604817
 One-Electron (alpha) Energy = -285.94738485290083
 One-Electron (beta)  Energy = -276.79297288378001
 Total Coulomb        Energy = 183.83279850271543
 Nuclear repulsion Energy =   6.31862980797169
 SCF   energy in the final basis set =     -398.2866895861
 Total energy in the final basis set =     -398.2866895861

 --------------------------------------------------------------

                    Orbital Energies (a.u.)
 --------------------------------------------------------------

 Alpha MOs
 -- Occupied --
-89.6082  -8.2487  -6.1478  -6.1361  -6.1277  -0.8165  -0.4609  -0.3692
 -0.3161
 -- Virtual --
  0.0773   0.3716   0.5754   0.6578   0.6901   0.6929   0.7004   0.7072
  0.7467   0.8715   1.1757

 Beta MOs
 -- Occupied --
-89.6019  -8.2423  -6.1324  -6.1245  -6.1240  -0.7633  -0.4445  -0.2990
 -- Virtual --
 -0.1302   0.0904   0.3921   0.5912   0.7087   0.7197   0.7498   0.7557
  0.7566   0.7729   0.8815   1.1858
 --------------------------------------------------------------

          Ground-State Mulliken Net Atomic Charges

     Atom                 Charge (a.u.)    Spin (a.u.)
  --------------------------------------------------------
      1 S                    -0.176668       1.032433
      2 H                     0.176668      -0.032433
  --------------------------------------------------------
  Sum of atomic charges =     0.000000
  Sum of spin   charges =     1.000000

 -----------------------------------------------------------------
                    Cartesian Multipole Moments
 -----------------------------------------------------------------
    Charge (ESU x 10^10)
                -0.0000
    Dipole Moment (Debye)
         X      -0.0000      Y       0.0000      Z      -1.1213
       Tot       1.1213
    Quadrupole Moments (Debye-Ang)
        XX     -12.6128     XY       0.0000     YY     -15.2699
        XZ       0.0000     YZ      -0.0000     ZZ     -11.7874
    Octopole Moments (Debye-Ang^2)
       XXX       0.0000    XXY       0.0000    XYY       0.0000
       YYY       0.0000    XXZ      -0.2544    XYZ       0.0000
       YYZ      -0.4319    XZZ      -0.0000    YZZ       0.0000
       ZZZ      -2.0502
    Hexadecapole Moments (Debye-Ang^3)
      XXXX     -13.9104   XXXY       0.0000   XXYY      -5.5443
      XYYY       0.0000   YYYY     -19.3572   XXXZ       0.0000
      XXYZ       0.0000   XYYZ       0.0000   YYYZ       0.0000
      XXZZ      -6.0113   XYZZ       0.0000   YYZZ      -6.9315
      XZZZ       0.0000   YZZZ       0.0000   ZZZZ     -19.1603
 -----------------------------------------------------------------
 Mayer SCF Bond Order, atomic valence on the diagonal:

            1           2
    1   0.9353179   0.9353179
    2   0.9353179   0.9353179


 Calculating analytic gradient of the SCF energy
   0.0000000000000000        0.0000000000000000     
   0.0000000000000000        0.0000000000000000     
   0.0000000000000000        0.0000000000000000     
   0.0000000000000000        0.0000000000000000     
   0.0000000000000000        0.0000000000000000     
   0.0000000000000000        0.0000000000000000     
 Gradient of SCF Energy
            1           2
    1   0.0000000  -0.0000000
    2  -0.0000000   0.0000000
    3  -0.0000289   0.0000289
 Max gradient component =       2.886E-05
 RMS gradient           =       1.666E-05
 Gradient time:  CPU 2.32 s  wall 0.36 s
 Geometry Optimization Parameters
   NAtoms,    NIC,     NZ,  NCons,   NDum,   NFix, NCnnct, MaxDiis
        2       5       0       0       0       0       0       0


** GEOMETRY OPTIMIZATION IN DELOCALIZED INTERNAL COORDINATES **
   Searching for a Minimum

   Optimization Cycle:   1

                       Coordinates (Angstroms)
     ATOM                X               Y               Z
      1  S         0.0000000000    0.0000000000    0.0788352333
      2  H         0.0000000000    0.0000000000   -1.2613679668
   Point Group: c1    Number of degrees of freedom:     0


   Energy is   -398.286689586


 Attempting to generate delocalized internal coordinates

  ***ERROR*** Wrong Number of Internal Coordinates
              Should be:   0  Found:   1
**WARNING** Problems with Internal Coordinates
  Switching to Cartesian Coordinates

 Translations and Rotations Projected Out of Hessian

  1 Hessian modes will be used to form the next step
  Hessian Eigenvalues:
     1.000000

 Minimum search - taking simple RFO step
 Searching for Lamda that Minimizes Along All modes
 Value Taken    Lamda =   0.00000000
 Step Taken.  Stepsize is  0.000041

                             Maximum     Tolerance    Cnvgd?
         Gradient           0.000029      0.000300     YES
         Displacement       0.000029      0.001200     YES
         Energy change     *********      0.000001      NO


                       Distance Matrix (Angstroms)
             S (  1)
   H (  2)  1.340203

 Final energy is   -398.28668958606573     


 ******************************
 **  OPTIMIZATION CONVERGED  **
 ******************************

                       Coordinates (Angstroms)
     ATOM                X               Y               Z
      1  S         0.0000000000    0.0000000000    0.0788352333
      2  H         0.0000000000    0.0000000000   -1.2613679668

Z-matrix Print:
$molecule
0 2
S 
H  1 1.340203
$end


 --------------------------------------------------------------

                    Orbital Energies (a.u.)
 --------------------------------------------------------------

 Alpha MOs
 -- Occupied --
-89.6082  -8.2487  -6.1478  -6.1361  -6.1277  -0.8165  -0.4609  -0.3692
 -0.3161
 -- Virtual --
  0.0773   0.3716   0.5754   0.6578   0.6901   0.6929   0.7004   0.7072
  0.7467   0.8715   1.1757

 Beta MOs
 -- Occupied --
-89.6019  -8.2423  -6.1324  -6.1245  -6.1240  -0.7633  -0.4445  -0.2990
 -- Virtual --
 -0.1302   0.0904   0.3921   0.5912   0.7087   0.7197   0.7498   0.7557
  0.7566   0.7729   0.8815   1.1858
 --------------------------------------------------------------

          Ground-State Mulliken Net Atomic Charges

     Atom                 Charge (a.u.)    Spin (a.u.)
  --------------------------------------------------------
      1 S                    -0.176668       1.032433
      2 H                     0.176668      -0.032433
  --------------------------------------------------------
  Sum of atomic charges =     0.000000
  Sum of spin   charges =     1.000000

 -----------------------------------------------------------------
                    Cartesian Multipole Moments
 -----------------------------------------------------------------
    Charge (ESU x 10^10)
                -0.0000
    Dipole Moment (Debye)
         X      -0.0000      Y       0.0000      Z      -1.1213
       Tot       1.1213
    Quadrupole Moments (Debye-Ang)
        XX     -12.6128     XY       0.0000     YY     -15.2699
        XZ       0.0000     YZ      -0.0000     ZZ     -11.7874
    Octopole Moments (Debye-Ang^2)
       XXX       0.0000    XXY       0.0000    XYY       0.0000
       YYY       0.0000    XXZ      -0.2544    XYZ       0.0000
       YYZ      -0.4319    XZZ      -0.0000    YZZ       0.0000
       ZZZ      -2.0502
    Hexadecapole Moments (Debye-Ang^3)
      XXXX     -13.9104   XXXY       0.0000   XXYY      -5.5443
      XYYY       0.0000   YYYY     -19.3572   XXXZ       0.0000
      XXYZ       0.0000   XYYZ       0.0000   YYYZ       0.0000
      XXZZ      -6.0113   XYZZ       0.0000   YYZZ      -6.9315
      XZZZ       0.0000   YZZZ       0.0000   ZZZZ     -19.1603
 -----------------------------------------------------------------
 Mayer SCF Bond Order, atomic valence on the diagonal:

            1           2
    1   0.9353179   0.9353179
    2   0.9353179   0.9353179


Archival summary:
1\1\node56.cluster.fit.edu\OPT\ProcedureUnspecified\BasisUnspecified\11(2)\rpeverat\WedOct711:39:332020WedOct711:39:332020\0\\#,OPT,ProcedureUnspecified,BasisUnspecified,\\0,2\S\H,1,1.3402\\\@

 Total job time:  2.07s(wall), 15.98s(cpu) 
 Wed Oct  7 11:39:33 2020

        *************************************************************
        *                                                           *
        *  Thank you very much for using Q-Chem.  Have a nice day.  *
        *                                                           *
        *************************************************************


