                  Welcome to Q-Chem
     A Quantum Leap Into The Future Of Chemistry


 Q-Chem 5.2 (devel), Q-Chem, Inc., Pleasanton, CA (2019)

 Yihan Shao,  Zhengting Gan,  E. Epifanovsky,  A. T. B. Gilbert,  M. Wormit,  
 J. Kussmann,  A. W. Lange,  A. Behn,  Jia Deng,  Xintian Feng,  D. Ghosh,  
 M. Goldey,  P. R. Horn,  L. D. Jacobson,  I. Kaliman,  T. Kus,  A. Landau,  
 Jie Liu,  E. I. Proynov,  R. M. Richard,  R. P. Steele,  E. J. Sundstrom,  
 H. L. Woodcock III,  P. M. Zimmerman,  D. Zuev,  B. Albrecht,  E. Alguire,  
 S. A. Baeppler,  D. Barton,  Z. Benda,  Y. A. Bernard,  E. J. Berquist,  
 K. B. Bravaya,  H. Burton,  D. Casanova,  Chun-Min Chang,  Yunqing Chen,  
 A. Chien,  K. D. Closser,  M. P. Coons,  S. Coriani,  S. Dasgupta,  
 A. L. Dempwolff,  M. Diedenhofen,  Hainam Do,  R. G. Edgar,  Po-Tung Fang,  
 S. Faraji,  S. Fatehi,  Qingguo Feng,  K. D. Fenk,  J. Fosso-Tande,  
 J. Gayvert,  Qinghui Ge,  A. Ghysels,  G. Gidofalvi,  J. Gomes,  
 J. Gonthier,  A. Gunina,  D. Hait,  M. W. D. Hanson-Heine,  
 P. H. P. Harbach,  A. W. Hauser,  M. F. Herbst,  J. E. Herr,  
 E. G. Hohenstein,  Z. C. Holden,  Kerwin Hui,  B. C. Huynh,  T.-C. Jagau,  
 Hyunjun Ji,  B. Kaduk,  K. Khistyaev,  Jaehoon Kim,  P. Klunzinger,  K. Koh,  
 D. Kosenkov,  L. Koulias,  T. Kowalczyk,  C. M. Krauter,  A. Kunitsa,  
 Ka Un Lao,  A. Laurent,  K. V. Lawler,  Joonho Lee,  D. Lefrancois,  
 S. Lehtola,  D. S. Levine,  Yi-Pei Li,  You-Sheng Lin,  Fenglai Liu,  
 E. Livshits,  A. Luenser,  P. Manohar,  E. Mansoor,  S. F. Manzer,  
 Shan-Ping Mao,  Yuezhi Mao,  N. Mardirossian,  A. V. Marenich,  
 T. Markovich,  L. A. Martinez-Martinez,  S. A. Maurer,  N. J. Mayhall,  
 S. C. McKenzie,  J.-M. Mewes,  P. Morgante,  A. F. Morrison,  
 J. W. Mullinax,  K. Nanda,  T. S. Nguyen-Beck,  R. Olivares-Amaya,  
 J. A. Parkhill,  Zheng Pei,  T. M. Perrine,  F. Plasser,  P. Pokhilko,  
 S. Prager,  A. Prociuk,  E. Ramos,  D. R. Rehn,  F. Rob,  M. Scheurer,  
 M. Schneider,  N. Sergueev,  S. M. Sharada,  S. Sharma,  D. W. Small,  
 T. Stauch,  T. Stein,  Yu-Chuan Su,  A. J. W. Thom,  A. Tkatchenko,  
 T. Tsuchimochi,  N. M. Tubman,  L. Vogt,  M. L. Vidal,  O. Vydrov,  
 M. A. Watson,  J. Wenzel,  M. de Wergifosse,  T. A. Wesolowski,  A. White,  
 J. Witte,  A. Yamada,  Jun Yang,  K. Yao,  S. Yeganeh,  S. R. Yost,  
 Zhi-Qiang You,  A. Zech,  Igor Ying Zhang,  Xing Zhang,  Yan Zhao,  
 Ying Zhu,  B. R. Brooks,  G. K. L. Chan,  C. J. Cramer,  M. S. Gordon,  
 W. J. Hehre,  A. Klamt,  M. W. Schmidt,  C. D. Sherrill,  D. G. Truhlar,  
 A. Aspuru-Guzik,  R. Baer,  A. T. Bell,  N. A. Besley,  Jeng-Da Chai,  
 A. E. DePrince, III,  R. A. DiStasio Jr.,  A. Dreuw,  B. D. Dunietz,  
 T. R. Furlani,  Chao-Ping Hsu,  Yousung Jung,  Jing Kong,  D. S. Lambrecht,  
 WanZhen Liang,  C. Ochsenfeld,  V. A. Rassolov,  L. V. Slipchenko,  
 J. E. Subotnik,  T. Van Voorhis,  J. M. Herbert,  A. I. Krylov,  
 P. M. W. Gill,  M. Head-Gordon

 Contributors to earlier versions of Q-Chem not listed above: 
 R. D. Adamson,  B. Austin,  J. Baker,  G. J. O. Beran,  K. Brandhorst,  
 S. T. Brown,  E. F. C. Byrd,  A. K. Chakraborty,  C.-L. Cheng,  
 Siu Hung Chien,  D. M. Chipman,  D. L. Crittenden,  H. Dachsel,  
 R. J. Doerksen,  A. D. Dutoi,  L. Fusti-Molnar,  W. A. Goddard III,  
 A. Golubeva-Zadorozhnaya,  S. R. Gwaltney,  G. Hawkins,  A. Heyden,  
 S. Hirata,  G. Kedziora,  F. J. Keil,  C. Kelley,  Jihan Kim,  R. A. King,  
 R. Z. Khaliullin,  P. P. Korambath,  W. Kurlancheek,  A. M. Lee,  M. S. Lee,  
 S. V. Levchenko,  Ching Yeh Lin,  D. Liotard,  R. C. Lochan,  I. Lotan,  
 P. E. Maslen,  N. Nair,  D. P. O'Neill,  D. Neuhauser,  E. Neuscamman,  
 C. M. Oana,  R. Olson,  B. Peters,  R. Peverati,  P. A. Pieniazek,  
 Y. M. Rhee,  J. Ritchie,  M. A. Rohrdanz,  E. Rosta,  N. J. Russ,  
 H. F. Schaefer III,  N. E. Schultz,  N. Shenvi,  A. C. Simmonett,  A. Sodt,  
 D. Stuck,  K. S. Thanthiriwatte,  V. Vanovschi,  Tao Wang,  A. Warshel,  
 C. F. Williams,  Q. Wu,  X. Xu,  W. Zhang

 Please cite Q-Chem as follows:
 Y. Shao et al., Mol. Phys. 113, 184-215 (2015)
 DOI: 10.1080/00268976.2014.952696

 Q-Chem 5.2.0 for Intel X86 EM64T Linux

 Parts of Q-Chem use Armadillo 8.300.2 (Tropical Shenanigans).
 http://arma.sourceforge.net/

 Q-Chem begins on Wed Oct  7 11:39:37 2020  

node52.cluster.fit.edu
Host: 0

     Scratch files written to /udrive/faculty/rpeverati/pierpa/qchem/scratch/qchem40402//
NAlpha2: 10
NElect   10
Mult     1

Checking the input file for inconsistencies... 	...done.

--------------------------------------------------------------
User input:
--------------------------------------------------------------
$Comment
Geometry optimizations for CLB18.
$End

$Rem
SYMMETRY              False
SYM_IGNORE            True
JOBTYPE               Opt
METHOD                PBEh-3c
BASIS                 def2-mSVP
MAX_SCF_CYCLES        50
SCF_ALGORITHM         DIIS
SCF_PRINT             1
SCF_FINAL_PRINT       1
XC_GRID               000099000590
MEM_TOTAL             20000
MEM_STATIC            4000
BLAS3_DFT             True
New_DFT               True
$End

$Molecule
-1 1
O 0.0000000000 0.0000000000 0.1068937966
H 0.0000000000 0.0000000000 -0.8551503727
$End

--------------------------------------------------------------
 Adding empirical dispersion correction 
 ----------------------------------------------------------------
 Doing -D3(BJ) with
 s6 =   1.00000
 s8 =   0.00000
 a1 =   0.48600
 a2 =   4.50000
 -D3 energy including 3body term =     -0.0000872709 hartrees
 ----------------------------------------------------------------
 Adding gCP correction 
 ----------------------------------------------------------------
 gCP energy =      0.0006832239 hartrees
 ----------------------------------------------------------------
             Standard Nuclear Orientation (Angstroms)
    I     Atom           X                Y                Z
 ----------------------------------------------------------------
    1      O       0.0000000000     0.0000000000     0.1068937966
    2      H       0.0000000000     0.0000000000    -0.8551503727
 ----------------------------------------------------------------
 Nuclear Repulsion Energy =           4.40103600 hartrees
 There are        5 alpha and        5 beta electrons
 Requested basis set is def2-mSVP
 There are 9 shells and 17 basis functions

 Total QAlloc Memory Limit  20000 MB
 Mega-Array Size      3911 MB
 MEM_STATIC part      4000 MB
 A cutoff of  1.0D-11 yielded     45 shell pairs
 There are       169 function pairs (       192 Cartesian)
 Smallest overlap matrix eigenvalue = 6.85E-02

 Scale SEOQF with 1.000000e+00/1.000000e+00/1.000000e+00

 Standard Electronic Orientation quadrupole field applied
 Nucleus-field energy     =    -0.0000000009 hartrees
 Guess from superposition of atomic densities
 Warning:  Energy on first SCF cycle will be non-variational
 SAD guess density has 9.000000 electrons

 -----------------------------------------------------------------------
  General SCF calculation program by
  Eric Jon Sundstrom, Paul Horn, Yuezhi Mao, Dmitri Zuev, Alec White,
  David Stuck, Shaama M.S., Shane Yost, Joonho Lee, David Small,
  Daniel Levine, Susi Lehtola, Hugh Burton, Evgeny Epifanovsky,
  Bang C. Huynh
 -----------------------------------------------------------------------
 Exchange:     0.4200 Hartree-Fock + 0.5800 PBEh-3c
 Correlation:  1.0000 PBEh-3c
 Using Euler-Maclaurin-Lebedev (99,590) quadrature formula
 Dispersion:   Grimme D3
 using 12 threads for integral computing
 -------------------------------------------------------
 OpenMP Integral computing Module                
 Release: version 2.0, May 2017, Q-Chem Inc. Pleasanton 
 -------------------------------------------------------
 DFT Correlation Energy =  -0.38757041175698
 DFT Exchange    Energy =  -4.71617546416087
 HF Exchange     Energy =  -3.42257664521753
 One-Electron    Energy = -112.18455771191088
 Total Coulomb   Energy =  40.88533153886260
 Nuclear repulsion Energy =   4.40103599578639
 A restricted SCF calculation will be
 performed using DIIS
 SCF converges when DIIS error is below 1.0e-08
 DFT Correlation Energy =  -0.38757041175698
 DFT Exchange    Energy =  -4.71617546416087
 HF Exchange     Energy =  -3.42257664521753
 One-Electron    Energy = -112.18455771191088
 Total Coulomb   Energy =  40.88533153886260
 ---------------------------------------
  Cycle       Energy         DIIS error
 ---------------------------------------
 DFT Correlation Energy =  -0.45075706936430
 DFT Exchange    Energy =  -5.18036866216047
 HF Exchange     Energy =  -3.89194444477303
 One-Electron    Energy = -119.88020529998367
 Total Coulomb   Energy =  49.58524796975600
 Nuclear repulsion Energy =   4.40103599578639
    1     -75.4245126984      1.14e-01  
 DFT Correlation Energy =  -0.45075706936430
 DFT Exchange    Energy =  -5.18036866216047
 HF Exchange     Energy =  -3.89194444477303
 One-Electron    Energy = -119.88020529998367
 Total Coulomb   Energy =  49.58524796975600
 DFT Correlation Energy =  -0.43708504966465
 DFT Exchange    Energy =  -4.87661966199084
 HF Exchange     Energy =  -3.66782961665149
 One-Electron    Energy = -116.04527867193316
 Total Coulomb   Energy =  45.09518840835316
 Nuclear repulsion Energy =   4.40103599578639
    2     -75.4169915107      7.36e-02  
 DFT Correlation Energy =  -0.43708504966465
 DFT Exchange    Energy =  -4.87661966199084
 HF Exchange     Energy =  -3.66782961665149
 One-Electron    Energy = -116.04527867193316
 Total Coulomb   Energy =  45.09518840835316
 DFT Correlation Energy =  -0.44066341481905
 DFT Exchange    Energy =  -4.97054435942308
 HF Exchange     Energy =  -3.73576905788964
 One-Electron    Energy = -117.27146796247177
 Total Coulomb   Energy =  46.45451412159735
 Nuclear repulsion Energy =   4.40103599578639
    3     -75.5305885961      3.74e-02  
 DFT Correlation Energy =  -0.44066341481905
 DFT Exchange    Energy =  -4.97054435942308
 HF Exchange     Energy =  -3.73576905788964
 One-Electron    Energy = -117.27146796247177
 Total Coulomb   Energy =  46.45451412159735
 DFT Correlation Energy =  -0.44068725367061
 DFT Exchange    Energy =  -4.97275736696254
 HF Exchange     Energy =  -3.73731683453816
 One-Electron    Energy = -117.29944489440871
 Total Coulomb   Energy =  46.48621049627429
 Nuclear repulsion Energy =   4.40103599578639
    4     -75.5628946772      1.47e-03  
 DFT Correlation Energy =  -0.44068725367061
 DFT Exchange    Energy =  -4.97275736696254
 HF Exchange     Energy =  -3.73731683453816
 One-Electron    Energy = -117.29944489440871
 Total Coulomb   Energy =  46.48621049627429
 DFT Correlation Energy =  -0.44068225537789
 DFT Exchange    Energy =  -4.97306757253960
 HF Exchange     Energy =  -3.73752289485419
 One-Electron    Energy = -117.30251737462534
 Total Coulomb   Energy =  46.48979194609021
 Nuclear repulsion Energy =   4.40103599578639
    5     -75.5629598575      2.33e-04  
 DFT Correlation Energy =  -0.44068225537789
 DFT Exchange    Energy =  -4.97306757253960
 HF Exchange     Energy =  -3.73752289485419
 One-Electron    Energy = -117.30251737462534
 Total Coulomb   Energy =  46.48979194609021
 DFT Correlation Energy =  -0.44068360406274
 DFT Exchange    Energy =  -4.97315798246479
 HF Exchange     Energy =  -3.73758703016515
 One-Electron    Energy = -117.30369731172584
 Total Coulomb   Energy =  46.49112763915373
 Nuclear repulsion Energy =   4.40103599578639
    6     -75.5629621555      6.62e-05  
 DFT Correlation Energy =  -0.44068360406274
 DFT Exchange    Energy =  -4.97315798246479
 HF Exchange     Energy =  -3.73758703016515
 One-Electron    Energy = -117.30369731172584
 Total Coulomb   Energy =  46.49112763915373
 DFT Correlation Energy =  -0.44068327989484
 DFT Exchange    Energy =  -4.97315468635792
 HF Exchange     Energy =  -3.73758451589673
 One-Electron    Energy = -117.30364440298784
 Total Coulomb   Energy =  46.49106859541676
 Nuclear repulsion Energy =   4.40103599578639
    7     -75.5629622935      2.74e-06  
 DFT Correlation Energy =  -0.44068327989484
 DFT Exchange    Energy =  -4.97315468635792
 HF Exchange     Energy =  -3.73758451589673
 One-Electron    Energy = -117.30364440298784
 Total Coulomb   Energy =  46.49106859541676
 DFT Correlation Energy =  -0.44068328382427
 DFT Exchange    Energy =  -4.97315475407909
 HF Exchange     Energy =  -3.73758456878345
 One-Electron    Energy = -117.30364537960082
 Total Coulomb   Energy =  46.49106969656604
 Nuclear repulsion Energy =   4.40103599578639
    8     -75.5629622939      1.57e-07  
 DFT Correlation Energy =  -0.44068328382427
 DFT Exchange    Energy =  -4.97315475407909
 HF Exchange     Energy =  -3.73758456878345
 One-Electron    Energy = -117.30364537960082
 Total Coulomb   Energy =  46.49106969656604
 DFT Correlation Energy =  -0.44068328500179
 DFT Exchange    Energy =  -4.97315478038161
 HF Exchange     Energy =  -3.73758458804812
 One-Electron    Energy = -117.30364570149017
 Total Coulomb   Energy =  46.49107006520516
 Nuclear repulsion Energy =   4.40103599578639
    9     -75.5629622939      1.14e-08  
 DFT Correlation Energy =  -0.44068328500179
 DFT Exchange    Energy =  -4.97315478038161
 HF Exchange     Energy =  -3.73758458804812
 One-Electron    Energy = -117.30364570149017
 Total Coulomb   Energy =  46.49107006520516
   10     -75.5629622939      7.72e-10  Convergence criterion met
 ---------------------------------------
 DFT Correlation Energy =  -0.44068328500179
 DFT Exchange    Energy =  -4.97315478038161
 HF Exchange     Energy =  -3.73758458804812
 One-Electron    Energy = -117.30364570149017
 Total Coulomb   Energy =  46.49107006520516
 SCF time:   CPU 11.93s  wall 1.00s 
 DFT Correlation Energy =  -0.44068328500179
 DFT Exchange    Energy =  -4.97315478038161
 HF Exchange     Energy =  -3.73758458804812
 One-Electron    Energy = -117.30364570149017
 Total Coulomb   Energy =  46.49107006520516
 Nuclear repulsion Energy =   4.40103599578639
 SCF   energy in the final basis set =      -75.5629622939
 Total energy in the final basis set =      -75.5629622939

 --------------------------------------------------------------

                    Orbital Energies (a.u.)
 --------------------------------------------------------------

 Alpha MOs
 -- Occupied --
-18.9934  -0.5807  -0.0430   0.1064   0.1064
 -- Virtual --
  0.4886   1.3231   1.4141   1.4141   1.4674   2.1005   2.2753   2.2753
  2.3384   2.3384   3.0029  25.6208
 --------------------------------------------------------------

          Ground-State Mulliken Net Atomic Charges

     Atom                 Charge (a.u.)
  ----------------------------------------
      1 O                    -1.196391
      2 H                     0.196391
  ----------------------------------------
  Sum of atomic charges =    -1.000000

 -----------------------------------------------------------------
                    Cartesian Multipole Moments
 -----------------------------------------------------------------
    Charge (ESU x 10^10)
                -4.8032
    Dipole Moment (Debye)
         X      -0.0000      Y       0.0000      Z      -1.4504
       Tot       1.4504
    Quadrupole Moments (Debye-Ang)
        XX      -7.8310     XY       0.0000     YY      -7.8310
        XZ      -0.0000     YZ      -0.0000     ZZ      -6.3892
    Octopole Moments (Debye-Ang^2)
       XXX      -0.0000    XXY       0.0000    XYY      -0.0000
       YYY       0.0000    XXZ      -0.1472    XYZ       0.0000
       YYZ      -0.1472    XZZ      -0.0000    YZZ      -0.0000
       ZZZ      -0.7233
    Hexadecapole Moments (Debye-Ang^3)
      XXXX      -5.9073   XXXY       0.0000   XXYY      -1.9691
      XYYY       0.0000   YYYY      -5.9073   XXXZ      -0.0000
      XXYZ      -0.0000   XYYZ      -0.0000   YYYZ      -0.0000
      XXZZ      -2.3998   XYZZ       0.0000   YYZZ      -2.3998
      XZZZ      -0.0000   YZZZ      -0.0000   ZZZZ      -7.6760
 -----------------------------------------------------------------
 Mayer SCF Bond Order, atomic valence on the diagonal:

            1           2
    1   0.9333055   0.9333055
    2   0.9333055   0.9333055


 Calculating analytic gradient of the SCF energy
   0.0000000000000000        0.0000000000000000     
   0.0000000000000000        0.0000000000000000     
   0.0000000000000000        0.0000000000000000     
   0.0000000000000000        0.0000000000000000     
   0.0000000000000000        0.0000000000000000     
   0.0000000000000000        0.0000000000000000     
 Gradient of SCF Energy
            1           2
    1   0.0000000  -0.0000000
    2   0.0000000  -0.0000000
    3  -0.0086143   0.0086143
 Max gradient component =       8.614E-03
 RMS gradient           =       4.973E-03
 Gradient time:  CPU 2.18 s  wall 0.34 s
 Geometry Optimization Parameters
   NAtoms,    NIC,     NZ,  NCons,   NDum,   NFix, NCnnct, MaxDiis
        2       5       0       0       0       0       0       0


** GEOMETRY OPTIMIZATION IN DELOCALIZED INTERNAL COORDINATES **
   Searching for a Minimum

   Optimization Cycle:   1

                       Coordinates (Angstroms)
     ATOM                X               Y               Z
      1  O         0.0000000000    0.0000000000    0.1068937966
      2  H         0.0000000000    0.0000000000   -0.8551503727
   Point Group: c1    Number of degrees of freedom:     0


   Energy is    -75.562962294


 Attempting to generate delocalized internal coordinates

  ***ERROR*** Wrong Number of Internal Coordinates
              Should be:   0  Found:   1
**WARNING** Problems with Internal Coordinates
  Switching to Cartesian Coordinates

 Translations and Rotations Projected Out of Hessian

  1 Hessian modes will be used to form the next step
  Hessian Eigenvalues:
     1.000000

 Minimum search - taking simple RFO step
 Searching for Lamda that Minimizes Along All modes
 Value Taken    Lamda =  -0.00014841
 Step Taken.  Stepsize is  0.012181

                             Maximum     Tolerance    Cnvgd?
         Gradient           0.008614      0.000300      NO
         Displacement       0.008613      0.001200      NO
         Energy change     *********      0.000001      NO

 Adding empirical dispersion correction 
 ----------------------------------------------------------------
 Doing -D3(BJ) with
 s6 =   1.00000
 s8 =   0.00000
 a1 =   0.48600
 a2 =   4.50000
 -D3 energy including 3body term =     -0.0000872806 hartrees
 ----------------------------------------------------------------
 Adding gCP correction 
 ----------------------------------------------------------------
 gCP energy =      0.0007165097 hartrees
 ----------------------------------------------------------------
             Standard Nuclear Orientation (Angstroms)
    I     Atom           X                Y                Z
 ----------------------------------------------------------------
    1      O       0.0000000000     0.0000000000     0.1114515999
    2      H       0.0000000000     0.0000000000    -0.8597081760
 ----------------------------------------------------------------
 Nuclear Repulsion Energy =           4.35976538 hartrees
 There are        5 alpha and        5 beta electrons
 Applying Cartesian multipole field
    Component          Value
    ---------          -----
     (2,0,0)        1.00000E-10
     (0,2,0)        2.00000E-10
     (0,0,2)       -3.00000E-10
 Nucleus-field energy     =    -0.0000000009 hartrees
 Requested basis set is def2-mSVP
 There are 9 shells and 17 basis functions
 A cutoff of  1.0D-11 yielded     45 shell pairs
 There are       169 function pairs (       192 Cartesian)
 Smallest overlap matrix eigenvalue = 6.96E-02
 Guess MOs from SCF MO coefficient file

 -----------------------------------------------------------------------
  General SCF calculation program by
  Eric Jon Sundstrom, Paul Horn, Yuezhi Mao, Dmitri Zuev, Alec White,
  David Stuck, Shaama M.S., Shane Yost, Joonho Lee, David Small,
  Daniel Levine, Susi Lehtola, Hugh Burton, Evgeny Epifanovsky,
  Bang C. Huynh
 -----------------------------------------------------------------------
 Exchange:     0.4200 Hartree-Fock + 0.5800 PBEh-3c
 Correlation:  1.0000 PBEh-3c
 Using Euler-Maclaurin-Lebedev (99,590) quadrature formula
 Dispersion:   Grimme D3
 using 12 threads for integral computing
 -------------------------------------------------------
 OpenMP Integral computing Module                
 Release: version 2.0, May 2017, Q-Chem Inc. Pleasanton 
 -------------------------------------------------------
 DFT Correlation Energy =  -0.44052237755128
 DFT Exchange    Energy =  -4.97176218822328
 HF Exchange     Energy =  -3.73626279043337
 One-Electron    Energy = -117.23949813168025
 Total Coulomb   Energy =  46.46527683282826
 Nuclear repulsion Energy =   4.35976537770188
 A restricted SCF calculation will be
 performed using DIIS
 SCF converges when DIIS error is below 1.0e-08
 DFT Correlation Energy =  -0.44052237755128
 DFT Exchange    Energy =  -4.97176218822328
 HF Exchange     Energy =  -3.73626279043337
 One-Electron    Energy = -117.23949813168025
 Total Coulomb   Energy =  46.46527683282826
 ---------------------------------------
  Cycle       Energy         DIIS error
 ---------------------------------------
 DFT Correlation Energy =  -0.44037561403588
 DFT Exchange    Energy =  -4.96937703501811
 HF Exchange     Energy =  -3.73453171471223
 One-Electron    Energy = -117.20697591892826
 Total Coulomb   Energy =  46.42846278759584
 Nuclear repulsion Energy =   4.35976537770188
    1     -75.5630032774      8.22e-04  
 DFT Correlation Energy =  -0.44037561403588
 DFT Exchange    Energy =  -4.96937703501811
 HF Exchange     Energy =  -3.73453171471223
 One-Electron    Energy = -117.20697591892826
 Total Coulomb   Energy =  46.42846278759584
 DFT Correlation Energy =  -0.44044354398348
 DFT Exchange    Energy =  -4.97114646337447
 HF Exchange     Energy =  -3.73581801454369
 One-Electron    Energy = -117.22935709667020
 Total Coulomb   Energy =  46.45396323433160
 Nuclear repulsion Energy =   4.35976537770188
    2     -75.5630321174      4.65e-04  
 DFT Correlation Energy =  -0.44044354398348
 DFT Exchange    Energy =  -4.97114646337447
 HF Exchange     Energy =  -3.73581801454369
 One-Electron    Energy = -117.22935709667020
 Total Coulomb   Energy =  46.45396323433160
 DFT Correlation Energy =  -0.44041311496944
 DFT Exchange    Energy =  -4.97054284710146
 HF Exchange     Energy =  -3.73537347230813
 One-Electron    Energy = -117.22137723251366
 Total Coulomb   Energy =  46.44490354511239
 Nuclear repulsion Energy =   4.35976537770188
    3     -75.5630365065      2.07e-04  
 DFT Correlation Energy =  -0.44041311496944
 DFT Exchange    Energy =  -4.97054284710146
 HF Exchange     Energy =  -3.73537347230813
 One-Electron    Energy = -117.22137723251366
 Total Coulomb   Energy =  46.44490354511239
 DFT Correlation Energy =  -0.44041367056989
 DFT Exchange    Energy =  -4.97057635900434
 HF Exchange     Energy =  -3.73539742289559
 One-Electron    Energy = -117.22180951668206
 Total Coulomb   Energy =  46.44539382809877
 Nuclear repulsion Energy =   4.35976537770188
    4     -75.5630377441      2.49e-05  
 DFT Correlation Energy =  -0.44041367056989
 DFT Exchange    Energy =  -4.97057635900434
 HF Exchange     Energy =  -3.73539742289559
 One-Electron    Energy = -117.22180951668206
 Total Coulomb   Energy =  46.44539382809877
 DFT Correlation Energy =  -0.44041345671973
 DFT Exchange    Energy =  -4.97057664603464
 HF Exchange     Energy =  -3.73539737325859
 One-Electron    Energy = -117.22180048325107
 Total Coulomb   Energy =  46.44538481785118
 Nuclear repulsion Energy =   4.35976537770188
    5     -75.5630377634      2.29e-06  
 DFT Correlation Energy =  -0.44041345671973
 DFT Exchange    Energy =  -4.97057664603464
 HF Exchange     Energy =  -3.73539737325859
 One-Electron    Energy = -117.22180048325107
 Total Coulomb   Energy =  46.44538481785118
 DFT Correlation Energy =  -0.44041346788814
 DFT Exchange    Energy =  -4.97057714693319
 HF Exchange     Energy =  -3.73539772880514
 One-Electron    Energy = -117.22180681372235
 Total Coulomb   Energy =  46.44539201593352
 Nuclear repulsion Energy =   4.35976537770188
    6     -75.5630377637      2.76e-07  
 DFT Correlation Energy =  -0.44041346788814
 DFT Exchange    Energy =  -4.97057714693319
 HF Exchange     Energy =  -3.73539772880514
 One-Electron    Energy = -117.22180681372235
 Total Coulomb   Energy =  46.44539201593352
 DFT Correlation Energy =  -0.44041346694807
 DFT Exchange    Energy =  -4.97057711976467
 HF Exchange     Energy =  -3.73539770942930
 One-Electron    Energy = -117.22180646546884
 Total Coulomb   Energy =  46.44539162019627
 Nuclear repulsion Energy =   4.35976537770188
    7     -75.5630377637      1.16e-08  
 DFT Correlation Energy =  -0.44041346694807
 DFT Exchange    Energy =  -4.97057711976467
 HF Exchange     Energy =  -3.73539770942930
 One-Electron    Energy = -117.22180646546884
 Total Coulomb   Energy =  46.44539162019627
    8     -75.5630377637      4.10e-10  Convergence criterion met
 ---------------------------------------
 DFT Correlation Energy =  -0.44041346694807
 DFT Exchange    Energy =  -4.97057711976467
 HF Exchange     Energy =  -3.73539770942930
 One-Electron    Energy = -117.22180646546884
 Total Coulomb   Energy =  46.44539162019627
 SCF time:   CPU 8.64s  wall 1.00s 
 DFT Correlation Energy =  -0.44041346694807
 DFT Exchange    Energy =  -4.97057711976467
 HF Exchange     Energy =  -3.73539770942930
 One-Electron    Energy = -117.22180646546884
 Total Coulomb   Energy =  46.44539162019627
 Nuclear repulsion Energy =   4.35976537770188
 SCF   energy in the final basis set =      -75.5630377637
 Total energy in the final basis set =      -75.5630377637

 --------------------------------------------------------------

                    Orbital Energies (a.u.)
 --------------------------------------------------------------

 Alpha MOs
 -- Occupied --
-18.9952  -0.5788  -0.0429   0.1059   0.1059
 -- Virtual --
  0.4863   1.3148   1.4134   1.4134   1.4678   2.0961   2.2759   2.2759
  2.3381   2.3381   2.9879  25.6153
 --------------------------------------------------------------

          Ground-State Mulliken Net Atomic Charges

     Atom                 Charge (a.u.)
  ----------------------------------------
      1 O                    -1.190462
      2 H                     0.190462
  ----------------------------------------
  Sum of atomic charges =    -1.000000

 -----------------------------------------------------------------
                    Cartesian Multipole Moments
 -----------------------------------------------------------------
    Charge (ESU x 10^10)
                -4.8032
    Dipole Moment (Debye)
         X      -0.0000      Y       0.0000      Z      -1.4465
       Tot       1.4465
    Quadrupole Moments (Debye-Ang)
        XX      -7.8416     XY      -0.0000     YY      -7.8416
        XZ      -0.0000     YZ       0.0000     ZZ      -6.4149
    Octopole Moments (Debye-Ang^2)
       XXX      -0.0000    XXY       0.0000    XYY      -0.0000
       YYY       0.0000    XXZ      -0.1608    XYZ      -0.0000
       YYZ      -0.1608    XZZ      -0.0000    YZZ       0.0000
       ZZZ      -0.7449
    Hexadecapole Moments (Debye-Ang^3)
      XXXX      -5.9204   XXXY      -0.0000   XXYY      -1.9735
      XYYY      -0.0000   YYYY      -5.9204   XXXZ      -0.0000
      XXYZ       0.0000   XYYZ      -0.0000   YYYZ       0.0000
      XXZZ      -2.4269   XYZZ      -0.0000   YYZZ      -2.4269
      XZZZ      -0.0000   YZZZ       0.0000   ZZZZ      -7.8147
 -----------------------------------------------------------------
 Mayer SCF Bond Order, atomic valence on the diagonal:

            1           2
    1   0.9356495   0.9356495
    2   0.9356495   0.9356495


 Calculating analytic gradient of the SCF energy
   0.0000000000000000        0.0000000000000000     
   0.0000000000000000        0.0000000000000000     
   0.0000000000000000        0.0000000000000000     
   0.0000000000000000        0.0000000000000000     
   0.0000000000000000        0.0000000000000000     
   0.0000000000000000        0.0000000000000000     
 Gradient of SCF Energy
            1           2
    1  -0.0000000   0.0000000
    2  -0.0000000   0.0000000
    3  -0.0002394   0.0002394
 Max gradient component =       2.394E-04
 RMS gradient           =       1.382E-04
 Gradient time:  CPU 1.96 s  wall 0.33 s
 Geometry Optimization Parameters
   NAtoms,    NIC,     NZ,  NCons,   NDum,   NFix, NCnnct, MaxDiis
        2       5       0       0       0       0       0       0

 Cartesian Hessian Update
 Hessian updated using BFGS update


** GEOMETRY OPTIMIZATION IN CARTESIAN COORDINATES **
   Searching for a Minimum

   Optimization Cycle:   2

                       Coordinates (Angstroms)
     ATOM                X               Y               Z
      1  O         0.0000000000    0.0000000000    0.1114515999
      2  H         0.0000000000    0.0000000000   -0.8597081760
   Point Group: c1    Number of degrees of freedom:     0


   Energy is    -75.563037764


 Translations and Rotations Projected Out of Hessian

  1 Hessian modes will be used to form the next step
  Hessian Eigenvalues:
     0.972349

 Minimum search - taking simple RFO step
 Searching for Lamda that Minimizes Along All modes
 Value Taken    Lamda =   0.00000000
 Step Taken.  Stepsize is  0.000348

                             Maximum     Tolerance    Cnvgd?
         Gradient           0.000239      0.000300     YES
         Displacement       0.000246      0.001200     YES
         Energy change     -0.000075      0.000001      NO


                       Distance Matrix (Angstroms)
             O (  1)
   H (  2)  0.971160

 Final energy is   -75.563037763712742     


 ******************************
 **  OPTIMIZATION CONVERGED  **
 ******************************

                       Coordinates (Angstroms)
     ATOM                X               Y               Z
      1  O         0.0000000000    0.0000000000    0.1114515999
      2  H         0.0000000000    0.0000000000   -0.8597081760

Z-matrix Print:
$molecule
-1 1
O 
H  1 0.971160
$end


 --------------------------------------------------------------

                    Orbital Energies (a.u.)
 --------------------------------------------------------------

 Alpha MOs
 -- Occupied --
-18.9952  -0.5788  -0.0429   0.1059   0.1059
 -- Virtual --
  0.4863   1.3148   1.4134   1.4134   1.4678   2.0961   2.2759   2.2759
  2.3381   2.3381   2.9879  25.6153
 --------------------------------------------------------------

          Ground-State Mulliken Net Atomic Charges

     Atom                 Charge (a.u.)
  ----------------------------------------
      1 O                    -1.190462
      2 H                     0.190462
  ----------------------------------------
  Sum of atomic charges =    -1.000000

 -----------------------------------------------------------------
                    Cartesian Multipole Moments
 -----------------------------------------------------------------
    Charge (ESU x 10^10)
                -4.8032
    Dipole Moment (Debye)
         X      -0.0000      Y       0.0000      Z      -1.4465
       Tot       1.4465
    Quadrupole Moments (Debye-Ang)
        XX      -7.8416     XY      -0.0000     YY      -7.8416
        XZ      -0.0000     YZ       0.0000     ZZ      -6.4149
    Octopole Moments (Debye-Ang^2)
       XXX      -0.0000    XXY       0.0000    XYY      -0.0000
       YYY       0.0000    XXZ      -0.1608    XYZ      -0.0000
       YYZ      -0.1608    XZZ      -0.0000    YZZ       0.0000
       ZZZ      -0.7449
    Hexadecapole Moments (Debye-Ang^3)
      XXXX      -5.9204   XXXY      -0.0000   XXYY      -1.9735
      XYYY      -0.0000   YYYY      -5.9204   XXXZ      -0.0000
      XXYZ       0.0000   XYYZ      -0.0000   YYYZ       0.0000
      XXZZ      -2.4269   XYZZ      -0.0000   YYZZ      -2.4269
      XZZZ      -0.0000   YZZZ       0.0000   ZZZZ      -7.8147
 -----------------------------------------------------------------
 Mayer SCF Bond Order, atomic valence on the diagonal:

            1           2
    1   0.9356495   0.9356495
    2   0.9356495   0.9356495


Archival summary:
1\1\node52.cluster.fit.edu\OPT\ProcedureUnspecified\BasisUnspecified\11(1-,1)\rpeverat\WedOct711:39:422020WedOct711:39:422020\0\\#,OPT,ProcedureUnspecified,BasisUnspecified,\\-1,1\O\H,1,0.97116\\\@

 Total job time:  4.48s(wall), 30.58s(cpu) 
 Wed Oct  7 11:39:42 2020

        *************************************************************
        *                                                           *
        *  Thank you very much for using Q-Chem.  Have a nice day.  *
        *                                                           *
        *************************************************************


